2.6801	INFO	Loaded calibration from:2012_09_26 16:15
2.6801	INFO	['2012_09_26 16:15']
2.6809	INFO	configured pyglet screen 0
2.6810	WARNING	User requested fullscreen with size [800 600], but screen is actually [1024, 768]. Using actual size
2.9565	INFO	Using gamma table of operating system
2.9779	EXP	Set Window color=[ 0.  0.  0.] (rgb)
3.4449	EXP	Started presenting 
4.4811	DATA	Mouse: wheel shift=(-1,0), pos=(546,237)
49.5111	DATA	Keypress: 5
49.5120	DATA	Key pressed: 5
49.5138	EXP	Set  text=
49.5304	EXP	Started presenting instructions
50.5474	EXP	Set instructions text=
51.5159	DATA	Keypress: 5
51.5311	EXP	Set  image=./stimfiles/faces/cropped_00371015.png
51.8037	DATA	Keypress: 5
51.9225	DATA	Keypress: 1
53.5157	DATA	Keypress: 5
53.5320	EXP	Set  image=./stimfiles/faces/cropped_102MVC-003F.png
54.1237	DATA	Keypress: 5
54.1779	DATA	Keypress: 1
55.5159	DATA	Keypress: 5
55.5329	EXP	Set  image=./stimfiles/faces/cropped_milly1.png
56.1347	DATA	Keypress: 1
56.4437	DATA	Keypress: 5
57.5337	EXP	Set  image=./stimfiles/faces/cropped_m4034.png
57.6039	DATA	Keypress: 5
58.0888	DATA	Keypress: 1
59.5159	DATA	Keypress: 5
59.5344	EXP	Set  image=./stimfiles/faces/cropped_102MVC-003F.png
59.9239	DATA	Keypress: 5
60.1278	DATA	Keypress: 1
61.5159	DATA	Keypress: 5
61.5353	EXP	Set  image=./stimfiles/faces/cropped_f4007_1.png
62.1470	DATA	Keypress: 1
62.2439	DATA	Keypress: 5
63.5158	DATA	Keypress: 5
63.5362	EXP	Set  image=./stimfiles/faces/cropped_f4007_1.png
64.2839	DATA	Keypress: 4
65.5159	DATA	Keypress: 5
65.5369	EXP	Set  image=./stimfiles/faces/cropped_m1-031-01.png
65.7240	DATA	Keypress: 5
66.1110	DATA	Keypress: 1
67.5158	DATA	Keypress: 5
67.5378	EXP	Set  image=./stimfiles/faces/cropped_m1-031-01.png
68.0431	DATA	Keypress: 5
68.2060	DATA	Keypress: 4
69.5158	DATA	Keypress: 5
69.5386	EXP	Set  image=./stimfiles/faces/cropped_331.png
70.2140	DATA	Keypress: 1
70.3631	DATA	Keypress: 5
71.5395	EXP	Started presenting instructions
72.3401	DATA	Keypress: 5
72.5565	EXP	Set instructions text=
73.5161	DATA	Keypress: 5
73.5236	EXP	Set  image=./stimfiles/scenes/740.jpg
73.8432	DATA	Keypress: 5
74.1223	DATA	Keypress: 1
75.5161	DATA	Keypress: 5
75.5244	EXP	Set  image=./stimfiles/scenes/740.jpg
76.1172	DATA	Keypress: 4
76.1633	DATA	Keypress: 5
77.5160	DATA	Keypress: 5
77.5253	EXP	Set  image=./stimfiles/scenes/1815.jpg
77.9903	DATA	Keypress: 1
78.4833	DATA	Keypress: 5
79.5260	EXP	Set  image=./stimfiles/scenes/878.jpg
79.6434	DATA	Keypress: 5
80.1704	DATA	Keypress: 1
81.5161	DATA	Keypress: 5
81.5269	EXP	Set  image=./stimfiles/scenes/878.jpg
81.9634	DATA	Keypress: 5
82.1493	DATA	Keypress: 4
83.5160	DATA	Keypress: 5
83.5276	EXP	Set  image=./stimfiles/scenes/1815.jpg
84.0305	DATA	Keypress: 1
84.2835	DATA	Keypress: 5
85.5159	DATA	Keypress: 5
85.5285	EXP	Set  image=./stimfiles/scenes/50.jpg
86.1136	DATA	Keypress: 1
87.5161	DATA	Keypress: 5
87.5293	EXP	Set  image=./stimfiles/scenes/1266.jpg
87.7637	DATA	Keypress: 5
88.1016	DATA	Keypress: 1
89.5159	DATA	Keypress: 5
89.5302	EXP	Set  image=./stimfiles/scenes/1266.jpg
90.0837	DATA	Keypress: 5
90.2226	DATA	Keypress: 4
91.5161	DATA	Keypress: 5
91.5310	EXP	Set  image=./stimfiles/scenes/1820.jpg
92.1588	DATA	Keypress: 1
92.4037	DATA	Keypress: 5
93.5318	EXP	Started presenting instructions
94.3325	DATA	Keypress: 5
94.5488	EXP	Set instructions text=
95.5162	DATA	Keypress: 5
95.5326	EXP	Set  image=./stimfiles/chinese_characters/30264.jpg
95.8839	DATA	Keypress: 5
96.1188	DATA	Keypress: 1
97.5163	DATA	Keypress: 5
97.5335	EXP	Set  image=./stimfiles/chinese_characters/20667.jpg
98.2039	DATA	Keypress: 5
98.2869	DATA	Keypress: 1
99.5162	DATA	Keypress: 5
99.5342	EXP	Set  image=./stimfiles/chinese_characters/20667.jpg
100.4860	DATA	Keypress: 4
100.5240	DATA	Keypress: 5
101.5351	EXP	Set  image=./stimfiles/chinese_characters/20667.jpg
101.6840	DATA	Keypress: 5
102.1990	DATA	Keypress: 4
103.5162	DATA	Keypress: 5
103.5359	EXP	Set  image=./stimfiles/chinese_characters/20667.jpg
104.0041	DATA	Keypress: 5
104.1931	DATA	Keypress: 4
105.5162	DATA	Keypress: 5
105.5367	EXP	Set  image=./stimfiles/chinese_characters/20667.jpg
106.2631	DATA	Keypress: 4
106.3241	DATA	Keypress: 5
107.5162	DATA	Keypress: 5
107.5375	EXP	Set  image=./stimfiles/chinese_characters/20667.jpg
108.1572	DATA	Keypress: 4
109.5163	DATA	Keypress: 5
109.5383	EXP	Set  image=./stimfiles/chinese_characters/20667.jpg
109.8043	DATA	Keypress: 5
110.1393	DATA	Keypress: 4
111.5163	DATA	Keypress: 5
111.5392	EXP	Set  image=./stimfiles/chinese_characters/26151.jpg
112.0903	DATA	Keypress: 1
112.1243	DATA	Keypress: 5
113.5162	DATA	Keypress: 5
113.5400	EXP	Set  image=./stimfiles/chinese_characters/29738.jpg
114.4203	DATA	Keypress: 1
114.4443	DATA	Keypress: 5
115.5242	EXP	Started presenting instructions
116.3250	DATA	Keypress: 5
116.5412	EXP	Set instructions text=
117.5164	DATA	Keypress: 5
117.5250	EXP	Set  image=./stimfiles/scenes/390.jpg
117.9245	DATA	Keypress: 5
118.2155	DATA	Keypress: 1
119.5164	DATA	Keypress: 5
119.5257	EXP	Set  image=./stimfiles/scenes/1677.jpg
120.1465	DATA	Keypress: 1
120.2435	DATA	Keypress: 5
121.5164	DATA	Keypress: 5
121.5266	EXP	Set  image=./stimfiles/scenes/390.jpg
122.2016	DATA	Keypress: 4
123.5163	DATA	Keypress: 5
123.5275	EXP	Set  image=./stimfiles/scenes/3117.jpg
123.7237	DATA	Keypress: 5
124.0516	DATA	Keypress: 1
125.5164	DATA	Keypress: 5
125.5282	EXP	Set  image=./stimfiles/scenes/1677.jpg
126.0437	DATA	Keypress: 5
126.1487	DATA	Keypress: 1
127.5163	DATA	Keypress: 5
127.5291	EXP	Set  image=./stimfiles/scenes/1677.jpg
128.3568	DATA	Keypress: 1
128.3637	DATA	Keypress: 5
129.5299	EXP	Set  image=./stimfiles/scenes/1350.jpg
129.5302	DATA	Keypress: 5
130.4466	DATA	Keypress: 1
131.5164	DATA	Keypress: 5
131.5308	EXP	Set  image=./stimfiles/scenes/1403.jpg
131.8439	DATA	Keypress: 5
132.1889	DATA	Keypress: 1
133.5163	DATA	Keypress: 5
133.5316	EXP	Set  image=./stimfiles/scenes/1677.jpg
134.1639	DATA	Keypress: 5
134.2639	DATA	Keypress: 1
135.5164	DATA	Keypress: 5
135.5324	EXP	Set  image=./stimfiles/scenes/1403.jpg
136.3110	DATA	Keypress: 4
136.4840	DATA	Keypress: 5
137.5332	EXP	Started presenting instructions
138.3340	DATA	Keypress: 5
138.5502	EXP	Set instructions text=
139.5165	DATA	Keypress: 5
139.5340	EXP	Set  image=./stimfiles/chinese_characters/26367.jpg
139.9641	DATA	Keypress: 5
140.0241	DATA	Keypress: 1
141.5166	DATA	Keypress: 5
141.5349	EXP	Set  image=./stimfiles/chinese_characters/24712.jpg
142.1222	DATA	Keypress: 1
142.2841	DATA	Keypress: 5
143.5166	DATA	Keypress: 5
143.5357	EXP	Set  image=./stimfiles/chinese_characters/24732.jpg
144.1100	DATA	Keypress: 1
145.5166	DATA	Keypress: 5
145.5365	EXP	Set  image=./stimfiles/chinese_characters/20485.jpg
145.7643	DATA	Keypress: 5
146.1363	DATA	Keypress: 1
147.5166	DATA	Keypress: 5
147.5373	EXP	Set  image=./stimfiles/chinese_characters/29730.jpg
148.0843	DATA	Keypress: 5
148.2213	DATA	Keypress: 1
149.5166	DATA	Keypress: 5
149.5382	EXP	Set  image=./stimfiles/chinese_characters/25231.jpg
150.1244	DATA	Keypress: 1
150.4044	DATA	Keypress: 5
151.5390	EXP	Set  image=./stimfiles/chinese_characters/29730.jpg
151.5645	DATA	Keypress: 5
152.1464	DATA	Keypress: 1
153.5166	DATA	Keypress: 5
153.5397	EXP	Set  image=./stimfiles/chinese_characters/29730.jpg
153.8845	DATA	Keypress: 5
154.1555	DATA	Keypress: 4
155.5166	DATA	Keypress: 5
155.5406	EXP	Set  image=./stimfiles/chinese_characters/29730.jpg
156.2046	DATA	Keypress: 5
156.2565	DATA	Keypress: 4
157.5166	DATA	Keypress: 5
157.5247	EXP	Set  image=./stimfiles/chinese_characters/29730.jpg
158.0416	DATA	Keypress: 4
158.5248	DATA	Keypress: 5
159.5255	EXP	Started presenting instructions
160.3263	DATA	Keypress: 5
160.5426	EXP	Set instructions text=
161.5167	DATA	Keypress: 5
161.5264	EXP	Set  image=./stimfiles/faces/cropped_147.png
162.0048	DATA	Keypress: 5
162.1017	DATA	Keypress: 1
163.5167	DATA	Keypress: 5
163.5272	EXP	Set  image=./stimfiles/faces/cropped_m11v1e1.png
164.0658	DATA	Keypress: 1
164.3248	DATA	Keypress: 5
165.5168	DATA	Keypress: 5
165.5280	EXP	Set  image=./stimfiles/faces/cropped_147.png
166.2109	DATA	Keypress: 4
167.5167	DATA	Keypress: 5
167.5289	EXP	Set  image=./stimfiles/faces/cropped_m11v1e1.png
167.8040	DATA	Keypress: 5
168.2509	DATA	Keypress: 4
169.5168	DATA	Keypress: 5
169.5296	EXP	Set  image=./stimfiles/faces/cropped_377.png
170.1240	DATA	Keypress: 5
170.3300	DATA	Keypress: 1
171.5168	DATA	Keypress: 5
171.5305	EXP	Set  image=./stimfiles/faces/cropped_377.png
172.4430	DATA	Keypress: 1
172.4449	DATA	Keypress: 5
173.5313	EXP	Set  image=./stimfiles/faces/cropped_512.png
173.6042	DATA	Keypress: 5
174.3331	DATA	Keypress: 1
175.5168	DATA	Keypress: 5
175.5322	EXP	Set  image=./stimfiles/faces/cropped_377.png
175.9241	DATA	Keypress: 5
176.1601	DATA	Keypress: 4
177.5168	DATA	Keypress: 5
177.5330	EXP	Set  image=./stimfiles/faces/cropped_24a.png
178.1462	DATA	Keypress: 1
178.2442	DATA	Keypress: 5
179.5167	DATA	Keypress: 5
179.5338	EXP	Set  image=./stimfiles/faces/cropped_377.png
180.1793	DATA	Keypress: 4
201.5160	DATA	Keypress: 5
201.5166	DATA	Keypress: 5
201.5171	DATA	Keypress: 5
201.5176	DATA	Keypress: 5
201.5181	DATA	Keypress: 5
201.5187	DATA	Keypress: 5
201.5192	DATA	Keypress: 5
201.5195	DATA	Keypress: 5
201.5199	DATA	Keypress: 5
201.5202	DATA	Keypress: 5
201.5205	DATA	Keypress: 5
201.5209	DATA	Keypress: 5
201.5214	DATA	Keypress: 5
201.5219	DATA	Keypress: 5
201.5223	DATA	Keypress: 5
201.5226	DATA	Keypress: 5
201.5231	DATA	Keypress: 5
201.5236	DATA	Keypress: 5
201.5241	DATA	Keypress: 5
201.5428	EXP	Started presenting instructions
202.5599	EXP	Set instructions text=
203.5169	DATA	Keypress: 5
203.5436	EXP	Set  image=./stimfiles/faces/cropped_1021.png
203.7650	DATA	Keypress: 5
203.9359	DATA	Keypress: 1
205.5169	DATA	Keypress: 5
205.5278	EXP	Set  image=./stimfiles/faces/cropped_00492007.png
206.0850	DATA	Keypress: 5
206.1440	DATA	Keypress: 1
207.5170	DATA	Keypress: 5
207.5287	EXP	Set  image=./stimfiles/faces/cropped_00492007.png
208.3070	DATA	Keypress: 4
208.4050	DATA	Keypress: 5
209.5294	EXP	Set  image=./stimfiles/faces/cropped_641.png
209.5651	DATA	Keypress: 5
210.0192	DATA	Keypress: 1
211.5170	DATA	Keypress: 5
211.5302	EXP	Set  image=./stimfiles/faces/cropped_00401015.png
211.8852	DATA	Keypress: 5
212.2182	DATA	Keypress: 1
213.5169	DATA	Keypress: 5
213.5311	EXP	Set  image=./stimfiles/faces/cropped_m-025-01.png
214.1253	DATA	Keypress: 1
214.2052	DATA	Keypress: 5
215.5169	DATA	Keypress: 5
215.5319	EXP	Set  image=./stimfiles/faces/cropped_00401015.png
216.1393	DATA	Keypress: 1
216.5253	DATA	Keypress: 5
217.5327	EXP	Set  image=./stimfiles/faces/cropped_00401015.png
217.6854	DATA	Keypress: 5
218.0893	DATA	Keypress: 4
219.5169	DATA	Keypress: 5
219.5335	EXP	Set  image=./stimfiles/faces/cropped_m-100-01.png
220.0044	DATA	Keypress: 5
220.0564	DATA	Keypress: 1
221.5169	DATA	Keypress: 5
221.5344	EXP	Set  image=./stimfiles/faces/cropped_00401015.png
222.1435	DATA	Keypress: 1
222.3244	DATA	Keypress: 5
223.5154	DATA	Keypress: 5
223.5352	EXP	Started presenting instructions
224.5522	EXP	Set instructions text=
225.5171	DATA	Keypress: 5
225.5360	EXP	Set  image=./stimfiles/scenes/945.jpg
225.8046	DATA	Keypress: 5
226.0256	DATA	Keypress: 1
227.5171	DATA	Keypress: 5
227.5368	EXP	Set  image=./stimfiles/scenes/945.jpg
227.9917	DATA	Keypress: 4
228.1246	DATA	Keypress: 5
229.5171	DATA	Keypress: 5
229.5210	EXP	Set  image=./stimfiles/scenes/618.jpg
230.0067	DATA	Keypress: 1
230.4447	DATA	Keypress: 5
231.5218	EXP	Set  image=./stimfiles/scenes/1199.jpg
231.6049	DATA	Keypress: 5
232.0147	DATA	Keypress: 1
233.5170	DATA	Keypress: 5
233.5227	EXP	Set  image=./stimfiles/scenes/618.jpg
233.9248	DATA	Keypress: 5
234.1399	DATA	Keypress: 1
235.5171	DATA	Keypress: 5
235.5234	EXP	Set  image=./stimfiles/scenes/1199.jpg
236.1689	DATA	Keypress: 1
236.2449	DATA	Keypress: 5
237.5171	DATA	Keypress: 5
237.5242	EXP	Set  image=./stimfiles/scenes/1718.jpg
238.0429	DATA	Keypress: 1
239.5171	DATA	Keypress: 5
239.5251	EXP	Set  image=./stimfiles/scenes/754.jpg
239.7249	DATA	Keypress: 5
240.0729	DATA	Keypress: 1
241.5171	DATA	Keypress: 5
241.5259	EXP	Set  image=./stimfiles/scenes/754.jpg
242.0450	DATA	Keypress: 5
242.0550	DATA	Keypress: 4
243.5170	DATA	Keypress: 5
243.5267	EXP	Set  image=./stimfiles/scenes/754.jpg
244.1701	DATA	Keypress: 4
244.3651	DATA	Keypress: 5
245.5276	EXP	Started presenting instructions
246.3282	DATA	Keypress: 5
246.5446	EXP	Set instructions text=
247.5173	DATA	Keypress: 5
247.5283	EXP	Set  image=./stimfiles/chinese_characters/26591.jpg
247.8452	DATA	Keypress: 5
247.9851	DATA	Keypress: 1
249.5173	DATA	Keypress: 5
249.5292	EXP	Set  image=./stimfiles/chinese_characters/35482.jpg
250.1182	DATA	Keypress: 1
250.1652	DATA	Keypress: 5
251.5173	DATA	Keypress: 5
251.5300	EXP	Set  image=./stimfiles/chinese_characters/26591.jpg
252.2293	DATA	Keypress: 4
252.4853	DATA	Keypress: 5
253.5308	EXP	Set  image=./stimfiles/chinese_characters/25333.jpg
253.6455	DATA	Keypress: 5
254.2143	DATA	Keypress: 1
255.5173	DATA	Keypress: 5
255.5317	EXP	Set  image=./stimfiles/chinese_characters/26322.jpg
255.9655	DATA	Keypress: 5
256.1794	DATA	Keypress: 1
257.5173	DATA	Keypress: 5
257.5325	EXP	Set  image=./stimfiles/chinese_characters/24847.jpg
258.2855	DATA	Keypress: 5
258.4175	DATA	Keypress: 1
259.5172	DATA	Keypress: 5
259.5333	EXP	Set  image=./stimfiles/chinese_characters/26322.jpg
260.2126	DATA	Keypress: 4
261.5173	DATA	Keypress: 5
261.5341	EXP	Set  image=./stimfiles/chinese_characters/26261.jpg
261.7657	DATA	Keypress: 5
262.2126	DATA	Keypress: 1
263.5173	DATA	Keypress: 5
263.5349	EXP	Set  image=./stimfiles/chinese_characters/26481.jpg
264.0857	DATA	Keypress: 5
264.2837	DATA	Keypress: 1
265.5173	DATA	Keypress: 5
265.5358	EXP	Set  image=./stimfiles/chinese_characters/26261.jpg
266.4058	DATA	Keypress: 5
266.4597	DATA	Keypress: 4
267.5366	EXP	Started presenting instructions
268.3373	DATA	Keypress: 5
268.5537	EXP	Set instructions text=
269.5174	DATA	Keypress: 5
269.5375	EXP	Set  image=./stimfiles/scenes/1629.jpg
269.8848	DATA	Keypress: 5
270.1568	DATA	Keypress: 1
271.5174	DATA	Keypress: 5
271.5215	EXP	Set  image=./stimfiles/scenes/185.jpg
272.1069	DATA	Keypress: 1
272.2049	DATA	Keypress: 5
273.5174	DATA	Keypress: 5
273.5224	EXP	Set  image=./stimfiles/scenes/1629.jpg
274.1249	DATA	Keypress: 4
274.5256	DATA	Keypress: 5
275.5232	EXP	Set  image=./stimfiles/scenes/1588.jpg
275.6851	DATA	Keypress: 5
276.1950	DATA	Keypress: 1
277.5173	DATA	Keypress: 5
277.5241	EXP	Set  image=./stimfiles/scenes/1077.jpg
278.0050	DATA	Keypress: 5
278.2650	DATA	Keypress: 1
279.5174	DATA	Keypress: 5
279.5249	EXP	Set  image=./stimfiles/scenes/741.jpg
280.3251	DATA	Keypress: 5
280.3401	DATA	Keypress: 1
281.5175	DATA	Keypress: 5
281.5257	EXP	Set  image=./stimfiles/scenes/1077.jpg
282.3161	DATA	Keypress: 4
283.5174	DATA	Keypress: 5
283.5265	EXP	Set  image=./stimfiles/scenes/1077.jpg
283.8053	DATA	Keypress: 5
284.2472	DATA	Keypress: 1
285.5174	DATA	Keypress: 5
285.5274	EXP	Set  image=./stimfiles/scenes/213.jpg
286.1252	DATA	Keypress: 5
286.2933	DATA	Keypress: 1
287.5174	DATA	Keypress: 5
287.5281	EXP	Set  image=./stimfiles/scenes/1077.jpg
288.1473	DATA	Keypress: 4
288.4453	DATA	Keypress: 5
289.5457	EXP	Started presenting instructions
290.3464	DATA	Keypress: 5
290.5628	EXP	Set instructions text=
291.5176	DATA	Keypress: 5
291.5298	EXP	Set  image=./stimfiles/chinese_characters/20768.jpg
291.9255	DATA	Keypress: 5
292.2475	DATA	Keypress: 1
293.5176	DATA	Keypress: 5
293.5306	EXP	Set  image=./stimfiles/chinese_characters/26493.jpg
294.1225	DATA	Keypress: 1
294.2455	DATA	Keypress: 5
295.5176	DATA	Keypress: 5
295.5314	EXP	Set  image=./stimfiles/chinese_characters/26493.jpg
296.1677	DATA	Keypress: 4
297.5176	DATA	Keypress: 5
297.5323	EXP	Set  image=./stimfiles/chinese_characters/20768.jpg
297.7257	DATA	Keypress: 5
298.1786	DATA	Keypress: 1
299.5176	DATA	Keypress: 5
299.5331	EXP	Set  image=./stimfiles/chinese_characters/20768.jpg
300.0455	DATA	Keypress: 5
300.1277	DATA	Keypress: 4
301.5176	DATA	Keypress: 5
301.5339	EXP	Set  image=./stimfiles/chinese_characters/37305.jpg
302.1677	DATA	Keypress: 1
302.3657	DATA	Keypress: 5
303.5347	EXP	Set  image=./stimfiles/chinese_characters/32007.jpg
303.5351	DATA	Keypress: 5
304.2268	DATA	Keypress: 1
305.5176	DATA	Keypress: 5
305.5355	EXP	Set  image=./stimfiles/chinese_characters/24977.jpg
305.8459	DATA	Keypress: 5
307.5176	DATA	Keypress: 1
307.5182	DATA	Keypress: 5
307.5363	EXP	Set  image=./stimfiles/chinese_characters/24977.jpg
308.1659	DATA	Keypress: 5
308.1819	DATA	Keypress: 4
309.5176	DATA	Keypress: 5
309.5371	EXP	Set  image=./stimfiles/chinese_characters/32007.jpg
310.2350	DATA	Keypress: 1
310.4860	DATA	Keypress: 5
311.5380	EXP	Started presenting instructions
312.3387	DATA	Keypress: 5
312.5550	EXP	Set instructions text=
313.5178	DATA	Keypress: 5
313.5388	EXP	Set  image=./stimfiles/faces/cropped_m1-014-01.png
313.9662	DATA	Keypress: 5
314.1691	DATA	Keypress: 1
315.5178	DATA	Keypress: 5
315.5396	EXP	Set  image=./stimfiles/faces/cropped_19.png
316.1002	DATA	Keypress: 1
316.2861	DATA	Keypress: 5
317.5178	DATA	Keypress: 5
317.5405	EXP	Set  image=./stimfiles/faces/cropped_88a.png
318.4432	DATA	Keypress: 1
319.5178	DATA	Keypress: 5
319.5413	EXP	Set  image=./stimfiles/faces/cropped_88a.png
319.7663	DATA	Keypress: 5
320.3571	DATA	Keypress: 1
321.5178	DATA	Keypress: 5
321.5255	EXP	Set  image=./stimfiles/faces/cropped_536.png
322.0852	DATA	Keypress: 5
322.3643	DATA	Keypress: 1
323.5178	DATA	Keypress: 5
323.5263	EXP	Set  image=./stimfiles/faces/cropped_988.png
324.3704	DATA	Keypress: 1
324.4053	DATA	Keypress: 5
325.5270	EXP	Set  image=./stimfiles/faces/cropped_i264ta-mn.png
325.5654	DATA	Keypress: 5
326.4394	DATA	Keypress: 1
327.5178	DATA	Keypress: 5
327.5280	EXP	Set  image=./stimfiles/faces/cropped_988.png
327.8855	DATA	Keypress: 5
328.1605	DATA	Keypress: 4
329.5177	DATA	Keypress: 5
329.5288	EXP	Set  image=./stimfiles/faces/cropped_988.png
330.2056	DATA	Keypress: 5
330.3795	DATA	Keypress: 1
331.5178	DATA	Keypress: 5
331.5296	EXP	Set  image=./stimfiles/faces/cropped_f13n1.png
332.4366	DATA	Keypress: 1
332.5256	DATA	Keypress: 5
353.5160	DATA	Keypress: 5
353.5163	DATA	Keypress: 5
353.5167	DATA	Keypress: 5
353.5170	DATA	Keypress: 5
353.5173	DATA	Keypress: 5
353.5177	DATA	Keypress: 5
353.5180	DATA	Keypress: 5
353.5184	DATA	Keypress: 5
353.5187	DATA	Keypress: 5
353.5190	DATA	Keypress: 5
353.5194	DATA	Keypress: 5
353.5197	DATA	Keypress: 5
353.5200	DATA	Keypress: 5
353.5204	DATA	Keypress: 5
353.5207	DATA	Keypress: 5
353.5210	DATA	Keypress: 5
353.5214	DATA	Keypress: 5
353.5217	DATA	Keypress: 5
353.5387	EXP	Started presenting instructions
354.5557	EXP	Set instructions text=
355.5179	DATA	Keypress: 5
355.5395	EXP	Set  image=./stimfiles/faces/cropped_515.png
355.7264	DATA	Keypress: 5
355.9423	DATA	Keypress: 1
357.5179	DATA	Keypress: 5
357.5402	EXP	Set  image=./stimfiles/faces/cropped_515.png
358.0463	DATA	Keypress: 5
358.2303	DATA	Keypress: 4
359.5179	DATA	Keypress: 5
359.5411	EXP	Set  image=./stimfiles/faces/cropped_415.png
360.1604	DATA	Keypress: 1
360.3663	DATA	Keypress: 5
361.5252	EXP	Set  image=./stimfiles/faces/cropped_515.png
361.5263	DATA	Keypress: 5
362.2242	DATA	Keypress: 1
363.5179	DATA	Keypress: 5
363.5260	EXP	Set  image=./stimfiles/faces/cropped_m-022-01.png
363.8465	DATA	Keypress: 5
364.0804	DATA	Keypress: 1
365.5180	DATA	Keypress: 5
365.5269	EXP	Set  image=./stimfiles/faces/cropped_415.png
366.0436	DATA	Keypress: 1
366.1665	DATA	Keypress: 5
367.5179	DATA	Keypress: 5
367.5277	EXP	Set  image=./stimfiles/faces/cropped_m-022-01.png
368.2237	DATA	Keypress: 1
368.4866	DATA	Keypress: 5
369.5285	EXP	Set  image=./stimfiles/faces/cropped_m-022-01.png
369.6458	DATA	Keypress: 5
370.1606	DATA	Keypress: 4
371.5181	DATA	Keypress: 5
371.5294	EXP	Set  image=./stimfiles/faces/cropped_862.png
371.9658	DATA	Keypress: 5
372.1127	DATA	Keypress: 1
373.5181	DATA	Keypress: 5
373.5301	EXP	Set  image=./stimfiles/faces/cropped_98a.png
374.1378	DATA	Keypress: 1
374.2858	DATA	Keypress: 5
375.5155	DATA	Keypress: 5
375.5310	EXP	Started presenting instructions
376.5480	EXP	Set instructions text=
377.5181	DATA	Keypress: 5
377.5318	EXP	Set  image=./stimfiles/scenes/15.jpg
377.7659	DATA	Keypress: 5
378.0869	DATA	Keypress: 1
379.5182	DATA	Keypress: 5
379.5326	EXP	Set  image=./stimfiles/scenes/1488.jpg
380.0150	DATA	Keypress: 1
380.0860	DATA	Keypress: 5
381.5181	DATA	Keypress: 5
381.5335	EXP	Set  image=./stimfiles/scenes/702.jpg
382.0891	DATA	Keypress: 1
382.4060	DATA	Keypress: 5
383.5343	EXP	Set  image=./stimfiles/scenes/533.jpg
383.5662	DATA	Keypress: 5
384.1631	DATA	Keypress: 1
385.5181	DATA	Keypress: 5
385.5351	EXP	Set  image=./stimfiles/scenes/1488.jpg
385.8862	DATA	Keypress: 5
386.0661	DATA	Keypress: 1
387.5181	DATA	Keypress: 5
387.5359	EXP	Set  image=./stimfiles/scenes/1666.jpg
388.1632	DATA	Keypress: 1
388.2062	DATA	Keypress: 5
389.5181	DATA	Keypress: 5
389.5367	EXP	Set  image=./stimfiles/scenes/533.jpg
390.3403	DATA	Keypress: 1
390.5263	DATA	Keypress: 5
391.5376	EXP	Set  image=./stimfiles/scenes/917.jpg
391.6863	DATA	Keypress: 5
392.2303	DATA	Keypress: 1
393.5182	DATA	Keypress: 5
393.5217	EXP	Set  image=./stimfiles/scenes/533.jpg
394.0064	DATA	Keypress: 5
394.2874	DATA	Keypress: 1
395.5181	DATA	Keypress: 5
395.5226	EXP	Set  image=./stimfiles/scenes/1365.jpg
396.2314	DATA	Keypress: 1
396.3264	DATA	Keypress: 5
397.5154	DATA	Keypress: 5
397.5400	EXP	Started presenting instructions
398.5571	EXP	Set instructions text=
399.5182	DATA	Keypress: 5
399.5409	EXP	Set  image=./stimfiles/chinese_characters/24971.jpg
399.8066	DATA	Keypress: 5
400.1066	DATA	Keypress: 1
401.5183	DATA	Keypress: 5
401.5417	EXP	Set  image=./stimfiles/chinese_characters/25720.jpg
402.1266	DATA	Keypress: 5
402.3205	DATA	Keypress: 1
403.5181	DATA	Keypress: 5
403.5258	EXP	Set  image=./stimfiles/chinese_characters/24971.jpg
404.2417	DATA	Keypress: 4
404.4466	DATA	Keypress: 5
405.5267	EXP	Set  image=./stimfiles/chinese_characters/26517.jpg
405.6068	DATA	Keypress: 5
406.2157	DATA	Keypress: 1
407.5182	DATA	Keypress: 5
407.5274	EXP	Set  image=./stimfiles/chinese_characters/26517.jpg
407.9268	DATA	Keypress: 5
409.5183	DATA	Keypress: 1
409.5189	DATA	Keypress: 5
409.5283	EXP	Set  image=./stimfiles/chinese_characters/29914.jpg
410.2468	DATA	Keypress: 5
410.2728	DATA	Keypress: 1
411.5184	DATA	Keypress: 5
411.5291	EXP	Set  image=./stimfiles/chinese_characters/29729.jpg
412.4129	DATA	Keypress: 1
413.5183	DATA	Keypress: 5
413.5300	EXP	Set  image=./stimfiles/chinese_characters/24904.jpg
413.7270	DATA	Keypress: 5
415.5183	DATA	Keypress: 1
415.5189	DATA	Keypress: 5
415.5308	EXP	Set  image=./stimfiles/chinese_characters/20608.jpg
416.0470	DATA	Keypress: 5
416.2569	DATA	Keypress: 4
417.5183	DATA	Keypress: 5
417.5316	EXP	Set  image=./stimfiles/chinese_characters/24904.jpg
418.3311	DATA	Keypress: 4
418.3670	DATA	Keypress: 5
419.5324	EXP	Started presenting instructions
420.3330	DATA	Keypress: 5
420.5495	EXP	Set instructions text=
421.5184	DATA	Keypress: 5
421.5332	EXP	Set  image=./stimfiles/scenes/936.jpg
421.8462	DATA	Keypress: 5
422.2412	DATA	Keypress: 1
423.5185	DATA	Keypress: 5
423.5340	EXP	Set  image=./stimfiles/scenes/554.jpg
424.1662	DATA	Keypress: 5
424.1763	DATA	Keypress: 1
425.5185	DATA	Keypress: 5
425.5348	EXP	Set  image=./stimfiles/scenes/1061.jpg
426.1563	DATA	Keypress: 1
426.4862	DATA	Keypress: 5
427.5357	EXP	Set  image=./stimfiles/scenes/1035.jpg
427.6465	DATA	Keypress: 5
428.2493	DATA	Keypress: 1
429.5185	DATA	Keypress: 5
429.5365	EXP	Set  image=./stimfiles/scenes/1288.jpg
429.9662	DATA	Keypress: 5
430.3764	DATA	Keypress: 1
431.5184	DATA	Keypress: 5
431.5373	EXP	Set  image=./stimfiles/scenes/1035.jpg
432.2865	DATA	Keypress: 5
433.5184	DATA	Keypress: 1
433.5190	DATA	Keypress: 5
433.5381	EXP	Set  image=./stimfiles/scenes/1035.jpg
434.2005	DATA	Keypress: 1
435.5183	DATA	Keypress: 5
435.5223	EXP	Set  image=./stimfiles/scenes/1846.jpg
435.7666	DATA	Keypress: 5
436.2906	DATA	Keypress: 1
437.5183	DATA	Keypress: 5
437.5231	EXP	Set  image=./stimfiles/scenes/1035.jpg
437.9377	DATA	Keypress: 4
438.0865	DATA	Keypress: 5
439.5184	DATA	Keypress: 5
439.5239	EXP	Set  image=./stimfiles/scenes/1220.jpg
440.0437	DATA	Keypress: 1
440.4067	DATA	Keypress: 5
441.5415	EXP	Started presenting instructions
442.3422	DATA	Keypress: 5
442.5585	EXP	Set instructions text=
443.5186	DATA	Keypress: 5
443.5422	EXP	Set  image=./stimfiles/chinese_characters/25415.jpg
443.8868	DATA	Keypress: 5
444.0388	DATA	Keypress: 1
445.5186	DATA	Keypress: 5
445.5264	EXP	Set  image=./stimfiles/chinese_characters/25902.jpg
446.1679	DATA	Keypress: 1
446.2069	DATA	Keypress: 5
447.5186	DATA	Keypress: 5
447.5272	EXP	Set  image=./stimfiles/chinese_characters/25709.jpg
448.1128	DATA	Keypress: 1
448.5269	DATA	Keypress: 5
449.5280	EXP	Set  image=./stimfiles/chinese_characters/25902.jpg
449.6871	DATA	Keypress: 5
450.1050	DATA	Keypress: 1
451.5187	DATA	Keypress: 5
451.5288	EXP	Set  image=./stimfiles/chinese_characters/25169.jpg
452.0071	DATA	Keypress: 5
452.2480	DATA	Keypress: 1
453.5186	DATA	Keypress: 5
453.5296	EXP	Set  image=./stimfiles/chinese_characters/25129.jpg
454.2111	DATA	Keypress: 1
454.3270	DATA	Keypress: 5
455.5185	DATA	Keypress: 5
455.5305	EXP	Set  image=./stimfiles/chinese_characters/25902.jpg
456.2121	DATA	Keypress: 1
457.5187	DATA	Keypress: 5
457.5313	EXP	Set  image=./stimfiles/chinese_characters/20638.jpg
457.8072	DATA	Keypress: 5
458.1812	DATA	Keypress: 1
459.5186	DATA	Keypress: 5
459.5321	EXP	Set  image=./stimfiles/chinese_characters/26869.jpg
460.0873	DATA	Keypress: 1
460.1272	DATA	Keypress: 5
461.5186	DATA	Keypress: 5
461.5329	EXP	Set  image=./stimfiles/chinese_characters/20638.jpg
462.2403	DATA	Keypress: 1
462.4473	DATA	Keypress: 5
463.5338	EXP	Started presenting instructions
464.3346	DATA	Keypress: 5
464.5508	EXP	Set instructions text=
465.5188	DATA	Keypress: 5
465.5347	EXP	Set  image=./stimfiles/faces/cropped_i086qa-fn.png
465.9275	DATA	Keypress: 5
466.2864	DATA	Keypress: 1
467.5188	DATA	Keypress: 5
467.5355	EXP	Set  image=./stimfiles/faces/cropped_300.png
468.2475	DATA	Keypress: 5
468.2614	DATA	Keypress: 1
469.5188	DATA	Keypress: 5
469.5362	EXP	Set  image=./stimfiles/faces/cropped_i233ua-fn.png
470.3296	DATA	Keypress: 1
471.5188	DATA	Keypress: 5
471.5371	EXP	Set  image=./stimfiles/faces/cropped_99a.png
471.7267	DATA	Keypress: 5
472.4526	DATA	Keypress: 1
473.5187	DATA	Keypress: 5
473.5379	EXP	Set  image=./stimfiles/faces/cropped_300.png
474.0467	DATA	Keypress: 5
474.4096	DATA	Keypress: 1
475.5188	DATA	Keypress: 5
475.5388	EXP	Set  image=./stimfiles/faces/cropped_f-032-01.png
476.3667	DATA	Keypress: 5
476.3738	DATA	Keypress: 1
477.5396	EXP	Set  image=./stimfiles/faces/cropped_99a.png
477.5400	DATA	Keypress: 5
478.3778	DATA	Keypress: 1
479.5188	DATA	Keypress: 5
479.5404	EXP	Set  image=./stimfiles/faces/cropped_54.png
479.8469	DATA	Keypress: 5
480.1348	DATA	Keypress: 1
481.5188	DATA	Keypress: 5
481.5412	EXP	Set  image=./stimfiles/faces/cropped_f-032-01.png
482.1669	DATA	Keypress: 5
482.2469	DATA	Keypress: 1
483.5188	DATA	Keypress: 5
483.5420	EXP	Set  image=./stimfiles/faces/cropped_54.png
484.1930	DATA	Keypress: 4
484.4870	DATA	Keypress: 5
