4.8706	INFO	Loaded calibration from:2012_09_26 16:15
4.8706	INFO	['2012_09_26 16:15']
4.8716	INFO	configured pyglet screen 0
4.8717	WARNING	User requested fullscreen with size [800 600], but screen is actually [1024, 768]. Using actual size
5.2008	INFO	Using gamma table of operating system
5.2194	EXP	Set Window color=[ 0.  0.  0.] (rgb)
5.7695	EXP	Started presenting 
69.3448	DATA	Keypress: 5
69.3456	DATA	Key pressed: 5
69.3624	EXP	Set  text=
69.3791	EXP	Started presenting instructions
70.3961	EXP	Set instructions text=
71.3645	DATA	Keypress: 5
71.3799	EXP	Set  image=./stimfiles/scenes/848.jpg
71.6377	DATA	Keypress: 5
71.8917	DATA	Keypress: 1
73.3646	DATA	Keypress: 5
73.3807	EXP	Set  image=./stimfiles/scenes/848.jpg
73.9579	DATA	Keypress: 5
74.1189	DATA	Keypress: 4
75.3645	DATA	Keypress: 5
75.3815	EXP	Set  image=./stimfiles/scenes/848.jpg
76.0550	DATA	Keypress: 4
76.2780	DATA	Keypress: 5
77.3824	EXP	Set  image=./stimfiles/scenes/1332.jpg
77.4381	DATA	Keypress: 5
78.0559	DATA	Keypress: 1
79.3646	DATA	Keypress: 5
79.3832	EXP	Set  image=./stimfiles/scenes/848.jpg
79.7581	DATA	Keypress: 5
80.3641	DATA	Keypress: 1
81.3647	DATA	Keypress: 5
81.3840	EXP	Set  image=./stimfiles/scenes/1752.jpg
81.9561	DATA	Keypress: 1
82.0781	DATA	Keypress: 5
83.3646	DATA	Keypress: 5
83.3682	EXP	Set  image=./stimfiles/scenes/457.jpg
83.9321	DATA	Keypress: 1
85.3646	DATA	Keypress: 5
85.3690	EXP	Set  image=./stimfiles/scenes/848.jpg
85.5583	DATA	Keypress: 5
85.8792	DATA	Keypress: 1
87.3645	DATA	Keypress: 5
87.3698	EXP	Set  image=./stimfiles/scenes/1487.jpg
87.8783	DATA	Keypress: 5
87.9452	DATA	Keypress: 1
89.3646	DATA	Keypress: 5
89.3706	EXP	Set  image=./stimfiles/scenes/848.jpg
90.1075	DATA	Keypress: 1
90.1984	DATA	Keypress: 5
91.3642	DATA	Keypress: 5
91.3882	EXP	Started presenting instructions
92.4051	EXP	Set instructions text=
93.3647	DATA	Keypress: 5
93.3889	EXP	Set  image=./stimfiles/faces/cropped_i425xa-mn.png
93.6775	DATA	Keypress: 5
94.0393	DATA	Keypress: 1
95.3647	DATA	Keypress: 5
95.3731	EXP	Set  image=./stimfiles/faces/cropped_m4061.png
95.9007	DATA	Keypress: 1
95.9975	DATA	Keypress: 5
97.3647	DATA	Keypress: 5
97.3739	EXP	Set  image=./stimfiles/faces/cropped_i045qa-mn.png
97.9746	DATA	Keypress: 1
98.3176	DATA	Keypress: 5
99.3748	EXP	Set  image=./stimfiles/faces/cropped_m-046-01.png
99.4777	DATA	Keypress: 5
100.0486	DATA	Keypress: 1
101.3647	DATA	Keypress: 5
101.3756	EXP	Set  image=./stimfiles/faces/cropped_730.png
101.7977	DATA	Keypress: 5
102.0187	DATA	Keypress: 1
103.3647	DATA	Keypress: 5
103.3764	EXP	Set  image=./stimfiles/faces/cropped_m-046-01.png
103.9388	DATA	Keypress: 1
104.1178	DATA	Keypress: 5
105.3647	DATA	Keypress: 5
105.3772	EXP	Set  image=./stimfiles/faces/cropped_m-046-01.png
105.9698	DATA	Keypress: 4
107.3647	DATA	Keypress: 5
107.3780	EXP	Set  image=./stimfiles/faces/cropped_f1-006-01.png
107.5979	DATA	Keypress: 5
107.9408	DATA	Keypress: 1
109.3648	DATA	Keypress: 5
109.3789	EXP	Set  image=./stimfiles/faces/cropped_04014.png
109.9179	DATA	Keypress: 5
110.0139	DATA	Keypress: 1
111.3647	DATA	Keypress: 5
111.3797	EXP	Set  image=./stimfiles/faces/cropped_m-046-01.png
111.9659	DATA	Keypress: 1
112.2380	DATA	Keypress: 5
113.3805	EXP	Started presenting instructions
114.1811	DATA	Keypress: 5
114.3975	EXP	Set instructions text=
115.3650	DATA	Keypress: 5
115.3813	EXP	Set  image=./stimfiles/chinese_characters/33309.jpg
115.7182	DATA	Keypress: 5
115.8671	DATA	Keypress: 1
117.3649	DATA	Keypress: 5
117.3822	EXP	Set  image=./stimfiles/chinese_characters/20713.jpg
118.0041	DATA	Keypress: 1
118.0380	DATA	Keypress: 5
119.3649	DATA	Keypress: 5
119.3830	EXP	Set  image=./stimfiles/chinese_characters/25501.jpg
119.9201	DATA	Keypress: 1
120.3581	DATA	Keypress: 5
121.3838	EXP	Set  image=./stimfiles/chinese_characters/20713.jpg
121.5184	DATA	Keypress: 5
122.0433	DATA	Keypress: 1
123.3649	DATA	Keypress: 5
123.3846	EXP	Set  image=./stimfiles/chinese_characters/25501.jpg
123.8384	DATA	Keypress: 5
124.0683	DATA	Keypress: 1
125.3649	DATA	Keypress: 5
125.3854	EXP	Set  image=./stimfiles/chinese_characters/26074.jpg
126.0744	DATA	Keypress: 1
126.1584	DATA	Keypress: 5
127.3649	DATA	Keypress: 5
127.3863	EXP	Set  image=./stimfiles/chinese_characters/25139.jpg
128.0825	DATA	Keypress: 1
129.3649	DATA	Keypress: 5
129.3871	EXP	Set  image=./stimfiles/chinese_characters/26074.jpg
129.6385	DATA	Keypress: 5
130.1695	DATA	Keypress: 1
131.3649	DATA	Keypress: 5
131.3879	EXP	Set  image=./stimfiles/chinese_characters/37276.jpg
131.9586	DATA	Keypress: 5
132.1045	DATA	Keypress: 1
133.3649	DATA	Keypress: 5
133.3887	EXP	Set  image=./stimfiles/chinese_characters/25139.jpg
134.1567	DATA	Keypress: 1
134.2788	DATA	Keypress: 5
135.3729	EXP	Started presenting instructions
136.1738	DATA	Keypress: 5
136.3900	EXP	Set instructions text=
137.3651	DATA	Keypress: 5
137.3737	EXP	Set  image=./stimfiles/scenes/1001.jpg
137.7586	DATA	Keypress: 5
137.9627	DATA	Keypress: 1
139.3651	DATA	Keypress: 5
139.3745	EXP	Set  image=./stimfiles/scenes/114.jpg
140.0507	DATA	Keypress: 1
140.0788	DATA	Keypress: 5
141.3651	DATA	Keypress: 5
141.3753	EXP	Set  image=./stimfiles/scenes/1092.jpg
142.1998	DATA	Keypress: 1
143.3651	DATA	Keypress: 5
143.3762	EXP	Set  image=./stimfiles/scenes/540.jpg
143.5579	DATA	Keypress: 5
144.0229	DATA	Keypress: 1
145.3651	DATA	Keypress: 5
145.3769	EXP	Set  image=./stimfiles/scenes/114.jpg
145.8780	DATA	Keypress: 5
146.1460	DATA	Keypress: 1
147.3651	DATA	Keypress: 5
147.3778	EXP	Set  image=./stimfiles/scenes/540.jpg
148.0831	DATA	Keypress: 4
148.1980	DATA	Keypress: 5
149.3650	DATA	Keypress: 5
149.3786	EXP	Set  image=./stimfiles/scenes/250.jpg
149.8951	DATA	Keypress: 1
151.3649	DATA	Keypress: 5
151.3795	EXP	Set  image=./stimfiles/scenes/1668.jpg
151.6782	DATA	Keypress: 5
151.9339	DATA	Keypress: 1
153.3651	DATA	Keypress: 5
153.3803	EXP	Set  image=./stimfiles/scenes/772.jpg
153.9981	DATA	Keypress: 5
154.0732	DATA	Keypress: 1
155.3651	DATA	Keypress: 5
155.3811	EXP	Set  image=./stimfiles/scenes/1668.jpg
156.2051	DATA	Keypress: 4
156.3181	DATA	Keypress: 5
157.3819	EXP	Started presenting instructions
158.1826	DATA	Keypress: 5
158.3990	EXP	Set instructions text=
159.3652	DATA	Keypress: 5
159.3827	EXP	Set  image=./stimfiles/faces/cropped_847.png
159.7984	DATA	Keypress: 5
159.8325	DATA	Keypress: 1
161.3652	DATA	Keypress: 5
161.3835	EXP	Set  image=./stimfiles/faces/cropped_40MVC-003F.png
161.8134	DATA	Keypress: 1
162.1184	DATA	Keypress: 5
163.3652	DATA	Keypress: 5
163.3844	EXP	Set  image=./stimfiles/faces/cropped_40MVC-003F.png
164.2355	DATA	Keypress: 1
165.3653	DATA	Keypress: 5
165.3852	EXP	Set  image=./stimfiles/faces/cropped_847.png
165.5986	DATA	Keypress: 5
166.0365	DATA	Keypress: 1
167.3652	DATA	Keypress: 5
167.3860	EXP	Set  image=./stimfiles/faces/cropped_40MVC-003F.png
167.9185	DATA	Keypress: 5
167.9845	DATA	Keypress: 4
169.3653	DATA	Keypress: 5
169.3869	EXP	Set  image=./stimfiles/faces/cropped_533.png
170.0297	DATA	Keypress: 1
170.2387	DATA	Keypress: 5
171.3877	EXP	Set  image=./stimfiles/faces/cropped_255.png
171.3988	DATA	Keypress: 5
171.9936	DATA	Keypress: 1
173.3653	DATA	Keypress: 5
173.3885	EXP	Set  image=./stimfiles/faces/cropped_533.png
173.7187	DATA	Keypress: 5
174.2108	DATA	Keypress: 4
175.3652	DATA	Keypress: 5
175.3726	EXP	Set  image=./stimfiles/faces/cropped_288.png
175.9618	DATA	Keypress: 1
176.0388	DATA	Keypress: 5
177.3652	DATA	Keypress: 5
177.3734	EXP	Set  image=./stimfiles/faces/cropped_533.png
177.9829	DATA	Keypress: 4
178.3589	DATA	Keypress: 5
179.3742	EXP	Started presenting instructions
180.1748	DATA	Keypress: 5
180.3913	EXP	Set instructions text=
181.3655	DATA	Keypress: 5
181.3751	EXP	Set  image=./stimfiles/chinese_characters/29370.jpg
181.8392	DATA	Keypress: 5
181.9560	DATA	Keypress: 1
183.3654	DATA	Keypress: 5
183.3759	EXP	Set  image=./stimfiles/chinese_characters/25037.jpg
183.8851	DATA	Keypress: 1
184.1592	DATA	Keypress: 5
185.3654	DATA	Keypress: 5
185.3767	EXP	Set  image=./stimfiles/chinese_characters/29370.jpg
185.8501	DATA	Keypress: 4
187.3654	DATA	Keypress: 5
187.3776	EXP	Set  image=./stimfiles/chinese_characters/20738.jpg
187.6392	DATA	Keypress: 5
187.9901	DATA	Keypress: 1
189.3653	DATA	Keypress: 5
189.3784	EXP	Set  image=./stimfiles/chinese_characters/29370.jpg
189.8302	DATA	Keypress: 4
189.9592	DATA	Keypress: 5
191.3654	DATA	Keypress: 5
191.3792	EXP	Set  image=./stimfiles/chinese_characters/25900.jpg
192.0122	DATA	Keypress: 1
192.2792	DATA	Keypress: 5
193.3800	EXP	Set  image=./stimfiles/chinese_characters/25900.jpg
193.4384	DATA	Keypress: 5
194.0723	DATA	Keypress: 1
195.3654	DATA	Keypress: 5
195.3809	EXP	Set  image=./stimfiles/chinese_characters/24838.jpg
195.7584	DATA	Keypress: 5
195.9283	DATA	Keypress: 1
197.3654	DATA	Keypress: 5
197.3816	EXP	Set  image=./stimfiles/chinese_characters/31998.jpg
197.9344	DATA	Keypress: 1
198.0784	DATA	Keypress: 5
199.3654	DATA	Keypress: 5
199.3825	EXP	Set  image=./stimfiles/chinese_characters/30249.jpg
199.9475	DATA	Keypress: 1
221.3647	DATA	Keypress: 5
221.3653	DATA	Keypress: 5
221.3658	DATA	Keypress: 5
221.3664	DATA	Keypress: 5
221.3669	DATA	Keypress: 5
221.3672	DATA	Keypress: 5
221.3676	DATA	Keypress: 5
221.3679	DATA	Keypress: 5
221.3682	DATA	Keypress: 5
221.3686	DATA	Keypress: 5
221.3689	DATA	Keypress: 5
221.3692	DATA	Keypress: 5
221.3696	DATA	Keypress: 5
221.3699	DATA	Keypress: 5
221.3704	DATA	Keypress: 5
221.3709	DATA	Keypress: 5
221.3714	DATA	Keypress: 5
221.3719	DATA	Keypress: 5
221.3724	DATA	Keypress: 5
221.3915	EXP	Started presenting instructions
222.4086	EXP	Set instructions text=
223.3656	DATA	Keypress: 5
223.3757	EXP	Set  image=./stimfiles/scenes/3067.jpg
223.5992	DATA	Keypress: 5
223.8442	DATA	Keypress: 1
225.3656	DATA	Keypress: 5
225.3765	EXP	Set  image=./stimfiles/scenes/600.jpg
225.8042	DATA	Keypress: 1
225.9192	DATA	Keypress: 5
227.3656	DATA	Keypress: 5
227.3774	EXP	Set  image=./stimfiles/scenes/615.jpg
227.9073	DATA	Keypress: 1
228.2393	DATA	Keypress: 5
229.3781	EXP	Set  image=./stimfiles/scenes/120.jpg
229.3994	DATA	Keypress: 5
229.9463	DATA	Keypress: 1
231.3656	DATA	Keypress: 5
231.3790	EXP	Set  image=./stimfiles/scenes/705.jpg
231.7194	DATA	Keypress: 5
231.9004	DATA	Keypress: 1
233.3656	DATA	Keypress: 5
233.3798	EXP	Set  image=./stimfiles/scenes/615.jpg
233.8834	DATA	Keypress: 1
234.0395	DATA	Keypress: 5
235.3656	DATA	Keypress: 5
235.3807	EXP	Set  image=./stimfiles/scenes/705.jpg
236.0356	DATA	Keypress: 1
236.3595	DATA	Keypress: 5
237.3815	EXP	Set  image=./stimfiles/scenes/705.jpg
237.5197	DATA	Keypress: 5
237.8746	DATA	Keypress: 4
239.3655	DATA	Keypress: 5
239.3823	EXP	Set  image=./stimfiles/scenes/759.jpg
239.8396	DATA	Keypress: 5
239.8956	DATA	Keypress: 1
241.3656	DATA	Keypress: 5
241.3831	EXP	Set  image=./stimfiles/scenes/978.jpg
241.9846	DATA	Keypress: 1
242.1597	DATA	Keypress: 5
243.3641	DATA	Keypress: 5
243.3839	EXP	Started presenting instructions
244.4010	EXP	Set instructions text=
245.3658	DATA	Keypress: 5
245.3847	EXP	Set  image=./stimfiles/faces/cropped_693.png
245.6389	DATA	Keypress: 5
245.9448	DATA	Keypress: 1
247.3658	DATA	Keypress: 5
247.3856	EXP	Set  image=./stimfiles/faces/cropped_693.png
247.9588	DATA	Keypress: 5
248.1157	DATA	Keypress: 4
249.3658	DATA	Keypress: 5
249.3864	EXP	Set  image=./stimfiles/faces/cropped_f7n1.png
250.0480	DATA	Keypress: 1
250.2789	DATA	Keypress: 5
251.3872	EXP	Set  image=./stimfiles/faces/cropped_693.png
251.4391	DATA	Keypress: 5
252.0810	DATA	Keypress: 1
253.3658	DATA	Keypress: 5
253.3880	EXP	Set  image=./stimfiles/faces/cropped_24.png
253.7590	DATA	Keypress: 5
254.0590	DATA	Keypress: 1
255.3657	DATA	Keypress: 5
255.3888	EXP	Set  image=./stimfiles/faces/cropped_693.png
255.9791	DATA	Keypress: 1
256.0791	DATA	Keypress: 5
257.3658	DATA	Keypress: 5
257.3897	EXP	Set  image=./stimfiles/faces/cropped_02_02.png
257.9672	DATA	Keypress: 1
259.3657	DATA	Keypress: 5
259.3739	EXP	Set  image=./stimfiles/faces/cropped_494.png
259.5591	DATA	Keypress: 5
259.9252	DATA	Keypress: 1
261.3658	DATA	Keypress: 5
261.3747	EXP	Set  image=./stimfiles/faces/cropped_02_02.png
261.8793	DATA	Keypress: 5
261.9432	DATA	Keypress: 1
263.3658	DATA	Keypress: 5
263.3755	EXP	Set  image=./stimfiles/faces/cropped_203.png
263.9903	DATA	Keypress: 1
264.1993	DATA	Keypress: 5
265.3642	DATA	Keypress: 5
265.3763	EXP	Started presenting instructions
266.3934	EXP	Set instructions text=
267.3659	DATA	Keypress: 5
267.3772	EXP	Set  image=./stimfiles/chinese_characters/26873.jpg
267.6794	DATA	Keypress: 5
267.9664	DATA	Keypress: 1
269.3659	DATA	Keypress: 5
269.3780	EXP	Set  image=./stimfiles/chinese_characters/28686.jpg
269.9715	DATA	Keypress: 1
269.9995	DATA	Keypress: 5
271.3660	DATA	Keypress: 5
271.3788	EXP	Set  image=./stimfiles/chinese_characters/28686.jpg
271.9956	DATA	Keypress: 4
272.3196	DATA	Keypress: 5
273.3796	EXP	Set  image=./stimfiles/chinese_characters/29377.jpg
273.4796	DATA	Keypress: 5
273.8975	DATA	Keypress: 1
275.3659	DATA	Keypress: 5
275.3804	EXP	Set  image=./stimfiles/chinese_characters/28686.jpg
275.7997	DATA	Keypress: 5
276.0597	DATA	Keypress: 1
277.3659	DATA	Keypress: 5
277.3812	EXP	Set  image=./stimfiles/chinese_characters/26222.jpg
278.0157	DATA	Keypress: 1
278.1197	DATA	Keypress: 5
279.3660	DATA	Keypress: 5
279.3821	EXP	Set  image=./stimfiles/chinese_characters/29377.jpg
280.0878	DATA	Keypress: 1
281.3659	DATA	Keypress: 5
281.3829	EXP	Set  image=./stimfiles/chinese_characters/29377.jpg
281.5999	DATA	Keypress: 5
282.0058	DATA	Keypress: 4
283.3659	DATA	Keypress: 5
283.3837	EXP	Set  image=./stimfiles/chinese_characters/25789.jpg
283.9199	DATA	Keypress: 5
283.9939	DATA	Keypress: 1
285.3659	DATA	Keypress: 5
285.3845	EXP	Set  image=./stimfiles/chinese_characters/24956.jpg
286.0170	DATA	Keypress: 1
286.2399	DATA	Keypress: 5
287.3854	EXP	Started presenting instructions
288.1861	DATA	Keypress: 5
288.4025	EXP	Set instructions text=
289.3661	DATA	Keypress: 5
289.3862	EXP	Set  image=./stimfiles/scenes/1330.jpg
289.7199	DATA	Keypress: 5
289.8210	DATA	Keypress: 1
291.3661	DATA	Keypress: 5
291.3703	EXP	Set  image=./stimfiles/scenes/1327.jpg
291.9221	DATA	Keypress: 1
292.0401	DATA	Keypress: 5
293.3661	DATA	Keypress: 5
293.3712	EXP	Set  image=./stimfiles/scenes/1330.jpg
293.8800	DATA	Keypress: 4
294.3591	DATA	Keypress: 5
295.3720	EXP	Set  image=./stimfiles/scenes/1330.jpg
295.5192	DATA	Keypress: 5
296.0963	DATA	Keypress: 1
297.3661	DATA	Keypress: 5
297.3728	EXP	Set  image=./stimfiles/scenes/1308.jpg
297.8391	DATA	Keypress: 5
297.9943	DATA	Keypress: 1
299.3661	DATA	Keypress: 5
299.3736	EXP	Set  image=./stimfiles/scenes/1330.jpg
299.9783	DATA	Keypress: 4
300.1594	DATA	Keypress: 5
301.3661	DATA	Keypress: 5
301.3744	EXP	Set  image=./stimfiles/scenes/1225.jpg
301.8993	DATA	Keypress: 1
303.3661	DATA	Keypress: 5
303.3752	EXP	Set  image=./stimfiles/scenes/1207.jpg
303.6395	DATA	Keypress: 5
303.8945	DATA	Keypress: 1
305.3660	DATA	Keypress: 5
305.3761	EXP	Set  image=./stimfiles/scenes/1225.jpg
305.9596	DATA	Keypress: 5
306.1574	DATA	Keypress: 4
307.3661	DATA	Keypress: 5
307.3769	EXP	Set  image=./stimfiles/scenes/430.jpg
307.9116	DATA	Keypress: 1
308.2796	DATA	Keypress: 5
309.3944	EXP	Started presenting instructions
310.1952	DATA	Keypress: 5
310.4114	EXP	Set instructions text=
311.3661	DATA	Keypress: 5
311.3786	EXP	Set  image=./stimfiles/faces/cropped_144.png
311.7597	DATA	Keypress: 5
312.0177	DATA	Keypress: 1
313.3663	DATA	Keypress: 5
313.3794	EXP	Set  image=./stimfiles/faces/cropped_144.png
313.8787	DATA	Keypress: 1
314.0797	DATA	Keypress: 5
315.3663	DATA	Keypress: 5
315.3802	EXP	Set  image=./stimfiles/faces/cropped_23MVC-003F.png
316.0737	DATA	Keypress: 1
317.3663	DATA	Keypress: 5
317.3810	EXP	Set  image=./stimfiles/faces/cropped_144.png
317.5599	DATA	Keypress: 5
317.9368	DATA	Keypress: 4
319.3663	DATA	Keypress: 5
319.3818	EXP	Set  image=./stimfiles/faces/cropped_23MVC-003F.png
319.8799	DATA	Keypress: 5
320.0439	DATA	Keypress: 4
321.3663	DATA	Keypress: 5
321.3826	EXP	Set  image=./stimfiles/faces/cropped_m-060-01.png
321.9890	DATA	Keypress: 1
322.2000	DATA	Keypress: 5
323.3662	DATA	Keypress: 5
323.3835	EXP	Set  image=./stimfiles/faces/cropped_23MVC-003F.png
324.0439	DATA	Keypress: 4
325.3663	DATA	Keypress: 5
325.3843	EXP	Set  image=./stimfiles/faces/cropped_927.png
325.6801	DATA	Keypress: 5
325.9560	DATA	Keypress: 1
327.3663	DATA	Keypress: 5
327.3851	EXP	Set  image=./stimfiles/faces/cropped_306.png
328.0002	DATA	Keypress: 5
328.0991	DATA	Keypress: 1
329.3663	DATA	Keypress: 5
329.3859	EXP	Set  image=./stimfiles/faces/cropped_374.png
330.0362	DATA	Keypress: 1
330.3202	DATA	Keypress: 5
331.3868	EXP	Started presenting instructions
332.1876	DATA	Keypress: 5
332.4039	EXP	Set instructions text=
333.3665	DATA	Keypress: 5
333.3876	EXP	Set  image=./stimfiles/chinese_characters/31645.jpg
333.8003	DATA	Keypress: 5
333.9843	DATA	Keypress: 1
335.3664	DATA	Keypress: 5
335.3885	EXP	Set  image=./stimfiles/chinese_characters/29777.jpg
335.7964	DATA	Keypress: 1
336.1201	DATA	Keypress: 5
337.3664	DATA	Keypress: 5
337.3892	EXP	Set  image=./stimfiles/chinese_characters/29777.jpg
338.3615	DATA	Keypress: 1
339.3664	DATA	Keypress: 5
339.3900	EXP	Set  image=./stimfiles/chinese_characters/29925.jpg
339.6006	DATA	Keypress: 5
340.0835	DATA	Keypress: 1
341.3665	DATA	Keypress: 5
341.3743	EXP	Set  image=./stimfiles/chinese_characters/35614.jpg
341.9205	DATA	Keypress: 5
342.0336	DATA	Keypress: 1
343.3664	DATA	Keypress: 5
343.3751	EXP	Set  image=./stimfiles/chinese_characters/29925.jpg
343.9696	DATA	Keypress: 4
344.2406	DATA	Keypress: 5
345.3758	EXP	Set  image=./stimfiles/chinese_characters/35614.jpg
345.3997	DATA	Keypress: 5
346.1077	DATA	Keypress: 1
347.3664	DATA	Keypress: 5
347.3767	EXP	Set  image=./stimfiles/chinese_characters/29740.jpg
347.7197	DATA	Keypress: 5
348.1117	DATA	Keypress: 1
349.3665	DATA	Keypress: 5
349.3774	EXP	Set  image=./stimfiles/chinese_characters/29926.jpg
350.0398	DATA	Keypress: 5
350.0968	DATA	Keypress: 1
351.3664	DATA	Keypress: 5
351.3783	EXP	Set  image=./stimfiles/chinese_characters/29926.jpg
352.1269	DATA	Keypress: 1
352.3598	DATA	Keypress: 5
373.3644	DATA	Keypress: 5
373.3649	DATA	Keypress: 5
373.3655	DATA	Keypress: 5
373.3660	DATA	Keypress: 5
373.3665	DATA	Keypress: 5
373.3671	DATA	Keypress: 5
373.3676	DATA	Keypress: 5
373.3681	DATA	Keypress: 5
373.3685	DATA	Keypress: 5
373.3688	DATA	Keypress: 5
373.3692	DATA	Keypress: 5
373.3695	DATA	Keypress: 5
373.3699	DATA	Keypress: 5
373.3702	DATA	Keypress: 5
373.3705	DATA	Keypress: 5
373.3709	DATA	Keypress: 5
373.3712	DATA	Keypress: 5
373.3715	DATA	Keypress: 5
373.3873	EXP	Started presenting instructions
374.4044	EXP	Set instructions text=
375.3666	DATA	Keypress: 5
375.3715	EXP	Set  image=./stimfiles/scenes/1511.jpg
375.5605	DATA	Keypress: 5
376.0285	DATA	Keypress: 1
377.3666	DATA	Keypress: 5
377.3723	EXP	Set  image=./stimfiles/scenes/1463.jpg
377.8805	DATA	Keypress: 5
377.9106	DATA	Keypress: 1
379.3665	DATA	Keypress: 5
379.3732	EXP	Set  image=./stimfiles/scenes/1451.jpg
379.9637	DATA	Keypress: 1
380.2006	DATA	Keypress: 5
381.3666	DATA	Keypress: 5
381.3740	EXP	Set  image=./stimfiles/scenes/1463.jpg
381.9176	DATA	Keypress: 1
383.3666	DATA	Keypress: 5
383.3748	EXP	Set  image=./stimfiles/scenes/1463.jpg
383.6807	DATA	Keypress: 5
383.9357	DATA	Keypress: 4
385.3666	DATA	Keypress: 5
385.3756	EXP	Set  image=./stimfiles/scenes/1514.jpg
385.9578	DATA	Keypress: 1
386.0007	DATA	Keypress: 5
387.3666	DATA	Keypress: 5
387.3765	EXP	Set  image=./stimfiles/scenes/1514.jpg
388.0359	DATA	Keypress: 4
388.3209	DATA	Keypress: 5
389.3773	EXP	Set  image=./stimfiles/scenes/508.jpg
389.4810	DATA	Keypress: 5
389.9377	DATA	Keypress: 1
391.3666	DATA	Keypress: 5
391.3781	EXP	Set  image=./stimfiles/scenes/508.jpg
391.8010	DATA	Keypress: 5
391.9728	DATA	Keypress: 4
393.3666	DATA	Keypress: 5
393.3789	EXP	Set  image=./stimfiles/scenes/1132.jpg
393.9950	DATA	Keypress: 1
394.1210	DATA	Keypress: 5
395.3641	DATA	Keypress: 5
395.3797	EXP	Started presenting instructions
396.3968	EXP	Set instructions text=
397.3668	DATA	Keypress: 5
397.3806	EXP	Set  image=./stimfiles/faces/cropped_99.png
397.6012	DATA	Keypress: 5
398.0161	DATA	Keypress: 1
399.3668	DATA	Keypress: 5
399.3814	EXP	Set  image=./stimfiles/faces/cropped_00541011.png
399.9202	DATA	Keypress: 5
400.2252	DATA	Keypress: 1
401.3668	DATA	Keypress: 5
401.3822	EXP	Set  image=./stimfiles/faces/cropped_00541011.png
401.9902	DATA	Keypress: 4
402.2402	DATA	Keypress: 5
403.3831	EXP	Set  image=./stimfiles/faces/cropped_708.png
403.4003	DATA	Keypress: 5
403.9872	DATA	Keypress: 1
405.3668	DATA	Keypress: 5
405.3838	EXP	Set  image=./stimfiles/faces/cropped_708.png
405.7203	DATA	Keypress: 5
406.0714	DATA	Keypress: 4
407.3668	DATA	Keypress: 5
407.3847	EXP	Set  image=./stimfiles/faces/cropped_00541011.png
407.9863	DATA	Keypress: 1
408.0404	DATA	Keypress: 5
409.3668	DATA	Keypress: 5
409.3855	EXP	Set  image=./stimfiles/faces/cropped_00541011.png
410.0535	DATA	Keypress: 4
410.3605	DATA	Keypress: 5
411.3863	EXP	Set  image=./stimfiles/faces/cropped_m-040-01.png
411.5206	DATA	Keypress: 5
412.0736	DATA	Keypress: 1
413.3668	DATA	Keypress: 5
413.3871	EXP	Set  image=./stimfiles/faces/cropped_m-040-01.png
413.8406	DATA	Keypress: 5
414.2396	DATA	Keypress: 4
415.3668	DATA	Keypress: 5
415.3880	EXP	Set  image=./stimfiles/faces/cropped_865.png
416.1608	DATA	Keypress: 5
416.1715	DATA	Keypress: 1
417.3641	DATA	Keypress: 5
417.3887	EXP	Started presenting instructions
418.4059	EXP	Set instructions text=
419.3670	DATA	Keypress: 5
419.3896	EXP	Set  image=./stimfiles/chinese_characters/24828.jpg
419.6408	DATA	Keypress: 5
419.9737	DATA	Keypress: 1
421.3670	DATA	Keypress: 5
421.3905	EXP	Set  image=./stimfiles/chinese_characters/26864.jpg
421.9607	DATA	Keypress: 5
421.9925	DATA	Keypress: 1
423.3669	DATA	Keypress: 5
423.3746	EXP	Set  image=./stimfiles/chinese_characters/24920.jpg
423.8708	DATA	Keypress: 1
424.2808	DATA	Keypress: 5
425.3754	EXP	Set  image=./stimfiles/chinese_characters/24920.jpg
425.4410	DATA	Keypress: 5
425.8539	DATA	Keypress: 4
427.3670	DATA	Keypress: 5
427.3762	EXP	Set  image=./stimfiles/chinese_characters/29829.jpg
427.7610	DATA	Keypress: 5
427.8640	DATA	Keypress: 1
429.3670	DATA	Keypress: 5
429.3771	EXP	Set  image=./stimfiles/chinese_characters/29829.jpg
430.0811	DATA	Keypress: 5
430.1651	DATA	Keypress: 4
431.3670	DATA	Keypress: 5
431.3779	EXP	Set  image=./stimfiles/chinese_characters/29411.jpg
431.9612	DATA	Keypress: 1
433.3670	DATA	Keypress: 5
433.3786	EXP	Set  image=./stimfiles/chinese_characters/31390.jpg
433.5612	DATA	Keypress: 5
434.0412	DATA	Keypress: 1
435.3670	DATA	Keypress: 5
435.3795	EXP	Set  image=./stimfiles/chinese_characters/31390.jpg
435.8812	DATA	Keypress: 5
435.8820	DATA	Keypress: 4
437.3670	DATA	Keypress: 5
437.3803	EXP	Set  image=./stimfiles/chinese_characters/31390.jpg
438.0492	DATA	Keypress: 4
438.2013	DATA	Keypress: 5
439.3641	DATA	Keypress: 5
439.3811	EXP	Started presenting instructions
440.3982	EXP	Set instructions text=
441.3671	DATA	Keypress: 5
441.3820	EXP	Set  image=./stimfiles/scenes/1317.jpg
441.6814	DATA	Keypress: 5
441.9074	DATA	Keypress: 1
443.3671	DATA	Keypress: 5
443.3828	EXP	Set  image=./stimfiles/scenes/1317.jpg
444.0012	DATA	Keypress: 5
444.2794	DATA	Keypress: 1
445.3671	DATA	Keypress: 5
445.3836	EXP	Set  image=./stimfiles/scenes/1900.jpg
445.9696	DATA	Keypress: 1
446.3215	DATA	Keypress: 5
447.3844	EXP	Set  image=./stimfiles/scenes/1627.jpg
447.4816	DATA	Keypress: 5
448.2646	DATA	Keypress: 1
449.3672	DATA	Keypress: 5
449.3853	EXP	Set  image=./stimfiles/scenes/1900.jpg
449.8006	DATA	Keypress: 5
449.9286	DATA	Keypress: 4
451.3670	DATA	Keypress: 5
451.3861	EXP	Set  image=./stimfiles/scenes/1627.jpg
451.9947	DATA	Keypress: 4
452.1207	DATA	Keypress: 5
453.3671	DATA	Keypress: 5
453.3869	EXP	Set  image=./stimfiles/scenes/866.jpg
453.9976	DATA	Keypress: 1
455.3672	DATA	Keypress: 5
455.3711	EXP	Set  image=./stimfiles/scenes/866.jpg
455.6008	DATA	Keypress: 5
456.1008	DATA	Keypress: 1
457.3671	DATA	Keypress: 5
457.3719	EXP	Set  image=./stimfiles/scenes/839.jpg
457.9208	DATA	Keypress: 5
458.0048	DATA	Keypress: 1
459.3671	DATA	Keypress: 5
459.3727	EXP	Set  image=./stimfiles/scenes/866.jpg
459.8539	DATA	Keypress: 4
460.2410	DATA	Keypress: 5
461.3735	EXP	Started presenting instructions
462.1743	DATA	Keypress: 5
462.3906	EXP	Set instructions text=
463.3673	DATA	Keypress: 5
463.3911	EXP	Set  image=./stimfiles/faces/cropped_191.png
463.7209	DATA	Keypress: 5
463.9860	DATA	Keypress: 1
465.3672	DATA	Keypress: 5
465.3752	EXP	Set  image=./stimfiles/faces/cropped_58a.png
465.8771	DATA	Keypress: 1
466.0411	DATA	Keypress: 5
467.3673	DATA	Keypress: 5
467.3760	EXP	Set  image=./stimfiles/faces/cropped_58a.png
468.1171	DATA	Keypress: 1
468.3611	DATA	Keypress: 5
469.3769	EXP	Set  image=./stimfiles/faces/cropped_562.png
469.5213	DATA	Keypress: 5
470.0922	DATA	Keypress: 1
471.3673	DATA	Keypress: 5
471.3777	EXP	Set  image=./stimfiles/faces/cropped_58a.png
471.8413	DATA	Keypress: 5
471.8862	DATA	Keypress: 4
473.3673	DATA	Keypress: 5
473.3785	EXP	Set  image=./stimfiles/faces/cropped_844.png
473.9893	DATA	Keypress: 1
474.1613	DATA	Keypress: 5
475.3673	DATA	Keypress: 5
475.3793	EXP	Set  image=./stimfiles/faces/cropped_562.png
475.9914	DATA	Keypress: 1
477.3673	DATA	Keypress: 5
477.3802	EXP	Set  image=./stimfiles/faces/cropped_f-006-01.png
477.6414	DATA	Keypress: 5
478.0484	DATA	Keypress: 1
479.3673	DATA	Keypress: 5
479.3809	EXP	Set  image=./stimfiles/faces/cropped_18f_mvc-001f.png
479.9615	DATA	Keypress: 5
480.0475	DATA	Keypress: 1
481.3674	DATA	Keypress: 5
481.3817	EXP	Set  image=./stimfiles/faces/cropped_tracy1.png
482.0336	DATA	Keypress: 1
482.2815	DATA	Keypress: 5
483.3826	EXP	Started presenting instructions
484.1831	DATA	Keypress: 5
484.3997	EXP	Set instructions text=
485.3674	DATA	Keypress: 5
485.3834	EXP	Set  image=./stimfiles/chinese_characters/25363.jpg
485.7616	DATA	Keypress: 5
485.9576	DATA	Keypress: 1
487.3675	DATA	Keypress: 5
487.3842	EXP	Set  image=./stimfiles/chinese_characters/24656.jpg
488.0617	DATA	Keypress: 1
488.0817	DATA	Keypress: 5
489.3674	DATA	Keypress: 5
489.3850	EXP	Set  image=./stimfiles/chinese_characters/25363.jpg
489.9869	DATA	Keypress: 4
491.3674	DATA	Keypress: 5
491.3859	EXP	Set  image=./stimfiles/chinese_characters/24656.jpg
491.5618	DATA	Keypress: 5
492.1729	DATA	Keypress: 4
493.3675	DATA	Keypress: 5
493.3867	EXP	Set  image=./stimfiles/chinese_characters/32086.jpg
493.8818	DATA	Keypress: 5
494.0259	DATA	Keypress: 1
495.3675	DATA	Keypress: 5
495.3875	EXP	Set  image=./stimfiles/chinese_characters/25469.jpg
496.0389	DATA	Keypress: 1
496.2018	DATA	Keypress: 5
497.3674	DATA	Keypress: 5
497.3884	EXP	Set  image=./stimfiles/chinese_characters/24656.jpg
498.1591	DATA	Keypress: 1
499.3675	DATA	Keypress: 5
499.3891	EXP	Set  image=./stimfiles/chinese_characters/32086.jpg
499.6810	DATA	Keypress: 5
500.2090	DATA	Keypress: 1
501.3674	DATA	Keypress: 5
501.3900	EXP	Set  image=./stimfiles/chinese_characters/31652.jpg
502.0011	DATA	Keypress: 5
502.1451	DATA	Keypress: 1
503.3675	DATA	Keypress: 5
503.3908	EXP	Set  image=./stimfiles/chinese_characters/24656.jpg
504.2692	DATA	Keypress: 1
504.3212	DATA	Keypress: 5
