5.3623	INFO	Loaded calibration from:2012_09_26 16:15
5.3623	INFO	['2012_09_26 16:15']
5.3632	INFO	configured pyglet screen 0
5.3634	WARNING	User requested fullscreen with size [800 600], but screen is actually [1024, 768]. Using actual size
5.7983	INFO	Using gamma table of operating system
5.8076	EXP	Set Window color=[ 0.  0.  0.] (rgb)
6.6246	EXP	Started presenting 
86.6059	DATA	Keypress: 5
86.6069	DATA	Key pressed: 5
86.6242	EXP	Set  text=
86.6408	EXP	Started presenting instructions
87.6579	EXP	Set instructions text=
88.6263	DATA	Keypress: 5
88.6417	EXP	Set  image=./stimfiles/chinese_characters/30204.jpg
88.8983	DATA	Keypress: 5
89.3682	DATA	Keypress: 1
90.6262	DATA	Keypress: 5
90.6425	EXP	Set  image=./stimfiles/chinese_characters/27446.jpg
91.1943	DATA	Keypress: 1
91.2183	DATA	Keypress: 5
92.6262	DATA	Keypress: 5
92.6433	EXP	Set  image=./stimfiles/chinese_characters/25683.jpg
93.2644	DATA	Keypress: 1
93.5383	DATA	Keypress: 5
94.6441	EXP	Set  image=./stimfiles/chinese_characters/30297.jpg
94.6996	DATA	Keypress: 5
96.6264	DATA	Keypress: 1
96.6271	DATA	Keypress: 5
96.6449	EXP	Set  image=./stimfiles/chinese_characters/26868.jpg
97.0186	DATA	Keypress: 5
97.4205	DATA	Keypress: 1
98.6263	DATA	Keypress: 5
98.6457	EXP	Set  image=./stimfiles/chinese_characters/26193.jpg
99.3386	DATA	Keypress: 5
99.4465	DATA	Keypress: 1
100.6261	DATA	Keypress: 5
100.6466	EXP	Set  image=./stimfiles/chinese_characters/35438.jpg
101.4067	DATA	Keypress: 1
102.6263	DATA	Keypress: 5
102.6474	EXP	Set  image=./stimfiles/chinese_characters/26193.jpg
102.8187	DATA	Keypress: 5
103.1267	DATA	Keypress: 4
104.6263	DATA	Keypress: 5
104.6483	EXP	Set  image=./stimfiles/chinese_characters/35438.jpg
105.1387	DATA	Keypress: 5
105.5947	DATA	Keypress: 4
106.6263	DATA	Keypress: 5
106.6491	EXP	Set  image=./stimfiles/chinese_characters/26193.jpg
107.3088	DATA	Keypress: 4
107.4588	DATA	Keypress: 5
108.6259	DATA	Keypress: 5
108.6499	EXP	Started presenting instructions
109.6669	EXP	Set instructions text=
110.6265	DATA	Keypress: 5
110.6340	EXP	Set  image=./stimfiles/faces/cropped_56b.png
110.9389	DATA	Keypress: 5
111.4909	DATA	Keypress: 1
112.6265	DATA	Keypress: 5
112.6348	EXP	Set  image=./stimfiles/faces/cropped_594.png
113.2590	DATA	Keypress: 5
113.2749	DATA	Keypress: 1
114.6265	DATA	Keypress: 5
114.6357	EXP	Set  image=./stimfiles/faces/cropped_00921015.png
115.4531	DATA	Keypress: 1
115.5791	DATA	Keypress: 5
116.6365	EXP	Set  image=./stimfiles/faces/cropped_56b.png
116.7390	DATA	Keypress: 5
118.6265	DATA	Keypress: 5
118.6373	EXP	Set  image=./stimfiles/faces/cropped_56b.png
119.0591	DATA	Keypress: 5
119.4912	DATA	Keypress: 1
120.6265	DATA	Keypress: 5
120.6381	EXP	Set  image=./stimfiles/faces/cropped_605.png
121.3472	DATA	Keypress: 1
121.3792	DATA	Keypress: 5
122.6265	DATA	Keypress: 5
122.6389	EXP	Set  image=./stimfiles/faces/cropped_56b.png
123.1854	DATA	Keypress: 4
124.6265	DATA	Keypress: 5
124.6398	EXP	Set  image=./stimfiles/faces/cropped_f4008.png
124.8593	DATA	Keypress: 5
125.2453	DATA	Keypress: 1
126.6265	DATA	Keypress: 5
126.6405	EXP	Set  image=./stimfiles/faces/cropped_605.png
127.1795	DATA	Keypress: 5
127.3594	DATA	Keypress: 1
128.6265	DATA	Keypress: 5
128.6414	EXP	Set  image=./stimfiles/faces/cropped_f-013-01.png
129.4815	DATA	Keypress: 1
129.4994	DATA	Keypress: 5
130.6423	EXP	Started presenting instructions
131.4431	DATA	Keypress: 5
131.6593	EXP	Set instructions text=
132.6267	DATA	Keypress: 5
132.6431	EXP	Set  image=./stimfiles/chinese_characters/35609.jpg
132.9796	DATA	Keypress: 5
133.2254	DATA	Keypress: 1
134.6267	DATA	Keypress: 5
134.6439	EXP	Set  image=./stimfiles/chinese_characters/37275.jpg
135.2996	DATA	Keypress: 5
135.3353	DATA	Keypress: 1
136.6267	DATA	Keypress: 5
136.6447	EXP	Set  image=./stimfiles/chinese_characters/29741.jpg
137.2717	DATA	Keypress: 1
137.6197	DATA	Keypress: 5
138.6456	EXP	Set  image=./stimfiles/chinese_characters/24831.jpg
138.7799	DATA	Keypress: 5
139.2437	DATA	Keypress: 1
140.6267	DATA	Keypress: 5
140.6464	EXP	Set  image=./stimfiles/chinese_characters/26867.jpg
141.0998	DATA	Keypress: 5
141.2798	DATA	Keypress: 1
142.6267	DATA	Keypress: 5
142.6471	EXP	Set  image=./stimfiles/chinese_characters/24831.jpg
143.2178	DATA	Keypress: 1
143.4198	DATA	Keypress: 5
144.6266	DATA	Keypress: 5
144.6480	EXP	Set  image=./stimfiles/chinese_characters/35552.jpg
145.3419	DATA	Keypress: 1
146.6267	DATA	Keypress: 5
146.6488	EXP	Set  image=./stimfiles/chinese_characters/24820.jpg
146.9000	DATA	Keypress: 5
147.3060	DATA	Keypress: 1
148.6267	DATA	Keypress: 5
148.6496	EXP	Set  image=./stimfiles/chinese_characters/24831.jpg
149.2200	DATA	Keypress: 5
149.2360	DATA	Keypress: 1
150.6267	DATA	Keypress: 5
150.6505	EXP	Set  image=./stimfiles/chinese_characters/24831.jpg
151.2111	DATA	Keypress: 4
151.5390	DATA	Keypress: 5
152.6346	EXP	Started presenting instructions
153.4355	DATA	Keypress: 5
153.6517	EXP	Set instructions text=
154.6268	DATA	Keypress: 5
154.6355	EXP	Set  image=./stimfiles/scenes/1038.jpg
155.0180	DATA	Keypress: 5
155.2962	DATA	Keypress: 1
156.6269	DATA	Keypress: 5
156.6363	EXP	Set  image=./stimfiles/scenes/1837.jpg
157.2083	DATA	Keypress: 1
157.3383	DATA	Keypress: 5
158.6268	DATA	Keypress: 5
158.6371	EXP	Set  image=./stimfiles/scenes/1000.jpg
159.2393	DATA	Keypress: 1
160.6268	DATA	Keypress: 5
160.6379	EXP	Set  image=./stimfiles/scenes/1000.jpg
160.8194	DATA	Keypress: 5
161.3812	DATA	Keypress: 1
162.6268	DATA	Keypress: 5
162.6388	EXP	Set  image=./stimfiles/scenes/1527.jpg
163.1384	DATA	Keypress: 5
163.2744	DATA	Keypress: 1
164.6268	DATA	Keypress: 5
164.6395	EXP	Set  image=./stimfiles/scenes/329.jpg
165.2895	DATA	Keypress: 1
165.4594	DATA	Keypress: 5
166.6266	DATA	Keypress: 5
166.6404	EXP	Set  image=./stimfiles/scenes/1000.jpg
167.4315	DATA	Keypress: 1
168.6268	DATA	Keypress: 5
168.6412	EXP	Set  image=./stimfiles/scenes/3029.jpg
168.9386	DATA	Keypress: 5
169.3905	DATA	Keypress: 1
170.6268	DATA	Keypress: 5
170.6420	EXP	Set  image=./stimfiles/scenes/1000.jpg
171.2366	DATA	Keypress: 4
171.2585	DATA	Keypress: 5
172.6269	DATA	Keypress: 5
172.6428	EXP	Set  image=./stimfiles/scenes/3029.jpg
173.4245	DATA	Keypress: 4
173.5787	DATA	Keypress: 5
174.6436	EXP	Started presenting instructions
175.4445	DATA	Keypress: 5
175.6607	EXP	Set instructions text=
176.6270	DATA	Keypress: 5
176.6445	EXP	Set  image=./stimfiles/scenes/1329.jpg
177.0588	DATA	Keypress: 5
177.0947	DATA	Keypress: 1
178.6270	DATA	Keypress: 5
178.6454	EXP	Set  image=./stimfiles/scenes/89.jpg
179.1919	DATA	Keypress: 1
179.3798	DATA	Keypress: 5
180.6270	DATA	Keypress: 5
180.6461	EXP	Set  image=./stimfiles/scenes/968.jpg
181.2099	DATA	Keypress: 1
182.6269	DATA	Keypress: 5
182.6303	EXP	Set  image=./stimfiles/scenes/1329.jpg
182.8591	DATA	Keypress: 5
183.0750	DATA	Keypress: 1
184.6268	DATA	Keypress: 5
184.6311	EXP	Set  image=./stimfiles/scenes/1015.jpg
185.1060	DATA	Keypress: 1
185.1800	DATA	Keypress: 5
186.6319	EXP	Set  image=./stimfiles/scenes/1329.jpg
186.6323	DATA	Keypress: 5
187.1512	DATA	Keypress: 1
187.4990	DATA	Keypress: 5
188.6327	EXP	Set  image=./stimfiles/scenes/1427.jpg
188.6592	DATA	Keypress: 5
189.1411	DATA	Keypress: 1
190.6270	DATA	Keypress: 5
190.6335	EXP	Set  image=./stimfiles/scenes/1918.jpg
190.9792	DATA	Keypress: 5
191.1452	DATA	Keypress: 1
192.6270	DATA	Keypress: 5
192.6344	EXP	Set  image=./stimfiles/scenes/1427.jpg
193.1933	DATA	Keypress: 1
193.2993	DATA	Keypress: 5
194.6271	DATA	Keypress: 5
194.6352	EXP	Set  image=./stimfiles/scenes/1056.jpg
195.1133	DATA	Keypress: 1
195.6192	DATA	Keypress: 5
196.6360	EXP	Started presenting instructions
197.4367	DATA	Keypress: 5
197.6531	EXP	Set instructions text=
198.6272	DATA	Keypress: 5
198.6535	EXP	Set  image=./stimfiles/faces/cropped_95MVC-003F.png
199.0994	DATA	Keypress: 5
199.1194	DATA	Keypress: 1
200.6272	DATA	Keypress: 5
200.6376	EXP	Set  image=./stimfiles/faces/cropped_118.png
201.1395	DATA	Keypress: 1
201.4194	DATA	Keypress: 5
202.6272	DATA	Keypress: 5
202.6385	EXP	Set  image=./stimfiles/faces/cropped_s03_13.png
203.3096	DATA	Keypress: 1
204.6272	DATA	Keypress: 5
204.6393	EXP	Set  image=./stimfiles/faces/cropped_s03_13.png
204.8995	DATA	Keypress: 5
205.2616	DATA	Keypress: 4
206.6272	DATA	Keypress: 5
206.6401	EXP	Set  image=./stimfiles/faces/cropped_s03_13.png
207.2196	DATA	Keypress: 5
207.5376	DATA	Keypress: 4
208.6272	DATA	Keypress: 5
208.6410	EXP	Set  image=./stimfiles/faces/cropped_s03_13.png
209.1827	DATA	Keypress: 4
209.5385	DATA	Keypress: 5
210.6418	EXP	Set  image=./stimfiles/faces/cropped_682.png
210.6998	DATA	Keypress: 5
211.2358	DATA	Keypress: 1
212.6272	DATA	Keypress: 5
212.6427	EXP	Set  image=./stimfiles/faces/cropped_s03_13.png
213.0199	DATA	Keypress: 5
213.2638	DATA	Keypress: 1
214.6272	DATA	Keypress: 5
214.6435	EXP	Set  image=./stimfiles/faces/cropped_503.png
215.1899	DATA	Keypress: 1
215.3398	DATA	Keypress: 5
216.6272	DATA	Keypress: 5
216.6442	EXP	Set  image=./stimfiles/faces/cropped_s03_13.png
217.1480	DATA	Keypress: 1
238.6263	DATA	Keypress: 5
238.6268	DATA	Keypress: 5
238.6271	DATA	Keypress: 5
238.6275	DATA	Keypress: 5
238.6278	DATA	Keypress: 5
238.6282	DATA	Keypress: 5
238.6285	DATA	Keypress: 5
238.6288	DATA	Keypress: 5
238.6292	DATA	Keypress: 5
238.6295	DATA	Keypress: 5
238.6298	DATA	Keypress: 5
238.6302	DATA	Keypress: 5
238.6305	DATA	Keypress: 5
238.6308	DATA	Keypress: 5
238.6312	DATA	Keypress: 5
238.6316	DATA	Keypress: 5
238.6319	DATA	Keypress: 5
238.6323	DATA	Keypress: 5
238.6326	DATA	Keypress: 5
238.6533	EXP	Started presenting instructions
239.6704	EXP	Set instructions text=
240.6274	DATA	Keypress: 5
240.6542	EXP	Set  image=./stimfiles/chinese_characters/29790.jpg
240.8607	DATA	Keypress: 5
241.2406	DATA	Keypress: 1
242.6274	DATA	Keypress: 5
242.6383	EXP	Set  image=./stimfiles/chinese_characters/31360.jpg
243.1798	DATA	Keypress: 5
243.4457	DATA	Keypress: 1
244.6274	DATA	Keypress: 5
244.6391	EXP	Set  image=./stimfiles/chinese_characters/29790.jpg
245.3326	DATA	Keypress: 4
245.5007	DATA	Keypress: 5
246.6400	EXP	Set  image=./stimfiles/chinese_characters/20570.jpg
246.6598	DATA	Keypress: 5
247.3538	DATA	Keypress: 1
248.6273	DATA	Keypress: 5
248.6408	EXP	Set  image=./stimfiles/chinese_characters/25639.jpg
248.9799	DATA	Keypress: 5
249.3948	DATA	Keypress: 1
250.6274	DATA	Keypress: 5
250.6415	EXP	Set  image=./stimfiles/chinese_characters/29790.jpg
251.3008	DATA	Keypress: 5
251.5129	DATA	Keypress: 1
252.6274	DATA	Keypress: 5
252.6424	EXP	Set  image=./stimfiles/chinese_characters/29790.jpg
253.6178	DATA	Keypress: 5
253.6230	DATA	Keypress: 1
254.6432	EXP	Set  image=./stimfiles/chinese_characters/29790.jpg
254.7802	DATA	Keypress: 5
255.2400	DATA	Keypress: 4
256.6274	DATA	Keypress: 5
256.6440	EXP	Set  image=./stimfiles/chinese_characters/25903.jpg
257.0991	DATA	Keypress: 5
257.2830	DATA	Keypress: 1
258.6274	DATA	Keypress: 5
258.6449	EXP	Set  image=./stimfiles/chinese_characters/20558.jpg
259.2591	DATA	Keypress: 1
259.4191	DATA	Keypress: 5
260.6259	DATA	Keypress: 5
260.6457	EXP	Started presenting instructions
261.6627	EXP	Set instructions text=
262.6275	DATA	Keypress: 5
262.6465	EXP	Set  image=./stimfiles/faces/cropped_i206ta-mn.png
262.8992	DATA	Keypress: 5
263.1070	DATA	Keypress: 1
264.6275	DATA	Keypress: 5
264.6473	EXP	Set  image=./stimfiles/faces/cropped_62a.png
265.2194	DATA	Keypress: 5
265.2893	DATA	Keypress: 1
266.6276	DATA	Keypress: 5
266.6481	EXP	Set  image=./stimfiles/faces/cropped_m-095-01.png
267.3163	DATA	Keypress: 1
267.5404	DATA	Keypress: 5
268.6490	EXP	Set  image=./stimfiles/faces/cropped_62a.png
268.7005	DATA	Keypress: 5
269.2103	DATA	Keypress: 4
270.6276	DATA	Keypress: 5
270.6498	EXP	Set  image=./stimfiles/faces/cropped_m10n1.png
271.0195	DATA	Keypress: 5
271.3135	DATA	Keypress: 1
272.6273	DATA	Keypress: 5
272.6506	EXP	Set  image=./stimfiles/faces/cropped_m-095-01.png
273.2697	DATA	Keypress: 1
273.3395	DATA	Keypress: 5
274.6275	DATA	Keypress: 5
274.6515	EXP	Set  image=./stimfiles/faces/cropped_836.png
275.3055	DATA	Keypress: 1
276.6273	DATA	Keypress: 5
276.6356	EXP	Set  image=./stimfiles/faces/cropped_m-095-01.png
276.8197	DATA	Keypress: 5
277.4297	DATA	Keypress: 4
278.6276	DATA	Keypress: 5
278.6365	EXP	Set  image=./stimfiles/faces/cropped_f4028.png
279.1397	DATA	Keypress: 5
279.2677	DATA	Keypress: 1
280.6275	DATA	Keypress: 5
280.6373	EXP	Set  image=./stimfiles/faces/cropped_f-040-01.png
281.2638	DATA	Keypress: 1
281.4597	DATA	Keypress: 5
282.6259	DATA	Keypress: 5
282.6380	EXP	Started presenting instructions
283.6551	EXP	Set instructions text=
284.6276	DATA	Keypress: 5
284.6389	EXP	Set  image=./stimfiles/chinese_characters/25844.jpg
284.9399	DATA	Keypress: 5
285.2058	DATA	Keypress: 1
286.6277	DATA	Keypress: 5
286.6397	EXP	Set  image=./stimfiles/chinese_characters/29899.jpg
287.1719	DATA	Keypress: 1
287.2600	DATA	Keypress: 5
288.6278	DATA	Keypress: 5
288.6406	EXP	Set  image=./stimfiles/chinese_characters/29899.jpg
289.2400	DATA	Keypress: 4
289.5780	DATA	Keypress: 5
290.6413	EXP	Set  image=./stimfiles/chinese_characters/24783.jpg
290.7401	DATA	Keypress: 5
291.1700	DATA	Keypress: 1
292.6277	DATA	Keypress: 5
292.6422	EXP	Set  image=./stimfiles/chinese_characters/24783.jpg
293.0612	DATA	Keypress: 5
293.1571	DATA	Keypress: 4
294.6277	DATA	Keypress: 5
294.6430	EXP	Set  image=./stimfiles/chinese_characters/24704.jpg
295.1612	DATA	Keypress: 1
295.3801	DATA	Keypress: 5
296.6277	DATA	Keypress: 5
296.6438	EXP	Set  image=./stimfiles/chinese_characters/24704.jpg
297.2782	DATA	Keypress: 4
298.6277	DATA	Keypress: 5
298.6446	EXP	Set  image=./stimfiles/chinese_characters/24783.jpg
298.8603	DATA	Keypress: 5
299.2603	DATA	Keypress: 1
300.6277	DATA	Keypress: 5
300.6455	EXP	Set  image=./stimfiles/chinese_characters/26361.jpg
301.1802	DATA	Keypress: 5
301.2443	DATA	Keypress: 1
302.6277	DATA	Keypress: 5
302.6463	EXP	Set  image=./stimfiles/chinese_characters/24783.jpg
303.1845	DATA	Keypress: 1
303.5003	DATA	Keypress: 5
304.6472	EXP	Started presenting instructions
305.4480	DATA	Keypress: 5
305.6641	EXP	Set instructions text=
306.6277	DATA	Keypress: 5
306.6480	EXP	Set  image=./stimfiles/scenes/1160.jpg
306.9805	DATA	Keypress: 5
307.3207	DATA	Keypress: 1
308.6279	DATA	Keypress: 5
308.6321	EXP	Set  image=./stimfiles/scenes/1584.jpg
309.1706	DATA	Keypress: 1
309.3006	DATA	Keypress: 5
310.6279	DATA	Keypress: 5
310.6329	EXP	Set  image=./stimfiles/scenes/71.jpg
311.2216	DATA	Keypress: 4
311.6197	DATA	Keypress: 5
312.6337	EXP	Set  image=./stimfiles/scenes/1073.jpg
312.7808	DATA	Keypress: 5
313.1966	DATA	Keypress: 1
314.6278	DATA	Keypress: 5
314.6345	EXP	Set  image=./stimfiles/scenes/87.jpg
315.1007	DATA	Keypress: 5
315.3128	DATA	Keypress: 1
316.6277	DATA	Keypress: 5
316.6353	EXP	Set  image=./stimfiles/scenes/1073.jpg
317.4207	DATA	Keypress: 5
318.6279	DATA	Keypress: 1
318.6286	DATA	Keypress: 5
318.6362	EXP	Set  image=./stimfiles/scenes/1188.jpg
319.3728	DATA	Keypress: 1
320.6279	DATA	Keypress: 5
320.6370	EXP	Set  image=./stimfiles/scenes/1073.jpg
320.9009	DATA	Keypress: 5
321.1329	DATA	Keypress: 4
322.6279	DATA	Keypress: 5
322.6378	EXP	Set  image=./stimfiles/scenes/1453.jpg
323.2209	DATA	Keypress: 5
323.3609	DATA	Keypress: 1
324.6279	DATA	Keypress: 5
324.6387	EXP	Set  image=./stimfiles/scenes/1188.jpg
325.2431	DATA	Keypress: 1
325.5410	DATA	Keypress: 5
326.6561	EXP	Started presenting instructions
327.4568	DATA	Keypress: 5
327.6732	EXP	Set instructions text=
328.6280	DATA	Keypress: 5
328.6404	EXP	Set  image=./stimfiles/scenes/343.jpg
329.0214	DATA	Keypress: 5
329.0652	DATA	Keypress: 1
330.6280	DATA	Keypress: 5
330.6412	EXP	Set  image=./stimfiles/scenes/20.jpg
331.1652	DATA	Keypress: 1
331.3412	DATA	Keypress: 5
332.6280	DATA	Keypress: 5
332.6420	EXP	Set  image=./stimfiles/scenes/1669.jpg
333.1072	DATA	Keypress: 1
334.6279	DATA	Keypress: 5
334.6428	EXP	Set  image=./stimfiles/scenes/235.jpg
334.8203	DATA	Keypress: 5
335.2513	DATA	Keypress: 1
336.6281	DATA	Keypress: 5
336.6436	EXP	Set  image=./stimfiles/scenes/235.jpg
337.1414	DATA	Keypress: 5
337.3535	DATA	Keypress: 4
338.6278	DATA	Keypress: 5
338.6444	EXP	Set  image=./stimfiles/scenes/1669.jpg
339.2054	DATA	Keypress: 1
339.4614	DATA	Keypress: 5
340.6281	DATA	Keypress: 5
340.6453	EXP	Set  image=./stimfiles/scenes/1772.jpg
341.1435	DATA	Keypress: 1
342.6280	DATA	Keypress: 5
342.6460	EXP	Set  image=./stimfiles/scenes/1669.jpg
342.9416	DATA	Keypress: 5
343.0995	DATA	Keypress: 1
344.6281	DATA	Keypress: 5
344.6469	EXP	Set  image=./stimfiles/scenes/1669.jpg
345.2615	DATA	Keypress: 5
345.3816	DATA	Keypress: 1
345.5176	DATA	Keypress: 4
346.6280	DATA	Keypress: 5
346.6477	EXP	Set  image=./stimfiles/scenes/1669.jpg
347.3676	DATA	Keypress: 4
347.5816	DATA	Keypress: 5
348.6485	EXP	Started presenting instructions
349.4493	DATA	Keypress: 5
349.6656	EXP	Set instructions text=
350.6281	DATA	Keypress: 5
350.6493	EXP	Set  image=./stimfiles/faces/cropped_f-014-01.png
351.0617	DATA	Keypress: 5
351.4837	DATA	Keypress: 1
352.6281	DATA	Keypress: 5
352.6502	EXP	Set  image=./stimfiles/faces/cropped_lynn1.png
353.2707	DATA	Keypress: 1
353.3808	DATA	Keypress: 5
354.6282	DATA	Keypress: 5
354.6510	EXP	Set  image=./stimfiles/faces/cropped_846.png
355.2059	DATA	Keypress: 1
356.6282	DATA	Keypress: 5
356.6519	EXP	Set  image=./stimfiles/faces/cropped_846.png
356.8619	DATA	Keypress: 5
357.1819	DATA	Keypress: 4
358.6283	DATA	Keypress: 5
358.6359	EXP	Set  image=./stimfiles/faces/cropped_36.png
359.1800	DATA	Keypress: 5
359.3080	DATA	Keypress: 1
360.6282	DATA	Keypress: 5
360.6368	EXP	Set  image=./stimfiles/faces/cropped_846.png
361.3081	DATA	Keypress: 4
361.4999	DATA	Keypress: 5
362.6376	EXP	Set  image=./stimfiles/faces/cropped_marie1.png
362.6601	DATA	Keypress: 5
363.2841	DATA	Keypress: 1
364.6282	DATA	Keypress: 5
364.6385	EXP	Set  image=./stimfiles/faces/cropped_885.png
364.9801	DATA	Keypress: 5
365.1640	DATA	Keypress: 1
366.6282	DATA	Keypress: 5
366.6393	EXP	Set  image=./stimfiles/faces/cropped_f9n2b.png
367.3004	DATA	Keypress: 5
367.4202	DATA	Keypress: 1
368.6282	DATA	Keypress: 5
368.6401	EXP	Set  image=./stimfiles/faces/cropped_885.png
369.1542	DATA	Keypress: 1
369.6202	DATA	Keypress: 5
390.6262	DATA	Keypress: 5
390.6266	DATA	Keypress: 5
390.6271	DATA	Keypress: 5
390.6277	DATA	Keypress: 5
390.6282	DATA	Keypress: 5
390.6287	DATA	Keypress: 5
390.6292	DATA	Keypress: 5
390.6297	DATA	Keypress: 5
390.6301	DATA	Keypress: 5
390.6305	DATA	Keypress: 5
390.6308	DATA	Keypress: 5
390.6311	DATA	Keypress: 5
390.6315	DATA	Keypress: 5
390.6318	DATA	Keypress: 5
390.6323	DATA	Keypress: 5
390.6327	DATA	Keypress: 5
390.6330	DATA	Keypress: 5
390.6334	DATA	Keypress: 5
390.6491	EXP	Started presenting instructions
391.6662	EXP	Set instructions text=
392.6284	DATA	Keypress: 5
392.6500	EXP	Set  image=./stimfiles/chinese_characters/35335.jpg
392.8222	DATA	Keypress: 5
393.1380	DATA	Keypress: 1
394.6284	DATA	Keypress: 5
394.6508	EXP	Set  image=./stimfiles/chinese_characters/35335.jpg
395.1420	DATA	Keypress: 5
395.3740	DATA	Keypress: 4
396.6283	DATA	Keypress: 5
396.6515	EXP	Set  image=./stimfiles/chinese_characters/24969.jpg
397.3381	DATA	Keypress: 1
397.4621	DATA	Keypress: 5
398.6284	DATA	Keypress: 5
398.6524	EXP	Set  image=./stimfiles/chinese_characters/35335.jpg
400.6284	DATA	Keypress: 4
400.6290	DATA	Keypress: 5
400.6366	EXP	Set  image=./stimfiles/chinese_characters/24969.jpg
400.9412	DATA	Keypress: 5
401.5012	DATA	Keypress: 4
402.6284	DATA	Keypress: 5
402.6374	EXP	Set  image=./stimfiles/chinese_characters/35335.jpg
403.2612	DATA	Keypress: 5
403.3892	DATA	Keypress: 1
404.6284	DATA	Keypress: 5
404.6382	EXP	Set  image=./stimfiles/chinese_characters/25497.jpg
405.4253	DATA	Keypress: 1
405.5813	DATA	Keypress: 5
406.6391	EXP	Set  image=./stimfiles/chinese_characters/32081.jpg
406.7414	DATA	Keypress: 5
407.2553	DATA	Keypress: 1
408.6284	DATA	Keypress: 5
408.6399	EXP	Set  image=./stimfiles/chinese_characters/24819.jpg
409.0615	DATA	Keypress: 5
409.4934	DATA	Keypress: 1
410.6283	DATA	Keypress: 5
410.6407	EXP	Set  image=./stimfiles/chinese_characters/25497.jpg
411.3617	DATA	Keypress: 4
411.3815	DATA	Keypress: 5
412.6259	DATA	Keypress: 5
412.6415	EXP	Started presenting instructions
413.6586	EXP	Set instructions text=
414.6286	DATA	Keypress: 5
414.6423	EXP	Set  image=./stimfiles/faces/cropped_28a.png
414.8616	DATA	Keypress: 5
415.1354	DATA	Keypress: 1
416.6284	DATA	Keypress: 5
416.6432	EXP	Set  image=./stimfiles/faces/cropped_130.png
417.1816	DATA	Keypress: 5
417.4036	DATA	Keypress: 1
418.6285	DATA	Keypress: 5
418.6440	EXP	Set  image=./stimfiles/faces/cropped_130.png
419.3667	DATA	Keypress: 1
419.5007	DATA	Keypress: 5
420.6448	EXP	Set  image=./stimfiles/faces/cropped_527.png
420.6609	DATA	Keypress: 5
421.4048	DATA	Keypress: 1
422.6286	DATA	Keypress: 5
422.6457	EXP	Set  image=./stimfiles/faces/cropped_184.png
422.9818	DATA	Keypress: 5
423.3259	DATA	Keypress: 4
424.6285	DATA	Keypress: 5
424.6464	EXP	Set  image=./stimfiles/faces/cropped_527.png
425.3019	DATA	Keypress: 5
425.5978	DATA	Keypress: 4
426.6286	DATA	Keypress: 5
426.6472	EXP	Set  image=./stimfiles/faces/cropped_184.png
427.5681	DATA	Keypress: 4
427.6219	DATA	Keypress: 5
428.6481	EXP	Set  image=./stimfiles/faces/cropped_527.png
428.7821	DATA	Keypress: 5
430.6286	DATA	Keypress: 4
430.6292	DATA	Keypress: 5
430.6489	EXP	Set  image=./stimfiles/faces/cropped_527.png
431.1011	DATA	Keypress: 5
431.5428	DATA	Keypress: 1
432.6286	DATA	Keypress: 5
432.6498	EXP	Set  image=./stimfiles/faces/cropped_m-070-01.png
433.2311	DATA	Keypress: 1
433.4212	DATA	Keypress: 5
434.6259	DATA	Keypress: 5
434.6505	EXP	Started presenting instructions
435.6676	EXP	Set instructions text=
436.6288	DATA	Keypress: 5
436.6514	EXP	Set  image=./stimfiles/chinese_characters/31434.jpg
436.9014	DATA	Keypress: 5
437.2712	DATA	Keypress: 1
438.6287	DATA	Keypress: 5
438.6522	EXP	Set  image=./stimfiles/chinese_characters/32019.jpg
439.1942	DATA	Keypress: 1
439.2223	DATA	Keypress: 5
440.6287	DATA	Keypress: 5
440.6531	EXP	Set  image=./stimfiles/chinese_characters/26017.jpg
441.3123	DATA	Keypress: 1
441.5422	DATA	Keypress: 5
442.6372	EXP	Set  image=./stimfiles/chinese_characters/32019.jpg
442.7024	DATA	Keypress: 5
443.2043	DATA	Keypress: 1
444.6287	DATA	Keypress: 5
444.6380	EXP	Set  image=./stimfiles/chinese_characters/32019.jpg
445.0223	DATA	Keypress: 5
445.2304	DATA	Keypress: 4
446.6288	DATA	Keypress: 5
446.6388	EXP	Set  image=./stimfiles/chinese_characters/35611.jpg
447.3424	DATA	Keypress: 5
447.5044	DATA	Keypress: 1
448.6287	DATA	Keypress: 5
448.6397	EXP	Set  image=./stimfiles/chinese_characters/35611.jpg
449.3116	DATA	Keypress: 4
450.6287	DATA	Keypress: 5
450.6405	EXP	Set  image=./stimfiles/chinese_characters/32019.jpg
450.8216	DATA	Keypress: 5
451.1836	DATA	Keypress: 1
452.6287	DATA	Keypress: 5
452.6413	EXP	Set  image=./stimfiles/chinese_characters/24659.jpg
453.1416	DATA	Keypress: 5
453.5277	DATA	Keypress: 1
454.6287	DATA	Keypress: 5
454.6421	EXP	Set  image=./stimfiles/chinese_characters/25490.jpg
455.2708	DATA	Keypress: 1
455.4627	DATA	Keypress: 5
456.6259	DATA	Keypress: 5
456.6429	EXP	Started presenting instructions
457.6600	EXP	Set instructions text=
458.6289	DATA	Keypress: 5
458.6437	EXP	Set  image=./stimfiles/scenes/1675.jpg
458.9428	DATA	Keypress: 5
459.1367	DATA	Keypress: 1
460.6287	DATA	Keypress: 5
460.6446	EXP	Set  image=./stimfiles/scenes/1641.jpg
461.2610	DATA	Keypress: 5
461.3209	DATA	Keypress: 1
462.6289	DATA	Keypress: 5
462.6454	EXP	Set  image=./stimfiles/scenes/813.jpg
463.3010	DATA	Keypress: 1
463.5809	DATA	Keypress: 5
464.6462	EXP	Set  image=./stimfiles/scenes/1675.jpg
464.7411	DATA	Keypress: 5
466.6289	DATA	Keypress: 1
466.6295	DATA	Keypress: 5
466.6470	EXP	Set  image=./stimfiles/scenes/1549.jpg
467.0611	DATA	Keypress: 5
467.2851	DATA	Keypress: 1
468.6289	DATA	Keypress: 5
468.6478	EXP	Set  image=./stimfiles/scenes/1675.jpg
469.1400	DATA	Keypress: 4
469.3821	DATA	Keypress: 5
470.6288	DATA	Keypress: 5
470.6320	EXP	Set  image=./stimfiles/scenes/1675.jpg
471.4942	DATA	Keypress: 1
472.6289	DATA	Keypress: 5
472.6329	EXP	Set  image=./stimfiles/scenes/1675.jpg
472.8615	DATA	Keypress: 5
473.2072	DATA	Keypress: 4
474.6287	DATA	Keypress: 5
474.6337	EXP	Set  image=./stimfiles/scenes/453.jpg
475.1823	DATA	Keypress: 5
475.4333	DATA	Keypress: 1
476.6290	DATA	Keypress: 5
476.6345	EXP	Set  image=./stimfiles/scenes/1675.jpg
477.2213	DATA	Keypress: 4
477.5013	DATA	Keypress: 5
478.6520	EXP	Started presenting instructions
479.4528	DATA	Keypress: 5
479.6690	EXP	Set instructions text=
480.6291	DATA	Keypress: 5
480.6362	EXP	Set  image=./stimfiles/scenes/1025.jpg
480.9815	DATA	Keypress: 5
481.2575	DATA	Keypress: 1
482.6291	DATA	Keypress: 5
482.6369	EXP	Set  image=./stimfiles/scenes/1025.jpg
483.1856	DATA	Keypress: 4
483.3016	DATA	Keypress: 5
484.6291	DATA	Keypress: 5
484.6378	EXP	Set  image=./stimfiles/scenes/215.jpg
485.1236	DATA	Keypress: 1
485.6216	DATA	Keypress: 5
486.6386	EXP	Set  image=./stimfiles/scenes/1025.jpg
486.7817	DATA	Keypress: 5
487.2476	DATA	Keypress: 1
488.6291	DATA	Keypress: 5
488.6394	EXP	Set  image=./stimfiles/scenes/1412.jpg
489.1017	DATA	Keypress: 5
489.2497	DATA	Keypress: 1
490.6291	DATA	Keypress: 5
490.6403	EXP	Set  image=./stimfiles/scenes/1412.jpg
491.3558	DATA	Keypress: 4
491.4218	DATA	Keypress: 5
492.6289	DATA	Keypress: 5
492.6411	EXP	Set  image=./stimfiles/scenes/1128.jpg
493.1869	DATA	Keypress: 1
494.6291	DATA	Keypress: 5
494.6419	EXP	Set  image=./stimfiles/scenes/1509.jpg
494.9019	DATA	Keypress: 5
495.2218	DATA	Keypress: 1
496.6291	DATA	Keypress: 5
496.6427	EXP	Set  image=./stimfiles/scenes/1509.jpg
497.2230	DATA	Keypress: 5
497.3870	DATA	Keypress: 4
498.6291	DATA	Keypress: 5
498.6435	EXP	Set  image=./stimfiles/scenes/4.jpg
499.2900	DATA	Keypress: 1
499.5420	DATA	Keypress: 5
500.6443	EXP	Started presenting instructions
501.4452	DATA	Keypress: 5
501.6614	EXP	Set instructions text=
502.6293	DATA	Keypress: 5
502.6452	EXP	Set  image=./stimfiles/faces/cropped_211.png
503.0221	DATA	Keypress: 5
503.2002	DATA	Keypress: 1
504.6293	DATA	Keypress: 5
504.6460	EXP	Set  image=./stimfiles/faces/cropped_1007.png
505.2720	DATA	Keypress: 1
505.3422	DATA	Keypress: 5
506.6293	DATA	Keypress: 5
506.6468	EXP	Set  image=./stimfiles/faces/cropped_774.png
507.2923	DATA	Keypress: 1
508.6292	DATA	Keypress: 5
508.6476	EXP	Set  image=./stimfiles/faces/cropped_211.png
508.8224	DATA	Keypress: 5
509.1642	DATA	Keypress: 1
510.6290	DATA	Keypress: 5
510.6484	EXP	Set  image=./stimfiles/faces/cropped_211.png
511.1414	DATA	Keypress: 5
511.2493	DATA	Keypress: 4
512.6291	DATA	Keypress: 5
512.6493	EXP	Set  image=./stimfiles/faces/cropped_774.png
513.4454	DATA	Keypress: 1
513.4614	DATA	Keypress: 5
514.6293	DATA	Keypress: 5
514.6501	EXP	Set  image=./stimfiles/faces/cropped_204.png
515.4865	DATA	Keypress: 1
516.6292	DATA	Keypress: 5
516.6509	EXP	Set  image=./stimfiles/faces/cropped_204.png
516.9415	DATA	Keypress: 5
517.2236	DATA	Keypress: 4
518.6294	DATA	Keypress: 5
518.6517	EXP	Set  image=./stimfiles/faces/cropped_f-016-01.png
519.2616	DATA	Keypress: 5
519.2915	DATA	Keypress: 1
520.6292	DATA	Keypress: 5
520.6526	EXP	Set  image=./stimfiles/faces/cropped_711.png
521.3286	DATA	Keypress: 1
521.5826	DATA	Keypress: 5
