1.2800	INFO	Loaded calibration from:2012_09_26 16:15
1.2800	INFO	['2012_09_26 16:15']
1.2808	INFO	configured pyglet screen 0
1.2809	WARNING	User requested fullscreen with size [800 600], but screen is actually [1024, 768]. Using actual size
1.4624	INFO	Using gamma table of operating system
1.4778	EXP	Set Window color=[ 0.  0.  0.] (rgb)
1.9614	EXP	Started presenting 
56.1153	DATA	Keypress: 5
56.1162	DATA	Key pressed: 5
56.1336	EXP	Set  text=
56.1503	EXP	Started presenting instructions
57.1674	EXP	Set instructions text=
58.1357	DATA	Keypress: 5
58.1512	EXP	Set  image=./stimfiles/faces/34.png
58.4087	DATA	Keypress: 5
58.6347	DATA	Keypress: 1
60.1357	DATA	Keypress: 5
60.1520	EXP	Set  image=./stimfiles/faces/34.png
60.7287	DATA	Keypress: 5
61.3465	DATA	Keypress: 1
62.1355	DATA	Keypress: 5
62.1528	EXP	Set  image=./stimfiles/faces/751.png
62.9187	DATA	Keypress: 1
64.1357	DATA	Keypress: 5
64.1536	EXP	Set  image=./stimfiles/faces/252.png
64.2086	DATA	Keypress: 5
64.9108	DATA	Keypress: 1
66.1357	DATA	Keypress: 5
66.1544	EXP	Set  image=./stimfiles/faces/778.png
66.5288	DATA	Keypress: 5
66.9508	DATA	Keypress: 1
68.1357	DATA	Keypress: 5
68.1553	EXP	Set  image=./stimfiles/faces/751.png
68.8489	DATA	Keypress: 5
68.8899	DATA	Keypress: 4
70.1357	DATA	Keypress: 5
70.1561	EXP	Set  image=./stimfiles/faces/778.png
70.8731	DATA	Keypress: 4
72.1357	DATA	Keypress: 5
72.1569	EXP	Set  image=./stimfiles/faces/324.png
72.3291	DATA	Keypress: 5
72.9500	DATA	Keypress: 1
74.1357	DATA	Keypress: 5
74.1577	EXP	Set  image=./stimfiles/faces/82.png
74.6491	DATA	Keypress: 5
74.8740	DATA	Keypress: 1
76.1357	DATA	Keypress: 5
76.1586	EXP	Set  image=./stimfiles/faces/423.png
76.9460	DATA	Keypress: 1
78.1352	DATA	Keypress: 5
78.1357	DATA	Keypress: 5
78.1594	EXP	Started presenting instructions
79.1765	EXP	Set instructions text=
80.1359	DATA	Keypress: 5
80.1435	EXP	Set  image=./stimfiles/scenes/1538.jpg
80.4492	DATA	Keypress: 5
81.2142	DATA	Keypress: 1
82.1362	DATA	Keypress: 5
82.1443	EXP	Set  image=./stimfiles/scenes/464.jpg
82.7693	DATA	Keypress: 5
82.8053	DATA	Keypress: 1
84.1362	DATA	Keypress: 5
84.1452	EXP	Set  image=./stimfiles/scenes/3114.jpg
84.5924	DATA	Keypress: 1
86.1359	DATA	Keypress: 5
86.1459	EXP	Set  image=./stimfiles/scenes/344.jpg
86.2483	DATA	Keypress: 5
86.7024	DATA	Keypress: 1
88.1359	DATA	Keypress: 5
88.1468	EXP	Set  image=./stimfiles/scenes/910.jpg
88.5684	DATA	Keypress: 5
88.7074	DATA	Keypress: 1
90.1363	DATA	Keypress: 5
90.1476	EXP	Set  image=./stimfiles/scenes/910.jpg
90.5965	DATA	Keypress: 4
92.1357	DATA	Keypress: 5
92.1361	DATA	Keypress: 5
92.1485	EXP	Set  image=./stimfiles/scenes/910.jpg
92.5996	DATA	Keypress: 4
94.1359	DATA	Keypress: 5
94.1493	EXP	Set  image=./stimfiles/scenes/910.jpg
94.3687	DATA	Keypress: 5
94.7706	DATA	Keypress: 4
96.1362	DATA	Keypress: 5
96.1501	EXP	Set  image=./stimfiles/scenes/1216.jpg
96.6887	DATA	Keypress: 5
96.8397	DATA	Keypress: 1
98.1358	DATA	Keypress: 5
98.1509	EXP	Set  image=./stimfiles/scenes/463.jpg
98.7247	DATA	Keypress: 1
100.1351	DATA	Keypress: 5
100.1518	EXP	Started presenting instructions
100.9523	DATA	Keypress: 5
101.1688	EXP	Set instructions text=
102.1361	DATA	Keypress: 5
102.1526	EXP	Set  image=./stimfiles/chinese_characters/20745.jpg
102.4888	DATA	Keypress: 5
102.9769	DATA	Keypress: 1
104.1360	DATA	Keypress: 5
104.1534	EXP	Set  image=./stimfiles/chinese_characters/32006.jpg
104.6951	DATA	Keypress: 4
106.1359	DATA	Keypress: 5
106.1363	DATA	Keypress: 5
106.1542	EXP	Set  image=./stimfiles/chinese_characters/35460.jpg
106.7451	DATA	Keypress: 1
108.1361	DATA	Keypress: 5
108.1551	EXP	Set  image=./stimfiles/chinese_characters/25233.jpg
108.2891	DATA	Keypress: 5
108.7470	DATA	Keypress: 1
110.1360	DATA	Keypress: 5
110.1559	EXP	Set  image=./stimfiles/chinese_characters/33280.jpg
110.6090	DATA	Keypress: 5
110.6680	DATA	Keypress: 1
112.1361	DATA	Keypress: 5
112.1567	EXP	Set  image=./stimfiles/chinese_characters/30309.jpg
112.7271	DATA	Keypress: 1
114.1360	DATA	Keypress: 5
114.1366	DATA	Keypress: 5
114.1575	EXP	Set  image=./stimfiles/chinese_characters/25572.jpg
114.6813	DATA	Keypress: 1
116.1360	DATA	Keypress: 5
116.1583	EXP	Set  image=./stimfiles/chinese_characters/25572.jpg
116.4092	DATA	Keypress: 5
116.5562	DATA	Keypress: 4
118.1360	DATA	Keypress: 5
118.1591	EXP	Set  image=./stimfiles/chinese_characters/25572.jpg
118.6383	DATA	Keypress: 4
120.1360	DATA	Keypress: 5
120.1366	DATA	Keypress: 5
120.1600	EXP	Set  image=./stimfiles/chinese_characters/25572.jpg
120.6083	DATA	Keypress: 4
122.1353	DATA	Keypress: 5
122.1441	EXP	Started presenting instructions
122.9449	DATA	Keypress: 5
123.1612	EXP	Set instructions text=
124.1362	DATA	Keypress: 5
124.1449	EXP	Set  image=./stimfiles/faces/375.png
124.5284	DATA	Keypress: 5
125.0596	DATA	Keypress: 1
126.1362	DATA	Keypress: 5
126.1458	EXP	Set  image=./stimfiles/faces/375.png
126.8483	DATA	Keypress: 5
126.9066	DATA	Keypress: 4
128.1361	DATA	Keypress: 5
128.1466	EXP	Set  image=./stimfiles/faces/75.png
128.8197	DATA	Keypress: 1
130.1360	DATA	Keypress: 5
130.1474	EXP	Set  image=./stimfiles/faces/75.png
130.3288	DATA	Keypress: 5
130.8167	DATA	Keypress: 4
132.1362	DATA	Keypress: 5
132.1482	EXP	Set  image=./stimfiles/faces/400.png
132.6488	DATA	Keypress: 5
132.7057	DATA	Keypress: 1
134.1360	DATA	Keypress: 5
134.1490	EXP	Set  image=./stimfiles/faces/364.png
134.7598	DATA	Keypress: 1
136.1362	DATA	Keypress: 5
136.1368	DATA	Keypress: 5
136.1498	EXP	Set  image=./stimfiles/faces/303.png
136.8619	DATA	Keypress: 4
138.1362	DATA	Keypress: 5
138.1507	EXP	Set  image=./stimfiles/faces/357.png
138.4488	DATA	Keypress: 5
138.7957	DATA	Keypress: 1
140.1362	DATA	Keypress: 5
140.1515	EXP	Set  image=./stimfiles/faces/303.png
140.7688	DATA	Keypress: 5
140.8699	DATA	Keypress: 1
142.1362	DATA	Keypress: 5
142.1524	EXP	Set  image=./stimfiles/faces/368.png
142.8541	DATA	Keypress: 4
144.1352	DATA	Keypress: 5
144.1532	EXP	Started presenting instructions
144.9538	DATA	Keypress: 5
145.1702	EXP	Set instructions text=
146.1364	DATA	Keypress: 5
146.1540	EXP	Set  image=./stimfiles/chinese_characters/26146.jpg
146.5692	DATA	Keypress: 5
146.9711	DATA	Keypress: 1
148.1364	DATA	Keypress: 5
148.1548	EXP	Set  image=./stimfiles/chinese_characters/37297.jpg
148.8893	DATA	Keypress: 5
148.9893	DATA	Keypress: 1
150.1363	DATA	Keypress: 5
150.1556	EXP	Set  image=./stimfiles/chinese_characters/25481.jpg
150.9943	DATA	Keypress: 1
152.1364	DATA	Keypress: 5
152.1565	EXP	Set  image=./stimfiles/chinese_characters/26146.jpg
152.3693	DATA	Keypress: 5
153.3374	DATA	Keypress: 1
154.1364	DATA	Keypress: 5
154.1573	EXP	Set  image=./stimfiles/chinese_characters/25481.jpg
154.6883	DATA	Keypress: 5
154.7734	DATA	Keypress: 4
156.1364	DATA	Keypress: 5
156.1581	EXP	Set  image=./stimfiles/chinese_characters/24797.jpg
156.9375	DATA	Keypress: 1
158.1364	DATA	Keypress: 5
158.1589	EXP	Set  image=./stimfiles/chinese_characters/33301.jpg
158.1685	DATA	Keypress: 5
159.0395	DATA	Keypress: 1
160.1364	DATA	Keypress: 5
160.1597	EXP	Set  image=./stimfiles/chinese_characters/35469.jpg
160.4886	DATA	Keypress: 5
160.8375	DATA	Keypress: 1
162.1364	DATA	Keypress: 5
162.1438	EXP	Set  image=./stimfiles/chinese_characters/25630.jpg
162.8087	DATA	Keypress: 5
162.8787	DATA	Keypress: 4
164.1364	DATA	Keypress: 5
164.1447	EXP	Set  image=./stimfiles/chinese_characters/35469.jpg
164.8696	DATA	Keypress: 1
166.1353	DATA	Keypress: 5
166.1455	EXP	Started presenting instructions
166.9463	DATA	Keypress: 5
167.1626	EXP	Set instructions text=
168.1366	DATA	Keypress: 5
168.1463	EXP	Set  image=./stimfiles/scenes/1345.jpg
168.6088	DATA	Keypress: 5
168.8328	DATA	Keypress: 1
170.1365	DATA	Keypress: 5
170.1472	EXP	Set  image=./stimfiles/scenes/290.jpg
170.9289	DATA	Keypress: 5
170.9329	DATA	Keypress: 1
172.1365	DATA	Keypress: 5
172.1480	EXP	Set  image=./stimfiles/scenes/290.jpg
172.9958	DATA	Keypress: 1
174.1366	DATA	Keypress: 5
174.1488	EXP	Set  image=./stimfiles/scenes/1224.jpg
174.4090	DATA	Keypress: 5
175.0070	DATA	Keypress: 1
176.1364	DATA	Keypress: 5
176.1497	EXP	Set  image=./stimfiles/scenes/1224.jpg
176.7291	DATA	Keypress: 5
176.9581	DATA	Keypress: 1
178.1366	DATA	Keypress: 5
178.1505	EXP	Set  image=./stimfiles/scenes/1224.jpg
178.8522	DATA	Keypress: 4
180.1365	DATA	Keypress: 5
180.1513	EXP	Set  image=./stimfiles/scenes/984.jpg
180.2091	DATA	Keypress: 5
180.9131	DATA	Keypress: 1
182.1366	DATA	Keypress: 5
182.1521	EXP	Set  image=./stimfiles/scenes/1865.jpg
182.5292	DATA	Keypress: 5
182.8392	DATA	Keypress: 1
184.1365	DATA	Keypress: 5
184.1530	EXP	Set  image=./stimfiles/scenes/1716.jpg
184.7552	DATA	Keypress: 1
186.1365	DATA	Keypress: 5
186.1372	DATA	Keypress: 5
186.1538	EXP	Set  image=./stimfiles/scenes/1865.jpg
187.1692	DATA	Keypress: 5
187.1973	DATA	Keypress: 1
208.1358	DATA	Keypress: 5
208.1363	DATA	Keypress: 5
208.1367	DATA	Keypress: 5
208.1371	DATA	Keypress: 5
208.1374	DATA	Keypress: 5
208.1378	DATA	Keypress: 5
208.1381	DATA	Keypress: 5
208.1384	DATA	Keypress: 5
208.1388	DATA	Keypress: 5
208.1391	DATA	Keypress: 5
208.1395	DATA	Keypress: 5
208.1398	DATA	Keypress: 5
208.1401	DATA	Keypress: 5
208.1405	DATA	Keypress: 5
208.1408	DATA	Keypress: 5
208.1411	DATA	Keypress: 5
208.1415	DATA	Keypress: 5
208.1418	DATA	Keypress: 5
208.1628	EXP	Started presenting instructions
209.1799	EXP	Set instructions text=
210.1367	DATA	Keypress: 5
210.1637	EXP	Set  image=./stimfiles/faces/399.png
210.3691	DATA	Keypress: 5
210.9071	DATA	Keypress: 1
212.1368	DATA	Keypress: 5
212.1477	EXP	Set  image=./stimfiles/faces/409.png
212.6891	DATA	Keypress: 5
212.8451	DATA	Keypress: 1
214.1367	DATA	Keypress: 5
214.1486	EXP	Set  image=./stimfiles/faces/339.png
214.9181	DATA	Keypress: 4
216.1367	DATA	Keypress: 5
216.1494	EXP	Set  image=./stimfiles/faces/409.png
216.1692	DATA	Keypress: 5
217.0753	DATA	Keypress: 4
218.1367	DATA	Keypress: 5
218.1502	EXP	Set  image=./stimfiles/faces/409.png
218.4892	DATA	Keypress: 5
218.9353	DATA	Keypress: 1
220.1367	DATA	Keypress: 5
220.1511	EXP	Set  image=./stimfiles/faces/409.png
220.8093	DATA	Keypress: 5
221.1913	DATA	Keypress: 4
222.1367	DATA	Keypress: 5
222.1519	EXP	Set  image=./stimfiles/faces/77.png
222.9993	DATA	Keypress: 1
224.1368	DATA	Keypress: 5
224.1527	EXP	Set  image=./stimfiles/faces/80.png
224.2884	DATA	Keypress: 5
224.9235	DATA	Keypress: 1
226.1367	DATA	Keypress: 5
226.1535	EXP	Set  image=./stimfiles/faces/77.png
226.6085	DATA	Keypress: 5
226.7874	DATA	Keypress: 4
228.1367	DATA	Keypress: 5
228.1544	EXP	Set  image=./stimfiles/faces/77.png
228.9286	DATA	Keypress: 5
229.1386	DATA	Keypress: 1
230.1353	DATA	Keypress: 5
230.1552	EXP	Started presenting instructions
231.1723	EXP	Set instructions text=
232.1369	DATA	Keypress: 5
232.1560	EXP	Set  image=./stimfiles/faces/391.png
232.4087	DATA	Keypress: 5
233.5687	DATA	Keypress: 5
233.6177	DATA	Keypress: 1
234.1568	EXP	Set  image=./stimfiles/faces/391.png
234.7287	DATA	Keypress: 5
234.8189	DATA	Keypress: 4
236.1369	DATA	Keypress: 5
236.1576	EXP	Set  image=./stimfiles/faces/391.png
236.7928	DATA	Keypress: 1
238.1369	DATA	Keypress: 5
238.1585	EXP	Set  image=./stimfiles/faces/391.png
238.2086	DATA	Keypress: 5
238.8369	DATA	Keypress: 1
240.1369	DATA	Keypress: 5
240.1593	EXP	Set  image=./stimfiles/faces/83.png
240.5289	DATA	Keypress: 5
241.2548	DATA	Keypress: 1
242.1370	DATA	Keypress: 5
242.1601	EXP	Set  image=./stimfiles/faces/83.png
242.8490	DATA	Keypress: 5
243.0060	DATA	Keypress: 4
244.1369	DATA	Keypress: 5
244.1610	EXP	Set  image=./stimfiles/faces/446.png
244.8749	DATA	Keypress: 1
246.1369	DATA	Keypress: 5
246.1451	EXP	Set  image=./stimfiles/faces/381.png
246.3290	DATA	Keypress: 5
247.1381	DATA	Keypress: 1
248.1368	DATA	Keypress: 5
248.1460	EXP	Set  image=./stimfiles/faces/313.png
248.6492	DATA	Keypress: 5
249.0102	DATA	Keypress: 1
250.1369	DATA	Keypress: 5
250.1467	EXP	Set  image=./stimfiles/faces/381.png
250.9692	DATA	Keypress: 5
250.9932	DATA	Keypress: 1
252.1352	DATA	Keypress: 5
252.1475	EXP	Started presenting instructions
253.1646	EXP	Set instructions text=
254.1371	DATA	Keypress: 5
254.1484	EXP	Set  image=./stimfiles/scenes/3071.jpg
254.4493	DATA	Keypress: 5
254.8133	DATA	Keypress: 1
256.1369	DATA	Keypress: 5
256.1492	EXP	Set  image=./stimfiles/scenes/254.jpg
256.7694	DATA	Keypress: 5
256.7914	DATA	Keypress: 1
258.1371	DATA	Keypress: 5
258.1500	EXP	Set  image=./stimfiles/scenes/1277.jpg
258.8324	DATA	Keypress: 1
260.1371	DATA	Keypress: 5
260.1509	EXP	Set  image=./stimfiles/scenes/3071.jpg
260.2485	DATA	Keypress: 5
261.2235	DATA	Keypress: 1
262.1384	DATA	Keypress: 5
262.1516	EXP	Set  image=./stimfiles/scenes/320.jpg
262.5683	DATA	Keypress: 5
262.8965	DATA	Keypress: 1
264.1371	DATA	Keypress: 5
264.1525	EXP	Set  image=./stimfiles/scenes/1533.jpg
264.8886	DATA	Keypress: 5
264.9806	DATA	Keypress: 1
266.1370	DATA	Keypress: 5
266.1533	EXP	Set  image=./stimfiles/scenes/1460.jpg
266.9177	DATA	Keypress: 1
268.1371	DATA	Keypress: 5
268.1542	EXP	Set  image=./stimfiles/scenes/4.jpg
268.3687	DATA	Keypress: 5
268.8917	DATA	Keypress: 1
270.1371	DATA	Keypress: 5
270.1550	EXP	Set  image=./stimfiles/scenes/1460.jpg
270.6537	DATA	Keypress: 4
272.1371	DATA	Keypress: 5
272.1377	DATA	Keypress: 5
272.1558	EXP	Set  image=./stimfiles/scenes/1200.jpg
272.6889	DATA	Keypress: 1
274.1352	DATA	Keypress: 5
274.1566	EXP	Started presenting instructions
274.9573	DATA	Keypress: 5
275.1737	EXP	Set instructions text=
276.1372	DATA	Keypress: 5
276.1408	EXP	Set  image=./stimfiles/scenes/319.jpg
276.4888	DATA	Keypress: 5
277.4040	DATA	Keypress: 1
278.1372	DATA	Keypress: 5
278.1416	EXP	Set  image=./stimfiles/scenes/345.jpg
278.7300	DATA	Keypress: 1
280.1372	DATA	Keypress: 5
280.1379	DATA	Keypress: 5
280.1424	EXP	Set  image=./stimfiles/scenes/345.jpg
280.8041	DATA	Keypress: 1
282.1373	DATA	Keypress: 5
282.1432	EXP	Set  image=./stimfiles/scenes/432.jpg
282.2891	DATA	Keypress: 5
282.6371	DATA	Keypress: 1
284.1372	DATA	Keypress: 5
284.1440	EXP	Set  image=./stimfiles/scenes/345.jpg
284.6091	DATA	Keypress: 5
284.6750	DATA	Keypress: 1
286.1372	DATA	Keypress: 5
286.1449	EXP	Set  image=./stimfiles/scenes/3028.jpg
286.6922	DATA	Keypress: 1
288.1372	DATA	Keypress: 5
288.1378	DATA	Keypress: 5
288.1457	EXP	Set  image=./stimfiles/scenes/1826.jpg
288.6153	DATA	Keypress: 1
290.1373	DATA	Keypress: 5
290.1466	EXP	Set  image=./stimfiles/scenes/3028.jpg
290.4093	DATA	Keypress: 5
290.7824	DATA	Keypress: 1
292.1372	DATA	Keypress: 5
292.1473	EXP	Set  image=./stimfiles/scenes/3028.jpg
292.7294	DATA	Keypress: 5
293.1404	DATA	Keypress: 1
294.1372	DATA	Keypress: 5
294.1482	EXP	Set  image=./stimfiles/scenes/3050.jpg
294.8783	DATA	Keypress: 1
296.1352	DATA	Keypress: 5
296.1490	EXP	Started presenting instructions
296.9498	DATA	Keypress: 5
297.1661	EXP	Set instructions text=
298.1374	DATA	Keypress: 5
298.1498	EXP	Set  image=./stimfiles/chinese_characters/26166.jpg
298.5283	DATA	Keypress: 5
299.0666	DATA	Keypress: 1
300.1374	DATA	Keypress: 5
300.1507	EXP	Set  image=./stimfiles/chinese_characters/35344.jpg
300.8486	DATA	Keypress: 5
301.0386	DATA	Keypress: 1
302.1374	DATA	Keypress: 5
302.1514	EXP	Set  image=./stimfiles/chinese_characters/31359.jpg
302.8367	DATA	Keypress: 1
304.1374	DATA	Keypress: 5
304.1523	EXP	Set  image=./stimfiles/chinese_characters/26296.jpg
304.3286	DATA	Keypress: 5
305.0387	DATA	Keypress: 1
306.1373	DATA	Keypress: 5
306.1531	EXP	Set  image=./stimfiles/chinese_characters/26296.jpg
306.6488	DATA	Keypress: 5
306.7068	DATA	Keypress: 1
308.1374	DATA	Keypress: 5
308.1539	EXP	Set  image=./stimfiles/chinese_characters/24825.jpg
308.9510	DATA	Keypress: 1
310.1374	DATA	Keypress: 5
310.1379	DATA	Keypress: 5
310.1547	EXP	Set  image=./stimfiles/chinese_characters/25774.jpg
311.2079	DATA	Keypress: 1
312.1374	DATA	Keypress: 5
312.1556	EXP	Set  image=./stimfiles/chinese_characters/25494.jpg
312.4490	DATA	Keypress: 5
313.3529	DATA	Keypress: 1
314.1374	DATA	Keypress: 5
314.1564	EXP	Set  image=./stimfiles/chinese_characters/27484.jpg
314.7691	DATA	Keypress: 5
315.0613	DATA	Keypress: 1
316.1373	DATA	Keypress: 5
316.1572	EXP	Set  image=./stimfiles/chinese_characters/26521.jpg
316.9951	DATA	Keypress: 1
318.1352	DATA	Keypress: 5
318.1580	EXP	Started presenting instructions
318.9588	DATA	Keypress: 5
319.1751	EXP	Set instructions text=
320.1376	DATA	Keypress: 5
320.1589	EXP	Set  image=./stimfiles/chinese_characters/29922.jpg
320.5692	DATA	Keypress: 5
321.4712	DATA	Keypress: 1
322.1376	DATA	Keypress: 5
322.1596	EXP	Set  image=./stimfiles/chinese_characters/26178.jpg
322.8782	DATA	Keypress: 1
324.1375	DATA	Keypress: 5
324.1382	DATA	Keypress: 5
324.1605	EXP	Set  image=./stimfiles/chinese_characters/24931.jpg
324.7235	DATA	Keypress: 1
326.1375	DATA	Keypress: 5
326.1613	EXP	Set  image=./stimfiles/chinese_characters/24931.jpg
326.3695	DATA	Keypress: 5
326.7364	DATA	Keypress: 4
328.1375	DATA	Keypress: 5
328.1454	EXP	Set  image=./stimfiles/chinese_characters/26088.jpg
328.6885	DATA	Keypress: 5
328.7934	DATA	Keypress: 1
330.1376	DATA	Keypress: 5
330.1463	EXP	Set  image=./stimfiles/chinese_characters/24923.jpg
330.8854	DATA	Keypress: 1
332.1375	DATA	Keypress: 5
332.1471	EXP	Set  image=./stimfiles/chinese_characters/24601.jpg
332.1686	DATA	Keypress: 5
332.6875	DATA	Keypress: 1
334.1376	DATA	Keypress: 5
334.1479	EXP	Set  image=./stimfiles/chinese_characters/25612.jpg
334.4886	DATA	Keypress: 5
334.6636	DATA	Keypress: 1
336.1375	DATA	Keypress: 5
336.1488	EXP	Set  image=./stimfiles/chinese_characters/25084.jpg
336.8087	DATA	Keypress: 5
336.8107	DATA	Keypress: 1
338.1375	DATA	Keypress: 5
338.1496	EXP	Set  image=./stimfiles/chinese_characters/26194.jpg
338.7147	DATA	Keypress: 1
360.1357	DATA	Keypress: 5
360.1364	DATA	Keypress: 5
360.1370	DATA	Keypress: 5
360.1374	DATA	Keypress: 5
360.1377	DATA	Keypress: 5
360.1381	DATA	Keypress: 5
360.1384	DATA	Keypress: 5
360.1387	DATA	Keypress: 5
360.1391	DATA	Keypress: 5
360.1394	DATA	Keypress: 5
360.1397	DATA	Keypress: 5
360.1401	DATA	Keypress: 5
360.1404	DATA	Keypress: 5
360.1407	DATA	Keypress: 5
360.1411	DATA	Keypress: 5
360.1414	DATA	Keypress: 5
360.1418	DATA	Keypress: 5
360.1421	DATA	Keypress: 5
360.1424	DATA	Keypress: 5
360.1586	EXP	Started presenting instructions
361.1757	EXP	Set instructions text=
362.1377	DATA	Keypress: 5
362.1594	EXP	Set  image=./stimfiles/chinese_characters/35540.jpg
362.3295	DATA	Keypress: 5
362.5693	DATA	Keypress: 1
364.1377	DATA	Keypress: 5
364.1603	EXP	Set  image=./stimfiles/chinese_characters/35540.jpg
364.6486	DATA	Keypress: 5
365.0563	DATA	Keypress: 1
366.1375	DATA	Keypress: 5
366.1611	EXP	Set  image=./stimfiles/chinese_characters/24684.jpg
366.9686	DATA	Keypress: 5
367.3205	DATA	Keypress: 1
368.1377	DATA	Keypress: 5
368.1452	EXP	Set  image=./stimfiles/chinese_characters/24726.jpg
369.2886	DATA	Keypress: 5
369.5316	DATA	Keypress: 1
370.1461	EXP	Set  image=./stimfiles/chinese_characters/37312.jpg
370.4487	DATA	Keypress: 5
371.3117	DATA	Keypress: 1
372.1377	DATA	Keypress: 5
372.1469	EXP	Set  image=./stimfiles/chinese_characters/29741.jpg
372.7688	DATA	Keypress: 5
373.2477	DATA	Keypress: 1
374.1378	DATA	Keypress: 5
374.1477	EXP	Set  image=./stimfiles/chinese_characters/24726.jpg
375.0889	DATA	Keypress: 5
375.4669	DATA	Keypress: 1
376.1485	EXP	Set  image=./stimfiles/chinese_characters/25891.jpg
376.2490	DATA	Keypress: 5
377.3268	DATA	Keypress: 1
378.1378	DATA	Keypress: 5
378.1494	EXP	Set  image=./stimfiles/chinese_characters/25891.jpg
378.5689	DATA	Keypress: 5
379.3109	DATA	Keypress: 1
380.1375	DATA	Keypress: 5
380.1502	EXP	Set  image=./stimfiles/chinese_characters/24727.jpg
380.8889	DATA	Keypress: 5
381.2088	DATA	Keypress: 1
382.1352	DATA	Keypress: 5
382.1510	EXP	Started presenting instructions
383.1681	EXP	Set instructions text=
384.1377	DATA	Keypress: 5
384.1519	EXP	Set  image=./stimfiles/scenes/1571.jpg
384.3690	DATA	Keypress: 5
384.9201	DATA	Keypress: 1
386.1379	DATA	Keypress: 5
386.1527	EXP	Set  image=./stimfiles/scenes/1058.jpg
386.6891	DATA	Keypress: 5
387.0029	DATA	Keypress: 1
388.1379	DATA	Keypress: 5
388.1534	EXP	Set  image=./stimfiles/scenes/470.jpg
388.8563	DATA	Keypress: 1
390.1378	DATA	Keypress: 5
390.1542	EXP	Set  image=./stimfiles/scenes/1058.jpg
390.1690	DATA	Keypress: 5
391.2042	DATA	Keypress: 4
392.1379	DATA	Keypress: 5
392.1551	EXP	Set  image=./stimfiles/scenes/1014.jpg
392.4893	DATA	Keypress: 5
392.8222	DATA	Keypress: 1
394.1379	DATA	Keypress: 5
394.1559	EXP	Set  image=./stimfiles/scenes/1750.jpg
394.8093	DATA	Keypress: 5
394.9203	DATA	Keypress: 1
396.1377	DATA	Keypress: 5
396.1568	EXP	Set  image=./stimfiles/scenes/1156.jpg
396.9284	DATA	Keypress: 1
398.1379	DATA	Keypress: 5
398.1409	EXP	Set  image=./stimfiles/scenes/1014.jpg
398.2885	DATA	Keypress: 5
399.3605	DATA	Keypress: 4
400.1379	DATA	Keypress: 5
400.1417	EXP	Set  image=./stimfiles/scenes/1883.jpg
400.6083	DATA	Keypress: 5
401.0576	DATA	Keypress: 1
402.1379	DATA	Keypress: 5
402.1426	EXP	Set  image=./stimfiles/scenes/1620.jpg
402.9287	DATA	Keypress: 5
403.1166	DATA	Keypress: 1
404.1353	DATA	Keypress: 5
404.1600	EXP	Started presenting instructions
405.1771	EXP	Set instructions text=
406.1381	DATA	Keypress: 5
406.1442	EXP	Set  image=./stimfiles/scenes/932.jpg
406.4087	DATA	Keypress: 5
407.3398	DATA	Keypress: 1
408.1381	DATA	Keypress: 5
408.1451	EXP	Set  image=./stimfiles/scenes/1853.jpg
408.7287	DATA	Keypress: 5
409.0718	DATA	Keypress: 1
410.1380	DATA	Keypress: 5
410.1458	EXP	Set  image=./stimfiles/scenes/1144.jpg
411.0489	DATA	Keypress: 5
411.0728	DATA	Keypress: 1
412.1467	EXP	Set  image=./stimfiles/scenes/932.jpg
412.2089	DATA	Keypress: 5
413.2499	DATA	Keypress: 1
414.1381	DATA	Keypress: 5
414.1475	EXP	Set  image=./stimfiles/scenes/269.jpg
414.5290	DATA	Keypress: 5
415.5270	DATA	Keypress: 1
416.1380	DATA	Keypress: 5
416.1483	EXP	Set  image=./stimfiles/scenes/1705.jpg
416.8488	DATA	Keypress: 5
417.1649	DATA	Keypress: 1
418.1380	DATA	Keypress: 5
418.1491	EXP	Set  image=./stimfiles/scenes/1705.jpg
418.8979	DATA	Keypress: 4
420.1381	DATA	Keypress: 5
420.1500	EXP	Set  image=./stimfiles/scenes/1705.jpg
420.3291	DATA	Keypress: 5
421.1831	DATA	Keypress: 4
422.1381	DATA	Keypress: 5
422.1508	EXP	Set  image=./stimfiles/scenes/1359.jpg
422.6492	DATA	Keypress: 5
422.8541	DATA	Keypress: 1
424.1380	DATA	Keypress: 5
424.1515	EXP	Set  image=./stimfiles/scenes/519.jpg
424.9692	DATA	Keypress: 5
425.0262	DATA	Keypress: 1
426.1352	DATA	Keypress: 5
426.1524	EXP	Started presenting instructions
427.1695	EXP	Set instructions text=
428.1382	DATA	Keypress: 5
428.1532	EXP	Set  image=./stimfiles/faces/288.png
428.4495	DATA	Keypress: 5
428.8623	DATA	Keypress: 1
430.1383	DATA	Keypress: 5
430.1541	EXP	Set  image=./stimfiles/faces/288.png
430.7694	DATA	Keypress: 5
431.1165	DATA	Keypress: 4
432.1380	DATA	Keypress: 5
432.1549	EXP	Set  image=./stimfiles/faces/41.png
432.9945	DATA	Keypress: 1
434.1383	DATA	Keypress: 5
434.1556	EXP	Set  image=./stimfiles/faces/288.png
434.2486	DATA	Keypress: 5
435.1545	DATA	Keypress: 1
436.1382	DATA	Keypress: 5
436.1565	EXP	Set  image=./stimfiles/faces/370.png
436.5685	DATA	Keypress: 5
437.3476	DATA	Keypress: 1
438.1382	DATA	Keypress: 5
438.1573	EXP	Set  image=./stimfiles/faces/346.png
438.8887	DATA	Keypress: 5
439.1117	DATA	Keypress: 1
440.1382	DATA	Keypress: 5
440.1582	EXP	Set  image=./stimfiles/faces/346.png
440.7886	DATA	Keypress: 4
442.1383	DATA	Keypress: 5
442.1590	EXP	Set  image=./stimfiles/faces/834.png
442.3686	DATA	Keypress: 5
442.8316	DATA	Keypress: 1
444.1382	DATA	Keypress: 5
444.1598	EXP	Set  image=./stimfiles/faces/754.png
444.6888	DATA	Keypress: 5
445.1398	DATA	Keypress: 1
446.1381	DATA	Keypress: 5
446.1606	EXP	Set  image=./stimfiles/faces/415.png
447.0089	DATA	Keypress: 5
447.0857	DATA	Keypress: 1
448.1614	EXP	Started presenting instructions
448.9622	DATA	Keypress: 5
449.1785	EXP	Set instructions text=
450.1385	DATA	Keypress: 5
450.1623	EXP	Set  image=./stimfiles/chinese_characters/24705.jpg
450.4890	DATA	Keypress: 5
450.9391	DATA	Keypress: 1
452.1382	DATA	Keypress: 5
452.1464	EXP	Set  image=./stimfiles/chinese_characters/31369.jpg
452.8092	DATA	Keypress: 5
452.8520	DATA	Keypress: 1
454.1384	DATA	Keypress: 5
454.1473	EXP	Set  image=./stimfiles/chinese_characters/25072.jpg
454.9610	DATA	Keypress: 1
456.1384	DATA	Keypress: 5
456.1481	EXP	Set  image=./stimfiles/chinese_characters/25072.jpg
456.2892	DATA	Keypress: 5
456.8181	DATA	Keypress: 4
458.1384	DATA	Keypress: 5
458.1489	EXP	Set  image=./stimfiles/chinese_characters/26016.jpg
458.6092	DATA	Keypress: 5
458.8942	DATA	Keypress: 1
460.1384	DATA	Keypress: 5
460.1497	EXP	Set  image=./stimfiles/chinese_characters/31643.jpg
460.8224	DATA	Keypress: 1
462.1384	DATA	Keypress: 5
462.1390	DATA	Keypress: 5
462.1505	EXP	Set  image=./stimfiles/chinese_characters/20773.jpg
462.9014	DATA	Keypress: 1
464.1382	DATA	Keypress: 5
464.1514	EXP	Set  image=./stimfiles/chinese_characters/26028.jpg
464.4093	DATA	Keypress: 5
464.9824	DATA	Keypress: 1
466.1384	DATA	Keypress: 5
466.1522	EXP	Set  image=./stimfiles/chinese_characters/27452.jpg
466.7294	DATA	Keypress: 5
466.9766	DATA	Keypress: 1
468.1384	DATA	Keypress: 5
468.1530	EXP	Set  image=./stimfiles/chinese_characters/26876.jpg
468.8816	DATA	Keypress: 1
470.1353	DATA	Keypress: 5
470.1538	EXP	Started presenting instructions
470.9546	DATA	Keypress: 5
471.1709	EXP	Set instructions text=
472.1386	DATA	Keypress: 5
472.1546	EXP	Set  image=./stimfiles/faces/428.png
472.5285	DATA	Keypress: 5
473.1655	DATA	Keypress: 1
474.1386	DATA	Keypress: 5
474.1554	EXP	Set  image=./stimfiles/faces/382.png
474.8018	DATA	Keypress: 1
476.1386	DATA	Keypress: 5
476.1389	DATA	Keypress: 5
476.1562	EXP	Set  image=./stimfiles/faces/336.png
476.8538	DATA	Keypress: 4
478.1386	DATA	Keypress: 5
478.1571	EXP	Set  image=./stimfiles/faces/800.png
478.3288	DATA	Keypress: 5
478.8758	DATA	Keypress: 1
480.1386	DATA	Keypress: 5
480.1580	EXP	Set  image=./stimfiles/faces/336.png
480.6489	DATA	Keypress: 5
480.8018	DATA	Keypress: 1
482.1386	DATA	Keypress: 5
482.1587	EXP	Set  image=./stimfiles/faces/781.png
482.9690	DATA	Keypress: 5
483.0158	DATA	Keypress: 1
484.1385	DATA	Keypress: 5
484.1596	EXP	Set  image=./stimfiles/faces/328.png
485.2280	DATA	Keypress: 1
486.1386	DATA	Keypress: 5
486.1604	EXP	Set  image=./stimfiles/faces/162.png
486.4491	DATA	Keypress: 5
487.0640	DATA	Keypress: 1
488.1384	DATA	Keypress: 5
488.1612	EXP	Set  image=./stimfiles/faces/328.png
488.7689	DATA	Keypress: 5
489.0461	DATA	Keypress: 4
490.1385	DATA	Keypress: 5
490.1621	EXP	Set  image=./stimfiles/faces/750.png
491.0892	DATA	Keypress: 5
491.3381	DATA	Keypress: 4
