1.3273	INFO	Loaded calibration from:2012_09_26 16:15
1.3273	INFO	['2012_09_26 16:15']
1.3281	INFO	configured pyglet screen 0
1.3282	WARNING	User requested fullscreen with size [800 600], but screen is actually [1024, 768]. Using actual size
1.5538	INFO	Using gamma table of operating system
1.5733	EXP	Set Window color=[ 0.  0.  0.] (rgb)
2.0401	EXP	Started presenting 
40.6637	DATA	Keypress: 5
40.6645	DATA	Key pressed: 5
40.6727	EXP	Set  text=
40.6893	EXP	Started presenting instructions
41.7064	EXP	Set instructions text=
42.6747	DATA	Keypress: 5
42.6902	EXP	Set  image=stimfiles/chinese_characters/25805.jpg
42.9571	DATA	Keypress: 5
44.1172	DATA	Keypress: 5
44.6910	EXP	Set  image=stimfiles/chinese_characters/33327.jpg
45.2773	DATA	Keypress: 5
45.4762	DATA	Keypress: 1
46.6747	DATA	Keypress: 5
46.6918	EXP	Set  image=stimfiles/chinese_characters/24679.jpg
47.1265	DATA	Mouse: wheel shift=(-1,0), pos=(478,34)
47.1745	DATA	Mouse: wheel shift=(-1,0), pos=(857,1)
47.3773	DATA	Keypress: 1
48.6752	DATA	Keypress: 5
48.6927	EXP	Set  image=stimfiles/chinese_characters/26155.jpg
48.7576	DATA	Keypress: 5
49.2274	DATA	Keypress: 1
50.6747	DATA	Keypress: 5
50.6935	EXP	Set  image=stimfiles/chinese_characters/24679.jpg
51.0775	DATA	Keypress: 5
51.2514	DATA	Keypress: 1
52.6748	DATA	Keypress: 5
52.6943	EXP	Set  image=stimfiles/chinese_characters/24679.jpg
53.1135	DATA	Keypress: 4
54.6747	DATA	Keypress: 5
54.6753	DATA	Keypress: 5
54.6951	EXP	Set  image=stimfiles/chinese_characters/26574.jpg
55.4916	DATA	Keypress: 1
56.6747	DATA	Keypress: 5
56.6960	EXP	Set  image=stimfiles/chinese_characters/24679.jpg
56.8776	DATA	Keypress: 5
57.1896	DATA	Keypress: 4
58.6747	DATA	Keypress: 5
58.6967	EXP	Set  image=stimfiles/chinese_characters/29317.jpg
59.1977	DATA	Keypress: 5
59.5366	DATA	Keypress: 1
60.6747	DATA	Keypress: 5
60.6976	EXP	Set  image=stimfiles/chinese_characters/25852.jpg
61.2547	DATA	Keypress: 1
62.6743	DATA	Keypress: 5
62.6820	DATA	Keypress: 5
62.6984	EXP	Started presenting instructions
63.7155	EXP	Set instructions text=
64.6749	DATA	Keypress: 5
64.6826	EXP	Set  image=stimfiles/faces/764.png
64.9977	DATA	Keypress: 5
65.2358	DATA	Keypress: 1
66.6749	DATA	Keypress: 5
66.6834	EXP	Set  image=stimfiles/faces/446.png
67.3179	DATA	Keypress: 5
67.3448	DATA	Keypress: 1
68.6749	DATA	Keypress: 5
68.6842	EXP	Set  image=stimfiles/faces/764.png
69.4330	DATA	Keypress: 1
70.6749	DATA	Keypress: 5
70.6850	EXP	Set  image=stimfiles/faces/320.png
70.7980	DATA	Keypress: 5
71.6200	DATA	Keypress: 1
72.6750	DATA	Keypress: 5
72.6858	EXP	Set  image=stimfiles/faces/83.png
73.1171	DATA	Keypress: 5
73.3590	DATA	Keypress: 1
74.6749	DATA	Keypress: 5
74.6867	EXP	Set  image=stimfiles/faces/764.png
75.4371	DATA	Keypress: 5
75.4721	DATA	Keypress: 1
76.6749	DATA	Keypress: 5
76.6874	EXP	Set  image=stimfiles/faces/764.png
77.2742	DATA	Keypress: 4
78.6749	DATA	Keypress: 5
78.6883	EXP	Set  image=stimfiles/faces/803.png
78.9174	DATA	Keypress: 5
79.4272	DATA	Keypress: 1
80.6749	DATA	Keypress: 5
80.6891	EXP	Set  image=stimfiles/faces/764.png
81.2373	DATA	Keypress: 5
81.4222	DATA	Keypress: 1
82.6749	DATA	Keypress: 5
82.6899	EXP	Set  image=stimfiles/faces/764.png
83.5393	DATA	Keypress: 4
84.6743	DATA	Keypress: 5
84.6907	EXP	Started presenting instructions
85.4914	DATA	Keypress: 5
85.7078	EXP	Set instructions text=
86.6751	DATA	Keypress: 5
86.6916	EXP	Set  image=stimfiles/scenes/1711.jpg
87.0375	DATA	Keypress: 5
87.4994	DATA	Keypress: 1
88.6751	DATA	Keypress: 5
88.6924	EXP	Set  image=stimfiles/scenes/1548.jpg
89.3576	DATA	Keypress: 5
89.4225	DATA	Keypress: 1
90.6751	DATA	Keypress: 5
90.6932	EXP	Set  image=stimfiles/scenes/1548.jpg
91.2435	DATA	Keypress: 1
92.6751	DATA	Keypress: 5
92.6940	EXP	Set  image=stimfiles/scenes/1548.jpg
92.8377	DATA	Keypress: 5
93.2995	DATA	Keypress: 4
94.6751	DATA	Keypress: 5
94.6949	EXP	Set  image=stimfiles/scenes/1548.jpg
95.1577	DATA	Keypress: 5
95.6527	DATA	Keypress: 4
96.6750	DATA	Keypress: 5
96.6791	EXP	Set  image=stimfiles/scenes/663.jpg
97.4777	DATA	Keypress: 5
97.7008	DATA	Keypress: 1
98.6750	DATA	Keypress: 5
98.6798	EXP	Set  image=stimfiles/scenes/1548.jpg
99.3548	DATA	Keypress: 1
100.6750	DATA	Keypress: 5
100.6807	EXP	Set  image=stimfiles/scenes/1249.jpg
100.9579	DATA	Keypress: 5
101.4799	DATA	Keypress: 1
102.6751	DATA	Keypress: 5
102.6815	EXP	Set  image=stimfiles/scenes/1452.jpg
103.2229	DATA	Keypress: 1
104.6750	DATA	Keypress: 5
104.6754	DATA	Keypress: 5
104.6823	EXP	Set  image=stimfiles/scenes/757.jpg
105.2739	DATA	Keypress: 1
106.6743	DATA	Keypress: 5
106.6998	EXP	Started presenting instructions
107.5003	DATA	Keypress: 5
107.7169	EXP	Set instructions text=
108.6752	DATA	Keypress: 5
108.7006	EXP	Set  image=stimfiles/chinese_characters/29734.jpg
109.0772	DATA	Keypress: 5
109.5041	DATA	Keypress: 1
110.6752	DATA	Keypress: 5
110.6848	EXP	Set  image=stimfiles/chinese_characters/37203.jpg
111.3032	DATA	Keypress: 1
112.6752	DATA	Keypress: 5
112.6758	DATA	Keypress: 5
112.6856	EXP	Set  image=stimfiles/chinese_characters/24845.jpg
113.3622	DATA	Keypress: 1
114.6752	DATA	Keypress: 5
114.6864	EXP	Set  image=stimfiles/chinese_characters/26216.jpg
114.8772	DATA	Keypress: 5
115.4132	DATA	Keypress: 1
116.6752	DATA	Keypress: 5
116.6872	EXP	Set  image=stimfiles/chinese_characters/35510.jpg
117.1974	DATA	Keypress: 5
117.4313	DATA	Keypress: 4
118.6752	DATA	Keypress: 5
118.6881	EXP	Set  image=stimfiles/chinese_characters/25391.jpg
119.5174	DATA	Keypress: 5
119.5853	DATA	Keypress: 4
120.6889	EXP	Set  image=stimfiles/chinese_characters/24821.jpg
120.6892	DATA	Keypress: 5
121.3722	DATA	Keypress: 1
122.6752	DATA	Keypress: 5
122.6897	EXP	Set  image=stimfiles/chinese_characters/25391.jpg
122.9975	DATA	Keypress: 5
123.6285	DATA	Keypress: 4
124.6752	DATA	Keypress: 5
124.6905	EXP	Set  image=stimfiles/chinese_characters/24821.jpg
125.3175	DATA	Keypress: 5
125.7065	DATA	Keypress: 4
126.6752	DATA	Keypress: 5
126.6913	EXP	Set  image=stimfiles/chinese_characters/25391.jpg
127.5935	DATA	Keypress: 1
128.6743	DATA	Keypress: 5
128.6922	EXP	Started presenting instructions
129.4928	DATA	Keypress: 5
129.7092	EXP	Set instructions text=
130.6754	DATA	Keypress: 5
130.6929	EXP	Set  image=stimfiles/faces/373.png
131.1177	DATA	Keypress: 5
131.4816	DATA	Keypress: 1
132.6754	DATA	Keypress: 5
132.6938	EXP	Set  image=stimfiles/faces/325.png
133.4377	DATA	Keypress: 5
133.5777	DATA	Keypress: 1
134.6754	DATA	Keypress: 5
134.6946	EXP	Set  image=stimfiles/faces/328.png
135.5258	DATA	Keypress: 1
136.6754	DATA	Keypress: 5
136.6954	EXP	Set  image=stimfiles/faces/325.png
136.9179	DATA	Keypress: 5
137.3678	DATA	Keypress: 4
138.6754	DATA	Keypress: 5
138.6962	EXP	Set  image=stimfiles/faces/811.png
139.2380	DATA	Keypress: 5
139.6499	DATA	Keypress: 4
140.6754	DATA	Keypress: 5
140.6971	EXP	Set  image=stimfiles/faces/336.png
141.5580	DATA	Keypress: 5
142.1030	DATA	Keypress: 1
142.6979	EXP	Set  image=stimfiles/faces/336.png
142.7171	DATA	Keypress: 5
143.8771	DATA	Keypress: 5
143.9181	DATA	Keypress: 1
144.6821	EXP	Set  image=stimfiles/faces/811.png
145.0372	DATA	Keypress: 5
146.1001	DATA	Keypress: 1
146.6754	DATA	Keypress: 5
146.6996	EXP	Set  image=stimfiles/faces/749.png
147.3572	DATA	Keypress: 5
147.9532	DATA	Keypress: 1
148.6754	DATA	Keypress: 5
148.6837	EXP	Set  image=stimfiles/faces/436.png
149.6773	DATA	Keypress: 5
149.8371	DATA	Keypress: 4
150.6845	EXP	Started presenting instructions
151.4853	DATA	Keypress: 5
151.7016	EXP	Set instructions text=
152.6755	DATA	Keypress: 5
152.6853	EXP	Set  image=stimfiles/scenes/448.jpg
153.1574	DATA	Keypress: 5
153.5073	DATA	Keypress: 1
154.6755	DATA	Keypress: 5
154.6862	EXP	Set  image=stimfiles/scenes/531.jpg
155.4774	DATA	Keypress: 5
155.5963	DATA	Keypress: 1
156.6756	DATA	Keypress: 5
156.6869	EXP	Set  image=stimfiles/scenes/1118.jpg
157.6522	DATA	Keypress: 1
158.6756	DATA	Keypress: 5
158.6877	EXP	Set  image=stimfiles/scenes/448.jpg
158.9575	DATA	Keypress: 5
159.8046	DATA	Keypress: 1
160.6756	DATA	Keypress: 5
160.6886	EXP	Set  image=stimfiles/scenes/205.jpg
161.2776	DATA	Keypress: 5
161.8484	DATA	Keypress: 1
162.6755	DATA	Keypress: 5
162.6895	EXP	Set  image=stimfiles/scenes/205.jpg
163.5975	DATA	Keypress: 5
163.7666	DATA	Keypress: 1
164.6902	EXP	Set  image=stimfiles/scenes/205.jpg
164.7575	DATA	Keypress: 5
165.5266	DATA	Keypress: 4
166.6756	DATA	Keypress: 5
166.6911	EXP	Set  image=stimfiles/scenes/1231.jpg
167.0777	DATA	Keypress: 5
167.6557	DATA	Keypress: 1
168.6756	DATA	Keypress: 5
168.6919	EXP	Set  image=stimfiles/scenes/1404.jpg
169.3979	DATA	Keypress: 5
169.6628	DATA	Keypress: 1
170.6756	DATA	Keypress: 5
170.6927	EXP	Set  image=stimfiles/scenes/88.jpg
171.7179	DATA	Keypress: 5
171.8199	DATA	Keypress: 1
192.6747	DATA	Keypress: 5
192.6751	DATA	Keypress: 5
192.6754	DATA	Keypress: 5
192.6758	DATA	Keypress: 5
192.6761	DATA	Keypress: 5
192.6764	DATA	Keypress: 5
192.6768	DATA	Keypress: 5
192.6771	DATA	Keypress: 5
192.6774	DATA	Keypress: 5
192.6778	DATA	Keypress: 5
192.6781	DATA	Keypress: 5
192.6784	DATA	Keypress: 5
192.6788	DATA	Keypress: 5
192.6791	DATA	Keypress: 5
192.6795	DATA	Keypress: 5
192.6798	DATA	Keypress: 5
192.6801	DATA	Keypress: 5
192.6805	DATA	Keypress: 5
192.7018	EXP	Started presenting instructions
193.7188	EXP	Set instructions text=
194.6757	DATA	Keypress: 5
194.7026	EXP	Set  image=stimfiles/chinese_characters/25860.jpg
194.9176	DATA	Keypress: 5
195.3555	DATA	Keypress: 1
196.6757	DATA	Keypress: 5
196.6867	EXP	Set  image=stimfiles/chinese_characters/25773.jpg
197.2376	DATA	Keypress: 5
197.2945	DATA	Keypress: 1
198.6757	DATA	Keypress: 5
198.6876	EXP	Set  image=stimfiles/chinese_characters/26387.jpg
199.3898	DATA	Keypress: 1
200.6757	DATA	Keypress: 5
200.6884	EXP	Set  image=stimfiles/chinese_characters/25797.jpg
200.7177	DATA	Keypress: 5
201.5027	DATA	Keypress: 1
202.6755	DATA	Keypress: 5
202.6892	EXP	Set  image=stimfiles/chinese_characters/25797.jpg
203.0378	DATA	Keypress: 5
203.1877	DATA	Keypress: 4
204.6757	DATA	Keypress: 5
204.6900	EXP	Set  image=stimfiles/chinese_characters/25457.jpg
205.3577	DATA	Keypress: 5
205.4107	DATA	Keypress: 1
206.6757	DATA	Keypress: 5
206.6908	EXP	Set  image=stimfiles/chinese_characters/25457.jpg
207.3729	DATA	Keypress: 4
208.6757	DATA	Keypress: 5
208.6917	EXP	Set  image=stimfiles/chinese_characters/25549.jpg
208.8380	DATA	Keypress: 5
209.3389	DATA	Keypress: 1
210.6758	DATA	Keypress: 5
210.6924	EXP	Set  image=stimfiles/chinese_characters/25457.jpg
211.1580	DATA	Keypress: 5
211.3000	DATA	Keypress: 1
212.6757	DATA	Keypress: 5
212.6933	EXP	Set  image=stimfiles/chinese_characters/25457.jpg
213.3261	DATA	Keypress: 4
214.6743	DATA	Keypress: 5
214.6749	DATA	Keypress: 5
214.6941	EXP	Started presenting instructions
215.7112	EXP	Set instructions text=
216.6759	DATA	Keypress: 5
216.6950	EXP	Set  image=stimfiles/faces/352.png
216.9572	DATA	Keypress: 5
217.4151	DATA	Keypress: 1
218.6760	DATA	Keypress: 5
218.6957	EXP	Set  image=stimfiles/faces/352.png
219.2772	DATA	Keypress: 5
219.3872	DATA	Keypress: 4
220.6759	DATA	Keypress: 5
220.6966	EXP	Set  image=stimfiles/faces/388.png
221.4893	DATA	Keypress: 1
222.6759	DATA	Keypress: 5
222.6974	EXP	Set  image=stimfiles/faces/752.png
222.7574	DATA	Keypress: 5
223.4753	DATA	Keypress: 1
224.6759	DATA	Keypress: 5
224.6983	EXP	Set  image=stimfiles/faces/356.png
225.0774	DATA	Keypress: 5
225.6443	DATA	Keypress: 1
226.6759	DATA	Keypress: 5
226.6991	EXP	Set  image=stimfiles/faces/372.png
227.3974	DATA	Keypress: 5
227.5574	DATA	Keypress: 1
228.6759	DATA	Keypress: 5
228.6998	EXP	Set  image=stimfiles/faces/752.png
229.5406	DATA	Keypress: 1
230.6759	DATA	Keypress: 5
230.6840	EXP	Set  image=stimfiles/faces/752.png
230.8774	DATA	Keypress: 5
231.2765	DATA	Keypress: 4
232.6759	DATA	Keypress: 5
232.6848	EXP	Set  image=stimfiles/faces/752.png
233.1976	DATA	Keypress: 5
233.6445	DATA	Keypress: 4
234.6759	DATA	Keypress: 5
234.6857	EXP	Set  image=stimfiles/faces/374.png
235.3657	DATA	Keypress: 1
236.6743	DATA	Keypress: 5
236.6825	DATA	Keypress: 5
236.6865	EXP	Started presenting instructions
237.7035	EXP	Set instructions text=
238.6760	DATA	Keypress: 5
238.6873	EXP	Set  image=stimfiles/scenes/1106.jpg
238.9978	DATA	Keypress: 5
239.4928	DATA	Keypress: 1
240.6762	DATA	Keypress: 5
240.6881	EXP	Set  image=stimfiles/scenes/301.jpg
241.3179	DATA	Keypress: 5
241.3648	DATA	Keypress: 1
242.6759	DATA	Keypress: 5
242.6889	EXP	Set  image=stimfiles/scenes/716.jpg
243.4619	DATA	Keypress: 1
244.6760	DATA	Keypress: 5
244.6898	EXP	Set  image=stimfiles/scenes/716.jpg
244.7980	DATA	Keypress: 5
245.2838	DATA	Keypress: 4
246.6760	DATA	Keypress: 5
246.6906	EXP	Set  image=stimfiles/scenes/716.jpg
247.1169	DATA	Keypress: 5
247.4319	DATA	Keypress: 4
248.6761	DATA	Keypress: 5
248.6914	EXP	Set  image=stimfiles/scenes/716.jpg
249.4371	DATA	Keypress: 5
249.4521	DATA	Keypress: 4
250.6761	DATA	Keypress: 5
250.6923	EXP	Set  image=stimfiles/scenes/716.jpg
251.5090	DATA	Keypress: 4
252.6761	DATA	Keypress: 5
252.6931	EXP	Set  image=stimfiles/scenes/1818.jpg
252.9172	DATA	Keypress: 5
253.2782	DATA	Keypress: 1
254.6760	DATA	Keypress: 5
254.6939	EXP	Set  image=stimfiles/scenes/716.jpg
255.2372	DATA	Keypress: 5
255.6462	DATA	Keypress: 1
256.6761	DATA	Keypress: 5
256.6946	EXP	Set  image=stimfiles/scenes/990.jpg
257.5574	DATA	Keypress: 5
257.5713	DATA	Keypress: 1
258.6956	EXP	Started presenting instructions
259.4963	DATA	Keypress: 5
259.7126	EXP	Set instructions text=
260.6762	DATA	Keypress: 5
260.6963	EXP	Set  image=stimfiles/chinese_characters/26152.jpg
261.0374	DATA	Keypress: 5
261.5124	DATA	Keypress: 1
262.6762	DATA	Keypress: 5
262.6971	EXP	Set  image=stimfiles/chinese_characters/25046.jpg
263.3574	DATA	Keypress: 5
263.7465	DATA	Keypress: 1
264.6762	DATA	Keypress: 5
264.6979	EXP	Set  image=stimfiles/chinese_characters/25046.jpg
265.6776	DATA	Keypress: 5
265.8915	DATA	Keypress: 1
266.6988	EXP	Set  image=stimfiles/chinese_characters/25046.jpg
266.8376	DATA	Keypress: 5
267.4156	DATA	Keypress: 4
268.6762	DATA	Keypress: 5
268.6996	EXP	Set  image=stimfiles/chinese_characters/25046.jpg
269.1576	DATA	Keypress: 5
269.7876	DATA	Keypress: 4
270.6762	DATA	Keypress: 5
270.6838	EXP	Set  image=stimfiles/chinese_characters/25046.jpg
271.4777	DATA	Keypress: 5
271.5246	DATA	Keypress: 4
272.6762	DATA	Keypress: 5
272.6847	EXP	Set  image=stimfiles/chinese_characters/24591.jpg
273.5047	DATA	Keypress: 1
274.6762	DATA	Keypress: 5
274.6854	EXP	Set  image=stimfiles/chinese_characters/25046.jpg
274.9579	DATA	Keypress: 5
275.5698	DATA	Keypress: 1
276.6762	DATA	Keypress: 5
276.6863	EXP	Set  image=stimfiles/chinese_characters/24591.jpg
277.2778	DATA	Keypress: 5
277.8069	DATA	Keypress: 1
278.6762	DATA	Keypress: 5
278.6871	EXP	Set  image=stimfiles/chinese_characters/25046.jpg
279.5980	DATA	Keypress: 5
279.8858	DATA	Keypress: 1
280.6879	EXP	Started presenting instructions
281.4886	DATA	Keypress: 5
281.7049	EXP	Set instructions text=
282.6764	DATA	Keypress: 5
282.6887	EXP	Set  image=stimfiles/faces/397.png
283.0780	DATA	Keypress: 5
283.5280	DATA	Keypress: 1
284.6764	DATA	Keypress: 5
284.6895	EXP	Set  image=stimfiles/faces/76.png
285.3971	DATA	Keypress: 5
285.4611	DATA	Keypress: 1
286.6763	DATA	Keypress: 5
286.6904	EXP	Set  image=stimfiles/faces/397.png
287.4181	DATA	Keypress: 4
288.6764	DATA	Keypress: 5
288.6911	EXP	Set  image=stimfiles/faces/35.png
288.8773	DATA	Keypress: 5
289.5613	DATA	Keypress: 1
290.6764	DATA	Keypress: 5
290.6920	EXP	Set  image=stimfiles/faces/150.png
291.1973	DATA	Keypress: 5
291.5282	DATA	Keypress: 1
292.6764	DATA	Keypress: 5
292.6928	EXP	Set  image=stimfiles/faces/839.png
293.4503	DATA	Keypress: 1
294.6764	DATA	Keypress: 5
294.6937	EXP	Set  image=stimfiles/faces/428.png
294.6941	DATA	Keypress: 5
295.6614	DATA	Keypress: 4
296.6764	DATA	Keypress: 5
296.6945	EXP	Set  image=stimfiles/faces/150.png
296.9976	DATA	Keypress: 5
297.8055	DATA	Keypress: 1
298.6763	DATA	Keypress: 5
298.6953	EXP	Set  image=stimfiles/faces/428.png
299.3175	DATA	Keypress: 5
299.7715	DATA	Keypress: 4
300.6764	DATA	Keypress: 5
300.6961	EXP	Set  image=stimfiles/faces/150.png
301.6376	DATA	Keypress: 5
301.9915	DATA	Keypress: 1
302.6969	EXP	Started presenting instructions
303.4976	DATA	Keypress: 5
303.7140	EXP	Set instructions text=
304.6764	DATA	Keypress: 5
304.6810	EXP	Set  image=stimfiles/scenes/3008.jpg
305.1177	DATA	Keypress: 5
305.3936	DATA	Keypress: 1
306.6766	DATA	Keypress: 5
306.6819	EXP	Set  image=stimfiles/scenes/462.jpg
307.4076	DATA	Keypress: 1
308.6766	DATA	Keypress: 5
308.6770	DATA	Keypress: 5
308.6827	EXP	Set  image=stimfiles/scenes/493.jpg
309.1898	DATA	Keypress: 1
310.6766	DATA	Keypress: 5
310.6835	EXP	Set  image=stimfiles/scenes/462.jpg
310.9178	DATA	Keypress: 5
311.7178	DATA	Keypress: 1
312.6766	DATA	Keypress: 5
312.6843	EXP	Set  image=stimfiles/scenes/868.jpg
313.2379	DATA	Keypress: 5
313.6167	DATA	Keypress: 1
314.6765	DATA	Keypress: 5
314.6852	EXP	Set  image=stimfiles/scenes/462.jpg
315.5580	DATA	Keypress: 5
315.7400	DATA	Keypress: 4
316.6859	EXP	Set  image=stimfiles/scenes/868.jpg
316.7181	DATA	Keypress: 5
317.3880	DATA	Keypress: 1
318.6764	DATA	Keypress: 5
318.6868	EXP	Set  image=stimfiles/scenes/462.jpg
319.0370	DATA	Keypress: 5
319.7372	DATA	Keypress: 1
320.6766	DATA	Keypress: 5
320.6876	EXP	Set  image=stimfiles/scenes/656.jpg
321.3571	DATA	Keypress: 5
322.0432	DATA	Keypress: 1
322.6766	DATA	Keypress: 5
322.6885	EXP	Set  image=stimfiles/scenes/462.jpg
323.6772	DATA	Keypress: 5
323.8032	DATA	Keypress: 4
344.6747	DATA	Keypress: 5
344.6751	DATA	Keypress: 5
344.6756	DATA	Keypress: 5
344.6761	DATA	Keypress: 5
344.6766	DATA	Keypress: 5
344.6771	DATA	Keypress: 5
344.6775	DATA	Keypress: 5
344.6778	DATA	Keypress: 5
344.6782	DATA	Keypress: 5
344.6785	DATA	Keypress: 5
344.6789	DATA	Keypress: 5
344.6792	DATA	Keypress: 5
344.6795	DATA	Keypress: 5
344.6799	DATA	Keypress: 5
344.6802	DATA	Keypress: 5
344.6807	DATA	Keypress: 5
344.6811	DATA	Keypress: 5
344.6816	DATA	Keypress: 5
344.6975	EXP	Started presenting instructions
345.7146	EXP	Set instructions text=
346.6768	DATA	Keypress: 5
346.6983	EXP	Set  image=stimfiles/chinese_characters/26212.jpg
346.8779	DATA	Keypress: 5
347.4808	DATA	Keypress: 1
348.6768	DATA	Keypress: 5
348.6991	EXP	Set  image=stimfiles/chinese_characters/35578.jpg
349.1980	DATA	Keypress: 5
349.3279	DATA	Keypress: 1
350.6767	DATA	Keypress: 5
350.6999	EXP	Set  image=stimfiles/chinese_characters/35578.jpg
351.2679	DATA	Keypress: 4
352.6767	DATA	Keypress: 5
352.7008	EXP	Set  image=stimfiles/chinese_characters/35578.jpg
352.7011	DATA	Keypress: 5
353.2280	DATA	Keypress: 4
354.6768	DATA	Keypress: 5
354.6849	EXP	Set  image=stimfiles/chinese_characters/26568.jpg
354.9971	DATA	Keypress: 5
355.4161	DATA	Keypress: 1
356.6768	DATA	Keypress: 5
356.6857	EXP	Set  image=stimfiles/chinese_characters/35578.jpg
357.3172	DATA	Keypress: 5
357.8902	DATA	Keypress: 1
358.6767	DATA	Keypress: 5
358.6866	EXP	Set  image=stimfiles/chinese_characters/26568.jpg
359.6372	DATA	Keypress: 5
359.7092	DATA	Keypress: 1
360.6874	EXP	Set  image=stimfiles/chinese_characters/29282.jpg
360.7974	DATA	Keypress: 5
361.4202	DATA	Keypress: 1
362.6767	DATA	Keypress: 5
362.6883	EXP	Set  image=stimfiles/chinese_characters/35578.jpg
363.1172	DATA	Keypress: 5
363.4043	DATA	Keypress: 1
364.6767	DATA	Keypress: 5
364.6891	EXP	Set  image=stimfiles/chinese_characters/31639.jpg
365.4374	DATA	Keypress: 5
365.4593	DATA	Keypress: 1
366.6743	DATA	Keypress: 5
366.6898	EXP	Started presenting instructions
367.7070	EXP	Set instructions text=
368.6769	DATA	Keypress: 5
368.6907	EXP	Set  image=stimfiles/faces/364.png
368.9175	DATA	Keypress: 5
369.3305	DATA	Keypress: 1
370.6769	DATA	Keypress: 5
370.6915	EXP	Set  image=stimfiles/faces/427.png
371.2375	DATA	Keypress: 5
371.2415	DATA	Keypress: 1
372.6769	DATA	Keypress: 5
372.6923	EXP	Set  image=stimfiles/faces/364.png
373.3286	DATA	Keypress: 1
374.6769	DATA	Keypress: 5
374.6932	EXP	Set  image=stimfiles/faces/753.png
374.7176	DATA	Keypress: 5
375.3747	DATA	Keypress: 1
376.6769	DATA	Keypress: 5
376.6940	EXP	Set  image=stimfiles/faces/339.png
377.0377	DATA	Keypress: 5
377.3357	DATA	Keypress: 1
378.6769	DATA	Keypress: 5
378.6948	EXP	Set  image=stimfiles/faces/767.png
379.3578	DATA	Keypress: 5
379.5128	DATA	Keypress: 1
380.6769	DATA	Keypress: 5
380.6956	EXP	Set  image=stimfiles/faces/753.png
381.3158	DATA	Keypress: 1
382.6769	DATA	Keypress: 5
382.6965	EXP	Set  image=stimfiles/faces/409.png
382.8379	DATA	Keypress: 5
383.3758	DATA	Keypress: 1
384.6769	DATA	Keypress: 5
384.6972	EXP	Set  image=stimfiles/faces/409.png
385.1579	DATA	Keypress: 5
385.7060	DATA	Keypress: 4
386.6769	DATA	Keypress: 5
386.6981	EXP	Set  image=stimfiles/faces/776.png
387.4771	DATA	Keypress: 5
387.5780	DATA	Keypress: 1
388.6743	DATA	Keypress: 5
388.6989	EXP	Started presenting instructions
389.7159	EXP	Set instructions text=
390.6771	DATA	Keypress: 5
390.6831	EXP	Set  image=stimfiles/scenes/330.jpg
390.9570	DATA	Keypress: 5
391.4831	DATA	Keypress: 1
392.6771	DATA	Keypress: 5
392.6838	EXP	Set  image=stimfiles/scenes/548.jpg
393.2771	DATA	Keypress: 5
393.5322	DATA	Keypress: 1
394.6771	DATA	Keypress: 5
394.6847	EXP	Set  image=stimfiles/scenes/666.jpg
395.5522	DATA	Keypress: 1
396.6770	DATA	Keypress: 5
396.6855	EXP	Set  image=stimfiles/scenes/546.jpg
396.7573	DATA	Keypress: 5
397.4233	DATA	Keypress: 1
398.6771	DATA	Keypress: 5
398.6863	EXP	Set  image=stimfiles/scenes/546.jpg
399.0773	DATA	Keypress: 5
399.4263	DATA	Keypress: 4
400.6771	DATA	Keypress: 5
400.6872	EXP	Set  image=stimfiles/scenes/546.jpg
401.3975	DATA	Keypress: 5
401.9254	DATA	Keypress: 4
402.6771	DATA	Keypress: 5
402.6880	EXP	Set  image=stimfiles/scenes/1625.jpg
403.7101	DATA	Keypress: 1
404.6770	DATA	Keypress: 5
404.6888	EXP	Set  image=stimfiles/scenes/468.jpg
404.8775	DATA	Keypress: 5
405.3195	DATA	Keypress: 1
406.6771	DATA	Keypress: 5
406.6896	EXP	Set  image=stimfiles/scenes/1625.jpg
407.1976	DATA	Keypress: 5
407.4246	DATA	Keypress: 1
408.6771	DATA	Keypress: 5
408.6904	EXP	Set  image=stimfiles/scenes/1613.jpg
409.5178	DATA	Keypress: 5
409.6696	DATA	Keypress: 1
410.6828	DATA	Keypress: 5
410.6913	EXP	Started presenting instructions
411.7083	EXP	Set instructions text=
412.6773	DATA	Keypress: 5
412.6921	EXP	Set  image=stimfiles/chinese_characters/26045.jpg
412.9978	DATA	Keypress: 5
413.9198	DATA	Keypress: 1
414.6773	DATA	Keypress: 5
414.6929	EXP	Set  image=stimfiles/chinese_characters/20638.jpg
415.3178	DATA	Keypress: 5
416.0718	DATA	Keypress: 1
416.6773	DATA	Keypress: 5
416.6937	EXP	Set  image=stimfiles/chinese_characters/35606.jpg
417.6378	DATA	Keypress: 5
418.0029	DATA	Keypress: 1
418.6946	EXP	Set  image=stimfiles/chinese_characters/20710.jpg
418.7980	DATA	Keypress: 5
419.7719	DATA	Keypress: 1
420.6772	DATA	Keypress: 5
420.6954	EXP	Set  image=stimfiles/chinese_characters/30274.jpg
421.1180	DATA	Keypress: 5
421.7830	DATA	Keypress: 1
422.6773	DATA	Keypress: 5
422.6962	EXP	Set  image=stimfiles/chinese_characters/29820.jpg
423.4370	DATA	Keypress: 5
423.7740	DATA	Keypress: 1
424.6773	DATA	Keypress: 5
424.6970	EXP	Set  image=stimfiles/chinese_characters/20710.jpg
425.6251	DATA	Keypress: 4
426.6772	DATA	Keypress: 5
426.6978	EXP	Set  image=stimfiles/chinese_characters/37300.jpg
426.9170	DATA	Keypress: 5
427.5111	DATA	Keypress: 1
428.6772	DATA	Keypress: 5
428.6987	EXP	Set  image=stimfiles/chinese_characters/32033.jpg
429.2372	DATA	Keypress: 5
429.6340	DATA	Keypress: 1
430.6773	DATA	Keypress: 5
430.6994	EXP	Set  image=stimfiles/chinese_characters/37300.jpg
431.3332	DATA	Keypress: 4
432.6744	DATA	Keypress: 5
432.7003	EXP	Started presenting instructions
433.5008	DATA	Keypress: 5
433.7174	EXP	Set instructions text=
434.6774	DATA	Keypress: 5
434.7011	EXP	Set  image=stimfiles/faces/303.png
435.0374	DATA	Keypress: 5
435.4683	DATA	Keypress: 1
436.6774	DATA	Keypress: 5
436.6853	EXP	Set  image=stimfiles/faces/303.png
437.3575	DATA	Keypress: 5
437.6654	DATA	Keypress: 1
438.6774	DATA	Keypress: 5
438.6861	EXP	Set  image=stimfiles/faces/359.png
439.6777	DATA	Keypress: 5
440.6774	DATA	Keypress: 4
440.6869	EXP	Set  image=stimfiles/faces/303.png
440.8376	DATA	Keypress: 5
441.9555	DATA	Keypress: 4
442.6774	DATA	Keypress: 5
442.6877	EXP	Set  image=stimfiles/faces/416.png
443.1576	DATA	Keypress: 5
443.6036	DATA	Keypress: 1
444.6774	DATA	Keypress: 5
444.6886	EXP	Set  image=stimfiles/faces/324.png
445.4777	DATA	Keypress: 5
445.6737	DATA	Keypress: 1
446.6774	DATA	Keypress: 5
446.6894	EXP	Set  image=stimfiles/faces/290.png
447.6237	DATA	Keypress: 1
448.6774	DATA	Keypress: 5
448.6902	EXP	Set  image=stimfiles/faces/290.png
448.9578	DATA	Keypress: 5
449.8388	DATA	Keypress: 1
450.6774	DATA	Keypress: 5
450.6910	EXP	Set  image=stimfiles/faces/324.png
451.2778	DATA	Keypress: 5
452.0758	DATA	Keypress: 1
452.6774	DATA	Keypress: 5
452.6918	EXP	Set  image=stimfiles/faces/290.png
453.5929	DATA	Keypress: 4
453.6010	DATA	Keypress: 5
454.6927	EXP	Started presenting instructions
455.4934	DATA	Keypress: 5
455.7097	EXP	Set instructions text=
456.6775	DATA	Keypress: 5
456.6934	EXP	Set  image=stimfiles/scenes/1428.jpg
457.0780	DATA	Keypress: 5
457.3820	DATA	Keypress: 1
458.6776	DATA	Keypress: 5
458.6943	EXP	Set  image=stimfiles/scenes/1004.jpg
459.3971	DATA	Keypress: 5
459.8261	DATA	Keypress: 1
460.6776	DATA	Keypress: 5
460.6951	EXP	Set  image=stimfiles/scenes/817.jpg
461.7171	DATA	Keypress: 5
461.8971	DATA	Keypress: 1
462.6959	EXP	Set  image=stimfiles/scenes/1428.jpg
462.8772	DATA	Keypress: 5
464.0372	DATA	Keypress: 5
464.0461	DATA	Keypress: 1
464.6801	EXP	Set  image=stimfiles/scenes/1004.jpg
465.1971	DATA	Keypress: 5
466.0330	DATA	Keypress: 1
466.6776	DATA	Keypress: 5
466.6809	EXP	Set  image=stimfiles/scenes/1041.jpg
467.5173	DATA	Keypress: 5
467.8883	DATA	Keypress: 1
468.6774	DATA	Keypress: 5
468.6817	EXP	Set  image=stimfiles/scenes/1004.jpg
469.7125	DATA	Keypress: 4
470.6776	DATA	Keypress: 5
470.6826	EXP	Set  image=stimfiles/scenes/257.jpg
470.9974	DATA	Keypress: 5
471.4814	DATA	Keypress: 1
472.6775	DATA	Keypress: 5
472.6834	EXP	Set  image=stimfiles/scenes/257.jpg
473.3174	DATA	Keypress: 5
473.6164	DATA	Keypress: 1
474.6775	DATA	Keypress: 5
474.6842	EXP	Set  image=stimfiles/scenes/1080.jpg
475.6375	DATA	Keypress: 5
475.6845	DATA	Keypress: 1
