1.2733	INFO	Loaded calibration from:2012_09_26 16:15
1.2733	INFO	['2012_09_26 16:15']
1.2741	INFO	configured pyglet screen 0
1.2742	WARNING	User requested fullscreen with size [800 600], but screen is actually [1024, 768]. Using actual size
1.4523	INFO	Using gamma table of operating system
1.4694	EXP	Set Window color=[ 0.  0.  0.] (rgb)
1.9530	EXP	Started presenting 
43.7573	DATA	Keypress: 5
43.7581	DATA	Key pressed: 5
43.7701	EXP	Set  text=
43.7868	EXP	Started presenting instructions
44.8038	EXP	Set instructions text=
45.7722	DATA	Keypress: 5
45.7876	EXP	Set  image=./stimfiles/scenes/171.jpg
46.0492	DATA	Keypress: 5
47.7722	DATA	Keypress: 1
47.7729	DATA	Keypress: 5
47.7884	EXP	Set  image=./stimfiles/scenes/1866.jpg
48.3692	DATA	Keypress: 5
48.3792	DATA	Keypress: 1
49.7722	DATA	Keypress: 5
49.7892	EXP	Set  image=./stimfiles/scenes/3065.jpg
50.3141	DATA	Keypress: 1
50.6892	DATA	Keypress: 5
51.7901	EXP	Set  image=./stimfiles/scenes/1144.jpg
51.8494	DATA	Keypress: 5
52.3623	DATA	Keypress: 1
53.7722	DATA	Keypress: 5
53.7909	EXP	Set  image=./stimfiles/scenes/1144.jpg
54.1684	DATA	Keypress: 5
54.2404	DATA	Keypress: 4
55.7721	DATA	Keypress: 5
55.7917	EXP	Set  image=./stimfiles/scenes/1732.jpg
56.3835	DATA	Keypress: 1
56.4884	DATA	Keypress: 5
57.7722	DATA	Keypress: 5
57.7758	EXP	Set  image=./stimfiles/scenes/1214.jpg
58.3666	DATA	Keypress: 1
59.7722	DATA	Keypress: 5
59.7766	EXP	Set  image=./stimfiles/scenes/643.jpg
59.9687	DATA	Keypress: 5
60.2586	DATA	Keypress: 1
61.7722	DATA	Keypress: 5
61.7775	EXP	Set  image=./stimfiles/scenes/643.jpg
62.2016	DATA	Keypress: 1
62.2885	DATA	Keypress: 5
63.7722	DATA	Keypress: 5
63.7783	EXP	Set  image=./stimfiles/scenes/1214.jpg
64.6087	DATA	Keypress: 5
64.6317	DATA	Keypress: 1
65.7716	DATA	Keypress: 5
65.7958	EXP	Started presenting instructions
66.8129	EXP	Set instructions text=
67.7723	DATA	Keypress: 5
67.7967	EXP	Set  image=./stimfiles/chinese_characters/20660.jpg
68.0889	DATA	Keypress: 5
69.7723	DATA	Keypress: 1
69.7729	DATA	Keypress: 5
69.7808	EXP	Set  image=./stimfiles/chinese_characters/25575.jpg
70.4089	DATA	Keypress: 5
70.7658	DATA	Keypress: 1
71.7724	DATA	Keypress: 5
71.7816	EXP	Set  image=./stimfiles/chinese_characters/24939.jpg
72.3920	DATA	Keypress: 1
72.7289	DATA	Keypress: 5
73.7825	EXP	Set  image=./stimfiles/chinese_characters/24939.jpg
73.8892	DATA	Keypress: 5
74.6999	DATA	Keypress: 1
75.7724	DATA	Keypress: 5
75.7833	EXP	Set  image=./stimfiles/chinese_characters/20636.jpg
76.2090	DATA	Keypress: 5
76.5450	DATA	Keypress: 1
77.7722	DATA	Keypress: 5
77.7840	EXP	Set  image=./stimfiles/chinese_characters/24939.jpg
78.5291	DATA	Keypress: 5
78.5981	DATA	Keypress: 4
79.7724	DATA	Keypress: 5
79.7849	EXP	Set  image=./stimfiles/chinese_characters/20636.jpg
80.6631	DATA	Keypress: 4
81.7724	DATA	Keypress: 5
81.7857	EXP	Set  image=./stimfiles/chinese_characters/20636.jpg
82.0092	DATA	Keypress: 5
82.6822	DATA	Keypress: 1
83.7724	DATA	Keypress: 5
83.7865	EXP	Set  image=./stimfiles/chinese_characters/24939.jpg
84.3293	DATA	Keypress: 5
85.7724	DATA	Keypress: 1
85.7728	DATA	Keypress: 5
85.7874	EXP	Set  image=./stimfiles/chinese_characters/24996.jpg
86.5773	DATA	Keypress: 1
86.6483	DATA	Keypress: 5
87.7882	EXP	Started presenting instructions
88.5889	DATA	Keypress: 5
88.8052	EXP	Set instructions text=
89.7725	DATA	Keypress: 5
89.7890	EXP	Set  image=./stimfiles/chinese_characters/24948.jpg
90.1284	DATA	Keypress: 5
90.5473	DATA	Keypress: 1
91.7725	DATA	Keypress: 5
91.7899	EXP	Set  image=./stimfiles/chinese_characters/25212.jpg
92.3765	DATA	Keypress: 1
92.4484	DATA	Keypress: 5
93.7725	DATA	Keypress: 5
93.7906	EXP	Set  image=./stimfiles/chinese_characters/24948.jpg
94.3776	DATA	Keypress: 1
94.7686	DATA	Keypress: 5
95.7914	EXP	Set  image=./stimfiles/chinese_characters/25212.jpg
95.9287	DATA	Keypress: 5
96.5953	DATA	Keypress: 1
97.7726	DATA	Keypress: 5
97.7923	EXP	Set  image=./stimfiles/chinese_characters/24848.jpg
98.2486	DATA	Keypress: 5
98.3787	DATA	Keypress: 1
99.7725	DATA	Keypress: 5
99.7932	EXP	Set  image=./stimfiles/chinese_characters/24848.jpg
100.3736	DATA	Keypress: 4
100.5686	DATA	Keypress: 5
101.7725	DATA	Keypress: 5
101.7940	EXP	Set  image=./stimfiles/chinese_characters/26006.jpg
102.4296	DATA	Keypress: 1
103.7725	DATA	Keypress: 5
103.7947	EXP	Set  image=./stimfiles/chinese_characters/30234.jpg
104.0489	DATA	Keypress: 5
104.2628	DATA	Keypress: 1
105.7725	DATA	Keypress: 5
105.7956	EXP	Set  image=./stimfiles/chinese_characters/29918.jpg
106.3469	DATA	Keypress: 1
106.3688	DATA	Keypress: 5
107.7723	DATA	Keypress: 5
107.7797	EXP	Set  image=./stimfiles/chinese_characters/26899.jpg
108.3211	DATA	Keypress: 1
108.6889	DATA	Keypress: 5
109.7805	EXP	Started presenting instructions
110.5812	DATA	Keypress: 5
110.7976	EXP	Set instructions text=
111.7727	DATA	Keypress: 5
111.7813	EXP	Set  image=./stimfiles/faces/cropped_m-066-01.png
112.1691	DATA	Keypress: 5
112.4270	DATA	Keypress: 1
113.7727	DATA	Keypress: 5
113.7822	EXP	Set  image=./stimfiles/faces/cropped_f4009.png
114.4892	DATA	Keypress: 5
114.5011	DATA	Keypress: 1
115.7727	DATA	Keypress: 5
115.7830	EXP	Set  image=./stimfiles/faces/cropped_chris1.png
116.3932	DATA	Keypress: 1
117.7727	DATA	Keypress: 5
117.7839	EXP	Set  image=./stimfiles/faces/cropped_f-010-01.png
117.9693	DATA	Keypress: 5
118.3562	DATA	Keypress: 1
119.7727	DATA	Keypress: 5
119.7846	EXP	Set  image=./stimfiles/faces/cropped_97.png
120.2893	DATA	Keypress: 5
120.5253	DATA	Keypress: 1
121.7727	DATA	Keypress: 5
121.7854	EXP	Set  image=./stimfiles/faces/cropped_chris1.png
122.4784	DATA	Keypress: 1
122.6082	DATA	Keypress: 5
123.7727	DATA	Keypress: 5
123.7863	EXP	Set  image=./stimfiles/faces/cropped_neil1.png
124.3884	DATA	Keypress: 1
125.7727	DATA	Keypress: 5
125.7871	EXP	Set  image=./stimfiles/faces/cropped_14MVC-003F.png
126.0885	DATA	Keypress: 5
126.3874	DATA	Keypress: 1
127.7727	DATA	Keypress: 5
127.7879	EXP	Set  image=./stimfiles/faces/cropped_00711010.png
128.4086	DATA	Keypress: 5
128.4815	DATA	Keypress: 1
129.7727	DATA	Keypress: 5
129.7888	EXP	Set  image=./stimfiles/faces/cropped_m-078-01.png
130.3526	DATA	Keypress: 1
130.7286	DATA	Keypress: 5
131.7895	EXP	Started presenting instructions
132.5904	DATA	Keypress: 5
132.8066	EXP	Set instructions text=
133.7728	DATA	Keypress: 5
133.7904	EXP	Set  image=./stimfiles/faces/cropped_dhawley1.png
134.2084	DATA	Keypress: 5
134.4087	DATA	Keypress: 1
135.7729	DATA	Keypress: 5
135.7912	EXP	Set  image=./stimfiles/faces/cropped_f4n2.png
136.2188	DATA	Keypress: 1
136.5287	DATA	Keypress: 5
137.7729	DATA	Keypress: 5
137.7921	EXP	Set  image=./stimfiles/faces/cropped_m1-040-01.png
138.3167	DATA	Keypress: 1
139.7729	DATA	Keypress: 5
139.7929	EXP	Set  image=./stimfiles/faces/cropped_dhawley1.png
140.0088	DATA	Keypress: 5
140.4387	DATA	Keypress: 1
141.7729	DATA	Keypress: 5
141.7937	EXP	Set  image=./stimfiles/faces/cropped_m1-040-01.png
142.3290	DATA	Keypress: 5
142.5899	DATA	Keypress: 4
143.7728	DATA	Keypress: 5
143.7945	EXP	Set  image=./stimfiles/faces/cropped_215.png
144.4100	DATA	Keypress: 1
144.6490	DATA	Keypress: 5
145.7953	EXP	Set  image=./stimfiles/faces/cropped_m1-040-01.png
145.8090	DATA	Keypress: 5
146.4699	DATA	Keypress: 4
147.7729	DATA	Keypress: 5
147.7962	EXP	Set  image=./stimfiles/faces/cropped_121.png
148.1292	DATA	Keypress: 5
148.4811	DATA	Keypress: 1
149.7729	DATA	Keypress: 5
149.7969	EXP	Set  image=./stimfiles/faces/cropped_400.png
150.4462	DATA	Keypress: 1
150.4501	DATA	Keypress: 5
151.7728	DATA	Keypress: 5
151.7811	EXP	Set  image=./stimfiles/faces/cropped_m1-040-01.png
152.5371	DATA	Keypress: 1
152.7692	DATA	Keypress: 5
153.7819	EXP	Started presenting instructions
154.5825	DATA	Keypress: 5
154.7990	EXP	Set instructions text=
155.7731	DATA	Keypress: 5
155.7827	EXP	Set  image=./stimfiles/scenes/518.jpg
156.2495	DATA	Keypress: 5
156.3832	DATA	Keypress: 1
157.7730	DATA	Keypress: 5
157.7836	EXP	Set  image=./stimfiles/scenes/518.jpg
158.5684	DATA	Keypress: 5
158.5824	DATA	Keypress: 1
159.7728	DATA	Keypress: 5
159.7844	EXP	Set  image=./stimfiles/scenes/1795.jpg
160.3456	DATA	Keypress: 1
161.7730	DATA	Keypress: 5
161.7853	EXP	Set  image=./stimfiles/scenes/801.jpg
162.0484	DATA	Keypress: 5
162.3195	DATA	Keypress: 1
163.7730	DATA	Keypress: 5
163.7860	EXP	Set  image=./stimfiles/scenes/1406.jpg
164.3686	DATA	Keypress: 5
164.4305	DATA	Keypress: 1
165.7730	DATA	Keypress: 5
165.7869	EXP	Set  image=./stimfiles/scenes/179.jpg
166.5436	DATA	Keypress: 1
166.6885	DATA	Keypress: 5
167.7877	EXP	Set  image=./stimfiles/scenes/1806.jpg
167.8487	DATA	Keypress: 5
168.6435	DATA	Keypress: 1
169.7730	DATA	Keypress: 5
169.7885	EXP	Set  image=./stimfiles/scenes/617.jpg
170.1687	DATA	Keypress: 5
170.5597	DATA	Keypress: 1
171.7731	DATA	Keypress: 5
171.7893	EXP	Set  image=./stimfiles/scenes/964.jpg
172.4888	DATA	Keypress: 5
172.6296	DATA	Keypress: 1
173.7730	DATA	Keypress: 5
173.7901	EXP	Set  image=./stimfiles/scenes/617.jpg
174.5678	DATA	Keypress: 4
195.7723	DATA	Keypress: 5
195.7730	DATA	Keypress: 5
195.7736	DATA	Keypress: 5
195.7741	DATA	Keypress: 5
195.7746	DATA	Keypress: 5
195.7751	DATA	Keypress: 5
195.7756	DATA	Keypress: 5
195.7761	DATA	Keypress: 5
195.7765	DATA	Keypress: 5
195.7769	DATA	Keypress: 5
195.7774	DATA	Keypress: 5
195.7779	DATA	Keypress: 5
195.7784	DATA	Keypress: 5
195.7789	DATA	Keypress: 5
195.7794	DATA	Keypress: 5
195.7798	DATA	Keypress: 5
195.7801	DATA	Keypress: 5
195.7805	DATA	Keypress: 5
195.7808	DATA	Keypress: 5
195.7992	EXP	Started presenting instructions
196.8164	EXP	Set instructions text=
197.7732	DATA	Keypress: 5
197.7834	EXP	Set  image=./stimfiles/scenes/647.jpg
198.0088	DATA	Keypress: 5
198.2313	DATA	Keypress: 1
199.7731	DATA	Keypress: 5
199.7842	EXP	Set  image=./stimfiles/scenes/647.jpg
200.3287	DATA	Keypress: 5
200.6256	DATA	Keypress: 4
201.7732	DATA	Keypress: 5
201.7850	EXP	Set  image=./stimfiles/scenes/152.jpg
202.3133	DATA	Keypress: 1
202.6486	DATA	Keypress: 5
203.7858	EXP	Set  image=./stimfiles/scenes/647.jpg
203.8087	DATA	Keypress: 5
204.2127	DATA	Keypress: 1
205.7732	DATA	Keypress: 5
205.7866	EXP	Set  image=./stimfiles/scenes/152.jpg
206.1288	DATA	Keypress: 5
206.4677	DATA	Keypress: 1
207.7732	DATA	Keypress: 5
207.7874	EXP	Set  image=./stimfiles/scenes/3116.jpg
208.3469	DATA	Keypress: 1
208.4488	DATA	Keypress: 5
209.7732	DATA	Keypress: 5
209.7882	EXP	Set  image=./stimfiles/scenes/3116.jpg
210.3359	DATA	Keypress: 4
210.7688	DATA	Keypress: 5
211.7891	EXP	Set  image=./stimfiles/scenes/921.jpg
211.9290	DATA	Keypress: 5
212.6249	DATA	Keypress: 1
213.7732	DATA	Keypress: 5
213.7899	EXP	Set  image=./stimfiles/scenes/552.jpg
214.2490	DATA	Keypress: 5
214.5210	DATA	Keypress: 1
215.7732	DATA	Keypress: 5
215.7907	EXP	Set  image=./stimfiles/scenes/506.jpg
216.4721	DATA	Keypress: 1
216.5691	DATA	Keypress: 5
217.7717	DATA	Keypress: 5
217.7916	EXP	Started presenting instructions
218.8087	EXP	Set instructions text=
219.7734	DATA	Keypress: 5
219.7924	EXP	Set  image=./stimfiles/chinese_characters/20676.jpg
220.0493	DATA	Keypress: 5
220.5208	DATA	Keypress: 1
221.7734	DATA	Keypress: 5
221.7931	EXP	Set  image=./stimfiles/chinese_characters/20784.jpg
222.3693	DATA	Keypress: 5
222.4632	DATA	Keypress: 1
223.7734	DATA	Keypress: 5
223.7940	EXP	Set  image=./stimfiles/chinese_characters/20676.jpg
224.2953	DATA	Keypress: 4
224.6893	DATA	Keypress: 5
225.7949	EXP	Set  image=./stimfiles/chinese_characters/24592.jpg
225.8493	DATA	Keypress: 5
226.3803	DATA	Keypress: 1
227.7734	DATA	Keypress: 5
227.7956	EXP	Set  image=./stimfiles/chinese_characters/26395.jpg
228.1685	DATA	Keypress: 5
228.4384	DATA	Keypress: 1
229.7734	DATA	Keypress: 5
229.7965	EXP	Set  image=./stimfiles/chinese_characters/24592.jpg
230.4095	DATA	Keypress: 4
230.4884	DATA	Keypress: 5
231.7734	DATA	Keypress: 5
231.7973	EXP	Set  image=./stimfiles/chinese_characters/26395.jpg
232.5925	DATA	Keypress: 4
233.7734	DATA	Keypress: 5
233.7815	EXP	Set  image=./stimfiles/chinese_characters/24592.jpg
233.9687	DATA	Keypress: 5
234.4706	DATA	Keypress: 1
235.7734	DATA	Keypress: 5
235.7822	EXP	Set  image=./stimfiles/chinese_characters/24641.jpg
236.2887	DATA	Keypress: 5
236.4436	DATA	Keypress: 1
237.7733	DATA	Keypress: 5
237.7830	EXP	Set  image=./stimfiles/chinese_characters/26395.jpg
238.4867	DATA	Keypress: 1
238.6087	DATA	Keypress: 5
239.7717	DATA	Keypress: 5
239.7840	EXP	Started presenting instructions
240.8010	EXP	Set instructions text=
241.7735	DATA	Keypress: 5
241.7847	EXP	Set  image=./stimfiles/chinese_characters/25841.jpg
242.0887	DATA	Keypress: 5
242.6790	DATA	Keypress: 1
243.7735	DATA	Keypress: 5
243.7856	EXP	Set  image=./stimfiles/chinese_characters/20796.jpg
244.4089	DATA	Keypress: 5
244.5930	DATA	Keypress: 1
245.7735	DATA	Keypress: 5
245.7864	EXP	Set  image=./stimfiles/chinese_characters/35357.jpg
246.4210	DATA	Keypress: 1
246.7289	DATA	Keypress: 5
247.7872	EXP	Set  image=./stimfiles/chinese_characters/25261.jpg
247.8891	DATA	Keypress: 5
248.2770	DATA	Keypress: 1
249.7750	DATA	Keypress: 5
249.7880	EXP	Set  image=./stimfiles/chinese_characters/25261.jpg
250.2089	DATA	Keypress: 5
250.2918	DATA	Keypress: 4
251.7736	DATA	Keypress: 5
251.7888	EXP	Set  image=./stimfiles/chinese_characters/35556.jpg
252.2381	DATA	Keypress: 1
252.5291	DATA	Keypress: 5
253.7736	DATA	Keypress: 5
253.7897	EXP	Set  image=./stimfiles/chinese_characters/35556.jpg
254.3482	DATA	Keypress: 4
255.7735	DATA	Keypress: 5
255.7905	EXP	Set  image=./stimfiles/chinese_characters/35556.jpg
256.0093	DATA	Keypress: 5
256.4972	DATA	Keypress: 4
257.7735	DATA	Keypress: 5
257.7913	EXP	Set  image=./stimfiles/chinese_characters/35556.jpg
258.3293	DATA	Keypress: 5
258.4279	DATA	Keypress: 4
259.7735	DATA	Keypress: 5
259.7921	EXP	Set  image=./stimfiles/chinese_characters/35512.jpg
260.3513	DATA	Keypress: 1
260.6493	DATA	Keypress: 5
261.7930	EXP	Started presenting instructions
262.5936	DATA	Keypress: 5
262.8100	EXP	Set instructions text=
263.7737	DATA	Keypress: 5
263.7938	EXP	Set  image=./stimfiles/faces/cropped_kirsty1.png
264.1284	DATA	Keypress: 5
264.4064	DATA	Keypress: 1
265.7737	DATA	Keypress: 5
265.7946	EXP	Set  image=./stimfiles/faces/cropped_kirsty1.png
266.4485	DATA	Keypress: 5
266.5365	DATA	Keypress: 4
267.7735	DATA	Keypress: 5
267.7955	EXP	Set  image=./stimfiles/faces/cropped_m-061-01.png
268.4994	DATA	Keypress: 1
268.7686	DATA	Keypress: 5
269.7963	EXP	Set  image=./stimfiles/faces/cropped_kirsty1.png
269.9285	DATA	Keypress: 5
270.7007	DATA	Keypress: 1
271.7737	DATA	Keypress: 5
271.7970	EXP	Set  image=./stimfiles/faces/cropped_630.png
272.2487	DATA	Keypress: 5
272.5917	DATA	Keypress: 1
273.7736	DATA	Keypress: 5
273.7812	EXP	Set  image=./stimfiles/faces/cropped_m13v1e1.png
274.3637	DATA	Keypress: 1
274.5685	DATA	Keypress: 5
275.7737	DATA	Keypress: 5
275.7820	EXP	Set  image=./stimfiles/faces/cropped_630.png
276.3648	DATA	Keypress: 1
277.7737	DATA	Keypress: 5
277.7828	EXP	Set  image=./stimfiles/faces/cropped_m4042.png
278.0486	DATA	Keypress: 5
278.4428	DATA	Keypress: 1
279.7737	DATA	Keypress: 5
279.7837	EXP	Set  image=./stimfiles/faces/cropped_m4042.png
280.2448	DATA	Keypress: 4
280.3689	DATA	Keypress: 5
281.7737	DATA	Keypress: 5
281.7845	EXP	Set  image=./stimfiles/faces/cropped_630.png
282.3600	DATA	Keypress: 1
282.6888	DATA	Keypress: 5
283.7853	EXP	Started presenting instructions
284.5861	DATA	Keypress: 5
284.8023	EXP	Set instructions text=
285.7739	DATA	Keypress: 5
285.7861	EXP	Set  image=./stimfiles/faces/cropped_465.png
286.1692	DATA	Keypress: 5
286.4100	DATA	Keypress: 1
287.7739	DATA	Keypress: 5
287.7870	EXP	Set  image=./stimfiles/faces/cropped_465.png
288.4893	DATA	Keypress: 5
288.5351	DATA	Keypress: 1
289.7739	DATA	Keypress: 5
289.7878	EXP	Set  image=./stimfiles/faces/cropped_25a.png
290.4902	DATA	Keypress: 1
291.7738	DATA	Keypress: 5
291.7887	EXP	Set  image=./stimfiles/faces/cropped_15.png
291.9693	DATA	Keypress: 5
292.3681	DATA	Keypress: 1
293.7739	DATA	Keypress: 5
293.7894	EXP	Set  image=./stimfiles/faces/cropped_15.png
294.2893	DATA	Keypress: 5
294.5473	DATA	Keypress: 1
295.7739	DATA	Keypress: 5
295.7903	EXP	Set  image=./stimfiles/faces/cropped_23.png
296.5204	DATA	Keypress: 1
296.6084	DATA	Keypress: 5
297.7739	DATA	Keypress: 5
297.7911	EXP	Set  image=./stimfiles/faces/cropped_15.png
298.2985	DATA	Keypress: 4
299.7739	DATA	Keypress: 5
299.7919	EXP	Set  image=./stimfiles/faces/cropped_23.png
300.0885	DATA	Keypress: 5
300.5616	DATA	Keypress: 4
301.7739	DATA	Keypress: 5
301.7927	EXP	Set  image=./stimfiles/faces/cropped_23.png
302.4085	DATA	Keypress: 5
303.7739	DATA	Keypress: 5
303.7935	EXP	Set  image=./stimfiles/faces/cropped_521.png
304.4156	DATA	Keypress: 1
304.7286	DATA	Keypress: 5
305.7944	EXP	Started presenting instructions
306.5952	DATA	Keypress: 5
306.8114	EXP	Set instructions text=
307.7739	DATA	Keypress: 5
307.7785	EXP	Set  image=./stimfiles/scenes/644.jpg
308.2088	DATA	Keypress: 5
308.4357	DATA	Keypress: 1
309.7740	DATA	Keypress: 5
309.7794	EXP	Set  image=./stimfiles/scenes/644.jpg
310.1708	DATA	Keypress: 1
310.5286	DATA	Keypress: 5
311.7740	DATA	Keypress: 5
311.7802	EXP	Set  image=./stimfiles/scenes/1642.jpg
312.3248	DATA	Keypress: 1
313.7740	DATA	Keypress: 5
313.7809	EXP	Set  image=./stimfiles/scenes/1119.jpg
314.0090	DATA	Keypress: 5
314.4049	DATA	Keypress: 1
315.7740	DATA	Keypress: 5
315.7818	EXP	Set  image=./stimfiles/scenes/1642.jpg
316.3290	DATA	Keypress: 5
316.5329	DATA	Keypress: 4
317.7740	DATA	Keypress: 5
317.7826	EXP	Set  image=./stimfiles/scenes/1347.jpg
318.6249	DATA	Keypress: 1
318.6490	DATA	Keypress: 5
319.7834	EXP	Set  image=./stimfiles/scenes/1119.jpg
319.8091	DATA	Keypress: 5
320.4691	DATA	Keypress: 1
321.7741	DATA	Keypress: 5
321.7842	EXP	Set  image=./stimfiles/scenes/1245.jpg
322.1291	DATA	Keypress: 5
322.5500	DATA	Keypress: 1
323.7741	DATA	Keypress: 5
323.7851	EXP	Set  image=./stimfiles/scenes/8.jpg
324.4332	DATA	Keypress: 1
324.4492	DATA	Keypress: 5
325.7740	DATA	Keypress: 5
325.7859	EXP	Set  image=./stimfiles/scenes/1119.jpg
326.3853	DATA	Keypress: 4
326.7692	DATA	Keypress: 5
347.7722	DATA	Keypress: 5
347.7727	DATA	Keypress: 5
347.7733	DATA	Keypress: 5
347.7739	DATA	Keypress: 5
347.7744	DATA	Keypress: 5
347.7749	DATA	Keypress: 5
347.7752	DATA	Keypress: 5
347.7756	DATA	Keypress: 5
347.7759	DATA	Keypress: 5
347.7762	DATA	Keypress: 5
347.7767	DATA	Keypress: 5
347.7770	DATA	Keypress: 5
347.7774	DATA	Keypress: 5
347.7778	DATA	Keypress: 5
347.7783	DATA	Keypress: 5
347.7788	DATA	Keypress: 5
347.7793	DATA	Keypress: 5
347.7797	DATA	Keypress: 5
347.7949	EXP	Started presenting instructions
348.8120	EXP	Set instructions text=
349.7742	DATA	Keypress: 5
349.7791	EXP	Set  image=./stimfiles/scenes/815.jpg
349.9690	DATA	Keypress: 5
350.3719	DATA	Keypress: 1
351.7742	DATA	Keypress: 5
351.7799	EXP	Set  image=./stimfiles/scenes/1836.jpg
352.2339	DATA	Keypress: 1
352.2889	DATA	Keypress: 5
353.7742	DATA	Keypress: 5
353.7807	EXP	Set  image=./stimfiles/scenes/1148.jpg
354.3899	DATA	Keypress: 1
354.6089	DATA	Keypress: 5
355.7741	DATA	Keypress: 5
355.7815	EXP	Set  image=./stimfiles/scenes/1148.jpg
356.6921	DATA	Keypress: 4
357.7740	DATA	Keypress: 5
357.7824	EXP	Set  image=./stimfiles/scenes/1148.jpg
358.0892	DATA	Keypress: 5
358.5252	DATA	Keypress: 4
359.7742	DATA	Keypress: 5
359.7831	EXP	Set  image=./stimfiles/scenes/1148.jpg
360.3543	DATA	Keypress: 4
360.4092	DATA	Keypress: 5
361.7742	DATA	Keypress: 5
361.7840	EXP	Set  image=./stimfiles/scenes/1148.jpg
362.3933	DATA	Keypress: 4
362.7293	DATA	Keypress: 5
363.7848	EXP	Set  image=./stimfiles/scenes/175.jpg
363.8894	DATA	Keypress: 5
364.3043	DATA	Keypress: 1
365.7742	DATA	Keypress: 5
365.7856	EXP	Set  image=./stimfiles/scenes/1148.jpg
366.2095	DATA	Keypress: 5
366.6734	DATA	Keypress: 1
367.7740	DATA	Keypress: 5
367.7864	EXP	Set  image=./stimfiles/scenes/201.jpg
368.3625	DATA	Keypress: 1
368.5284	DATA	Keypress: 5
369.7718	DATA	Keypress: 5
369.7872	EXP	Started presenting instructions
370.8044	EXP	Set instructions text=
371.7744	DATA	Keypress: 5
371.7881	EXP	Set  image=./stimfiles/chinese_characters/29396.jpg
372.0086	DATA	Keypress: 5
372.4024	DATA	Keypress: 1
373.7744	DATA	Keypress: 5
373.7889	EXP	Set  image=./stimfiles/chinese_characters/37207.jpg
374.3287	DATA	Keypress: 5
374.5096	DATA	Keypress: 1
375.7744	DATA	Keypress: 5
375.7898	EXP	Set  image=./stimfiles/chinese_characters/26480.jpg
376.3917	DATA	Keypress: 1
376.6487	DATA	Keypress: 5
377.7906	EXP	Set  image=./stimfiles/chinese_characters/29335.jpg
377.8088	DATA	Keypress: 5
378.5338	DATA	Keypress: 1
379.7744	DATA	Keypress: 5
379.7914	EXP	Set  image=./stimfiles/chinese_characters/25154.jpg
380.1288	DATA	Keypress: 5
380.4658	DATA	Keypress: 1
381.7744	DATA	Keypress: 5
381.7922	EXP	Set  image=./stimfiles/chinese_characters/20637.jpg
382.4489	DATA	Keypress: 5
382.5227	DATA	Keypress: 1
383.7744	DATA	Keypress: 5
383.7931	EXP	Set  image=./stimfiles/chinese_characters/25154.jpg
384.3831	DATA	Keypress: 4
384.7689	DATA	Keypress: 5
385.7938	EXP	Set  image=./stimfiles/chinese_characters/25394.jpg
385.9289	DATA	Keypress: 5
386.4688	DATA	Keypress: 1
387.7744	DATA	Keypress: 5
387.7947	EXP	Set  image=./stimfiles/chinese_characters/35410.jpg
388.2489	DATA	Keypress: 5
388.4179	DATA	Keypress: 4
389.7744	DATA	Keypress: 5
389.7956	EXP	Set  image=./stimfiles/chinese_characters/35410.jpg
390.5691	DATA	Keypress: 5
390.7660	DATA	Keypress: 1
391.7716	DATA	Keypress: 5
391.7963	EXP	Started presenting instructions
392.8134	EXP	Set instructions text=
393.7745	DATA	Keypress: 5
393.7971	EXP	Set  image=./stimfiles/chinese_characters/25928.jpg
394.0491	DATA	Keypress: 5
394.6342	DATA	Keypress: 1
395.7746	DATA	Keypress: 5
395.7980	EXP	Set  image=./stimfiles/chinese_characters/25928.jpg
396.3273	DATA	Keypress: 4
396.3693	DATA	Keypress: 5
397.7745	DATA	Keypress: 5
397.7821	EXP	Set  image=./stimfiles/chinese_characters/35380.jpg
398.3795	DATA	Keypress: 1
398.6893	DATA	Keypress: 5
399.7830	EXP	Set  image=./stimfiles/chinese_characters/25928.jpg
399.8494	DATA	Keypress: 5
400.4182	DATA	Keypress: 1
401.7744	DATA	Keypress: 5
401.7837	EXP	Set  image=./stimfiles/chinese_characters/25928.jpg
402.1685	DATA	Keypress: 5
402.4614	DATA	Keypress: 4
403.7746	DATA	Keypress: 5
403.7846	EXP	Set  image=./stimfiles/chinese_characters/25928.jpg
404.4594	DATA	Keypress: 4
404.4884	DATA	Keypress: 5
405.7743	DATA	Keypress: 5
405.7854	EXP	Set  image=./stimfiles/chinese_characters/33274.jpg
406.2986	DATA	Keypress: 1
407.7746	DATA	Keypress: 5
407.7863	EXP	Set  image=./stimfiles/chinese_characters/37228.jpg
407.9686	DATA	Keypress: 5
408.4186	DATA	Keypress: 1
409.7745	DATA	Keypress: 5
409.7870	EXP	Set  image=./stimfiles/chinese_characters/25928.jpg
410.2887	DATA	Keypress: 5
410.4837	DATA	Keypress: 1
411.7745	DATA	Keypress: 5
411.7879	EXP	Set  image=./stimfiles/chinese_characters/24649.jpg
412.4589	DATA	Keypress: 1
412.6087	DATA	Keypress: 5
413.7718	DATA	Keypress: 5
413.7886	EXP	Started presenting instructions
414.8057	EXP	Set instructions text=
415.7748	DATA	Keypress: 5
415.7895	EXP	Set  image=./stimfiles/faces/cropped_m1-021-01.png
416.0888	DATA	Keypress: 5
416.4098	DATA	Keypress: 1
417.7747	DATA	Keypress: 5
417.7903	EXP	Set  image=./stimfiles/faces/cropped_m1-021-01.png
418.4090	DATA	Keypress: 5
418.4308	DATA	Keypress: 4
419.7747	DATA	Keypress: 5
419.7911	EXP	Set  image=./stimfiles/faces/cropped_551.png
420.5340	DATA	Keypress: 1
420.7289	DATA	Keypress: 5
421.7920	EXP	Set  image=./stimfiles/faces/cropped_176.png
421.8891	DATA	Keypress: 5
422.5000	DATA	Keypress: 1
423.7745	DATA	Keypress: 5
423.7928	EXP	Set  image=./stimfiles/faces/cropped_551.png
424.2091	DATA	Keypress: 5
424.4019	DATA	Keypress: 1
425.7748	DATA	Keypress: 5
425.7937	EXP	Set  image=./stimfiles/faces/cropped_551.png
426.5291	DATA	Keypress: 5
426.5641	DATA	Keypress: 4
427.7747	DATA	Keypress: 5
427.7944	EXP	Set  image=./stimfiles/faces/cropped_176.png
428.3843	DATA	Keypress: 1
429.7748	DATA	Keypress: 5
429.7953	EXP	Set  image=./stimfiles/faces/cropped_123.png
430.0093	DATA	Keypress: 5
430.4972	DATA	Keypress: 1
431.7748	DATA	Keypress: 5
431.7960	EXP	Set  image=./stimfiles/faces/cropped_123.png
432.3293	DATA	Keypress: 5
432.6071	DATA	Keypress: 4
433.7747	DATA	Keypress: 5
433.7969	EXP	Set  image=./stimfiles/faces/cropped_123.png
434.5765	DATA	Keypress: 4
434.6493	DATA	Keypress: 5
435.7978	EXP	Started presenting instructions
436.5986	DATA	Keypress: 5
436.8148	EXP	Set instructions text=
437.7749	DATA	Keypress: 5
437.7985	EXP	Set  image=./stimfiles/faces/cropped_m2v1e1.png
438.1285	DATA	Keypress: 5
438.5824	DATA	Keypress: 1
439.7747	DATA	Keypress: 5
439.7827	EXP	Set  image=./stimfiles/faces/cropped_658.png
440.4486	DATA	Keypress: 5
440.5155	DATA	Keypress: 1
441.7749	DATA	Keypress: 5
441.7835	EXP	Set  image=./stimfiles/faces/cropped_m4014.png
442.6346	DATA	Keypress: 1
442.7685	DATA	Keypress: 5
443.7844	EXP	Set  image=./stimfiles/faces/cropped_m2v1e1.png
443.9287	DATA	Keypress: 5
444.6276	DATA	Keypress: 1
445.7749	DATA	Keypress: 5
445.7851	EXP	Set  image=./stimfiles/faces/cropped_199.png
446.2487	DATA	Keypress: 5
446.5947	DATA	Keypress: 1
447.7749	DATA	Keypress: 5
447.7860	EXP	Set  image=./stimfiles/faces/cropped_m7v1e1.png
448.5688	DATA	Keypress: 5
448.6187	DATA	Keypress: 1
449.7749	DATA	Keypress: 5
449.7868	EXP	Set  image=./stimfiles/faces/cropped_571.png
450.5739	DATA	Keypress: 1
451.7749	DATA	Keypress: 5
451.7876	EXP	Set  image=./stimfiles/faces/cropped_m7v1e1.png
452.0489	DATA	Keypress: 5
452.7608	DATA	Keypress: 4
453.7748	DATA	Keypress: 5
453.7885	EXP	Set  image=./stimfiles/faces/cropped_571.png
454.3689	DATA	Keypress: 5
454.7739	DATA	Keypress: 4
455.7749	DATA	Keypress: 5
455.7893	EXP	Set  image=./stimfiles/faces/cropped_212.png
456.4540	DATA	Keypress: 1
456.6890	DATA	Keypress: 5
457.7900	EXP	Started presenting instructions
458.5907	DATA	Keypress: 5
458.8071	EXP	Set instructions text=
459.7751	DATA	Keypress: 5
459.7909	EXP	Set  image=./stimfiles/scenes/1081.jpg
460.1691	DATA	Keypress: 5
460.4501	DATA	Keypress: 1
461.7751	DATA	Keypress: 5
461.7918	EXP	Set  image=./stimfiles/scenes/1087.jpg
462.4670	DATA	Keypress: 1
462.4891	DATA	Keypress: 5
463.7751	DATA	Keypress: 5
463.7925	EXP	Set  image=./stimfiles/scenes/1081.jpg
464.3061	DATA	Keypress: 4
465.7751	DATA	Keypress: 5
465.7934	EXP	Set  image=./stimfiles/scenes/1087.jpg
465.9693	DATA	Keypress: 5
466.5713	DATA	Keypress: 4
467.7751	DATA	Keypress: 5
467.7942	EXP	Set  image=./stimfiles/scenes/435.jpg
468.2893	DATA	Keypress: 5
468.5653	DATA	Keypress: 1
469.7750	DATA	Keypress: 5
469.7784	EXP	Set  image=./stimfiles/scenes/435.jpg
470.5324	DATA	Keypress: 1
470.6094	DATA	Keypress: 5
471.7750	DATA	Keypress: 5
471.7792	EXP	Set  image=./stimfiles/scenes/1087.jpg
472.6034	DATA	Keypress: 1
473.7751	DATA	Keypress: 5
473.7801	EXP	Set  image=./stimfiles/scenes/1769.jpg
474.0886	DATA	Keypress: 5
474.5355	DATA	Keypress: 1
475.7751	DATA	Keypress: 5
475.7808	EXP	Set  image=./stimfiles/scenes/1087.jpg
476.3114	DATA	Keypress: 4
476.4085	DATA	Keypress: 5
477.7751	DATA	Keypress: 5
477.7817	EXP	Set  image=./stimfiles/scenes/1769.jpg
478.6544	DATA	Keypress: 4
478.7285	DATA	Keypress: 5
