1.4131	INFO	Loaded calibration from:2012_09_26 16:15
1.4131	INFO	['2012_09_26 16:15']
1.4139	INFO	configured pyglet screen 0
1.4141	WARNING	User requested fullscreen with size [800 600], but screen is actually [1024, 768]. Using actual size
1.6046	INFO	Using gamma table of operating system
1.6288	EXP	Set Window color=[ 0.  0.  0.] (rgb)
2.1457	EXP	Started presenting 
49.3389	DATA	Keypress: 5
49.3398	DATA	Key pressed: 5
49.3486	EXP	Set  text=
49.3653	EXP	Started presenting instructions
50.3824	EXP	Set instructions text=
51.3508	DATA	Keypress: 5
51.3662	EXP	Set  image=./stimfiles/chinese_characters/20793.jpg
51.6310	DATA	Keypress: 5
51.9340	DATA	Keypress: 1
53.3507	DATA	Keypress: 5
53.3670	EXP	Set  image=./stimfiles/chinese_characters/24593.jpg
53.9512	DATA	Keypress: 5
54.2050	DATA	Keypress: 1
55.3511	DATA	Keypress: 5
55.3678	EXP	Set  image=./stimfiles/chinese_characters/20533.jpg
56.1702	DATA	Keypress: 1
56.2711	DATA	Keypress: 5
57.3686	EXP	Set  image=./stimfiles/chinese_characters/20793.jpg
57.4313	DATA	Keypress: 5
58.1032	DATA	Keypress: 1
59.3507	DATA	Keypress: 5
59.3695	EXP	Set  image=./stimfiles/chinese_characters/20793.jpg
59.7503	DATA	Keypress: 5
60.2133	DATA	Keypress: 1
61.3507	DATA	Keypress: 5
61.3703	EXP	Set  image=./stimfiles/chinese_characters/26248.jpg
62.0704	DATA	Keypress: 5
62.1423	DATA	Keypress: 1
63.3508	DATA	Keypress: 5
63.3711	EXP	Set  image=./stimfiles/chinese_characters/20793.jpg
63.8905	DATA	Keypress: 4
65.3508	DATA	Keypress: 5
65.3719	EXP	Set  image=./stimfiles/chinese_characters/32024.jpg
65.5505	DATA	Keypress: 5
66.1266	DATA	Keypress: 1
67.3507	DATA	Keypress: 5
67.3728	EXP	Set  image=./stimfiles/chinese_characters/20793.jpg
67.8706	DATA	Keypress: 5
67.8725	DATA	Keypress: 4
69.3507	DATA	Keypress: 5
69.3736	EXP	Set  image=./stimfiles/chinese_characters/32024.jpg
70.1905	DATA	Keypress: 5
70.3016	DATA	Keypress: 4
71.3576	DATA	Keypress: 5
71.3745	EXP	Started presenting instructions
72.3915	EXP	Set instructions text=
73.3510	DATA	Keypress: 5
73.3586	EXP	Set  image=./stimfiles/faces/cropped_johannes1.png
73.6707	DATA	Keypress: 5
74.1968	DATA	Keypress: 1
75.3509	DATA	Keypress: 5
75.3594	EXP	Set  image=./stimfiles/faces/cropped_451.png
75.9908	DATA	Keypress: 5
76.0688	DATA	Keypress: 1
77.3509	DATA	Keypress: 5
77.3603	EXP	Set  image=./stimfiles/faces/cropped_370.png
78.0019	DATA	Keypress: 1
78.3109	DATA	Keypress: 5
79.3610	EXP	Set  image=./stimfiles/faces/cropped_451.png
79.4710	DATA	Keypress: 5
80.0790	DATA	Keypress: 4
81.3507	DATA	Keypress: 5
81.3618	EXP	Set  image=./stimfiles/faces/cropped_589.png
81.7910	DATA	Keypress: 5
81.9899	DATA	Keypress: 1
83.3509	DATA	Keypress: 5
83.3627	EXP	Set  image=./stimfiles/faces/cropped_108.png
83.9651	DATA	Keypress: 1
84.1111	DATA	Keypress: 5
85.3509	DATA	Keypress: 5
85.3636	EXP	Set  image=./stimfiles/faces/cropped_589.png
86.0992	DATA	Keypress: 1
87.3509	DATA	Keypress: 5
87.3644	EXP	Set  image=./stimfiles/faces/cropped_f4027.png
87.5913	DATA	Keypress: 5
88.0991	DATA	Keypress: 1
89.3509	DATA	Keypress: 5
89.3652	EXP	Set  image=./stimfiles/faces/cropped_589.png
89.9113	DATA	Keypress: 5
90.0053	DATA	Keypress: 4
91.3509	DATA	Keypress: 5
91.3661	EXP	Set  image=./stimfiles/faces/cropped_962.png
92.0154	DATA	Keypress: 1
92.2313	DATA	Keypress: 5
93.3668	EXP	Started presenting instructions
94.1677	DATA	Keypress: 5
94.3840	EXP	Set instructions text=
95.3510	DATA	Keypress: 5
95.3677	EXP	Set  image=./stimfiles/faces/cropped_986.png
95.7115	DATA	Keypress: 5
96.0265	DATA	Keypress: 1
97.3511	DATA	Keypress: 5
97.3685	EXP	Set  image=./stimfiles/faces/cropped_120.png
97.8695	DATA	Keypress: 1
98.0315	DATA	Keypress: 5
99.3509	DATA	Keypress: 5
99.3694	EXP	Set  image=./stimfiles/faces/cropped_754.png
100.0147	DATA	Keypress: 1
100.3515	DATA	Keypress: 5
101.3702	EXP	Set  image=./stimfiles/faces/cropped_derek1.png
101.5118	DATA	Keypress: 5
101.8768	DATA	Keypress: 1
103.3511	DATA	Keypress: 5
103.3710	EXP	Set  image=./stimfiles/faces/cropped_529.png
103.8317	DATA	Keypress: 5
103.8857	DATA	Keypress: 1
105.3511	DATA	Keypress: 5
105.3718	EXP	Set  image=./stimfiles/faces/cropped_754.png
106.1398	DATA	Keypress: 1
106.1518	DATA	Keypress: 5
107.3511	DATA	Keypress: 5
107.3727	EXP	Set  image=./stimfiles/faces/cropped_116.png
107.9749	DATA	Keypress: 1
109.3511	DATA	Keypress: 5
109.3735	EXP	Set  image=./stimfiles/faces/cropped_12.png
109.6320	DATA	Keypress: 5
109.8999	DATA	Keypress: 1
111.3511	DATA	Keypress: 5
111.3744	EXP	Set  image=./stimfiles/faces/cropped_12.png
111.9510	DATA	Keypress: 5
112.0140	DATA	Keypress: 4
113.3511	DATA	Keypress: 5
113.3751	EXP	Set  image=./stimfiles/faces/cropped_12.png
114.0271	DATA	Keypress: 4
114.2711	DATA	Keypress: 5
115.3593	EXP	Started presenting instructions
116.1602	DATA	Keypress: 5
116.3764	EXP	Set instructions text=
117.3513	DATA	Keypress: 5
117.3602	EXP	Set  image=./stimfiles/chinese_characters/24766.jpg
117.7512	DATA	Keypress: 5
119.3514	DATA	Keypress: 1
119.3520	DATA	Keypress: 5
119.3610	EXP	Set  image=./stimfiles/chinese_characters/24766.jpg
119.9142	DATA	Keypress: 4
120.0714	DATA	Keypress: 5
121.3513	DATA	Keypress: 5
121.3619	EXP	Set  image=./stimfiles/chinese_characters/25417.jpg
121.7973	DATA	Keypress: 1
123.3513	DATA	Keypress: 5
123.3626	EXP	Set  image=./stimfiles/chinese_characters/29746.jpg
123.5515	DATA	Keypress: 5
123.8213	DATA	Keypress: 1
125.3513	DATA	Keypress: 5
125.3635	EXP	Set  image=./stimfiles/chinese_characters/24766.jpg
125.8135	DATA	Keypress: 1
125.8714	DATA	Keypress: 5
127.3513	DATA	Keypress: 5
127.3643	EXP	Set  image=./stimfiles/chinese_characters/24766.jpg
127.9185	DATA	Keypress: 4
128.1915	DATA	Keypress: 5
129.3651	EXP	Set  image=./stimfiles/chinese_characters/35549.jpg
129.3655	DATA	Keypress: 5
130.1996	DATA	Keypress: 1
131.3516	DATA	Keypress: 5
131.3660	EXP	Set  image=./stimfiles/chinese_characters/35549.jpg
131.6717	DATA	Keypress: 5
132.1408	DATA	Keypress: 4
133.3513	DATA	Keypress: 5
133.3668	EXP	Set  image=./stimfiles/chinese_characters/26034.jpg
133.9628	DATA	Keypress: 1
133.9917	DATA	Keypress: 5
135.3513	DATA	Keypress: 5
135.3677	EXP	Set  image=./stimfiles/chinese_characters/24802.jpg
135.9458	DATA	Keypress: 1
136.3118	DATA	Keypress: 5
137.3684	EXP	Started presenting instructions
138.1693	DATA	Keypress: 5
138.3856	EXP	Set instructions text=
139.3514	DATA	Keypress: 5
139.3693	EXP	Set  image=./stimfiles/scenes/1725.jpg
139.7919	DATA	Keypress: 5
140.2200	DATA	Keypress: 1
141.3514	DATA	Keypress: 5
141.3701	EXP	Set  image=./stimfiles/scenes/341.jpg
141.9831	DATA	Keypress: 1
142.1120	DATA	Keypress: 5
143.3514	DATA	Keypress: 5
143.3709	EXP	Set  image=./stimfiles/scenes/1871.jpg
143.9260	DATA	Keypress: 1
145.3514	DATA	Keypress: 5
145.3551	EXP	Set  image=./stimfiles/scenes/967.jpg
145.5921	DATA	Keypress: 5
145.9371	DATA	Keypress: 1
147.3514	DATA	Keypress: 5
147.3559	EXP	Set  image=./stimfiles/scenes/1130.jpg
147.8652	DATA	Keypress: 1
147.9121	DATA	Keypress: 5
149.3514	DATA	Keypress: 5
149.3568	EXP	Set  image=./stimfiles/scenes/1741.jpg
150.0163	DATA	Keypress: 1
150.2323	DATA	Keypress: 5
151.3576	EXP	Set  image=./stimfiles/scenes/1070.jpg
151.3924	DATA	Keypress: 5
151.8633	DATA	Keypress: 1
153.3514	DATA	Keypress: 5
153.3584	EXP	Set  image=./stimfiles/scenes/1768.jpg
153.7124	DATA	Keypress: 5
153.8804	DATA	Keypress: 1
155.3514	DATA	Keypress: 5
155.3593	EXP	Set  image=./stimfiles/scenes/1768.jpg
155.9104	DATA	Keypress: 4
156.0325	DATA	Keypress: 5
157.3514	DATA	Keypress: 5
157.3600	EXP	Set  image=./stimfiles/scenes/1481.jpg
157.8945	DATA	Keypress: 1
158.3525	DATA	Keypress: 5
159.3609	EXP	Started presenting instructions
160.1615	DATA	Keypress: 5
160.3780	EXP	Set instructions text=
161.3516	DATA	Keypress: 5
161.3617	EXP	Set  image=./stimfiles/scenes/660.jpg
161.8318	DATA	Keypress: 5
162.0587	DATA	Keypress: 1
163.3515	DATA	Keypress: 5
163.3625	EXP	Set  image=./stimfiles/scenes/3039.jpg
163.9947	DATA	Keypress: 1
164.1517	DATA	Keypress: 5
165.3515	DATA	Keypress: 5
165.3633	EXP	Set  image=./stimfiles/scenes/3039.jpg
166.2398	DATA	Keypress: 1
167.3520	DATA	Keypress: 5
167.3642	EXP	Set  image=./stimfiles/scenes/1705.jpg
167.6318	DATA	Keypress: 5
167.9208	DATA	Keypress: 1
169.3514	DATA	Keypress: 5
169.3650	EXP	Set  image=./stimfiles/scenes/1421.jpg
169.9520	DATA	Keypress: 5
170.0519	DATA	Keypress: 1
171.3516	DATA	Keypress: 5
171.3658	EXP	Set  image=./stimfiles/scenes/1267.jpg
171.8700	DATA	Keypress: 1
172.2721	DATA	Keypress: 5
173.3667	EXP	Set  image=./stimfiles/scenes/1421.jpg
173.4321	DATA	Keypress: 5
173.9280	DATA	Keypress: 1
175.3516	DATA	Keypress: 5
175.3675	EXP	Set  image=./stimfiles/scenes/1241.jpg
175.7521	DATA	Keypress: 5
175.8981	DATA	Keypress: 1
177.3514	DATA	Keypress: 5
177.3683	EXP	Set  image=./stimfiles/scenes/1267.jpg
177.8971	DATA	Keypress: 1
178.0722	DATA	Keypress: 5
179.3516	DATA	Keypress: 5
179.3692	EXP	Set  image=./stimfiles/scenes/1694.jpg
179.9122	DATA	Keypress: 1
201.3507	DATA	Keypress: 5
201.3511	DATA	Keypress: 5
201.3516	DATA	Keypress: 5
201.3519	DATA	Keypress: 5
201.3522	DATA	Keypress: 5
201.3526	DATA	Keypress: 5
201.3529	DATA	Keypress: 5
201.3532	DATA	Keypress: 5
201.3536	DATA	Keypress: 5
201.3539	DATA	Keypress: 5
201.3542	DATA	Keypress: 5
201.3546	DATA	Keypress: 5
201.3549	DATA	Keypress: 5
201.3553	DATA	Keypress: 5
201.3556	DATA	Keypress: 5
201.3559	DATA	Keypress: 5
201.3563	DATA	Keypress: 5
201.3566	DATA	Keypress: 5
201.3571	DATA	Keypress: 5
201.3783	EXP	Started presenting instructions
202.3954	EXP	Set instructions text=
203.3518	DATA	Keypress: 5
203.3624	EXP	Set  image=./stimfiles/chinese_characters/25293.jpg
203.5930	DATA	Keypress: 5
203.8660	DATA	Keypress: 1
205.3518	DATA	Keypress: 5
205.3633	EXP	Set  image=./stimfiles/chinese_characters/25476.jpg
205.7871	DATA	Keypress: 1
205.9130	DATA	Keypress: 5
207.3518	DATA	Keypress: 5
207.3641	EXP	Set  image=./stimfiles/chinese_characters/29399.jpg
208.0652	DATA	Keypress: 1
208.2331	DATA	Keypress: 5
209.3649	EXP	Set  image=./stimfiles/chinese_characters/25476.jpg
209.3933	DATA	Keypress: 5
210.1252	DATA	Keypress: 4
211.3519	DATA	Keypress: 5
211.3657	EXP	Set  image=./stimfiles/chinese_characters/24817.jpg
211.7134	DATA	Keypress: 5
212.0173	DATA	Keypress: 1
213.3518	DATA	Keypress: 5
213.3666	EXP	Set  image=./stimfiles/chinese_characters/25476.jpg
214.0324	DATA	Keypress: 5
214.2614	DATA	Keypress: 1
215.3522	DATA	Keypress: 5
215.3674	EXP	Set  image=./stimfiles/chinese_characters/25588.jpg
216.1364	DATA	Keypress: 1
216.3524	DATA	Keypress: 5
217.3682	EXP	Set  image=./stimfiles/chinese_characters/25476.jpg
217.5126	DATA	Keypress: 5
219.3518	DATA	Keypress: 1
219.3524	DATA	Keypress: 5
219.3690	EXP	Set  image=./stimfiles/chinese_characters/35545.jpg
219.8325	DATA	Keypress: 5
220.2126	DATA	Keypress: 4
221.3517	DATA	Keypress: 5
221.3700	EXP	Set  image=./stimfiles/chinese_characters/25588.jpg
222.1187	DATA	Keypress: 4
222.1524	DATA	Keypress: 5
223.3503	DATA	Keypress: 5
223.3708	EXP	Started presenting instructions
224.3878	EXP	Set instructions text=
225.3519	DATA	Keypress: 5
225.3715	EXP	Set  image=./stimfiles/faces/cropped_04047.png
225.6327	DATA	Keypress: 5
226.0237	DATA	Keypress: 1
227.3520	DATA	Keypress: 5
227.3724	EXP	Set  image=./stimfiles/faces/cropped_334.png
227.9528	DATA	Keypress: 5
227.9568	DATA	Keypress: 1
229.3519	DATA	Keypress: 5
229.3732	EXP	Set  image=./stimfiles/faces/cropped_39MVC-003F.png
229.9220	DATA	Keypress: 1
230.2729	DATA	Keypress: 5
231.3741	EXP	Set  image=./stimfiles/faces/cropped_04047.png
231.4330	DATA	Keypress: 5
232.2461	DATA	Keypress: 1
233.3523	DATA	Keypress: 5
233.3749	EXP	Set  image=./stimfiles/faces/cropped_04047.png
233.7530	DATA	Keypress: 5
233.9919	DATA	Keypress: 1
235.3520	DATA	Keypress: 5
235.3757	EXP	Set  image=./stimfiles/faces/cropped_04047.png
236.0281	DATA	Keypress: 4
236.0730	DATA	Keypress: 5
237.3518	DATA	Keypress: 5
237.3599	EXP	Set  image=./stimfiles/faces/cropped_04047.png
238.0611	DATA	Keypress: 4
239.3519	DATA	Keypress: 5
239.3607	EXP	Set  image=./stimfiles/faces/cropped_198.png
239.5532	DATA	Keypress: 5
239.9662	DATA	Keypress: 1
241.3519	DATA	Keypress: 5
241.3616	EXP	Set  image=./stimfiles/faces/cropped_198.png
241.8733	DATA	Keypress: 5
242.0492	DATA	Keypress: 1
243.3519	DATA	Keypress: 5
243.3623	EXP	Set  image=./stimfiles/faces/cropped_04047.png
244.1934	DATA	Keypress: 5
244.2583	DATA	Keypress: 1
245.3584	DATA	Keypress: 5
245.3632	EXP	Started presenting instructions
246.3803	EXP	Set instructions text=
247.3521	DATA	Keypress: 5
247.3640	EXP	Set  image=./stimfiles/faces/cropped_544.png
247.6735	DATA	Keypress: 5
248.0535	DATA	Keypress: 1
249.3521	DATA	Keypress: 5
249.3648	EXP	Set  image=./stimfiles/faces/cropped_509.png
249.9936	DATA	Keypress: 5
250.0535	DATA	Keypress: 1
251.3521	DATA	Keypress: 5
251.3657	EXP	Set  image=./stimfiles/faces/cropped_544.png
252.2127	DATA	Keypress: 4
252.3135	DATA	Keypress: 5
253.3664	EXP	Set  image=./stimfiles/faces/cropped_509.png
253.4737	DATA	Keypress: 5
254.3407	DATA	Keypress: 4
255.3524	DATA	Keypress: 5
255.3673	EXP	Set  image=./stimfiles/faces/cropped_f4017.png
255.7937	DATA	Keypress: 5
255.9417	DATA	Keypress: 1
257.3520	DATA	Keypress: 5
257.3682	EXP	Set  image=./stimfiles/faces/cropped_544.png
257.9976	DATA	Keypress: 1
258.1138	DATA	Keypress: 5
259.3521	DATA	Keypress: 5
259.3690	EXP	Set  image=./stimfiles/faces/cropped_20MVC-003F.png
260.1638	DATA	Keypress: 1
261.3521	DATA	Keypress: 5
261.3698	EXP	Set  image=./stimfiles/faces/cropped_169.png
261.5939	DATA	Keypress: 5
262.0199	DATA	Keypress: 1
263.3521	DATA	Keypress: 5
263.3706	EXP	Set  image=./stimfiles/faces/cropped_111.png
263.9129	DATA	Keypress: 5
264.1840	DATA	Keypress: 1
265.3521	DATA	Keypress: 5
265.3715	EXP	Set  image=./stimfiles/faces/cropped_583.png
265.9280	DATA	Keypress: 1
266.2330	DATA	Keypress: 5
267.3723	EXP	Started presenting instructions
268.1730	DATA	Keypress: 5
268.3893	EXP	Set instructions text=
269.3523	DATA	Keypress: 5
269.3731	EXP	Set  image=./stimfiles/chinese_characters/25642.jpg
269.7132	DATA	Keypress: 5
269.9481	DATA	Keypress: 1
271.3523	DATA	Keypress: 5
271.3740	EXP	Set  image=./stimfiles/chinese_characters/25400.jpg
271.9462	DATA	Keypress: 1
272.0334	DATA	Keypress: 5
273.3523	DATA	Keypress: 5
273.3748	EXP	Set  image=./stimfiles/chinese_characters/27491.jpg
273.8933	DATA	Keypress: 1
274.3532	DATA	Keypress: 5
275.3589	EXP	Set  image=./stimfiles/chinese_characters/25642.jpg
275.5134	DATA	Keypress: 5
276.2643	DATA	Keypress: 1
277.3525	DATA	Keypress: 5
277.3765	EXP	Set  image=./stimfiles/chinese_characters/27491.jpg
277.8334	DATA	Keypress: 5
278.0024	DATA	Keypress: 1
279.3522	DATA	Keypress: 5
279.3606	EXP	Set  image=./stimfiles/chinese_characters/27491.jpg
279.8184	DATA	Keypress: 4
280.1536	DATA	Keypress: 5
281.3523	DATA	Keypress: 5
281.3614	EXP	Set  image=./stimfiles/chinese_characters/25806.jpg
281.9146	DATA	Keypress: 1
283.3523	DATA	Keypress: 5
283.3623	EXP	Set  image=./stimfiles/chinese_characters/37280.jpg
283.6336	DATA	Keypress: 5
284.0146	DATA	Keypress: 1
285.3523	DATA	Keypress: 5
285.3631	EXP	Set  image=./stimfiles/chinese_characters/29864.jpg
285.9537	DATA	Keypress: 5
286.1237	DATA	Keypress: 1
287.3523	DATA	Keypress: 5
287.3639	EXP	Set  image=./stimfiles/chinese_characters/25806.jpg
288.0228	DATA	Keypress: 1
288.2738	DATA	Keypress: 5
289.3814	EXP	Started presenting instructions
290.1822	DATA	Keypress: 5
290.3985	EXP	Set instructions text=
291.3523	DATA	Keypress: 5
291.3656	EXP	Set  image=./stimfiles/scenes/712.jpg
291.7537	DATA	Keypress: 5
292.0628	DATA	Keypress: 1
293.3524	DATA	Keypress: 5
293.3664	EXP	Set  image=./stimfiles/scenes/1082.jpg
293.9439	DATA	Keypress: 1
294.0739	DATA	Keypress: 5
295.3525	DATA	Keypress: 5
295.3672	EXP	Set  image=./stimfiles/scenes/712.jpg
295.9070	DATA	Keypress: 1
297.3525	DATA	Keypress: 5
297.3680	EXP	Set  image=./stimfiles/scenes/1082.jpg
297.5541	DATA	Keypress: 5
297.9280	DATA	Keypress: 1
299.3525	DATA	Keypress: 5
299.3688	EXP	Set  image=./stimfiles/scenes/1082.jpg
299.8741	DATA	Keypress: 5
299.9751	DATA	Keypress: 4
301.3524	DATA	Keypress: 5
301.3697	EXP	Set  image=./stimfiles/scenes/1791.jpg
301.9342	DATA	Keypress: 1
302.1942	DATA	Keypress: 5
303.3705	EXP	Set  image=./stimfiles/scenes/1082.jpg
303.3709	DATA	Keypress: 5
304.0642	DATA	Keypress: 1
305.3523	DATA	Keypress: 5
305.3713	EXP	Set  image=./stimfiles/scenes/711.jpg
305.6743	DATA	Keypress: 5
305.9353	DATA	Keypress: 1
307.3525	DATA	Keypress: 5
307.3722	EXP	Set  image=./stimfiles/scenes/1082.jpg
307.9944	DATA	Keypress: 5
308.1204	DATA	Keypress: 1
309.3525	DATA	Keypress: 5
309.3564	EXP	Set  image=./stimfiles/scenes/481.jpg
310.0314	DATA	Keypress: 1
310.3144	DATA	Keypress: 5
311.3738	EXP	Started presenting instructions
312.1747	DATA	Keypress: 5
312.3909	EXP	Set instructions text=
313.3526	DATA	Keypress: 5
313.3580	EXP	Set  image=./stimfiles/scenes/1783.jpg
313.7935	DATA	Keypress: 5
313.9806	DATA	Keypress: 1
315.3526	DATA	Keypress: 5
315.3588	EXP	Set  image=./stimfiles/scenes/0.jpg
315.8886	DATA	Keypress: 1
316.1136	DATA	Keypress: 5
317.3525	DATA	Keypress: 5
317.3596	EXP	Set  image=./stimfiles/scenes/1783.jpg
318.0587	DATA	Keypress: 4
319.3527	DATA	Keypress: 5
319.3604	EXP	Set  image=./stimfiles/scenes/0.jpg
319.5937	DATA	Keypress: 5
320.1747	DATA	Keypress: 4
321.3526	DATA	Keypress: 5
321.3613	EXP	Set  image=./stimfiles/scenes/383.jpg
321.8938	DATA	Keypress: 1
321.9138	DATA	Keypress: 5
323.3526	DATA	Keypress: 5
323.3622	EXP	Set  image=./stimfiles/scenes/1783.jpg
324.1059	DATA	Keypress: 1
324.2338	DATA	Keypress: 5
325.3629	EXP	Set  image=./stimfiles/scenes/383.jpg
325.3940	DATA	Keypress: 5
326.1499	DATA	Keypress: 4
327.3526	DATA	Keypress: 5
327.3638	EXP	Set  image=./stimfiles/scenes/1783.jpg
327.7139	DATA	Keypress: 5
328.1530	DATA	Keypress: 4
329.3526	DATA	Keypress: 5
329.3646	EXP	Set  image=./stimfiles/scenes/1166.jpg
329.9821	DATA	Keypress: 1
330.0341	DATA	Keypress: 5
331.3526	DATA	Keypress: 5
331.3654	EXP	Set  image=./stimfiles/scenes/1176.jpg
331.9522	DATA	Keypress: 1
332.3541	DATA	Keypress: 5
353.3509	DATA	Keypress: 5
353.3515	DATA	Keypress: 5
353.3520	DATA	Keypress: 5
353.3525	DATA	Keypress: 5
353.3531	DATA	Keypress: 5
353.3536	DATA	Keypress: 5
353.3539	DATA	Keypress: 5
353.3542	DATA	Keypress: 5
353.3546	DATA	Keypress: 5
353.3549	DATA	Keypress: 5
353.3553	DATA	Keypress: 5
353.3556	DATA	Keypress: 5
353.3560	DATA	Keypress: 5
353.3565	DATA	Keypress: 5
353.3570	DATA	Keypress: 5
353.3575	DATA	Keypress: 5
353.3581	DATA	Keypress: 5
353.3586	DATA	Keypress: 5
353.3746	EXP	Started presenting instructions
354.3916	EXP	Set instructions text=
355.3528	DATA	Keypress: 5
355.3754	EXP	Set  image=./stimfiles/chinese_characters/26269.jpg
355.5550	DATA	Keypress: 5
355.9629	DATA	Keypress: 1
357.3528	DATA	Keypress: 5
357.3762	EXP	Set  image=./stimfiles/chinese_characters/25151.jpg
357.8749	DATA	Keypress: 5
357.9220	DATA	Keypress: 1
359.3528	DATA	Keypress: 5
359.3603	EXP	Set  image=./stimfiles/chinese_characters/25401.jpg
359.9920	DATA	Keypress: 1
360.1950	DATA	Keypress: 5
361.3611	EXP	Set  image=./stimfiles/chinese_characters/26155.jpg
361.3615	DATA	Keypress: 5
362.2201	DATA	Keypress: 4
363.3530	DATA	Keypress: 5
363.3621	EXP	Set  image=./stimfiles/chinese_characters/26595.jpg
363.6753	DATA	Keypress: 5
364.1052	DATA	Keypress: 1
365.3528	DATA	Keypress: 5
365.3628	EXP	Set  image=./stimfiles/chinese_characters/26595.jpg
365.9943	DATA	Keypress: 5
366.2172	DATA	Keypress: 1
367.3530	DATA	Keypress: 5
367.3637	EXP	Set  image=./stimfiles/chinese_characters/26595.jpg
367.9303	DATA	Keypress: 4
368.3143	DATA	Keypress: 5
369.3645	EXP	Set  image=./stimfiles/chinese_characters/37221.jpg
369.4745	DATA	Keypress: 5
369.9724	DATA	Keypress: 1
371.3528	DATA	Keypress: 5
371.3653	EXP	Set  image=./stimfiles/chinese_characters/29835.jpg
371.7944	DATA	Keypress: 5
372.0025	DATA	Keypress: 1
373.3528	DATA	Keypress: 5
373.3661	EXP	Set  image=./stimfiles/chinese_characters/37221.jpg
374.0565	DATA	Keypress: 1
374.1145	DATA	Keypress: 5
375.3503	DATA	Keypress: 5
375.3670	EXP	Started presenting instructions
376.3840	EXP	Set instructions text=
377.3529	DATA	Keypress: 5
377.3678	EXP	Set  image=./stimfiles/faces/cropped_687.png
377.5946	DATA	Keypress: 5
377.9926	DATA	Keypress: 1
379.3530	DATA	Keypress: 5
379.3686	EXP	Set  image=./stimfiles/faces/cropped_856.png
379.9147	DATA	Keypress: 5
379.9446	DATA	Keypress: 1
381.3530	DATA	Keypress: 5
381.3695	EXP	Set  image=./stimfiles/faces/cropped_259.png
381.9986	DATA	Keypress: 1
382.2347	DATA	Keypress: 5
383.3702	EXP	Set  image=./stimfiles/faces/cropped_308.png
383.3949	DATA	Keypress: 5
384.0138	DATA	Keypress: 1
385.3530	DATA	Keypress: 5
385.3712	EXP	Set  image=./stimfiles/faces/cropped_00571015.png
385.7148	DATA	Keypress: 5
386.1059	DATA	Keypress: 1
387.3529	DATA	Keypress: 5
387.3720	EXP	Set  image=./stimfiles/faces/cropped_308.png
387.8879	DATA	Keypress: 4
388.0350	DATA	Keypress: 5
389.3530	DATA	Keypress: 5
389.3727	EXP	Set  image=./stimfiles/faces/cropped_697.png
390.1591	DATA	Keypress: 1
390.3550	DATA	Keypress: 5
391.3736	EXP	Set  image=./stimfiles/faces/cropped_308.png
391.5151	DATA	Keypress: 5
392.0811	DATA	Keypress: 4
393.3530	DATA	Keypress: 5
393.3744	EXP	Set  image=./stimfiles/faces/cropped_107.png
393.8351	DATA	Keypress: 5
393.9601	DATA	Keypress: 1
395.3530	DATA	Keypress: 5
395.3752	EXP	Set  image=./stimfiles/faces/cropped_308.png
396.1232	DATA	Keypress: 1
396.1552	DATA	Keypress: 5
397.3503	DATA	Keypress: 5
397.3761	EXP	Started presenting instructions
398.3931	EXP	Set instructions text=
399.3532	DATA	Keypress: 5
399.3769	EXP	Set  image=./stimfiles/faces/cropped_dbell1.png
399.6353	DATA	Keypress: 5
400.0733	DATA	Keypress: 1
401.3531	DATA	Keypress: 5
401.3610	EXP	Set  image=./stimfiles/faces/cropped_dbell1.png
401.9555	DATA	Keypress: 5
402.0714	DATA	Keypress: 4
403.3532	DATA	Keypress: 5
403.3619	EXP	Set  image=./stimfiles/faces/cropped_179.png
404.0024	DATA	Keypress: 1
404.2755	DATA	Keypress: 5
405.3627	EXP	Set  image=./stimfiles/faces/cropped_17MVC-003F.png
405.4356	DATA	Keypress: 5
405.9635	DATA	Keypress: 1
407.3531	DATA	Keypress: 5
407.3636	EXP	Set  image=./stimfiles/faces/cropped_179.png
407.7555	DATA	Keypress: 5
408.1346	DATA	Keypress: 1
409.3531	DATA	Keypress: 5
409.3643	EXP	Set  image=./stimfiles/faces/cropped_179.png
410.0756	DATA	Keypress: 5
410.2986	DATA	Keypress: 4
411.3534	DATA	Keypress: 5
411.3652	EXP	Set  image=./stimfiles/faces/cropped_179.png
412.1287	DATA	Keypress: 4
413.3531	DATA	Keypress: 5
413.3661	EXP	Set  image=./stimfiles/faces/cropped_179.png
413.5558	DATA	Keypress: 5
414.1208	DATA	Keypress: 4
415.3531	DATA	Keypress: 5
415.3668	EXP	Set  image=./stimfiles/faces/cropped_179.png
415.8748	DATA	Keypress: 5
415.9768	DATA	Keypress: 4
417.3531	DATA	Keypress: 5
417.3677	EXP	Set  image=./stimfiles/faces/cropped_112.png
417.8728	DATA	Keypress: 1
418.1949	DATA	Keypress: 5
419.3589	DATA	Keypress: 5
419.3685	EXP	Started presenting instructions
420.3856	EXP	Set instructions text=
421.3533	DATA	Keypress: 5
421.3693	EXP	Set  image=./stimfiles/chinese_characters/26204.jpg
421.6750	DATA	Keypress: 5
421.8840	DATA	Keypress: 1
423.3533	DATA	Keypress: 5
423.3701	EXP	Set  image=./stimfiles/chinese_characters/25487.jpg
423.9950	DATA	Keypress: 5
424.0431	DATA	Keypress: 1
425.3534	DATA	Keypress: 5
425.3710	EXP	Set  image=./stimfiles/chinese_characters/31380.jpg
425.9672	DATA	Keypress: 1
426.3152	DATA	Keypress: 5
427.3718	EXP	Set  image=./stimfiles/chinese_characters/26355.jpg
427.4753	DATA	Keypress: 5
427.9602	DATA	Keypress: 1
429.3532	DATA	Keypress: 5
429.3726	EXP	Set  image=./stimfiles/chinese_characters/31380.jpg
429.7953	DATA	Keypress: 5
429.9092	DATA	Keypress: 1
431.3532	DATA	Keypress: 5
431.3735	EXP	Set  image=./stimfiles/chinese_characters/31380.jpg
431.8194	DATA	Keypress: 4
432.1153	DATA	Keypress: 5
433.3533	DATA	Keypress: 5
433.3743	EXP	Set  image=./stimfiles/chinese_characters/24643.jpg
434.3285	DATA	Keypress: 1
435.3533	DATA	Keypress: 5
435.3751	EXP	Set  image=./stimfiles/chinese_characters/35388.jpg
435.5955	DATA	Keypress: 5
435.9965	DATA	Keypress: 1
437.3533	DATA	Keypress: 5
437.3760	EXP	Set  image=./stimfiles/chinese_characters/24643.jpg
437.9155	DATA	Keypress: 5
437.9525	DATA	Keypress: 1
439.3533	DATA	Keypress: 5
439.3768	EXP	Set  image=./stimfiles/chinese_characters/24643.jpg
440.0986	DATA	Keypress: 4
440.2356	DATA	Keypress: 5
441.3609	EXP	Started presenting instructions
442.1617	DATA	Keypress: 5
442.3780	EXP	Set instructions text=
443.3535	DATA	Keypress: 5
443.3618	EXP	Set  image=./stimfiles/scenes/1316.jpg
443.7157	DATA	Keypress: 5
443.9446	DATA	Keypress: 1
445.3535	DATA	Keypress: 5
445.3626	EXP	Set  image=./stimfiles/scenes/1316.jpg
446.0358	DATA	Keypress: 5
446.1548	DATA	Keypress: 4
447.3534	DATA	Keypress: 5
447.3634	EXP	Set  image=./stimfiles/scenes/1316.jpg
447.8307	DATA	Keypress: 4
448.3558	DATA	Keypress: 5
449.3642	EXP	Set  image=./stimfiles/scenes/1316.jpg
449.5159	DATA	Keypress: 5
449.8998	DATA	Keypress: 4
451.3535	DATA	Keypress: 5
451.3651	EXP	Set  image=./stimfiles/scenes/933.jpg
451.8220	DATA	Keypress: 1
451.8359	DATA	Keypress: 5
453.3534	DATA	Keypress: 5
453.3659	EXP	Set  image=./stimfiles/scenes/1316.jpg
454.1561	DATA	Keypress: 5
454.2110	DATA	Keypress: 1
455.3535	DATA	Keypress: 5
455.3667	EXP	Set  image=./stimfiles/scenes/1316.jpg
455.9291	DATA	Keypress: 1
457.3535	DATA	Keypress: 5
457.3675	EXP	Set  image=./stimfiles/scenes/3112.jpg
457.6361	DATA	Keypress: 5
458.0082	DATA	Keypress: 1
459.3534	DATA	Keypress: 5
459.3684	EXP	Set  image=./stimfiles/scenes/1316.jpg
459.9562	DATA	Keypress: 5
460.2122	DATA	Keypress: 1
461.3535	DATA	Keypress: 5
461.3692	EXP	Set  image=./stimfiles/scenes/856.jpg
461.9814	DATA	Keypress: 1
462.2763	DATA	Keypress: 5
463.3701	EXP	Started presenting instructions
464.1708	DATA	Keypress: 5
464.3871	EXP	Set instructions text=
465.3537	DATA	Keypress: 5
465.3709	EXP	Set  image=./stimfiles/scenes/1590.jpg
465.7553	DATA	Keypress: 5
465.9454	DATA	Keypress: 1
467.3536	DATA	Keypress: 5
467.3716	EXP	Set  image=./stimfiles/scenes/847.jpg
467.9994	DATA	Keypress: 1
468.0755	DATA	Keypress: 5
469.3536	DATA	Keypress: 5
469.3726	EXP	Set  image=./stimfiles/scenes/513.jpg
470.0536	DATA	Keypress: 1
471.3536	DATA	Keypress: 5
471.3734	EXP	Set  image=./stimfiles/scenes/513.jpg
471.5556	DATA	Keypress: 5
473.3537	DATA	Keypress: 1
473.3543	DATA	Keypress: 5
473.3575	EXP	Set  image=./stimfiles/scenes/847.jpg
473.8756	DATA	Keypress: 5
474.2187	DATA	Keypress: 1
475.3540	DATA	Keypress: 5
475.3583	EXP	Set  image=./stimfiles/scenes/1410.jpg
476.1888	DATA	Keypress: 1
476.1956	DATA	Keypress: 5
477.3591	EXP	Set  image=./stimfiles/scenes/807.jpg
477.3594	DATA	Keypress: 5
478.0708	DATA	Keypress: 1
479.3536	DATA	Keypress: 5
479.3600	EXP	Set  image=./stimfiles/scenes/663.jpg
479.6758	DATA	Keypress: 5
479.9869	DATA	Keypress: 1
481.3537	DATA	Keypress: 5
481.3608	EXP	Set  image=./stimfiles/scenes/807.jpg
481.9899	DATA	Keypress: 4
481.9959	DATA	Keypress: 5
483.3536	DATA	Keypress: 5
483.3617	EXP	Set  image=./stimfiles/scenes/807.jpg
484.1790	DATA	Keypress: 1
484.3160	DATA	Keypress: 5
