1.3777	INFO	Loaded calibration from:2012_09_26 16:15
1.3777	INFO	['2012_09_26 16:15']
1.3785	INFO	configured pyglet screen 0
1.3786	WARNING	User requested fullscreen with size [800 600], but screen is actually [1024, 768]. Using actual size
1.5748	INFO	Using gamma table of operating system
1.5838	EXP	Set Window color=[ 0.  0.  0.] (rgb)
2.0505	EXP	Started presenting 
38.0667	DATA	Keypress: 5
38.0676	DATA	Key pressed: 5
38.0820	EXP	Set  text=
38.0987	EXP	Started presenting instructions
39.1158	EXP	Set instructions text=
40.0841	DATA	Keypress: 5
40.0996	EXP	Set  image=./stimfiles/chinese_characters/25166.jpg
40.3593	DATA	Keypress: 5
40.5493	DATA	Keypress: 1
42.0841	DATA	Keypress: 5
42.1004	EXP	Set  image=./stimfiles/chinese_characters/24575.jpg
42.6794	DATA	Keypress: 5
43.0503	DATA	Keypress: 1
44.0841	DATA	Keypress: 5
44.1012	EXP	Set  image=./stimfiles/chinese_characters/24575.jpg
44.8813	DATA	Keypress: 1
44.9994	DATA	Keypress: 5
46.1020	EXP	Set  image=./stimfiles/chinese_characters/25166.jpg
46.1595	DATA	Keypress: 5
46.9434	DATA	Keypress: 1
48.0841	DATA	Keypress: 5
48.1028	EXP	Set  image=./stimfiles/chinese_characters/24575.jpg
48.4795	DATA	Keypress: 5
48.7255	DATA	Keypress: 4
50.0841	DATA	Keypress: 5
50.1037	EXP	Set  image=./stimfiles/chinese_characters/24953.jpg
50.7645	DATA	Keypress: 1
50.7994	DATA	Keypress: 5
52.0841	DATA	Keypress: 5
52.1045	EXP	Set  image=./stimfiles/chinese_characters/25166.jpg
52.8256	DATA	Keypress: 1
54.0841	DATA	Keypress: 5
54.1053	EXP	Set  image=./stimfiles/chinese_characters/35468.jpg
54.2797	DATA	Keypress: 5
54.9235	DATA	Keypress: 1
56.0841	DATA	Keypress: 5
56.1062	EXP	Set  image=./stimfiles/chinese_characters/31381.jpg
56.5997	DATA	Keypress: 5
56.7936	DATA	Keypress: 1
58.0841	DATA	Keypress: 5
58.1069	EXP	Set  image=./stimfiles/chinese_characters/25166.jpg
58.8838	DATA	Keypress: 1
58.9198	DATA	Keypress: 5
60.0837	DATA	Keypress: 5
60.1078	EXP	Started presenting instructions
61.1249	EXP	Set instructions text=
62.0843	DATA	Keypress: 5
62.0919	EXP	Set  image=./stimfiles/faces/cropped_100.png
62.4000	DATA	Keypress: 5
62.7169	DATA	Keypress: 1
64.0843	DATA	Keypress: 5
64.0928	EXP	Set  image=./stimfiles/faces/cropped_f-024-01.png
64.6820	DATA	Keypress: 1
64.7200	DATA	Keypress: 5
66.0843	DATA	Keypress: 5
66.0936	EXP	Set  image=./stimfiles/faces/cropped_698.png
66.7300	DATA	Keypress: 1
67.0400	DATA	Keypress: 5
68.0944	EXP	Set  image=./stimfiles/faces/cropped_292.png
68.2001	DATA	Keypress: 5
68.7570	DATA	Keypress: 1
70.0843	DATA	Keypress: 5
70.0952	EXP	Set  image=./stimfiles/faces/cropped_f-024-01.png
70.5200	DATA	Keypress: 5
70.9182	DATA	Keypress: 1
72.0843	DATA	Keypress: 5
72.0960	EXP	Set  image=./stimfiles/faces/cropped_698.png
72.8402	DATA	Keypress: 5
72.9282	DATA	Keypress: 1
74.0842	DATA	Keypress: 5
74.0969	EXP	Set  image=./stimfiles/faces/cropped_f-024-01.png
74.8252	DATA	Keypress: 4
76.0843	DATA	Keypress: 5
76.0976	EXP	Set  image=./stimfiles/faces/cropped_f-024-01.png
76.3204	DATA	Keypress: 5
76.8503	DATA	Keypress: 1
78.0843	DATA	Keypress: 5
78.0985	EXP	Set  image=./stimfiles/faces/cropped_67MVC-003F.png
78.6404	DATA	Keypress: 5
78.8022	DATA	Keypress: 1
80.0843	DATA	Keypress: 5
80.0993	EXP	Set  image=./stimfiles/faces/cropped_1017.png
80.7454	DATA	Keypress: 1
80.9604	DATA	Keypress: 5
82.1001	EXP	Started presenting instructions
82.9009	DATA	Keypress: 5
83.1173	EXP	Set instructions text=
84.0845	DATA	Keypress: 5
84.1009	EXP	Set  image=./stimfiles/faces/cropped_60a.png
84.4405	DATA	Keypress: 5
84.6865	DATA	Keypress: 1
86.0844	DATA	Keypress: 5
86.1018	EXP	Set  image=./stimfiles/faces/cropped_187.png
86.6065	DATA	Keypress: 1
86.7605	DATA	Keypress: 5
88.0844	DATA	Keypress: 5
88.1026	EXP	Set  image=./stimfiles/faces/cropped_m-028-01.png
88.6897	DATA	Keypress: 1
89.0796	DATA	Keypress: 5
90.1034	EXP	Set  image=./stimfiles/faces/cropped_305.png
90.2397	DATA	Keypress: 5
90.6507	DATA	Keypress: 1
92.0845	DATA	Keypress: 5
92.1042	EXP	Set  image=./stimfiles/faces/cropped_438.png
92.5598	DATA	Keypress: 5
92.6327	DATA	Keypress: 1
94.0845	DATA	Keypress: 5
94.1051	EXP	Set  image=./stimfiles/faces/cropped_305.png
94.7288	DATA	Keypress: 1
94.8798	DATA	Keypress: 5
96.0845	DATA	Keypress: 5
96.1058	EXP	Set  image=./stimfiles/faces/cropped_16.png
96.7227	DATA	Keypress: 1
98.0844	DATA	Keypress: 5
98.1066	EXP	Set  image=./stimfiles/faces/cropped_00411015.png
98.3600	DATA	Keypress: 5
98.6779	DATA	Keypress: 1
100.0845	DATA	Keypress: 5
100.1075	EXP	Set  image=./stimfiles/faces/cropped_00411015.png
100.6800	DATA	Keypress: 5
100.7119	DATA	Keypress: 4
102.0845	DATA	Keypress: 5
102.1083	EXP	Set  image=./stimfiles/faces/cropped_00411015.png
102.8800	DATA	Keypress: 1
103.0000	DATA	Keypress: 5
104.0924	EXP	Started presenting instructions
104.8933	DATA	Keypress: 5
105.1096	EXP	Set instructions text=
106.0846	DATA	Keypress: 5
106.0933	EXP	Set  image=./stimfiles/scenes/407.jpg
106.4801	DATA	Keypress: 5
106.8361	DATA	Keypress: 1
108.0846	DATA	Keypress: 5
108.0941	EXP	Set  image=./stimfiles/scenes/407.jpg
108.8002	DATA	Keypress: 5
108.8352	DATA	Keypress: 4
110.0846	DATA	Keypress: 5
110.0950	EXP	Set  image=./stimfiles/scenes/464.jpg
110.7002	DATA	Keypress: 1
112.0846	DATA	Keypress: 5
112.0957	EXP	Set  image=./stimfiles/scenes/407.jpg
112.2803	DATA	Keypress: 5
112.8953	DATA	Keypress: 4
114.0846	DATA	Keypress: 5
114.0966	EXP	Set  image=./stimfiles/scenes/3121.jpg
114.6004	DATA	Keypress: 5
114.7714	DATA	Keypress: 1
116.0846	DATA	Keypress: 5
116.0974	EXP	Set  image=./stimfiles/scenes/1476.jpg
116.7514	DATA	Keypress: 1
116.9205	DATA	Keypress: 5
118.0846	DATA	Keypress: 5
118.0982	EXP	Set  image=./stimfiles/scenes/407.jpg
118.7724	DATA	Keypress: 1
120.0846	DATA	Keypress: 5
120.0991	EXP	Set  image=./stimfiles/scenes/1476.jpg
120.4005	DATA	Keypress: 5
121.0055	DATA	Keypress: 1
122.0846	DATA	Keypress: 5
122.0999	EXP	Set  image=./stimfiles/scenes/407.jpg
122.7207	DATA	Keypress: 5
124.0846	DATA	Keypress: 4
124.0851	DATA	Keypress: 5
124.1007	EXP	Set  image=./stimfiles/scenes/407.jpg
124.8266	DATA	Keypress: 1
125.0407	DATA	Keypress: 5
126.1016	EXP	Started presenting instructions
126.9023	DATA	Keypress: 5
127.1186	EXP	Set instructions text=
128.0848	DATA	Keypress: 5
128.1024	EXP	Set  image=./stimfiles/scenes/149.jpg
128.5208	DATA	Keypress: 5
128.6218	DATA	Keypress: 1
130.0847	DATA	Keypress: 5
130.1031	EXP	Set  image=./stimfiles/scenes/993.jpg
130.6407	DATA	Keypress: 1
130.8409	DATA	Keypress: 5
132.0848	DATA	Keypress: 5
132.1039	EXP	Set  image=./stimfiles/scenes/149.jpg
132.9409	DATA	Keypress: 1
134.0848	DATA	Keypress: 5
134.0881	EXP	Set  image=./stimfiles/scenes/149.jpg
134.3209	DATA	Keypress: 5
134.8957	DATA	Keypress: 4
136.0848	DATA	Keypress: 5
136.0890	EXP	Set  image=./stimfiles/scenes/149.jpg
136.6412	DATA	Keypress: 5
136.7990	DATA	Keypress: 4
138.0848	DATA	Keypress: 5
138.0898	EXP	Set  image=./stimfiles/scenes/206.jpg
138.6022	DATA	Keypress: 1
138.9601	DATA	Keypress: 5
140.0905	EXP	Set  image=./stimfiles/scenes/149.jpg
140.1203	DATA	Keypress: 5
140.7661	DATA	Keypress: 1
142.0848	DATA	Keypress: 5
142.0914	EXP	Set  image=./stimfiles/scenes/149.jpg
142.4401	DATA	Keypress: 5
142.8652	DATA	Keypress: 1
144.0847	DATA	Keypress: 5
144.0923	EXP	Set  image=./stimfiles/scenes/206.jpg
144.7602	DATA	Keypress: 5
144.8352	DATA	Keypress: 1
146.0846	DATA	Keypress: 5
146.0931	EXP	Set  image=./stimfiles/scenes/149.jpg
146.9544	DATA	Keypress: 1
147.0803	DATA	Keypress: 5
148.0938	EXP	Started presenting instructions
148.8946	DATA	Keypress: 5
149.1109	EXP	Set instructions text=
150.0850	DATA	Keypress: 5
150.1114	EXP	Set  image=./stimfiles/chinese_characters/35427.jpg
150.5605	DATA	Keypress: 5
150.9015	DATA	Keypress: 1
152.0850	DATA	Keypress: 5
152.0955	EXP	Set  image=./stimfiles/chinese_characters/26383.jpg
152.8804	DATA	Keypress: 5
152.9075	DATA	Keypress: 1
154.0850	DATA	Keypress: 5
154.0963	EXP	Set  image=./stimfiles/chinese_characters/20510.jpg
154.6055	DATA	Keypress: 1
156.0850	DATA	Keypress: 5
156.0971	EXP	Set  image=./stimfiles/chinese_characters/35427.jpg
156.3606	DATA	Keypress: 5
156.5805	DATA	Keypress: 1
158.0850	DATA	Keypress: 5
158.0980	EXP	Set  image=./stimfiles/chinese_characters/26383.jpg
158.6036	DATA	Keypress: 1
158.6805	DATA	Keypress: 5
160.0849	DATA	Keypress: 5
160.0988	EXP	Set  image=./stimfiles/chinese_characters/31644.jpg
160.5976	DATA	Keypress: 1
161.0006	DATA	Keypress: 5
162.0997	EXP	Set  image=./stimfiles/chinese_characters/31644.jpg
162.1608	DATA	Keypress: 5
162.7087	DATA	Keypress: 4
164.0850	DATA	Keypress: 5
164.1004	EXP	Set  image=./stimfiles/chinese_characters/31409.jpg
164.4808	DATA	Keypress: 5
164.7548	DATA	Keypress: 1
166.0850	DATA	Keypress: 5
166.1013	EXP	Set  image=./stimfiles/chinese_characters/31409.jpg
166.8008	DATA	Keypress: 5
166.8148	DATA	Keypress: 4
168.0849	DATA	Keypress: 5
168.1021	EXP	Set  image=./stimfiles/chinese_characters/35345.jpg
168.6278	DATA	Keypress: 1
190.0841	DATA	Keypress: 5
190.0845	DATA	Keypress: 5
190.0848	DATA	Keypress: 5
190.0852	DATA	Keypress: 5
190.0855	DATA	Keypress: 5
190.0858	DATA	Keypress: 5
190.0862	DATA	Keypress: 5
190.0865	DATA	Keypress: 5
190.0868	DATA	Keypress: 5
190.0872	DATA	Keypress: 5
190.0875	DATA	Keypress: 5
190.0878	DATA	Keypress: 5
190.0882	DATA	Keypress: 5
190.0885	DATA	Keypress: 5
190.0889	DATA	Keypress: 5
190.0892	DATA	Keypress: 5
190.0896	DATA	Keypress: 5
190.0899	DATA	Keypress: 5
190.0902	DATA	Keypress: 5
190.1111	EXP	Started presenting instructions
191.1281	EXP	Set instructions text=
192.0851	DATA	Keypress: 5
192.1120	EXP	Set  image=./stimfiles/chinese_characters/25541.jpg
192.3208	DATA	Keypress: 5
192.7966	DATA	Keypress: 1
194.0851	DATA	Keypress: 5
194.0961	EXP	Set  image=./stimfiles/chinese_characters/31394.jpg
194.6407	DATA	Keypress: 5
194.8066	DATA	Keypress: 1
196.0851	DATA	Keypress: 5
196.0969	EXP	Set  image=./stimfiles/chinese_characters/25060.jpg
196.8397	DATA	Keypress: 1
196.9607	DATA	Keypress: 5
198.0977	EXP	Set  image=./stimfiles/chinese_characters/31394.jpg
198.1209	DATA	Keypress: 5
199.0607	DATA	Keypress: 4
200.0851	DATA	Keypress: 5
200.0985	EXP	Set  image=./stimfiles/chinese_characters/25048.jpg
200.4408	DATA	Keypress: 5
200.9088	DATA	Keypress: 1
202.0852	DATA	Keypress: 5
202.0994	EXP	Set  image=./stimfiles/chinese_characters/25048.jpg
202.7609	DATA	Keypress: 5
202.8068	DATA	Keypress: 1
204.0851	DATA	Keypress: 5
204.1002	EXP	Set  image=./stimfiles/chinese_characters/37251.jpg
204.7999	DATA	Keypress: 1
205.0809	DATA	Keypress: 5
206.1010	EXP	Set  image=./stimfiles/chinese_characters/26389.jpg
206.2411	DATA	Keypress: 5
206.7979	DATA	Keypress: 1
208.0851	DATA	Keypress: 5
208.1018	EXP	Set  image=./stimfiles/chinese_characters/26078.jpg
208.5611	DATA	Keypress: 5
208.8461	DATA	Keypress: 1
210.0851	DATA	Keypress: 5
210.1027	EXP	Set  image=./stimfiles/chinese_characters/26389.jpg
210.8811	DATA	Keypress: 5
212.0837	DATA	Keypress: 1
212.0844	DATA	Keypress: 5
212.1035	EXP	Started presenting instructions
213.1206	EXP	Set instructions text=
214.0853	DATA	Keypress: 5
214.1042	EXP	Set  image=./stimfiles/faces/cropped_m1-029-01.png
214.3613	DATA	Keypress: 5
214.7932	DATA	Keypress: 1
216.0853	DATA	Keypress: 5
216.1051	EXP	Set  image=./stimfiles/faces/cropped_s27_15.png
216.6814	DATA	Keypress: 5
216.8122	DATA	Keypress: 1
218.0853	DATA	Keypress: 5
218.1059	EXP	Set  image=./stimfiles/faces/cropped_m1-029-01.png
218.8404	DATA	Keypress: 4
219.0013	DATA	Keypress: 5
220.1068	EXP	Set  image=./stimfiles/faces/cropped_m1-029-01.png
220.1615	DATA	Keypress: 5
220.9184	DATA	Keypress: 1
222.0853	DATA	Keypress: 5
222.1076	EXP	Set  image=./stimfiles/faces/cropped_63.png
222.4814	DATA	Keypress: 5
222.7654	DATA	Keypress: 1
224.0852	DATA	Keypress: 5
224.1084	EXP	Set  image=./stimfiles/faces/cropped_image_0411.png
224.8015	DATA	Keypress: 5
224.8125	DATA	Keypress: 1
226.0853	DATA	Keypress: 5
226.1092	EXP	Set  image=./stimfiles/faces/cropped_image_0411.png
226.9376	DATA	Keypress: 1
228.0853	DATA	Keypress: 5
228.0934	EXP	Set  image=./stimfiles/faces/cropped_684.png
228.2816	DATA	Keypress: 5
228.8017	DATA	Keypress: 1
230.0853	DATA	Keypress: 5
230.0942	EXP	Set  image=./stimfiles/faces/cropped_770.png
230.6016	DATA	Keypress: 5
230.8066	DATA	Keypress: 1
232.0853	DATA	Keypress: 5
232.0950	EXP	Set  image=./stimfiles/faces/cropped_image_0301.png
232.7467	DATA	Keypress: 1
232.9217	DATA	Keypress: 5
234.0837	DATA	Keypress: 5
234.0959	EXP	Started presenting instructions
235.1128	EXP	Set instructions text=
236.0855	DATA	Keypress: 5
236.0967	EXP	Set  image=./stimfiles/faces/cropped_gfindley1.png
236.4019	DATA	Keypress: 5
236.6419	DATA	Keypress: 1
238.0855	DATA	Keypress: 5
238.0975	EXP	Set  image=./stimfiles/faces/cropped_469.png
238.5868	DATA	Keypress: 1
238.7219	DATA	Keypress: 5
240.0855	DATA	Keypress: 5
240.0983	EXP	Set  image=./stimfiles/faces/cropped_469.png
240.8370	DATA	Keypress: 4
241.0410	DATA	Keypress: 5
242.0991	EXP	Set  image=./stimfiles/faces/cropped_gfindley1.png
242.2011	DATA	Keypress: 5
242.6519	DATA	Keypress: 1
244.0854	DATA	Keypress: 5
244.0999	EXP	Set  image=./stimfiles/faces/cropped_469.png
244.5211	DATA	Keypress: 5
244.6751	DATA	Keypress: 1
246.0855	DATA	Keypress: 5
246.1008	EXP	Set  image=./stimfiles/faces/cropped_216.png
246.7312	DATA	Keypress: 1
246.8411	DATA	Keypress: 5
248.0855	DATA	Keypress: 5
248.1016	EXP	Set  image=./stimfiles/faces/cropped_gfindley1.png
248.6512	DATA	Keypress: 1
250.0855	DATA	Keypress: 5
250.1024	EXP	Set  image=./stimfiles/faces/cropped_153.png
250.3212	DATA	Keypress: 5
250.6552	DATA	Keypress: 1
252.0854	DATA	Keypress: 5
252.1032	EXP	Set  image=./stimfiles/faces/cropped_153.png
252.6413	DATA	Keypress: 5
252.6613	DATA	Keypress: 4
254.0854	DATA	Keypress: 5
254.1040	EXP	Set  image=./stimfiles/faces/cropped_m-080-01.png
254.9414	DATA	Keypress: 1
254.9613	DATA	Keypress: 5
256.1048	EXP	Started presenting instructions
256.9056	DATA	Keypress: 5
257.1220	EXP	Set instructions text=
258.0857	DATA	Keypress: 5
258.1057	EXP	Set  image=./stimfiles/scenes/1618.jpg
258.4414	DATA	Keypress: 5
258.8105	DATA	Keypress: 1
260.0856	DATA	Keypress: 5
260.0898	EXP	Set  image=./stimfiles/scenes/400.jpg
260.6926	DATA	Keypress: 1
260.7615	DATA	Keypress: 5
262.0857	DATA	Keypress: 5
262.0907	EXP	Set  image=./stimfiles/scenes/368.jpg
262.6086	DATA	Keypress: 1
263.0816	DATA	Keypress: 5
264.0915	EXP	Set  image=./stimfiles/scenes/368.jpg
264.2416	DATA	Keypress: 5
264.8496	DATA	Keypress: 1
266.0857	DATA	Keypress: 5
266.0923	EXP	Set  image=./stimfiles/scenes/400.jpg
266.5617	DATA	Keypress: 5
266.8836	DATA	Keypress: 1
268.0856	DATA	Keypress: 5
268.0931	EXP	Set  image=./stimfiles/scenes/3035.jpg
268.7838	DATA	Keypress: 1
268.8818	DATA	Keypress: 5
270.0856	DATA	Keypress: 5
270.0939	EXP	Set  image=./stimfiles/scenes/1577.jpg
270.7879	DATA	Keypress: 1
272.0856	DATA	Keypress: 5
272.0947	EXP	Set  image=./stimfiles/scenes/3035.jpg
272.3619	DATA	Keypress: 5
272.7079	DATA	Keypress: 4
274.0854	DATA	Keypress: 5
274.0956	EXP	Set  image=./stimfiles/scenes/674.jpg
274.6819	DATA	Keypress: 5
274.6930	DATA	Keypress: 1
276.0856	DATA	Keypress: 5
276.0965	EXP	Set  image=./stimfiles/scenes/462.jpg
276.7630	DATA	Keypress: 1
277.0020	DATA	Keypress: 5
278.1139	EXP	Started presenting instructions
278.9146	DATA	Keypress: 5
279.1309	EXP	Set instructions text=
280.0858	DATA	Keypress: 5
280.0981	EXP	Set  image=./stimfiles/scenes/105.jpg
280.4821	DATA	Keypress: 5
280.7181	DATA	Keypress: 1
282.0858	DATA	Keypress: 5
282.0988	EXP	Set  image=./stimfiles/scenes/30.jpg
282.6382	DATA	Keypress: 1
282.8021	DATA	Keypress: 5
284.0858	DATA	Keypress: 5
284.0997	EXP	Set  image=./stimfiles/scenes/753.jpg
284.5792	DATA	Keypress: 1
286.0858	DATA	Keypress: 5
286.1005	EXP	Set  image=./stimfiles/scenes/105.jpg
286.2823	DATA	Keypress: 5
286.5583	DATA	Keypress: 1
288.0858	DATA	Keypress: 5
288.1013	EXP	Set  image=./stimfiles/scenes/781.jpg
288.6024	DATA	Keypress: 5
288.6193	DATA	Keypress: 1
290.0858	DATA	Keypress: 5
290.1021	EXP	Set  image=./stimfiles/scenes/148.jpg
290.6064	DATA	Keypress: 1
290.9214	DATA	Keypress: 5
292.0858	DATA	Keypress: 5
292.1030	EXP	Set  image=./stimfiles/scenes/148.jpg
292.6105	DATA	Keypress: 4
294.0858	DATA	Keypress: 5
294.1038	EXP	Set  image=./stimfiles/scenes/1895.jpg
294.4015	DATA	Keypress: 5
294.5875	DATA	Keypress: 1
296.0858	DATA	Keypress: 5
296.1046	EXP	Set  image=./stimfiles/scenes/426.jpg
296.6495	DATA	Keypress: 1
296.7216	DATA	Keypress: 5
298.0858	DATA	Keypress: 5
298.1055	EXP	Set  image=./stimfiles/scenes/1703.jpg
298.6917	DATA	Keypress: 1
299.0416	DATA	Keypress: 5
300.1063	EXP	Started presenting instructions
300.9071	DATA	Keypress: 5
301.1233	EXP	Set instructions text=
302.0859	DATA	Keypress: 5
302.1071	EXP	Set  image=./stimfiles/chinese_characters/29802.jpg
302.5217	DATA	Keypress: 5
302.6047	DATA	Keypress: 1
304.0860	DATA	Keypress: 5
304.1079	EXP	Set  image=./stimfiles/chinese_characters/20664.jpg
304.7447	DATA	Keypress: 1
304.8417	DATA	Keypress: 5
306.0860	DATA	Keypress: 5
306.1087	EXP	Set  image=./stimfiles/chinese_characters/37237.jpg
306.7339	DATA	Keypress: 1
308.0860	DATA	Keypress: 5
308.1095	EXP	Set  image=./stimfiles/chinese_characters/26071.jpg
308.3219	DATA	Keypress: 5
308.7949	DATA	Keypress: 1
310.0860	DATA	Keypress: 5
310.0937	EXP	Set  image=./stimfiles/chinese_characters/20664.jpg
310.6420	DATA	Keypress: 5
310.8929	DATA	Keypress: 1
312.0859	DATA	Keypress: 5
312.0945	EXP	Set  image=./stimfiles/chinese_characters/26071.jpg
312.9070	DATA	Keypress: 1
312.9621	DATA	Keypress: 5
314.0954	EXP	Set  image=./stimfiles/chinese_characters/26071.jpg
314.1222	DATA	Keypress: 5
314.6681	DATA	Keypress: 4
316.0860	DATA	Keypress: 5
316.0961	EXP	Set  image=./stimfiles/chinese_characters/26071.jpg
316.4422	DATA	Keypress: 5
316.7751	DATA	Keypress: 4
318.0860	DATA	Keypress: 5
318.0970	EXP	Set  image=./stimfiles/chinese_characters/29339.jpg
318.6943	DATA	Keypress: 1
318.7620	DATA	Keypress: 5
320.0859	DATA	Keypress: 5
320.0977	EXP	Set  image=./stimfiles/chinese_characters/29339.jpg
320.7973	DATA	Keypress: 4
321.0822	DATA	Keypress: 5
342.0840	DATA	Keypress: 5
342.0847	DATA	Keypress: 5
342.0850	DATA	Keypress: 5
342.0855	DATA	Keypress: 5
342.0860	DATA	Keypress: 5
342.0866	DATA	Keypress: 5
342.0871	DATA	Keypress: 5
342.0876	DATA	Keypress: 5
342.0881	DATA	Keypress: 5
342.0887	DATA	Keypress: 5
342.0892	DATA	Keypress: 5
342.0897	DATA	Keypress: 5
342.0902	DATA	Keypress: 5
342.0906	DATA	Keypress: 5
342.0911	DATA	Keypress: 5
342.0915	DATA	Keypress: 5
342.0920	DATA	Keypress: 5
342.0925	DATA	Keypress: 5
342.1068	EXP	Started presenting instructions
343.1239	EXP	Set instructions text=
344.0861	DATA	Keypress: 5
344.1076	EXP	Set  image=./stimfiles/chinese_characters/26095.jpg
344.2820	DATA	Keypress: 5
344.5589	DATA	Keypress: 1
346.0861	DATA	Keypress: 5
346.1084	EXP	Set  image=./stimfiles/chinese_characters/24836.jpg
346.6020	DATA	Keypress: 5
346.6170	DATA	Keypress: 1
348.0862	DATA	Keypress: 5
348.1093	EXP	Set  image=./stimfiles/chinese_characters/20686.jpg
348.8623	DATA	Keypress: 1
348.9220	DATA	Keypress: 5
350.0860	DATA	Keypress: 5
350.0935	EXP	Set  image=./stimfiles/chinese_characters/24836.jpg
350.8171	DATA	Keypress: 4
352.0862	DATA	Keypress: 5
352.0943	EXP	Set  image=./stimfiles/chinese_characters/29844.jpg
352.4021	DATA	Keypress: 5
352.9722	DATA	Keypress: 1
354.0861	DATA	Keypress: 5
354.0951	EXP	Set  image=./stimfiles/chinese_characters/24836.jpg
354.7222	DATA	Keypress: 5
354.8032	DATA	Keypress: 4
356.0862	DATA	Keypress: 5
356.0959	EXP	Set  image=./stimfiles/chinese_characters/24836.jpg
357.0162	DATA	Keypress: 1
357.0423	DATA	Keypress: 5
358.0967	EXP	Set  image=./stimfiles/chinese_characters/25496.jpg
358.2024	DATA	Keypress: 5
360.0862	DATA	Keypress: 1
360.0868	DATA	Keypress: 5
360.0975	EXP	Set  image=./stimfiles/chinese_characters/24836.jpg
360.5224	DATA	Keypress: 5
362.0861	DATA	Keypress: 1
362.0868	DATA	Keypress: 5
362.0983	EXP	Set  image=./stimfiles/chinese_characters/26223.jpg
362.8426	DATA	Keypress: 5
363.0104	DATA	Keypress: 1
364.0837	DATA	Keypress: 5
364.0991	EXP	Started presenting instructions
365.1162	EXP	Set instructions text=
366.0863	DATA	Keypress: 5
366.1000	EXP	Set  image=./stimfiles/faces/cropped_921.png
366.3224	DATA	Keypress: 5
366.7585	DATA	Keypress: 1
368.0863	DATA	Keypress: 5
368.1008	EXP	Set  image=./stimfiles/faces/cropped_00701016.png
368.5776	DATA	Keypress: 1
368.6426	DATA	Keypress: 5
370.0863	DATA	Keypress: 5
370.1016	EXP	Set  image=./stimfiles/faces/cropped_921.png
370.7207	DATA	Keypress: 4
370.9627	DATA	Keypress: 5
372.1024	EXP	Set  image=./stimfiles/faces/cropped_00701016.png
372.1228	DATA	Keypress: 5
372.7347	DATA	Keypress: 4
374.0863	DATA	Keypress: 5
374.1033	EXP	Set  image=./stimfiles/faces/cropped_921.png
374.4428	DATA	Keypress: 5
375.0448	DATA	Keypress: 4
376.0863	DATA	Keypress: 5
376.1041	EXP	Set  image=./stimfiles/faces/cropped_00701016.png
376.7629	DATA	Keypress: 5
376.8919	DATA	Keypress: 4
378.0863	DATA	Keypress: 5
378.1050	EXP	Set  image=./stimfiles/faces/cropped_m4006.png
378.7709	DATA	Keypress: 1
379.0829	DATA	Keypress: 5
380.1058	EXP	Set  image=./stimfiles/faces/cropped_m-068-01.png
380.2430	DATA	Keypress: 5
380.7840	DATA	Keypress: 1
382.0863	DATA	Keypress: 5
382.1066	EXP	Set  image=./stimfiles/faces/cropped_00701016.png
382.5631	DATA	Keypress: 5
382.7740	DATA	Keypress: 1
384.0863	DATA	Keypress: 5
384.1073	EXP	Set  image=./stimfiles/faces/cropped_651.png
384.8360	DATA	Keypress: 1
384.8831	DATA	Keypress: 5
386.0836	DATA	Keypress: 5
386.1082	EXP	Started presenting instructions
387.1253	EXP	Set instructions text=
388.0865	DATA	Keypress: 5
388.1090	EXP	Set  image=./stimfiles/faces/cropped_00731015.png
388.3632	DATA	Keypress: 5
388.6292	DATA	Keypress: 1
390.0864	DATA	Keypress: 5
390.1098	EXP	Set  image=./stimfiles/faces/cropped_406.png
390.6093	DATA	Keypress: 1
390.6832	DATA	Keypress: 5
392.0865	DATA	Keypress: 5
392.0940	EXP	Set  image=./stimfiles/faces/cropped_406.png
392.7723	DATA	Keypress: 4
393.0023	DATA	Keypress: 5
394.0948	EXP	Set  image=./stimfiles/faces/cropped_f-035-01.png
394.1625	DATA	Keypress: 5
394.9304	DATA	Keypress: 1
396.0865	DATA	Keypress: 5
396.0957	EXP	Set  image=./stimfiles/faces/cropped_406.png
396.4825	DATA	Keypress: 5
396.7574	DATA	Keypress: 1
398.0865	DATA	Keypress: 5
398.0964	EXP	Set  image=./stimfiles/faces/cropped_406.png
398.8024	DATA	Keypress: 5
398.8624	DATA	Keypress: 4
400.0865	DATA	Keypress: 5
400.0973	EXP	Set  image=./stimfiles/faces/cropped_f13v1e1.png
401.0365	DATA	Keypress: 1
402.0865	DATA	Keypress: 5
402.0981	EXP	Set  image=./stimfiles/faces/cropped_907.png
402.2827	DATA	Keypress: 5
402.8306	DATA	Keypress: 1
404.0865	DATA	Keypress: 5
404.0989	EXP	Set  image=./stimfiles/faces/cropped_18.png
404.6024	DATA	Keypress: 5
404.7096	DATA	Keypress: 1
406.0865	DATA	Keypress: 5
406.0997	EXP	Set  image=./stimfiles/faces/cropped_907.png
406.9227	DATA	Keypress: 5
406.9347	DATA	Keypress: 1
408.0837	DATA	Keypress: 5
408.1006	EXP	Started presenting instructions
409.1177	EXP	Set instructions text=
410.0867	DATA	Keypress: 5
410.1014	EXP	Set  image=./stimfiles/scenes/302.jpg
410.4028	DATA	Keypress: 5
410.6468	DATA	Keypress: 1
412.0867	DATA	Keypress: 5
412.1022	EXP	Set  image=./stimfiles/scenes/1533.jpg
412.6519	DATA	Keypress: 1
412.7229	DATA	Keypress: 5
414.0867	DATA	Keypress: 5
414.1030	EXP	Set  image=./stimfiles/scenes/823.jpg
414.6009	DATA	Keypress: 1
415.0430	DATA	Keypress: 5
416.1039	EXP	Set  image=./stimfiles/scenes/887.jpg
416.2031	DATA	Keypress: 5
416.7038	DATA	Keypress: 1
418.0866	DATA	Keypress: 5
418.1047	EXP	Set  image=./stimfiles/scenes/1385.jpg
418.5231	DATA	Keypress: 5
418.6890	DATA	Keypress: 1
420.0866	DATA	Keypress: 5
420.1055	EXP	Set  image=./stimfiles/scenes/904.jpg
420.7650	DATA	Keypress: 1
420.8431	DATA	Keypress: 5
422.0866	DATA	Keypress: 5
422.1064	EXP	Set  image=./stimfiles/scenes/887.jpg
422.9102	DATA	Keypress: 1
424.0867	DATA	Keypress: 5
424.0904	EXP	Set  image=./stimfiles/scenes/904.jpg
424.3232	DATA	Keypress: 5
424.7172	DATA	Keypress: 4
426.0866	DATA	Keypress: 5
426.0913	EXP	Set  image=./stimfiles/scenes/1246.jpg
426.5523	DATA	Keypress: 1
426.6432	DATA	Keypress: 5
428.0866	DATA	Keypress: 5
428.0921	EXP	Set  image=./stimfiles/scenes/904.jpg
428.7513	DATA	Keypress: 4
428.9633	DATA	Keypress: 5
430.1096	EXP	Started presenting instructions
430.9104	DATA	Keypress: 5
431.1267	EXP	Set instructions text=
432.0868	DATA	Keypress: 5
432.0937	EXP	Set  image=./stimfiles/scenes/1796.jpg
432.4435	DATA	Keypress: 5
432.7285	DATA	Keypress: 1
434.0868	DATA	Keypress: 5
434.0946	EXP	Set  image=./stimfiles/scenes/609.jpg
434.7635	DATA	Keypress: 5
434.7745	DATA	Keypress: 1
436.0868	DATA	Keypress: 5
436.0954	EXP	Set  image=./stimfiles/scenes/1345.jpg
437.0836	DATA	Keypress: 5
438.0872	DATA	Keypress: 1
438.0962	EXP	Set  image=./stimfiles/scenes/1796.jpg
438.2436	DATA	Keypress: 5
438.7776	DATA	Keypress: 1
440.0868	DATA	Keypress: 5
440.0970	EXP	Set  image=./stimfiles/scenes/1796.jpg
440.5637	DATA	Keypress: 5
440.7397	DATA	Keypress: 4
442.0868	DATA	Keypress: 5
442.0979	EXP	Set  image=./stimfiles/scenes/1796.jpg
442.6867	DATA	Keypress: 4
442.8826	DATA	Keypress: 5
444.0868	DATA	Keypress: 5
444.0986	EXP	Set  image=./stimfiles/scenes/1.jpg
444.6148	DATA	Keypress: 1
446.0869	DATA	Keypress: 5
446.0995	EXP	Set  image=./stimfiles/scenes/979.jpg
446.3628	DATA	Keypress: 5
446.6018	DATA	Keypress: 1
448.0869	DATA	Keypress: 5
448.1003	EXP	Set  image=./stimfiles/scenes/150.jpg
448.6259	DATA	Keypress: 1
448.6828	DATA	Keypress: 5
450.0868	DATA	Keypress: 5
450.1012	EXP	Set  image=./stimfiles/scenes/3020.jpg
450.6590	DATA	Keypress: 1
451.0030	DATA	Keypress: 5
452.1020	EXP	Started presenting instructions
452.9027	DATA	Keypress: 5
453.1191	EXP	Set instructions text=
454.0870	DATA	Keypress: 5
454.1028	EXP	Set  image=./stimfiles/chinese_characters/25360.jpg
454.4831	DATA	Keypress: 5
454.7381	DATA	Keypress: 1
456.0870	DATA	Keypress: 5
456.1035	EXP	Set  image=./stimfiles/chinese_characters/29856.jpg
456.6532	DATA	Keypress: 1
456.8031	DATA	Keypress: 5
458.0870	DATA	Keypress: 5
458.1044	EXP	Set  image=./stimfiles/chinese_characters/35477.jpg
458.7301	DATA	Keypress: 1
460.0870	DATA	Keypress: 5
460.1052	EXP	Set  image=./stimfiles/chinese_characters/24973.jpg
460.2833	DATA	Keypress: 5
460.6312	DATA	Keypress: 1
462.0870	DATA	Keypress: 5
462.1061	EXP	Set  image=./stimfiles/chinese_characters/35477.jpg
462.6033	DATA	Keypress: 5
462.7272	DATA	Keypress: 1
464.0871	DATA	Keypress: 5
464.1069	EXP	Set  image=./stimfiles/chinese_characters/35477.jpg
464.6704	DATA	Keypress: 4
464.9233	DATA	Keypress: 5
466.0870	DATA	Keypress: 5
466.1078	EXP	Set  image=./stimfiles/chinese_characters/35553.jpg
466.6775	DATA	Keypress: 1
468.0871	DATA	Keypress: 5
468.1086	EXP	Set  image=./stimfiles/chinese_characters/32078.jpg
468.4035	DATA	Keypress: 5
468.9025	DATA	Keypress: 1
470.0870	DATA	Keypress: 5
470.1094	EXP	Set  image=./stimfiles/chinese_characters/26489.jpg
470.6695	DATA	Keypress: 1
470.7235	DATA	Keypress: 5
472.0870	DATA	Keypress: 5
472.1102	EXP	Set  image=./stimfiles/chinese_characters/32078.jpg
472.7236	DATA	Keypress: 1
473.0435	DATA	Keypress: 5
