2.9401	INFO	Loaded calibration from:2012_09_26 16:15
2.9401	INFO	['2012_09_26 16:15']
2.9409	INFO	configured pyglet screen 0
2.9410	WARNING	User requested fullscreen with size [800 600], but screen is actually [1024, 768]. Using actual size
3.2367	INFO	Using gamma table of operating system
3.2567	EXP	Set Window color=[ 0.  0.  0.] (rgb)
3.7569	EXP	Started presenting 
56.8582	DATA	Keypress: 5
56.8590	DATA	Key pressed: 5
56.8620	EXP	Set  text=
56.8787	EXP	Started presenting instructions
57.8958	EXP	Set instructions text=
58.8641	DATA	Keypress: 5
58.8795	EXP	Set  image=./stimfiles/chinese_characters/26515.jpg
59.1508	DATA	Keypress: 5
59.2927	DATA	Keypress: 1
60.8641	DATA	Keypress: 5
60.8803	EXP	Set  image=./stimfiles/chinese_characters/26515.jpg
61.4369	DATA	Keypress: 4
61.4708	DATA	Keypress: 5
62.8641	DATA	Keypress: 5
62.8812	EXP	Set  image=./stimfiles/chinese_characters/20626.jpg
63.4198	DATA	Keypress: 1
63.7909	DATA	Keypress: 5
64.8820	EXP	Set  image=./stimfiles/chinese_characters/20626.jpg
64.9510	DATA	Keypress: 5
65.5468	DATA	Keypress: 4
66.8641	DATA	Keypress: 5
66.8828	EXP	Set  image=./stimfiles/chinese_characters/25790.jpg
67.2710	DATA	Keypress: 5
67.8309	DATA	Keypress: 1
68.8641	DATA	Keypress: 5
68.8836	EXP	Set  image=./stimfiles/chinese_characters/25066.jpg
69.5650	DATA	Keypress: 1
69.5900	DATA	Keypress: 5
70.8641	DATA	Keypress: 5
70.8845	EXP	Set  image=./stimfiles/chinese_characters/26205.jpg
71.4951	DATA	Keypress: 1
72.8641	DATA	Keypress: 5
72.8853	EXP	Set  image=./stimfiles/chinese_characters/31643.jpg
73.0701	DATA	Keypress: 5
73.3270	DATA	Keypress: 1
74.8640	DATA	Keypress: 5
74.8861	EXP	Set  image=./stimfiles/chinese_characters/25066.jpg
75.3902	DATA	Keypress: 5
75.4742	DATA	Keypress: 1
76.8641	DATA	Keypress: 5
76.8869	EXP	Set  image=./stimfiles/chinese_characters/25121.jpg
77.5921	DATA	Keypress: 1
77.7102	DATA	Keypress: 5
78.8703	DATA	Keypress: 5
78.8878	EXP	Started presenting instructions
79.9048	EXP	Set instructions text=
80.8643	DATA	Keypress: 5
80.8719	EXP	Set  image=./stimfiles/faces/cropped_510.png
81.1904	DATA	Keypress: 5
81.2374	DATA	Keypress: 1
82.8643	DATA	Keypress: 5
82.8728	EXP	Set  image=./stimfiles/faces/cropped_s18_14.png
83.5105	DATA	Keypress: 5
83.5784	DATA	Keypress: 1
84.8643	DATA	Keypress: 5
84.8735	EXP	Set  image=./stimfiles/faces/cropped_f4v1e1.png
85.7214	DATA	Keypress: 1
85.8305	DATA	Keypress: 5
86.8744	EXP	Set  image=./stimfiles/faces/cropped_407.png
86.9906	DATA	Keypress: 5
87.6785	DATA	Keypress: 1
88.8642	DATA	Keypress: 5
88.8752	EXP	Set  image=./stimfiles/faces/cropped_322.png
89.3106	DATA	Keypress: 5
89.7015	DATA	Keypress: 1
90.8643	DATA	Keypress: 5
90.8760	EXP	Set  image=./stimfiles/faces/cropped_51MVC-003F.png
91.5107	DATA	Keypress: 1
91.6306	DATA	Keypress: 5
92.8643	DATA	Keypress: 5
92.8769	EXP	Set  image=./stimfiles/faces/cropped_f8v1e1.png
93.4757	DATA	Keypress: 1
94.8642	DATA	Keypress: 5
94.8777	EXP	Set  image=./stimfiles/faces/cropped_148.png
95.1109	DATA	Keypress: 5
95.5527	DATA	Keypress: 1
96.8643	DATA	Keypress: 5
96.8784	EXP	Set  image=./stimfiles/faces/cropped_f8v1e1.png
97.4308	DATA	Keypress: 5
98.8642	DATA	Keypress: 1
98.8648	DATA	Keypress: 5
98.8793	EXP	Set  image=./stimfiles/faces/cropped_105.png
99.4148	DATA	Keypress: 1
99.7509	DATA	Keypress: 5
100.8801	EXP	Started presenting instructions
101.6808	DATA	Keypress: 5
101.8971	EXP	Set instructions text=
102.8645	DATA	Keypress: 5
102.8809	EXP	Set  image=./stimfiles/chinese_characters/25950.jpg
103.2309	DATA	Keypress: 5
103.3859	DATA	Keypress: 1
104.8644	DATA	Keypress: 5
104.8818	EXP	Set  image=./stimfiles/chinese_characters/25202.jpg
105.4791	DATA	Keypress: 1
105.5510	DATA	Keypress: 5
106.8645	DATA	Keypress: 5
106.8825	EXP	Set  image=./stimfiles/chinese_characters/25852.jpg
107.4611	DATA	Keypress: 1
107.8711	DATA	Keypress: 5
108.8834	EXP	Set  image=./stimfiles/chinese_characters/25852.jpg
109.0312	DATA	Keypress: 5
109.5500	DATA	Keypress: 1
110.8648	DATA	Keypress: 5
110.8842	EXP	Set  image=./stimfiles/chinese_characters/25202.jpg
111.3512	DATA	Keypress: 5
111.5361	DATA	Keypress: 1
112.8644	DATA	Keypress: 5
112.8850	EXP	Set  image=./stimfiles/chinese_characters/25852.jpg
113.4103	DATA	Keypress: 4
113.6712	DATA	Keypress: 5
114.8644	DATA	Keypress: 5
114.8859	EXP	Set  image=./stimfiles/chinese_characters/26888.jpg
115.5153	DATA	Keypress: 1
116.8645	DATA	Keypress: 5
116.8866	EXP	Set  image=./stimfiles/chinese_characters/28692.jpg
117.1514	DATA	Keypress: 5
117.5484	DATA	Keypress: 1
118.8642	DATA	Keypress: 5
118.8875	EXP	Set  image=./stimfiles/chinese_characters/25852.jpg
119.4714	DATA	Keypress: 5
119.5644	DATA	Keypress: 1
120.8645	DATA	Keypress: 5
120.8883	EXP	Set  image=./stimfiles/chinese_characters/26554.jpg
121.4635	DATA	Keypress: 1
121.7915	DATA	Keypress: 5
122.8724	EXP	Started presenting instructions
123.6731	DATA	Keypress: 5
123.8896	EXP	Set instructions text=
124.8646	DATA	Keypress: 5
124.8733	EXP	Set  image=./stimfiles/scenes/316.jpg
125.2705	DATA	Keypress: 5
125.4215	DATA	Keypress: 1
126.8646	DATA	Keypress: 5
126.8741	EXP	Set  image=./stimfiles/scenes/581.jpg
127.4655	DATA	Keypress: 1
127.5906	DATA	Keypress: 5
128.8646	DATA	Keypress: 5
128.8749	EXP	Set  image=./stimfiles/scenes/581.jpg
129.3756	DATA	Keypress: 4
130.8646	DATA	Keypress: 5
130.8758	EXP	Set  image=./stimfiles/scenes/316.jpg
131.0708	DATA	Keypress: 5
131.3097	DATA	Keypress: 1
132.8646	DATA	Keypress: 5
132.8766	EXP	Set  image=./stimfiles/scenes/316.jpg
133.3907	DATA	Keypress: 5
133.5158	DATA	Keypress: 4
134.8646	DATA	Keypress: 5
134.8774	EXP	Set  image=./stimfiles/scenes/316.jpg
135.4419	DATA	Keypress: 4
135.7109	DATA	Keypress: 5
136.8782	EXP	Set  image=./stimfiles/scenes/331.jpg
136.8786	DATA	Keypress: 5
137.4428	DATA	Keypress: 1
138.8644	DATA	Keypress: 5
138.8790	EXP	Set  image=./stimfiles/scenes/316.jpg
139.1910	DATA	Keypress: 5
139.4640	DATA	Keypress: 1
140.8646	DATA	Keypress: 5
140.8798	EXP	Set  image=./stimfiles/scenes/1264.jpg
141.4091	DATA	Keypress: 1
141.5110	DATA	Keypress: 5
142.8646	DATA	Keypress: 5
142.8807	EXP	Set  image=./stimfiles/scenes/316.jpg
143.6302	DATA	Keypress: 1
143.8310	DATA	Keypress: 5
144.8815	EXP	Started presenting instructions
145.6822	DATA	Keypress: 5
145.8986	EXP	Set instructions text=
146.8648	DATA	Keypress: 5
146.8823	EXP	Set  image=./stimfiles/faces/cropped_138.png
147.3113	DATA	Keypress: 5
147.3512	DATA	Keypress: 1
148.8648	DATA	Keypress: 5
148.8831	EXP	Set  image=./stimfiles/faces/cropped_m-016-01.png
149.4251	DATA	Keypress: 1
149.6312	DATA	Keypress: 5
150.8648	DATA	Keypress: 5
150.8840	EXP	Set  image=./stimfiles/faces/cropped_i248ua-fn.png
151.4833	DATA	Keypress: 1
152.8648	DATA	Keypress: 5
152.8848	EXP	Set  image=./stimfiles/faces/cropped_m-072-01.png
153.1114	DATA	Keypress: 5
153.7083	DATA	Keypress: 1
154.8648	DATA	Keypress: 5
154.8856	EXP	Set  image=./stimfiles/faces/cropped_m-072-01.png
155.4314	DATA	Keypress: 5
155.6394	DATA	Keypress: 1
156.8648	DATA	Keypress: 5
156.8865	EXP	Set  image=./stimfiles/faces/cropped_336.png
157.5015	DATA	Keypress: 1
157.7515	DATA	Keypress: 5
158.8872	EXP	Set  image=./stimfiles/faces/cropped_81a.png
158.9117	DATA	Keypress: 5
159.5314	DATA	Keypress: 1
160.8647	DATA	Keypress: 5
160.8881	EXP	Set  image=./stimfiles/faces/cropped_336.png
161.2316	DATA	Keypress: 5
161.5306	DATA	Keypress: 4
162.8648	DATA	Keypress: 5
162.8889	EXP	Set  image=./stimfiles/faces/cropped_81a.png
163.5517	DATA	Keypress: 5
163.8756	DATA	Keypress: 1
164.8648	DATA	Keypress: 5
164.8730	EXP	Set  image=./stimfiles/faces/cropped_m1-032-01.png
165.5658	DATA	Keypress: 1
165.8717	DATA	Keypress: 5
166.8738	EXP	Started presenting instructions
167.6746	DATA	Keypress: 5
167.8909	EXP	Set instructions text=
168.8649	DATA	Keypress: 5
168.8747	EXP	Set  image=./stimfiles/scenes/1340.jpg
169.3518	DATA	Keypress: 5
169.4508	DATA	Keypress: 1
170.8650	DATA	Keypress: 5
170.8755	EXP	Set  image=./stimfiles/scenes/190.jpg
171.4559	DATA	Keypress: 1
171.6709	DATA	Keypress: 5
172.8650	DATA	Keypress: 5
172.8763	EXP	Set  image=./stimfiles/scenes/190.jpg
173.4781	DATA	Keypress: 4
174.8649	DATA	Keypress: 5
174.8772	EXP	Set  image=./stimfiles/scenes/1340.jpg
175.1509	DATA	Keypress: 5
175.5550	DATA	Keypress: 1
176.8650	DATA	Keypress: 5
176.8779	EXP	Set  image=./stimfiles/scenes/290.jpg
177.4710	DATA	Keypress: 5
177.5110	DATA	Keypress: 1
178.8649	DATA	Keypress: 5
178.8788	EXP	Set  image=./stimfiles/scenes/1340.jpg
179.4331	DATA	Keypress: 4
179.7912	DATA	Keypress: 5
180.8796	EXP	Set  image=./stimfiles/scenes/290.jpg
180.9512	DATA	Keypress: 5
181.5351	DATA	Keypress: 4
182.8650	DATA	Keypress: 5
182.8804	EXP	Set  image=./stimfiles/scenes/582.jpg
183.2713	DATA	Keypress: 5
183.3982	DATA	Keypress: 1
184.8650	DATA	Keypress: 5
184.8812	EXP	Set  image=./stimfiles/scenes/776.jpg
185.4073	DATA	Keypress: 1
185.5912	DATA	Keypress: 5
186.8650	DATA	Keypress: 5
186.8821	EXP	Set  image=./stimfiles/scenes/582.jpg
187.5394	DATA	Keypress: 4
208.8641	DATA	Keypress: 5
208.8646	DATA	Keypress: 5
208.8652	DATA	Keypress: 5
208.8657	DATA	Keypress: 5
208.8662	DATA	Keypress: 5
208.8667	DATA	Keypress: 5
208.8673	DATA	Keypress: 5
208.8678	DATA	Keypress: 5
208.8683	DATA	Keypress: 5
208.8686	DATA	Keypress: 5
208.8690	DATA	Keypress: 5
208.8695	DATA	Keypress: 5
208.8700	DATA	Keypress: 5
208.8705	DATA	Keypress: 5
208.8710	DATA	Keypress: 5
208.8715	DATA	Keypress: 5
208.8720	DATA	Keypress: 5
208.8725	DATA	Keypress: 5
208.8730	DATA	Keypress: 5
208.8911	EXP	Started presenting instructions
209.9082	EXP	Set instructions text=
210.8651	DATA	Keypress: 5
210.8920	EXP	Set  image=./stimfiles/chinese_characters/25323.jpg
211.1121	DATA	Keypress: 5
211.4451	DATA	Keypress: 1
212.8651	DATA	Keypress: 5
212.8761	EXP	Set  image=./stimfiles/chinese_characters/30206.jpg
213.4071	DATA	Keypress: 1
213.4321	DATA	Keypress: 5
214.8651	DATA	Keypress: 5
214.8769	EXP	Set  image=./stimfiles/chinese_characters/30206.jpg
215.4081	DATA	Keypress: 4
215.7521	DATA	Keypress: 5
216.8777	EXP	Set  image=./stimfiles/chinese_characters/30206.jpg
216.9123	DATA	Keypress: 5
217.3762	DATA	Keypress: 4
218.8651	DATA	Keypress: 5
218.8786	EXP	Set  image=./stimfiles/chinese_characters/25026.jpg
219.2323	DATA	Keypress: 5
219.3622	DATA	Keypress: 1
220.8651	DATA	Keypress: 5
220.8793	EXP	Set  image=./stimfiles/chinese_characters/25888.jpg
221.5343	DATA	Keypress: 1
221.5523	DATA	Keypress: 5
222.8652	DATA	Keypress: 5
222.8802	EXP	Set  image=./stimfiles/chinese_characters/25026.jpg
223.6204	DATA	Keypress: 1
223.8714	DATA	Keypress: 5
224.8811	EXP	Set  image=./stimfiles/chinese_characters/35417.jpg
225.0316	DATA	Keypress: 5
225.4064	DATA	Keypress: 1
226.8649	DATA	Keypress: 5
226.8818	EXP	Set  image=./stimfiles/chinese_characters/30242.jpg
227.3515	DATA	Keypress: 5
227.4345	DATA	Keypress: 1
228.8651	DATA	Keypress: 5
228.8826	EXP	Set  image=./stimfiles/chinese_characters/30242.jpg
229.5926	DATA	Keypress: 4
229.6715	DATA	Keypress: 5
230.8637	DATA	Keypress: 5
230.8835	EXP	Started presenting instructions
231.9005	EXP	Set instructions text=
232.8653	DATA	Keypress: 5
232.8843	EXP	Set  image=./stimfiles/faces/cropped_00651015.png
233.1517	DATA	Keypress: 5
233.4996	DATA	Keypress: 1
234.8652	DATA	Keypress: 5
234.8851	EXP	Set  image=./stimfiles/faces/cropped_474.png
235.4197	DATA	Keypress: 1
235.4717	DATA	Keypress: 5
236.8653	DATA	Keypress: 5
236.8860	EXP	Set  image=./stimfiles/faces/cropped_895.png
237.5468	DATA	Keypress: 1
237.7918	DATA	Keypress: 5
238.8868	EXP	Set  image=./stimfiles/faces/cropped_895.png
238.9519	DATA	Keypress: 5
239.4867	DATA	Keypress: 1
240.8653	DATA	Keypress: 5
240.8875	EXP	Set  image=./stimfiles/faces/cropped_474.png
241.2719	DATA	Keypress: 5
241.4869	DATA	Keypress: 1
242.8653	DATA	Keypress: 5
242.8884	EXP	Set  image=./stimfiles/faces/cropped_895.png
243.5920	DATA	Keypress: 5
243.7620	DATA	Keypress: 1
244.8653	DATA	Keypress: 5
244.8892	EXP	Set  image=./stimfiles/faces/cropped_895.png
245.5010	DATA	Keypress: 4
246.8652	DATA	Keypress: 5
246.8734	EXP	Set  image=./stimfiles/faces/cropped_895.png
247.0724	DATA	Keypress: 5
247.4610	DATA	Keypress: 4
248.8652	DATA	Keypress: 5
248.8742	EXP	Set  image=./stimfiles/faces/cropped_895.png
249.3921	DATA	Keypress: 5
249.4341	DATA	Keypress: 4
250.8653	DATA	Keypress: 5
250.8750	EXP	Set  image=./stimfiles/faces/cropped_895.png
251.4431	DATA	Keypress: 4
251.7120	DATA	Keypress: 5
252.8758	EXP	Started presenting instructions
253.6765	DATA	Keypress: 5
253.8929	EXP	Set instructions text=
254.8655	DATA	Keypress: 5
254.8767	EXP	Set  image=./stimfiles/chinese_characters/20666.jpg
255.1922	DATA	Keypress: 5
255.5662	DATA	Keypress: 1
256.8655	DATA	Keypress: 5
256.8775	EXP	Set  image=./stimfiles/chinese_characters/25863.jpg
257.5124	DATA	Keypress: 5
257.7613	DATA	Keypress: 1
258.8655	DATA	Keypress: 5
258.8783	EXP	Set  image=./stimfiles/chinese_characters/24669.jpg
259.6813	DATA	Keypress: 1
259.8324	DATA	Keypress: 5
260.8791	EXP	Set  image=./stimfiles/chinese_characters/24669.jpg
260.9926	DATA	Keypress: 5
261.8715	DATA	Keypress: 1
262.8654	DATA	Keypress: 5
262.8799	EXP	Set  image=./stimfiles/chinese_characters/27450.jpg
263.3125	DATA	Keypress: 5
263.7027	DATA	Keypress: 1
264.8655	DATA	Keypress: 5
264.8808	EXP	Set  image=./stimfiles/chinese_characters/24669.jpg
265.3865	DATA	Keypress: 4
265.6326	DATA	Keypress: 5
266.8654	DATA	Keypress: 5
266.8816	EXP	Set  image=./stimfiles/chinese_characters/25520.jpg
267.4976	DATA	Keypress: 1
268.8655	DATA	Keypress: 5
268.8823	EXP	Set  image=./stimfiles/chinese_characters/27493.jpg
269.1127	DATA	Keypress: 5
269.8797	DATA	Keypress: 1
270.8654	DATA	Keypress: 5
270.8832	EXP	Set  image=./stimfiles/chinese_characters/24669.jpg
271.4328	DATA	Keypress: 5
271.6107	DATA	Keypress: 1
272.8655	DATA	Keypress: 5
272.8840	EXP	Set  image=./stimfiles/chinese_characters/24669.jpg
273.6157	DATA	Keypress: 1
273.7528	DATA	Keypress: 5
274.8849	EXP	Started presenting instructions
275.6856	DATA	Keypress: 5
275.9020	EXP	Set instructions text=
276.8656	DATA	Keypress: 5
276.8857	EXP	Set  image=./stimfiles/scenes/212.jpg
277.2319	DATA	Keypress: 5
277.4229	DATA	Keypress: 1
278.8656	DATA	Keypress: 5
278.8698	EXP	Set  image=./stimfiles/scenes/212.jpg
279.4530	DATA	Keypress: 4
279.5519	DATA	Keypress: 5
280.8657	DATA	Keypress: 5
280.8707	EXP	Set  image=./stimfiles/scenes/1242.jpg
281.4740	DATA	Keypress: 1
281.8741	DATA	Keypress: 5
282.8715	EXP	Set  image=./stimfiles/scenes/1414.jpg
283.0321	DATA	Keypress: 5
283.5071	DATA	Keypress: 1
284.8656	DATA	Keypress: 5
284.8723	EXP	Set  image=./stimfiles/scenes/1414.jpg
285.3521	DATA	Keypress: 5
285.5401	DATA	Keypress: 4
286.8656	DATA	Keypress: 5
286.8731	EXP	Set  image=./stimfiles/scenes/1071.jpg
287.4272	DATA	Keypress: 1
287.6722	DATA	Keypress: 5
288.8657	DATA	Keypress: 5
288.8739	EXP	Set  image=./stimfiles/scenes/259.jpg
289.4952	DATA	Keypress: 1
290.8656	DATA	Keypress: 5
290.8747	EXP	Set  image=./stimfiles/scenes/109.jpg
291.1522	DATA	Keypress: 5
291.6923	DATA	Keypress: 4
292.8657	DATA	Keypress: 5
292.8756	EXP	Set  image=./stimfiles/scenes/3053.jpg
293.4404	DATA	Keypress: 1
293.4724	DATA	Keypress: 5
294.8656	DATA	Keypress: 5
294.8764	EXP	Set  image=./stimfiles/scenes/109.jpg
295.5775	DATA	Keypress: 4
295.7924	DATA	Keypress: 5
296.8939	EXP	Started presenting instructions
297.6946	DATA	Keypress: 5
297.9109	EXP	Set instructions text=
298.8657	DATA	Keypress: 5
298.8780	EXP	Set  image=./stimfiles/faces/cropped_40.png
299.2724	DATA	Keypress: 5
299.4715	DATA	Keypress: 1
300.8657	DATA	Keypress: 5
300.8788	EXP	Set  image=./stimfiles/faces/cropped_877.png
301.5927	DATA	Keypress: 5
301.6716	DATA	Keypress: 1
302.8659	DATA	Keypress: 5
302.8797	EXP	Set  image=./stimfiles/faces/cropped_00511015.png
303.8168	DATA	Keypress: 1
304.8658	DATA	Keypress: 5
304.8805	EXP	Set  image=./stimfiles/faces/cropped_877.png
305.0728	DATA	Keypress: 5
305.4107	DATA	Keypress: 4
306.8658	DATA	Keypress: 5
306.8813	EXP	Set  image=./stimfiles/faces/cropped_625.png
307.3928	DATA	Keypress: 5
307.6237	DATA	Keypress: 1
308.8658	DATA	Keypress: 5
308.8822	EXP	Set  image=./stimfiles/faces/cropped_00511015.png
309.7129	DATA	Keypress: 5
309.7989	DATA	Keypress: 1
310.8830	EXP	Set  image=./stimfiles/faces/cropped_00511015.png
310.8834	DATA	Keypress: 5
311.7859	DATA	Keypress: 1
312.8658	DATA	Keypress: 5
312.8838	EXP	Set  image=./stimfiles/faces/cropped_103.png
313.1930	DATA	Keypress: 5
313.6060	DATA	Keypress: 1
314.8658	DATA	Keypress: 5
314.8846	EXP	Set  image=./stimfiles/faces/cropped_00511015.png
315.4061	DATA	Keypress: 4
315.5130	DATA	Keypress: 5
316.8657	DATA	Keypress: 5
316.8854	EXP	Set  image=./stimfiles/faces/cropped_729.png
317.5611	DATA	Keypress: 1
317.8331	DATA	Keypress: 5
318.8863	EXP	Started presenting instructions
319.6870	DATA	Keypress: 5
319.9034	EXP	Set instructions text=
320.8660	DATA	Keypress: 5
320.8703	EXP	Set  image=./stimfiles/scenes/282.jpg
321.3132	DATA	Keypress: 5
321.4330	DATA	Keypress: 1
322.8660	DATA	Keypress: 5
322.8713	EXP	Set  image=./stimfiles/scenes/722.jpg
323.4252	DATA	Keypress: 1
323.6332	DATA	Keypress: 5
324.8660	DATA	Keypress: 5
324.8720	EXP	Set  image=./stimfiles/scenes/1018.jpg
325.4383	DATA	Keypress: 1
326.8660	DATA	Keypress: 5
326.8729	EXP	Set  image=./stimfiles/scenes/37.jpg
327.1121	DATA	Keypress: 5
327.4083	DATA	Keypress: 1
328.8660	DATA	Keypress: 5
328.8736	EXP	Set  image=./stimfiles/scenes/685.jpg
329.4324	DATA	Keypress: 5
329.6274	DATA	Keypress: 1
330.8660	DATA	Keypress: 5
330.8745	EXP	Set  image=./stimfiles/scenes/1018.jpg
331.7413	DATA	Keypress: 1
331.7524	DATA	Keypress: 5
332.8753	EXP	Set  image=./stimfiles/scenes/685.jpg
332.9126	DATA	Keypress: 5
333.4415	DATA	Keypress: 4
334.8660	DATA	Keypress: 5
334.8762	EXP	Set  image=./stimfiles/scenes/685.jpg
335.2326	DATA	Keypress: 5
335.7236	DATA	Keypress: 1
336.8660	DATA	Keypress: 5
336.8770	EXP	Set  image=./stimfiles/scenes/761.jpg
337.5526	DATA	Keypress: 5
337.8809	DATA	Keypress: 1
338.8660	DATA	Keypress: 5
338.8778	EXP	Set  image=./stimfiles/scenes/685.jpg
339.4775	DATA	Keypress: 4
339.8727	DATA	Keypress: 5
360.8644	DATA	Keypress: 5
360.8651	DATA	Keypress: 5
360.8656	DATA	Keypress: 5
360.8661	DATA	Keypress: 5
360.8666	DATA	Keypress: 5
360.8671	DATA	Keypress: 5
360.8677	DATA	Keypress: 5
360.8682	DATA	Keypress: 5
360.8686	DATA	Keypress: 5
360.8689	DATA	Keypress: 5
360.8693	DATA	Keypress: 5
360.8696	DATA	Keypress: 5
360.8699	DATA	Keypress: 5
360.8703	DATA	Keypress: 5
360.8707	DATA	Keypress: 5
360.8710	DATA	Keypress: 5
360.8713	DATA	Keypress: 5
360.8718	DATA	Keypress: 5
360.8869	EXP	Started presenting instructions
361.9039	EXP	Set instructions text=
362.8661	DATA	Keypress: 5
362.8876	EXP	Set  image=./stimfiles/chinese_characters/32011.jpg
363.0734	DATA	Keypress: 5
363.3973	DATA	Keypress: 1
364.8661	DATA	Keypress: 5
364.8885	EXP	Set  image=./stimfiles/chinese_characters/26610.jpg
365.3934	DATA	Keypress: 5
365.4084	DATA	Keypress: 1
366.8661	DATA	Keypress: 5
366.8893	EXP	Set  image=./stimfiles/chinese_characters/32011.jpg
367.4944	DATA	Keypress: 1
367.7134	DATA	Keypress: 5
368.8734	EXP	Set  image=./stimfiles/chinese_characters/32011.jpg
368.8738	DATA	Keypress: 5
369.3045	DATA	Keypress: 4
370.8661	DATA	Keypress: 5
370.8743	EXP	Set  image=./stimfiles/chinese_characters/24816.jpg
371.1936	DATA	Keypress: 5
371.2635	DATA	Keypress: 1
372.8662	DATA	Keypress: 5
372.8750	EXP	Set  image=./stimfiles/chinese_characters/28701.jpg
373.3667	DATA	Keypress: 1
373.5136	DATA	Keypress: 5
374.8661	DATA	Keypress: 5
374.8760	EXP	Set  image=./stimfiles/chinese_characters/32011.jpg
375.4647	DATA	Keypress: 1
375.8327	DATA	Keypress: 5
376.8767	EXP	Set  image=./stimfiles/chinese_characters/24816.jpg
376.9928	DATA	Keypress: 5
377.5017	DATA	Keypress: 1
378.8661	DATA	Keypress: 5
378.8775	EXP	Set  image=./stimfiles/chinese_characters/37250.jpg
379.3128	DATA	Keypress: 5
379.3958	DATA	Keypress: 1
380.8661	DATA	Keypress: 5
380.8784	EXP	Set  image=./stimfiles/chinese_characters/24816.jpg
381.4559	DATA	Keypress: 1
381.6329	DATA	Keypress: 5
382.8636	DATA	Keypress: 5
382.8792	EXP	Started presenting instructions
383.8963	EXP	Set instructions text=
384.8663	DATA	Keypress: 5
384.8800	EXP	Set  image=./stimfiles/faces/cropped_m6n2.png
385.1130	DATA	Keypress: 5
385.2848	DATA	Keypress: 1
386.8664	DATA	Keypress: 5
386.8809	EXP	Set  image=./stimfiles/faces/cropped_m6n2.png
387.4330	DATA	Keypress: 5
387.5310	DATA	Keypress: 1
388.8663	DATA	Keypress: 5
388.8816	EXP	Set  image=./stimfiles/faces/cropped_scott1.png
389.5241	DATA	Keypress: 1
389.7531	DATA	Keypress: 5
390.8824	EXP	Set  image=./stimfiles/faces/cropped_401.png
390.9133	DATA	Keypress: 5
391.5542	DATA	Keypress: 1
392.8663	DATA	Keypress: 5
392.8833	EXP	Set  image=./stimfiles/faces/cropped_401.png
393.2333	DATA	Keypress: 5
393.4732	DATA	Keypress: 4
394.8664	DATA	Keypress: 5
394.8841	EXP	Set  image=./stimfiles/faces/cropped_206.png
395.4834	DATA	Keypress: 1
395.5533	DATA	Keypress: 5
396.8663	DATA	Keypress: 5
396.8849	EXP	Set  image=./stimfiles/faces/cropped_401.png
397.6134	DATA	Keypress: 1
397.8734	DATA	Keypress: 5
398.8858	EXP	Set  image=./stimfiles/faces/cropped_m-009-01.png
399.0334	DATA	Keypress: 5
399.6033	DATA	Keypress: 1
400.8663	DATA	Keypress: 5
400.8866	EXP	Set  image=./stimfiles/faces/cropped_jsheenan1.png
401.3533	DATA	Keypress: 5
401.5834	DATA	Keypress: 1
402.8663	DATA	Keypress: 5
402.8874	EXP	Set  image=./stimfiles/faces/cropped_jsheenan1.png
403.4235	DATA	Keypress: 4
403.6734	DATA	Keypress: 5
404.8636	DATA	Keypress: 5
404.8882	EXP	Started presenting instructions
405.9053	EXP	Set instructions text=
406.8665	DATA	Keypress: 5
406.8891	EXP	Set  image=./stimfiles/chinese_characters/24677.jpg
407.1536	DATA	Keypress: 5
407.5225	DATA	Keypress: 1
408.8665	DATA	Keypress: 5
408.8898	EXP	Set  image=./stimfiles/chinese_characters/25738.jpg
409.3957	DATA	Keypress: 1
409.4737	DATA	Keypress: 5
410.8665	DATA	Keypress: 5
410.8907	EXP	Set  image=./stimfiles/chinese_characters/24677.jpg
411.3397	DATA	Keypress: 4
411.7938	DATA	Keypress: 5
412.8749	EXP	Set  image=./stimfiles/chinese_characters/25988.jpg
412.9539	DATA	Keypress: 5
413.4508	DATA	Keypress: 1
414.8665	DATA	Keypress: 5
414.8757	EXP	Set  image=./stimfiles/chinese_characters/24677.jpg
415.2738	DATA	Keypress: 5
415.5688	DATA	Keypress: 4
416.8665	DATA	Keypress: 5
416.8765	EXP	Set  image=./stimfiles/chinese_characters/25988.jpg
417.5940	DATA	Keypress: 5
417.7629	DATA	Keypress: 1
418.8665	DATA	Keypress: 5
418.8773	EXP	Set  image=./stimfiles/chinese_characters/25584.jpg
419.7200	DATA	Keypress: 1
420.8665	DATA	Keypress: 5
420.8781	EXP	Set  image=./stimfiles/chinese_characters/26484.jpg
421.0741	DATA	Keypress: 5
421.8330	DATA	Keypress: 1
422.8665	DATA	Keypress: 5
422.8789	EXP	Set  image=./stimfiles/chinese_characters/25584.jpg
423.3941	DATA	Keypress: 5
423.4661	DATA	Keypress: 4
424.8665	DATA	Keypress: 5
424.8798	EXP	Set  image=./stimfiles/chinese_characters/26897.jpg
425.4881	DATA	Keypress: 1
425.7141	DATA	Keypress: 5
426.8806	EXP	Started presenting instructions
427.6812	DATA	Keypress: 5
427.8976	EXP	Set instructions text=
428.8666	DATA	Keypress: 5
428.8815	EXP	Set  image=./stimfiles/scenes/68.jpg
429.1932	DATA	Keypress: 5
429.4502	DATA	Keypress: 1
430.8666	DATA	Keypress: 5
430.8822	EXP	Set  image=./stimfiles/scenes/728.jpg
431.4663	DATA	Keypress: 1
431.5132	DATA	Keypress: 5
432.8667	DATA	Keypress: 5
432.8830	EXP	Set  image=./stimfiles/scenes/886.jpg
433.4564	DATA	Keypress: 1
433.8333	DATA	Keypress: 5
434.8839	EXP	Set  image=./stimfiles/scenes/68.jpg
434.9935	DATA	Keypress: 5
435.4634	DATA	Keypress: 1
436.8666	DATA	Keypress: 5
436.8847	EXP	Set  image=./stimfiles/scenes/1219.jpg
437.3135	DATA	Keypress: 5
437.4044	DATA	Keypress: 1
438.8666	DATA	Keypress: 5
438.8855	EXP	Set  image=./stimfiles/scenes/1219.jpg
439.4506	DATA	Keypress: 4
439.6335	DATA	Keypress: 5
440.8667	DATA	Keypress: 5
440.8863	EXP	Set  image=./stimfiles/scenes/1546.jpg
441.3665	DATA	Keypress: 1
442.8667	DATA	Keypress: 5
442.8705	EXP	Set  image=./stimfiles/scenes/1219.jpg
443.1136	DATA	Keypress: 5
443.7464	DATA	Keypress: 1
444.8666	DATA	Keypress: 5
444.8713	EXP	Set  image=./stimfiles/scenes/1375.jpg
445.4337	DATA	Keypress: 1
445.4348	DATA	Keypress: 5
446.8667	DATA	Keypress: 5
446.8722	EXP	Set  image=./stimfiles/scenes/782.jpg
447.3758	DATA	Keypress: 1
447.7537	DATA	Keypress: 5
448.8896	EXP	Started presenting instructions
449.6904	DATA	Keypress: 5
449.9067	EXP	Set instructions text=
450.8668	DATA	Keypress: 5
450.8905	EXP	Set  image=./stimfiles/faces/cropped_1008.png
451.2340	DATA	Keypress: 5
451.5219	DATA	Keypress: 1
452.8668	DATA	Keypress: 5
452.8746	EXP	Set  image=./stimfiles/faces/cropped_1008.png
453.5540	DATA	Keypress: 5
453.6418	DATA	Keypress: 1
454.8668	DATA	Keypress: 5
454.8754	EXP	Set  image=./stimfiles/faces/cropped_51.png
455.4980	DATA	Keypress: 1
455.8740	DATA	Keypress: 5
456.8762	EXP	Set  image=./stimfiles/faces/cropped_pkyle1.png
457.0341	DATA	Keypress: 5
457.4220	DATA	Keypress: 1
458.8668	DATA	Keypress: 5
458.8770	EXP	Set  image=./stimfiles/faces/cropped_51.png
459.3541	DATA	Keypress: 5
459.6661	DATA	Keypress: 4
460.8668	DATA	Keypress: 5
460.8778	EXP	Set  image=./stimfiles/faces/cropped_pkyle1.png
461.4942	DATA	Keypress: 4
461.6741	DATA	Keypress: 5
462.8668	DATA	Keypress: 5
462.8786	EXP	Set  image=./stimfiles/faces/cropped_mnicholson1.png
463.5592	DATA	Keypress: 1
464.8669	DATA	Keypress: 5
464.8795	EXP	Set  image=./stimfiles/faces/cropped_51.png
465.1542	DATA	Keypress: 5
465.4662	DATA	Keypress: 1
466.8668	DATA	Keypress: 5
466.8803	EXP	Set  image=./stimfiles/faces/cropped_mnicholson1.png
467.4743	DATA	Keypress: 5
467.5763	DATA	Keypress: 4
468.8668	DATA	Keypress: 5
468.8811	EXP	Set  image=./stimfiles/faces/cropped_278.png
469.6583	DATA	Keypress: 1
469.7944	DATA	Keypress: 5
470.8820	EXP	Started presenting instructions
471.6827	DATA	Keypress: 5
471.8991	EXP	Set instructions text=
472.8670	DATA	Keypress: 5
472.8828	EXP	Set  image=./stimfiles/scenes/298.jpg
473.2745	DATA	Keypress: 5
473.4935	DATA	Keypress: 1
474.8670	DATA	Keypress: 5
474.8836	EXP	Set  image=./stimfiles/scenes/1046.jpg
475.5016	DATA	Keypress: 1
475.5945	DATA	Keypress: 5
476.8670	DATA	Keypress: 5
476.8845	EXP	Set  image=./stimfiles/scenes/298.jpg
477.3256	DATA	Keypress: 4
478.8670	DATA	Keypress: 5
478.8852	EXP	Set  image=./stimfiles/scenes/3109.jpg
479.0737	DATA	Keypress: 5
479.4587	DATA	Keypress: 1
480.8669	DATA	Keypress: 5
480.8861	EXP	Set  image=./stimfiles/scenes/116.jpg
481.3937	DATA	Keypress: 5
481.5767	DATA	Keypress: 1
482.8670	DATA	Keypress: 5
482.8703	EXP	Set  image=./stimfiles/scenes/1466.jpg
483.3308	DATA	Keypress: 1
483.7137	DATA	Keypress: 5
484.8711	EXP	Set  image=./stimfiles/scenes/3096.jpg
484.8737	DATA	Keypress: 5
485.4799	DATA	Keypress: 1
486.8668	DATA	Keypress: 5
486.8718	EXP	Set  image=./stimfiles/scenes/1466.jpg
487.1939	DATA	Keypress: 5
487.5049	DATA	Keypress: 4
488.8670	DATA	Keypress: 5
488.8727	EXP	Set  image=./stimfiles/scenes/1466.jpg
489.5140	DATA	Keypress: 5
489.6417	DATA	Keypress: 1
490.8670	DATA	Keypress: 5
490.8736	EXP	Set  image=./stimfiles/scenes/1465.jpg
491.4281	DATA	Keypress: 1
491.8341	DATA	Keypress: 5
