1.3584	INFO	Loaded calibration from:2012_09_26 16:15
1.3584	INFO	['2012_09_26 16:15']
1.3593	INFO	configured pyglet screen 0
1.3594	WARNING	User requested fullscreen with size [800 600], but screen is actually [1024, 768]. Using actual size
1.5334	INFO	Using gamma table of operating system
1.5411	EXP	Set Window color=[ 0.  0.  0.] (rgb)
2.0080	EXP	Started presenting 
214.0168	DATA	Keypress: 5
214.0177	DATA	Key pressed: 5
214.0256	EXP	Set  text=
214.0424	EXP	Started presenting instructions
215.0594	EXP	Set instructions text=
216.0277	DATA	Keypress: 5
216.0432	EXP	Set  image=./stimfiles/faces/cropped_979.png
216.3081	DATA	Keypress: 5
216.4658	DATA	Keypress: 1
218.0276	DATA	Keypress: 5
218.0439	EXP	Set  image=./stimfiles/faces/cropped_979.png
218.6279	DATA	Keypress: 5
218.9080	DATA	Keypress: 4
220.0278	DATA	Keypress: 5
220.0448	EXP	Set  image=./stimfiles/faces/cropped_i047qa-mn.png
220.7001	DATA	Keypress: 1
220.9481	DATA	Keypress: 5
222.0468	EXP	Set  image=./stimfiles/faces/cropped_114.png
222.1081	DATA	Keypress: 5
222.8942	DATA	Keypress: 1
224.0276	DATA	Keypress: 5
224.0476	EXP	Set  image=./stimfiles/faces/cropped_595.png
224.4291	DATA	Keypress: 5
224.6771	DATA	Keypress: 1
226.0276	DATA	Keypress: 5
226.0484	EXP	Set  image=./stimfiles/faces/cropped_595.png
226.6031	DATA	Keypress: 4
226.7491	DATA	Keypress: 5
228.0278	DATA	Keypress: 5
228.0492	EXP	Set  image=./stimfiles/faces/cropped_450.png
228.6341	DATA	Keypress: 1
230.0278	DATA	Keypress: 5
230.0487	EXP	Set  image=./stimfiles/faces/cropped_193.png
230.2282	DATA	Keypress: 5
232.0276	DATA	Keypress: 1
232.0282	DATA	Keypress: 5
232.0495	EXP	Set  image=./stimfiles/faces/cropped_303.png
232.5493	DATA	Keypress: 5
232.9862	DATA	Keypress: 1
234.0278	DATA	Keypress: 5
234.0504	EXP	Set  image=./stimfiles/faces/cropped_450.png
234.8103	DATA	Keypress: 1
234.8679	DATA	Keypress: 5
236.0342	DATA	Keypress: 5
236.0512	EXP	Started presenting instructions
237.0682	EXP	Set instructions text=
238.0279	DATA	Keypress: 5
238.0519	EXP	Set  image=./stimfiles/chinese_characters/35594.jpg
238.3482	DATA	Keypress: 5
238.6746	DATA	Keypress: 1
240.0280	DATA	Keypress: 5
240.0360	EXP	Set  image=./stimfiles/chinese_characters/27494.jpg
240.5983	DATA	Keypress: 1
240.6684	DATA	Keypress: 5
242.0280	DATA	Keypress: 5
242.0368	EXP	Set  image=./stimfiles/chinese_characters/27494.jpg
242.5402	DATA	Keypress: 4
242.9883	DATA	Keypress: 5
244.0376	EXP	Set  image=./stimfiles/chinese_characters/20681.jpg
244.1494	DATA	Keypress: 5
244.8855	DATA	Keypress: 1
246.0280	DATA	Keypress: 5
246.0384	EXP	Set  image=./stimfiles/chinese_characters/25807.jpg
246.4695	DATA	Keypress: 5
246.6392	DATA	Keypress: 1
248.0278	DATA	Keypress: 5
248.0392	EXP	Set  image=./stimfiles/chinese_characters/20681.jpg
248.6295	DATA	Keypress: 1
248.7894	DATA	Keypress: 5
250.0280	DATA	Keypress: 5
250.0400	EXP	Set  image=./stimfiles/chinese_characters/33311.jpg
250.7006	DATA	Keypress: 1
252.0280	DATA	Keypress: 5
252.0408	EXP	Set  image=./stimfiles/chinese_characters/24978.jpg
252.2685	DATA	Keypress: 5
252.5445	DATA	Keypress: 1
254.0278	DATA	Keypress: 5
254.0416	EXP	Set  image=./stimfiles/chinese_characters/29375.jpg
254.5607	DATA	Keypress: 1
254.5886	DATA	Keypress: 5
256.0280	DATA	Keypress: 5
256.0424	EXP	Set  image=./stimfiles/chinese_characters/25987.jpg
256.6527	DATA	Keypress: 1
256.9087	DATA	Keypress: 5
258.0432	EXP	Started presenting instructions
258.8439	DATA	Keypress: 5
259.0602	EXP	Set instructions text=
260.0281	DATA	Keypress: 5
260.0441	EXP	Set  image=./stimfiles/chinese_characters/25160.jpg
260.3887	DATA	Keypress: 5
260.7347	DATA	Keypress: 1
262.0281	DATA	Keypress: 5
262.0449	EXP	Set  image=./stimfiles/chinese_characters/25160.jpg
262.6248	DATA	Keypress: 1
262.7086	DATA	Keypress: 5
264.0282	DATA	Keypress: 5
264.0469	EXP	Set  image=./stimfiles/chinese_characters/25160.jpg
264.5591	DATA	Keypress: 4
265.0287	DATA	Keypress: 5
266.0465	EXP	Set  image=./stimfiles/chinese_characters/25160.jpg
266.1888	DATA	Keypress: 5
266.6580	DATA	Keypress: 4
268.0281	DATA	Keypress: 5
268.0476	EXP	Set  image=./stimfiles/chinese_characters/25160.jpg
268.5078	DATA	Keypress: 5
268.8209	DATA	Keypress: 4
270.0281	DATA	Keypress: 5
270.0492	EXP	Set  image=./stimfiles/chinese_characters/25160.jpg
270.6507	DATA	Keypress: 4
270.8289	DATA	Keypress: 5
272.0281	DATA	Keypress: 5
272.0488	EXP	Set  image=./stimfiles/chinese_characters/29821.jpg
272.6347	DATA	Keypress: 1
274.0282	DATA	Keypress: 5
274.0496	EXP	Set  image=./stimfiles/chinese_characters/25160.jpg
274.3090	DATA	Keypress: 5
274.5549	DATA	Keypress: 4
276.0281	DATA	Keypress: 5
276.0504	EXP	Set  image=./stimfiles/chinese_characters/35527.jpg
276.6128	DATA	Keypress: 1
276.6288	DATA	Keypress: 5
278.0282	DATA	Keypress: 5
278.0513	EXP	Set  image=./stimfiles/chinese_characters/29821.jpg
278.7510	DATA	Keypress: 1
278.9489	DATA	Keypress: 5
280.0353	EXP	Started presenting instructions
280.8359	DATA	Keypress: 5
281.0524	EXP	Set instructions text=
282.0282	DATA	Keypress: 5
282.0361	EXP	Set  image=./stimfiles/faces/cropped_112MVC-003F.png
282.4291	DATA	Keypress: 5
282.5611	DATA	Keypress: 1
284.0283	DATA	Keypress: 5
284.0369	EXP	Set  image=./stimfiles/faces/cropped_112MVC-003F.png
284.7390	DATA	Keypress: 1
284.7491	DATA	Keypress: 5
286.0281	DATA	Keypress: 5
286.0378	EXP	Set  image=./stimfiles/faces/cropped_m-087-01.png
286.8421	DATA	Keypress: 1
288.0283	DATA	Keypress: 5
288.0385	EXP	Set  image=./stimfiles/faces/cropped_112MVC-003F.png
288.2293	DATA	Keypress: 5
288.6351	DATA	Keypress: 4
290.0283	DATA	Keypress: 5
290.0394	EXP	Set  image=./stimfiles/faces/cropped_468.png
290.5483	DATA	Keypress: 5
290.7921	DATA	Keypress: 1
292.0281	DATA	Keypress: 5
292.0402	EXP	Set  image=./stimfiles/faces/cropped_273.png
292.6693	DATA	Keypress: 1
292.8692	DATA	Keypress: 5
294.0410	EXP	Set  image=./stimfiles/faces/cropped_468.png
294.0413	DATA	Keypress: 5
294.8714	DATA	Keypress: 1
296.0283	DATA	Keypress: 5
296.0418	EXP	Set  image=./stimfiles/faces/cropped_273.png
296.3494	DATA	Keypress: 5
296.8553	DATA	Keypress: 4
298.0283	DATA	Keypress: 5
298.0425	EXP	Set  image=./stimfiles/faces/cropped_360.png
298.6694	DATA	Keypress: 5
298.7733	DATA	Keypress: 1
300.0282	DATA	Keypress: 5
300.0434	EXP	Set  image=./stimfiles/faces/cropped_273.png
300.7994	DATA	Keypress: 4
300.9893	DATA	Keypress: 5
302.0442	EXP	Started presenting instructions
302.8447	DATA	Keypress: 5
303.0612	EXP	Set instructions text=
304.0283	DATA	Keypress: 5
304.0450	EXP	Set  image=./stimfiles/scenes/576.jpg
304.4694	DATA	Keypress: 5
304.7094	DATA	Keypress: 1
306.0285	DATA	Keypress: 5
306.0458	EXP	Set  image=./stimfiles/scenes/576.jpg
306.6124	DATA	Keypress: 1
306.7886	DATA	Keypress: 5
308.0285	DATA	Keypress: 5
308.0478	EXP	Set  image=./stimfiles/scenes/1113.jpg
308.7314	DATA	Keypress: 1
310.0285	DATA	Keypress: 5
310.0473	EXP	Set  image=./stimfiles/scenes/575.jpg
310.2665	DATA	Keypress: 5
310.6756	DATA	Keypress: 1
312.0285	DATA	Keypress: 5
312.0482	EXP	Set  image=./stimfiles/scenes/576.jpg
312.5897	DATA	Keypress: 5
312.9777	DATA	Keypress: 1
314.0285	DATA	Keypress: 5
314.0324	EXP	Set  image=./stimfiles/scenes/1113.jpg
314.7696	DATA	Keypress: 4
314.9076	DATA	Keypress: 5
316.0331	EXP	Set  image=./stimfiles/scenes/802.jpg
316.0677	DATA	Keypress: 5
316.6938	DATA	Keypress: 1
318.0285	DATA	Keypress: 5
318.0339	EXP	Set  image=./stimfiles/scenes/1113.jpg
318.3878	DATA	Keypress: 5
318.8456	DATA	Keypress: 1
320.0285	DATA	Keypress: 5
320.0347	EXP	Set  image=./stimfiles/scenes/1504.jpg
320.6499	DATA	Keypress: 1
320.7077	DATA	Keypress: 5
322.0285	DATA	Keypress: 5
322.0355	EXP	Set  image=./stimfiles/scenes/241.jpg
322.6538	DATA	Keypress: 1
323.0279	DATA	Keypress: 5
324.0363	EXP	Started presenting instructions
324.8371	DATA	Keypress: 5
325.0534	EXP	Set instructions text=
326.0287	DATA	Keypress: 5
326.0371	EXP	Set  image=./stimfiles/scenes/1114.jpg
326.5078	DATA	Keypress: 5
326.5778	DATA	Keypress: 1
328.0286	DATA	Keypress: 5
328.0380	EXP	Set  image=./stimfiles/scenes/1857.jpg
328.5570	DATA	Keypress: 1
328.8288	DATA	Keypress: 5
330.0287	DATA	Keypress: 5
330.0387	EXP	Set  image=./stimfiles/scenes/1530.jpg
330.5500	DATA	Keypress: 1
332.0287	DATA	Keypress: 5
332.0395	EXP	Set  image=./stimfiles/scenes/1318.jpg
332.3090	DATA	Keypress: 5
332.5771	DATA	Keypress: 1
334.0287	DATA	Keypress: 5
334.0403	EXP	Set  image=./stimfiles/scenes/1318.jpg
334.6171	DATA	Keypress: 4
334.6290	DATA	Keypress: 5
336.0285	DATA	Keypress: 5
336.0411	EXP	Set  image=./stimfiles/scenes/3106.jpg
336.6161	DATA	Keypress: 1
336.9481	DATA	Keypress: 5
338.0419	EXP	Set  image=./stimfiles/scenes/1318.jpg
338.1081	DATA	Keypress: 5
338.5322	DATA	Keypress: 1
340.0285	DATA	Keypress: 5
340.0427	EXP	Set  image=./stimfiles/scenes/142.jpg
340.4280	DATA	Keypress: 5
340.4780	DATA	Keypress: 1
342.0285	DATA	Keypress: 5
342.0436	EXP	Set  image=./stimfiles/scenes/1318.jpg
342.7322	DATA	Keypress: 1
342.7481	DATA	Keypress: 5
344.0287	DATA	Keypress: 5
344.0444	EXP	Set  image=./stimfiles/scenes/1088.jpg
344.6762	DATA	Keypress: 1
366.0276	DATA	Keypress: 5
366.0281	DATA	Keypress: 5
366.0285	DATA	Keypress: 5
366.0288	DATA	Keypress: 5
366.0291	DATA	Keypress: 5
366.0295	DATA	Keypress: 5
366.0298	DATA	Keypress: 5
366.0302	DATA	Keypress: 5
366.0305	DATA	Keypress: 5
366.0309	DATA	Keypress: 5
366.0312	DATA	Keypress: 5
366.0315	DATA	Keypress: 5
366.0319	DATA	Keypress: 5
366.0322	DATA	Keypress: 5
366.0326	DATA	Keypress: 5
366.0330	DATA	Keypress: 5
366.0333	DATA	Keypress: 5
366.0338	DATA	Keypress: 5
366.0343	DATA	Keypress: 5
366.0532	EXP	Started presenting instructions
367.0703	EXP	Set instructions text=
368.0289	DATA	Keypress: 5
368.0540	EXP	Set  image=./stimfiles/faces/cropped_joanna1.png
368.2687	DATA	Keypress: 5
368.4926	DATA	Keypress: 1
370.0289	DATA	Keypress: 5
370.0381	EXP	Set  image=./stimfiles/faces/cropped_joanna1.png
370.5886	DATA	Keypress: 5
370.7507	DATA	Keypress: 4
372.0288	DATA	Keypress: 5
372.0389	EXP	Set  image=./stimfiles/faces/cropped_m-098-01.png
372.5288	DATA	Keypress: 1
372.9088	DATA	Keypress: 5
374.0397	EXP	Set  image=./stimfiles/faces/cropped_joanna1.png
374.0688	DATA	Keypress: 5
374.6746	DATA	Keypress: 1
376.0287	DATA	Keypress: 5
376.0405	EXP	Set  image=./stimfiles/faces/cropped_119.png
376.3889	DATA	Keypress: 5
376.5465	DATA	Keypress: 1
378.0288	DATA	Keypress: 5
378.0413	EXP	Set  image=./stimfiles/faces/cropped_22MVC-003F.png
378.6209	DATA	Keypress: 1
378.7085	DATA	Keypress: 5
380.0288	DATA	Keypress: 5
380.0421	EXP	Set  image=./stimfiles/faces/cropped_161.png
380.5809	DATA	Keypress: 1
381.0288	DATA	Keypress: 5
382.0429	EXP	Set  image=./stimfiles/faces/cropped_161.png
382.1868	DATA	Keypress: 5
382.6330	DATA	Keypress: 4
384.0289	DATA	Keypress: 5
384.0438	EXP	Set  image=./stimfiles/faces/cropped_161.png
384.5081	DATA	Keypress: 5
384.6480	DATA	Keypress: 4
386.0289	DATA	Keypress: 5
386.0445	EXP	Set  image=./stimfiles/faces/cropped_161.png
386.6300	DATA	Keypress: 4
386.8280	DATA	Keypress: 5
388.0273	DATA	Keypress: 5
388.0453	EXP	Started presenting instructions
389.0624	EXP	Set instructions text=
390.0290	DATA	Keypress: 5
390.0461	EXP	Set  image=./stimfiles/chinese_characters/25467.jpg
390.3080	DATA	Keypress: 5
391.0371	DATA	Keypress: 1
392.0291	DATA	Keypress: 5
392.0470	EXP	Set  image=./stimfiles/chinese_characters/25467.jpg
392.6291	DATA	Keypress: 5
392.6470	DATA	Keypress: 4
394.0290	DATA	Keypress: 5
394.0490	EXP	Set  image=./stimfiles/chinese_characters/20579.jpg
394.5452	DATA	Keypress: 1
394.9490	DATA	Keypress: 5
396.0498	EXP	Set  image=./stimfiles/chinese_characters/25467.jpg
396.1092	DATA	Keypress: 5
396.6432	DATA	Keypress: 1
398.0290	DATA	Keypress: 5
398.0506	EXP	Set  image=./stimfiles/chinese_characters/20579.jpg
398.4292	DATA	Keypress: 5
398.6330	DATA	Keypress: 1
400.0290	DATA	Keypress: 5
400.0502	EXP	Set  image=./stimfiles/chinese_characters/20579.jpg
400.5613	DATA	Keypress: 4
400.7492	DATA	Keypress: 5
402.0290	DATA	Keypress: 5
402.0510	EXP	Set  image=./stimfiles/chinese_characters/29776.jpg
402.5613	DATA	Keypress: 1
404.0290	DATA	Keypress: 5
404.0518	EXP	Set  image=./stimfiles/chinese_characters/24989.jpg
404.2293	DATA	Keypress: 5
404.6313	DATA	Keypress: 1
406.0291	DATA	Keypress: 5
406.0525	EXP	Set  image=./stimfiles/chinese_characters/26144.jpg
406.5485	DATA	Keypress: 5
406.7083	DATA	Keypress: 1
408.0290	DATA	Keypress: 5
408.0367	EXP	Set  image=./stimfiles/chinese_characters/26144.jpg
408.7535	DATA	Keypress: 4
408.8694	DATA	Keypress: 5
410.0350	DATA	Keypress: 5
410.0375	EXP	Started presenting instructions
411.0546	EXP	Set instructions text=
412.0292	DATA	Keypress: 5
412.0383	EXP	Set  image=./stimfiles/chinese_characters/25203.jpg
412.3495	DATA	Keypress: 5
412.6754	DATA	Keypress: 1
414.0291	DATA	Keypress: 5
414.0391	EXP	Set  image=./stimfiles/chinese_characters/20712.jpg
414.6696	DATA	Keypress: 5
414.8094	DATA	Keypress: 1
416.0292	DATA	Keypress: 5
416.0400	EXP	Set  image=./stimfiles/chinese_characters/24823.jpg
416.8496	DATA	Keypress: 1
416.9875	DATA	Keypress: 5
418.0408	EXP	Set  image=./stimfiles/chinese_characters/26250.jpg
418.1475	DATA	Keypress: 5
418.9518	DATA	Keypress: 1
420.0292	DATA	Keypress: 5
420.0415	EXP	Set  image=./stimfiles/chinese_characters/24804.jpg
420.4677	DATA	Keypress: 5
420.6677	DATA	Keypress: 1
422.0292	DATA	Keypress: 5
422.0424	EXP	Set  image=./stimfiles/chinese_characters/20742.jpg
422.7396	DATA	Keypress: 1
422.7876	DATA	Keypress: 5
424.0292	DATA	Keypress: 5
424.0431	EXP	Set  image=./stimfiles/chinese_characters/29283.jpg
424.8058	DATA	Keypress: 1
426.0291	DATA	Keypress: 5
426.0440	EXP	Set  image=./stimfiles/chinese_characters/24598.jpg
426.2657	DATA	Keypress: 5
426.8158	DATA	Keypress: 1
428.0290	DATA	Keypress: 5
428.0447	EXP	Set  image=./stimfiles/chinese_characters/25171.jpg
428.5878	DATA	Keypress: 5
428.7757	DATA	Keypress: 1
430.0290	DATA	Keypress: 5
430.0456	EXP	Set  image=./stimfiles/chinese_characters/24598.jpg
430.7079	DATA	Keypress: 4
430.9079	DATA	Keypress: 5
432.0464	EXP	Started presenting instructions
432.8469	DATA	Keypress: 5
433.0634	EXP	Set instructions text=
434.0294	DATA	Keypress: 5
434.0484	EXP	Set  image=./stimfiles/faces/cropped_f-028-01.png
434.3890	DATA	Keypress: 5
434.7560	DATA	Keypress: 1
436.0294	DATA	Keypress: 5
436.0492	EXP	Set  image=./stimfiles/faces/cropped_419.png
436.6760	DATA	Keypress: 1
436.7080	DATA	Keypress: 5
438.0293	DATA	Keypress: 5
438.0500	EXP	Set  image=./stimfiles/faces/cropped_497.png
438.7981	DATA	Keypress: 1
439.0280	DATA	Keypress: 5
440.0496	EXP	Set  image=./stimfiles/faces/cropped_f-028-01.png
440.1880	DATA	Keypress: 5
440.6881	DATA	Keypress: 1
442.0294	DATA	Keypress: 5
442.0504	EXP	Set  image=./stimfiles/faces/cropped_234.png
442.5081	DATA	Keypress: 5
442.6582	DATA	Keypress: 1
444.0294	DATA	Keypress: 5
444.0512	EXP	Set  image=./stimfiles/faces/cropped_f-028-01.png
444.8281	DATA	Keypress: 5
444.9619	DATA	Keypress: 1
446.0293	DATA	Keypress: 5
446.0521	EXP	Set  image=./stimfiles/faces/cropped_m-021-01.png
446.9162	DATA	Keypress: 1
448.0293	DATA	Keypress: 5
448.0528	EXP	Set  image=./stimfiles/faces/cropped_234.png
448.3092	DATA	Keypress: 5
450.0294	DATA	Keypress: 1
450.0300	DATA	Keypress: 5
450.0536	EXP	Set  image=./stimfiles/faces/cropped_234.png
450.6293	DATA	Keypress: 5
451.0413	DATA	Keypress: 1
452.0294	DATA	Keypress: 5
452.0378	EXP	Set  image=./stimfiles/faces/cropped_505.png
452.8503	DATA	Keypress: 1
452.9483	DATA	Keypress: 5
454.0552	EXP	Started presenting instructions
454.8559	DATA	Keypress: 5
455.0722	EXP	Set instructions text=
456.0295	DATA	Keypress: 5
456.0394	EXP	Set  image=./stimfiles/scenes/456.jpg
456.4293	DATA	Keypress: 5
456.7134	DATA	Keypress: 1
458.0296	DATA	Keypress: 5
458.0401	EXP	Set  image=./stimfiles/scenes/903.jpg
458.4924	DATA	Keypress: 1
458.7484	DATA	Keypress: 5
460.0295	DATA	Keypress: 5
460.0409	EXP	Set  image=./stimfiles/scenes/296.jpg
460.7284	DATA	Keypress: 1
462.0295	DATA	Keypress: 5
462.0418	EXP	Set  image=./stimfiles/scenes/883.jpg
462.2284	DATA	Keypress: 5
462.6904	DATA	Keypress: 1
464.0295	DATA	Keypress: 5
464.0425	EXP	Set  image=./stimfiles/scenes/648.jpg
464.5485	DATA	Keypress: 5
464.7384	DATA	Keypress: 1
466.0294	DATA	Keypress: 5
466.0433	EXP	Set  image=./stimfiles/scenes/1869.jpg
466.7443	DATA	Keypress: 1
466.8684	DATA	Keypress: 5
468.0294	DATA	Keypress: 5
468.0442	EXP	Set  image=./stimfiles/scenes/309.jpg
468.8586	DATA	Keypress: 1
470.0294	DATA	Keypress: 5
470.0450	EXP	Set  image=./stimfiles/scenes/470.jpg
470.3486	DATA	Keypress: 5
470.7545	DATA	Keypress: 1
472.0294	DATA	Keypress: 5
472.0457	EXP	Set  image=./stimfiles/scenes/309.jpg
472.6687	DATA	Keypress: 5
472.8805	DATA	Keypress: 4
474.0295	DATA	Keypress: 5
474.0465	EXP	Set  image=./stimfiles/scenes/470.jpg
474.9878	DATA	Keypress: 5
475.0015	DATA	Keypress: 4
476.0474	EXP	Started presenting instructions
476.8481	DATA	Keypress: 5
477.0644	EXP	Set instructions text=
478.0297	DATA	Keypress: 5
478.0494	EXP	Set  image=./stimfiles/scenes/1513.jpg
478.4689	DATA	Keypress: 5
478.6307	DATA	Keypress: 1
480.0297	DATA	Keypress: 5
480.0490	EXP	Set  image=./stimfiles/scenes/1513.jpg
480.7879	DATA	Keypress: 5
480.8517	DATA	Keypress: 4
482.0297	DATA	Keypress: 5
482.0331	EXP	Set  image=./stimfiles/scenes/819.jpg
482.5388	DATA	Keypress: 1
484.0297	DATA	Keypress: 5
484.0340	EXP	Set  image=./stimfiles/scenes/1513.jpg
484.2686	DATA	Keypress: 5
484.6826	DATA	Keypress: 1
486.0296	DATA	Keypress: 5
486.0348	EXP	Set  image=./stimfiles/scenes/1603.jpg
486.5889	DATA	Keypress: 5
486.7330	DATA	Keypress: 1
488.0297	DATA	Keypress: 5
488.0355	EXP	Set  image=./stimfiles/scenes/1603.jpg
488.7769	DATA	Keypress: 4
488.9089	DATA	Keypress: 5
490.0363	EXP	Set  image=./stimfiles/scenes/3023.jpg
490.0693	DATA	Keypress: 5
490.8028	DATA	Keypress: 1
492.0297	DATA	Keypress: 5
492.0372	EXP	Set  image=./stimfiles/scenes/3115.jpg
492.3891	DATA	Keypress: 5
492.6389	DATA	Keypress: 1
494.0297	DATA	Keypress: 5
494.0379	EXP	Set  image=./stimfiles/scenes/1721.jpg
494.5172	DATA	Keypress: 1
494.7092	DATA	Keypress: 5
496.0297	DATA	Keypress: 5
496.0388	EXP	Set  image=./stimfiles/scenes/3023.jpg
496.6210	DATA	Keypress: 1
497.0291	DATA	Keypress: 5
518.0274	DATA	Keypress: 5
518.0278	DATA	Keypress: 5
518.0281	DATA	Keypress: 5
518.0285	DATA	Keypress: 5
518.0288	DATA	Keypress: 5
518.0476	EXP	Started presenting instructions
519.0647	EXP	Set instructions text=
520.0299	DATA	Keypress: 5
520.0497	EXP	Set  image=./stimfiles/faces/cropped_998.png
520.2276	DATA	Keypress: 5
520.4996	DATA	Keypress: 1
522.0299	DATA	Keypress: 5
522.0505	EXP	Set  image=./stimfiles/faces/cropped_623.png
522.5474	DATA	Keypress: 5
522.6495	DATA	Keypress: 1
524.0297	DATA	Keypress: 5
524.0500	EXP	Set  image=./stimfiles/faces/cropped_998.png
524.5798	DATA	Keypress: 1
524.8674	DATA	Keypress: 5
526.0297	DATA	Keypress: 5
526.0509	EXP	Set  image=./stimfiles/faces/cropped_618.png
526.6838	DATA	Keypress: 1
528.0300	DATA	Keypress: 5
528.0517	EXP	Set  image=./stimfiles/faces/cropped_04026.png
528.3488	DATA	Keypress: 5
528.6110	DATA	Keypress: 1
530.0299	DATA	Keypress: 5
530.0525	EXP	Set  image=./stimfiles/faces/cropped_04021.png
530.6179	DATA	Keypress: 1
530.6676	DATA	Keypress: 5
532.0299	DATA	Keypress: 5
532.0533	EXP	Set  image=./stimfiles/faces/cropped_04021.png
532.6408	DATA	Keypress: 4
532.9888	DATA	Keypress: 5
534.0374	EXP	Set  image=./stimfiles/faces/cropped_m7n2.png
534.1489	DATA	Keypress: 5
534.5869	DATA	Keypress: 1
536.0299	DATA	Keypress: 5
536.0382	EXP	Set  image=./stimfiles/faces/cropped_04021.png
536.4680	DATA	Keypress: 5
536.8160	DATA	Keypress: 1
538.0299	DATA	Keypress: 5
538.0390	EXP	Set  image=./stimfiles/faces/cropped_m7n2.png
538.5420	DATA	Keypress: 1
538.7877	DATA	Keypress: 5
540.0272	DATA	Keypress: 5
540.0399	EXP	Started presenting instructions
541.0569	EXP	Set instructions text=
542.0301	DATA	Keypress: 5
542.0407	EXP	Set  image=./stimfiles/chinese_characters/25717.jpg
542.2681	DATA	Keypress: 5
542.5122	DATA	Keypress: 1
544.0300	DATA	Keypress: 5
544.0414	EXP	Set  image=./stimfiles/chinese_characters/24887.jpg
544.5662	DATA	Keypress: 1
544.5880	DATA	Keypress: 5
546.0299	DATA	Keypress: 5
546.0422	EXP	Set  image=./stimfiles/chinese_characters/20694.jpg
546.6062	DATA	Keypress: 1
546.9082	DATA	Keypress: 5
548.0430	EXP	Set  image=./stimfiles/chinese_characters/20694.jpg
548.0683	DATA	Keypress: 5
548.7300	DATA	Keypress: 4
550.0299	DATA	Keypress: 5
550.0438	EXP	Set  image=./stimfiles/chinese_characters/24887.jpg
550.3892	DATA	Keypress: 5
550.7432	DATA	Keypress: 1
552.0301	DATA	Keypress: 5
552.0447	EXP	Set  image=./stimfiles/chinese_characters/25973.jpg
552.5353	DATA	Keypress: 1
552.7092	DATA	Keypress: 5
554.0300	DATA	Keypress: 5
554.0454	EXP	Set  image=./stimfiles/chinese_characters/24887.jpg
554.6961	DATA	Keypress: 1
555.0285	DATA	Keypress: 5
556.0462	EXP	Set  image=./stimfiles/chinese_characters/35473.jpg
556.1894	DATA	Keypress: 5
556.5874	DATA	Keypress: 1
558.0300	DATA	Keypress: 5
558.0471	EXP	Set  image=./stimfiles/chinese_characters/35473.jpg
558.5085	DATA	Keypress: 5
558.8384	DATA	Keypress: 4
560.0301	DATA	Keypress: 5
560.0492	EXP	Set  image=./stimfiles/chinese_characters/24887.jpg
560.7361	DATA	Keypress: 1
560.8283	DATA	Keypress: 5
562.0274	DATA	Keypress: 5
562.0487	EXP	Started presenting instructions
563.0657	EXP	Set instructions text=
564.0303	DATA	Keypress: 5
564.0499	EXP	Set  image=./stimfiles/chinese_characters/25868.jpg
564.3085	DATA	Keypress: 5
564.6745	DATA	Keypress: 1
566.0303	DATA	Keypress: 5
566.0516	EXP	Set  image=./stimfiles/chinese_characters/26373.jpg
566.6047	DATA	Keypress: 1
566.6287	DATA	Keypress: 5
568.0302	DATA	Keypress: 5
568.0512	EXP	Set  image=./stimfiles/chinese_characters/32018.jpg
568.6884	DATA	Keypress: 1
568.9485	DATA	Keypress: 5
570.0520	EXP	Set  image=./stimfiles/chinese_characters/26373.jpg
570.1086	DATA	Keypress: 5
570.8046	DATA	Keypress: 4
572.0303	DATA	Keypress: 5
572.0528	EXP	Set  image=./stimfiles/chinese_characters/24878.jpg
572.4275	DATA	Keypress: 5
572.7238	DATA	Keypress: 1
574.0303	DATA	Keypress: 5
574.0535	EXP	Set  image=./stimfiles/chinese_characters/26373.jpg
574.7107	DATA	Keypress: 4
574.7486	DATA	Keypress: 5
576.0302	DATA	Keypress: 5
576.0544	EXP	Set  image=./stimfiles/chinese_characters/26028.jpg
576.8418	DATA	Keypress: 1
578.0302	DATA	Keypress: 5
578.0384	EXP	Set  image=./stimfiles/chinese_characters/25723.jpg
578.2277	DATA	Keypress: 5
578.9567	DATA	Keypress: 1
580.0302	DATA	Keypress: 5
580.0393	EXP	Set  image=./stimfiles/chinese_characters/26028.jpg
580.5489	DATA	Keypress: 5
580.6566	DATA	Keypress: 4
582.0302	DATA	Keypress: 5
582.0400	EXP	Set  image=./stimfiles/chinese_characters/26028.jpg
582.8689	DATA	Keypress: 5
582.9706	DATA	Keypress: 1
584.0363	DATA	Keypress: 5
584.0408	EXP	Started presenting instructions
585.0580	EXP	Set instructions text=
586.0304	DATA	Keypress: 5
586.0417	EXP	Set  image=./stimfiles/faces/cropped_439.png
586.3490	DATA	Keypress: 5
586.5251	DATA	Keypress: 1
588.0304	DATA	Keypress: 5
588.0425	EXP	Set  image=./stimfiles/faces/cropped_439.png
588.6689	DATA	Keypress: 5
588.9030	DATA	Keypress: 1
590.0304	DATA	Keypress: 5
590.0433	EXP	Set  image=./stimfiles/faces/cropped_1014.png
590.6911	DATA	Keypress: 1
590.9891	DATA	Keypress: 5
592.0441	EXP	Set  image=./stimfiles/faces/cropped_127.png
592.1491	DATA	Keypress: 5
592.9142	DATA	Keypress: 1
594.0304	DATA	Keypress: 5
594.0449	EXP	Set  image=./stimfiles/faces/cropped_439.png
594.4683	DATA	Keypress: 5
594.9800	DATA	Keypress: 1
596.0302	DATA	Keypress: 5
596.0457	EXP	Set  image=./stimfiles/faces/cropped_m1v1e1.png
596.7882	DATA	Keypress: 5
596.8241	DATA	Keypress: 1
598.0304	DATA	Keypress: 5
598.0465	EXP	Set  image=./stimfiles/faces/cropped_s22_13.png
598.8024	DATA	Keypress: 1
600.0304	DATA	Keypress: 5
600.0473	EXP	Set  image=./stimfiles/faces/cropped_s45_01.png
600.2681	DATA	Keypress: 5
600.8602	DATA	Keypress: 1
602.0304	DATA	Keypress: 5
602.0482	EXP	Set  image=./stimfiles/faces/cropped_m-037-01.png
602.5893	DATA	Keypress: 5
602.8773	DATA	Keypress: 1
604.0304	DATA	Keypress: 5
604.0493	EXP	Set  image=./stimfiles/faces/cropped_s45_01.png
604.6713	DATA	Keypress: 4
604.9096	DATA	Keypress: 5
606.0497	EXP	Started presenting instructions
606.8503	DATA	Keypress: 5
607.0668	EXP	Set instructions text=
608.0306	DATA	Keypress: 5
608.0506	EXP	Set  image=./stimfiles/scenes/881.jpg
608.3894	DATA	Keypress: 5
608.5873	DATA	Keypress: 1
610.0306	DATA	Keypress: 5
610.0348	EXP	Set  image=./stimfiles/scenes/1519.jpg
610.5895	DATA	Keypress: 1
610.7095	DATA	Keypress: 5
612.0306	DATA	Keypress: 5
612.0355	EXP	Set  image=./stimfiles/scenes/224.jpg
612.5457	DATA	Keypress: 1
613.0294	DATA	Keypress: 5
614.0363	EXP	Set  image=./stimfiles/scenes/224.jpg
614.1896	DATA	Keypress: 5
614.8777	DATA	Keypress: 1
616.0306	DATA	Keypress: 5
616.0371	EXP	Set  image=./stimfiles/scenes/1519.jpg
616.5086	DATA	Keypress: 5
616.7213	DATA	Keypress: 1
618.0306	DATA	Keypress: 5
618.0379	EXP	Set  image=./stimfiles/scenes/3032.jpg
618.6024	DATA	Keypress: 1
618.8285	DATA	Keypress: 5
620.0306	DATA	Keypress: 5
620.0387	EXP	Set  image=./stimfiles/scenes/1519.jpg
620.6447	DATA	Keypress: 4
622.0305	DATA	Keypress: 5
622.0395	EXP	Set  image=./stimfiles/scenes/3032.jpg
622.3074	DATA	Keypress: 5
622.9017	DATA	Keypress: 4
624.0306	DATA	Keypress: 5
624.0403	EXP	Set  image=./stimfiles/scenes/1519.jpg
624.6278	DATA	Keypress: 5
624.8896	DATA	Keypress: 4
626.0306	DATA	Keypress: 5
626.0412	EXP	Set  image=./stimfiles/scenes/1519.jpg
626.6918	DATA	Keypress: 1
626.9477	DATA	Keypress: 5
628.0419	EXP	Started presenting instructions
628.8425	DATA	Keypress: 5
629.0590	EXP	Set instructions text=
630.0307	DATA	Keypress: 5
630.0428	EXP	Set  image=./stimfiles/scenes/1765.jpg
630.4276	DATA	Keypress: 5
630.5059	DATA	Keypress: 1
632.0308	DATA	Keypress: 5
632.0436	EXP	Set  image=./stimfiles/scenes/1765.jpg
632.5419	DATA	Keypress: 4
632.7477	DATA	Keypress: 5
634.0308	DATA	Keypress: 5
634.0444	EXP	Set  image=./stimfiles/scenes/1765.jpg
634.5497	DATA	Keypress: 4
636.0309	DATA	Keypress: 5
636.0452	EXP	Set  image=./stimfiles/scenes/1765.jpg
636.2280	DATA	Keypress: 5
636.5460	DATA	Keypress: 4
638.0306	DATA	Keypress: 5
638.0460	EXP	Set  image=./stimfiles/scenes/3094.jpg
638.5481	DATA	Keypress: 5
638.6319	DATA	Keypress: 1
640.0307	DATA	Keypress: 5
640.0468	EXP	Set  image=./stimfiles/scenes/1765.jpg
640.8692	DATA	Keypress: 5
642.0309	DATA	Keypress: 1
642.0313	DATA	Keypress: 5
642.0477	EXP	Set  image=./stimfiles/scenes/1393.jpg
642.7053	DATA	Keypress: 1
644.0308	DATA	Keypress: 5
644.0497	EXP	Set  image=./stimfiles/scenes/972.jpg
644.3482	DATA	Keypress: 5
644.6319	DATA	Keypress: 1
646.0308	DATA	Keypress: 5
646.0493	EXP	Set  image=./stimfiles/scenes/901.jpg
646.6682	DATA	Keypress: 5
646.6802	DATA	Keypress: 1
648.0307	DATA	Keypress: 5
648.0501	EXP	Set  image=./stimfiles/scenes/1393.jpg
648.5742	DATA	Keypress: 1
648.9882	DATA	Keypress: 5
