2.6416	INFO	Loaded calibration from:2012_09_26 16:15
2.6416	INFO	['2012_09_26 16:15']
2.6425	INFO	configured pyglet screen 0
2.6426	WARNING	User requested fullscreen with size [800 600], but screen is actually [1024, 768]. Using actual size
2.9515	INFO	Using gamma table of operating system
2.9632	EXP	Set Window color=[ 0.  0.  0.] (rgb)
3.4467	EXP	Started presenting 
50.3827	DATA	Keypress: 5
50.3837	DATA	Key pressed: 5
50.3993	EXP	Set  text=
50.4160	EXP	Started presenting instructions
51.4330	EXP	Set instructions text=
52.4014	DATA	Keypress: 5
52.4167	EXP	Set  image=./stimfiles/faces/cropped_669.png
52.6759	DATA	Keypress: 5
52.9268	DATA	Keypress: 1
54.4014	DATA	Keypress: 5
54.4176	EXP	Set  image=./stimfiles/faces/cropped_471.png
54.9959	DATA	Keypress: 5
55.0059	DATA	Keypress: 1
56.4013	DATA	Keypress: 5
56.4184	EXP	Set  image=./stimfiles/faces/cropped_669.png
57.0569	DATA	Keypress: 1
57.3159	DATA	Keypress: 5
58.4192	EXP	Set  image=./stimfiles/faces/cropped_i414wa-mn.png
58.4761	DATA	Keypress: 5
59.0449	DATA	Keypress: 1
60.4014	DATA	Keypress: 5
60.4200	EXP	Set  image=./stimfiles/faces/cropped_i414wa-mn.png
60.7961	DATA	Keypress: 5
61.2380	DATA	Keypress: 4
62.4014	DATA	Keypress: 5
62.4209	EXP	Set  image=./stimfiles/faces/cropped_669.png
62.9691	DATA	Keypress: 1
63.1161	DATA	Keypress: 5
64.4014	DATA	Keypress: 5
64.4217	EXP	Set  image=./stimfiles/faces/cropped_365.png
64.9852	DATA	Keypress: 1
66.4014	DATA	Keypress: 5
66.4225	EXP	Set  image=./stimfiles/faces/cropped_183.png
66.5951	DATA	Keypress: 5
67.2804	DATA	Keypress: 1
68.4013	DATA	Keypress: 5
68.4233	EXP	Set  image=./stimfiles/faces/cropped_669.png
68.9153	DATA	Keypress: 5
69.1504	DATA	Keypress: 1
70.4014	DATA	Keypress: 5
70.4242	EXP	Set  image=./stimfiles/faces/cropped_669.png
71.2351	DATA	Keypress: 5
71.3633	DATA	Keypress: 4
72.4009	DATA	Keypress: 5
72.4250	EXP	Started presenting instructions
73.4420	EXP	Set instructions text=
74.4015	DATA	Keypress: 5
74.4091	EXP	Set  image=./stimfiles/faces/cropped_96a.png
74.7155	DATA	Keypress: 5
75.3934	DATA	Keypress: 1
76.4015	DATA	Keypress: 5
76.4099	EXP	Set  image=./stimfiles/faces/cropped_fiona1.png
77.0355	DATA	Keypress: 5
77.2036	DATA	Keypress: 1
78.4015	DATA	Keypress: 5
78.4108	EXP	Set  image=./stimfiles/faces/cropped_462.png
79.1035	DATA	Keypress: 1
79.3555	DATA	Keypress: 5
80.4116	EXP	Set  image=./stimfiles/faces/cropped_96a.png
80.5157	DATA	Keypress: 5
81.1116	DATA	Keypress: 4
82.4015	DATA	Keypress: 5
82.4124	EXP	Set  image=./stimfiles/faces/cropped_fiona1.png
82.8357	DATA	Keypress: 5
83.3037	DATA	Keypress: 1
84.4015	DATA	Keypress: 5
84.4132	EXP	Set  image=./stimfiles/faces/cropped_00161015.png
85.1558	DATA	Keypress: 5
85.3299	DATA	Keypress: 1
86.4015	DATA	Keypress: 5
86.4140	EXP	Set  image=./stimfiles/faces/cropped_fiona1.png
87.0188	DATA	Keypress: 4
88.4015	DATA	Keypress: 5
88.4148	EXP	Set  image=./stimfiles/faces/cropped_00161015.png
88.6359	DATA	Keypress: 5
90.4015	DATA	Keypress: 4
90.4021	DATA	Keypress: 5
90.4157	EXP	Set  image=./stimfiles/faces/cropped_267.png
90.9559	DATA	Keypress: 5
91.0339	DATA	Keypress: 1
92.4016	DATA	Keypress: 5
92.4165	EXP	Set  image=./stimfiles/faces/cropped_00161015.png
93.2759	DATA	Keypress: 5
93.3179	DATA	Keypress: 4
94.4173	EXP	Started presenting instructions
95.2180	DATA	Keypress: 5
95.4344	EXP	Set instructions text=
96.4017	DATA	Keypress: 5
96.4181	EXP	Set  image=./stimfiles/scenes/182.jpg
96.7560	DATA	Keypress: 5
97.0190	DATA	Keypress: 1
98.4017	DATA	Keypress: 5
98.4189	EXP	Set  image=./stimfiles/scenes/3102.jpg
99.0341	DATA	Keypress: 1
99.0761	DATA	Keypress: 5
100.4017	DATA	Keypress: 5
100.4197	EXP	Set  image=./stimfiles/scenes/3102.jpg
101.3112	DATA	Keypress: 4
101.3961	DATA	Keypress: 5
102.4205	EXP	Set  image=./stimfiles/scenes/3102.jpg
102.5563	DATA	Keypress: 5
103.1013	DATA	Keypress: 4
104.4017	DATA	Keypress: 5
104.4214	EXP	Set  image=./stimfiles/scenes/1029.jpg
104.8763	DATA	Keypress: 5
104.9712	DATA	Keypress: 1
106.4017	DATA	Keypress: 5
106.4056	EXP	Set  image=./stimfiles/scenes/3102.jpg
107.1964	DATA	Keypress: 5
107.3164	DATA	Keypress: 4
108.4017	DATA	Keypress: 5
108.4064	EXP	Set  image=./stimfiles/scenes/444.jpg
109.0104	DATA	Keypress: 1
110.4017	DATA	Keypress: 5
110.4072	EXP	Set  image=./stimfiles/scenes/1840.jpg
110.6763	DATA	Keypress: 5
111.0284	DATA	Keypress: 1
112.4017	DATA	Keypress: 5
112.4080	EXP	Set  image=./stimfiles/scenes/1901.jpg
112.9965	DATA	Keypress: 5
113.0925	DATA	Keypress: 1
114.4015	DATA	Keypress: 5
114.4088	EXP	Set  image=./stimfiles/scenes/1901.jpg
115.2256	DATA	Keypress: 4
115.3155	DATA	Keypress: 5
116.4096	EXP	Started presenting instructions
117.2104	DATA	Keypress: 5
117.4268	EXP	Set instructions text=
118.4019	DATA	Keypress: 5
118.4271	EXP	Set  image=./stimfiles/chinese_characters/29318.jpg
118.7956	DATA	Keypress: 5
119.1897	DATA	Keypress: 1
120.4019	DATA	Keypress: 5
120.4113	EXP	Set  image=./stimfiles/chinese_characters/29318.jpg
121.1157	DATA	Keypress: 5
121.1857	DATA	Keypress: 1
122.4019	DATA	Keypress: 5
122.4121	EXP	Set  image=./stimfiles/chinese_characters/26082.jpg
123.1208	DATA	Keypress: 4
124.4019	DATA	Keypress: 5
124.4130	EXP	Set  image=./stimfiles/chinese_characters/24682.jpg
124.5958	DATA	Keypress: 5
125.0868	DATA	Keypress: 1
126.4019	DATA	Keypress: 5
126.4138	EXP	Set  image=./stimfiles/chinese_characters/33308.jpg
126.9159	DATA	Keypress: 5
127.2039	DATA	Keypress: 1
128.4019	DATA	Keypress: 5
128.4146	EXP	Set  image=./stimfiles/chinese_characters/35363.jpg
129.2361	DATA	Keypress: 5
129.3620	DATA	Keypress: 1
130.4019	DATA	Keypress: 5
130.4154	EXP	Set  image=./stimfiles/chinese_characters/33308.jpg
131.2371	DATA	Keypress: 4
132.4019	DATA	Keypress: 5
132.4162	EXP	Set  image=./stimfiles/chinese_characters/33308.jpg
132.7161	DATA	Keypress: 5
133.3482	DATA	Keypress: 1
134.4018	DATA	Keypress: 5
134.4170	EXP	Set  image=./stimfiles/chinese_characters/33308.jpg
135.0361	DATA	Keypress: 5
135.0521	DATA	Keypress: 4
136.4019	DATA	Keypress: 5
136.4179	EXP	Set  image=./stimfiles/chinese_characters/33308.jpg
137.3564	DATA	Keypress: 5
137.3681	DATA	Keypress: 4
138.4187	EXP	Started presenting instructions
139.2193	DATA	Keypress: 5
139.4357	EXP	Set instructions text=
140.4020	DATA	Keypress: 5
140.4196	EXP	Set  image=./stimfiles/scenes/330.jpg
140.8364	DATA	Keypress: 5
141.1373	DATA	Keypress: 1
142.4021	DATA	Keypress: 5
142.4203	EXP	Set  image=./stimfiles/scenes/1221.jpg
143.1563	DATA	Keypress: 5
143.2473	DATA	Keypress: 1
144.4021	DATA	Keypress: 5
144.4211	EXP	Set  image=./stimfiles/scenes/714.jpg
145.2494	DATA	Keypress: 1
146.4021	DATA	Keypress: 5
146.4054	EXP	Set  image=./stimfiles/scenes/899.jpg
146.6364	DATA	Keypress: 5
147.2965	DATA	Keypress: 1
148.4020	DATA	Keypress: 5
148.4061	EXP	Set  image=./stimfiles/scenes/714.jpg
148.9564	DATA	Keypress: 5
150.4020	DATA	Keypress: 4
150.4027	DATA	Keypress: 5
150.4070	EXP	Set  image=./stimfiles/scenes/504.jpg
151.0386	DATA	Keypress: 1
151.2765	DATA	Keypress: 5
152.4078	EXP	Set  image=./stimfiles/scenes/1004.jpg
152.4367	DATA	Keypress: 5
153.3356	DATA	Keypress: 1
154.4021	DATA	Keypress: 5
154.4086	EXP	Set  image=./stimfiles/scenes/511.jpg
154.7567	DATA	Keypress: 5
155.1577	DATA	Keypress: 1
156.4020	DATA	Keypress: 5
156.4093	EXP	Set  image=./stimfiles/scenes/1004.jpg
157.0147	DATA	Keypress: 4
157.0767	DATA	Keypress: 5
158.4020	DATA	Keypress: 5
158.4102	EXP	Set  image=./stimfiles/scenes/1004.jpg
159.1258	DATA	Keypress: 1
159.3970	DATA	Keypress: 5
160.4110	EXP	Started presenting instructions
161.2118	DATA	Keypress: 5
161.4281	EXP	Set instructions text=
162.4022	DATA	Keypress: 5
162.4285	EXP	Set  image=./stimfiles/chinese_characters/20717.jpg
162.8769	DATA	Keypress: 5
162.9369	DATA	Keypress: 1
164.4022	DATA	Keypress: 5
164.4127	EXP	Set  image=./stimfiles/chinese_characters/20717.jpg
165.1960	DATA	Keypress: 5
165.2050	DATA	Keypress: 4
166.4022	DATA	Keypress: 5
166.4135	EXP	Set  image=./stimfiles/chinese_characters/26611.jpg
166.9400	DATA	Keypress: 1
168.4022	DATA	Keypress: 5
168.4143	EXP	Set  image=./stimfiles/chinese_characters/20717.jpg
168.6761	DATA	Keypress: 5
169.0341	DATA	Keypress: 1
170.4022	DATA	Keypress: 5
170.4152	EXP	Set  image=./stimfiles/chinese_characters/20723.jpg
170.9961	DATA	Keypress: 5
171.0771	DATA	Keypress: 1
172.4022	DATA	Keypress: 5
172.4159	EXP	Set  image=./stimfiles/chinese_characters/26611.jpg
172.9872	DATA	Keypress: 1
173.3162	DATA	Keypress: 5
174.4168	EXP	Set  image=./stimfiles/chinese_characters/20723.jpg
174.4763	DATA	Keypress: 5
175.3323	DATA	Keypress: 1
176.4022	DATA	Keypress: 5
176.4176	EXP	Set  image=./stimfiles/chinese_characters/26238.jpg
176.7963	DATA	Keypress: 5
177.0543	DATA	Keypress: 1
178.4022	DATA	Keypress: 5
178.4184	EXP	Set  image=./stimfiles/chinese_characters/26564.jpg
179.0634	DATA	Keypress: 1
179.1163	DATA	Keypress: 5
180.4022	DATA	Keypress: 5
180.4193	EXP	Set  image=./stimfiles/chinese_characters/25153.jpg
181.1004	DATA	Keypress: 1
202.4013	DATA	Keypress: 5
202.4018	DATA	Keypress: 5
202.4021	DATA	Keypress: 5
202.4025	DATA	Keypress: 5
202.4028	DATA	Keypress: 5
202.4031	DATA	Keypress: 5
202.4035	DATA	Keypress: 5
202.4038	DATA	Keypress: 5
202.4041	DATA	Keypress: 5
202.4045	DATA	Keypress: 5
202.4048	DATA	Keypress: 5
202.4051	DATA	Keypress: 5
202.4055	DATA	Keypress: 5
202.4058	DATA	Keypress: 5
202.4061	DATA	Keypress: 5
202.4065	DATA	Keypress: 5
202.4068	DATA	Keypress: 5
202.4071	DATA	Keypress: 5
202.4075	DATA	Keypress: 5
202.4283	EXP	Started presenting instructions
203.4454	EXP	Set instructions text=
204.4024	DATA	Keypress: 5
204.4291	EXP	Set  image=./stimfiles/faces/cropped_m-094-01.png
204.6371	DATA	Keypress: 5
204.9811	DATA	Keypress: 1
206.4023	DATA	Keypress: 5
206.4133	EXP	Set  image=./stimfiles/faces/cropped_454.png
206.9572	DATA	Keypress: 5
207.0292	DATA	Keypress: 1
208.4023	DATA	Keypress: 5
208.4141	EXP	Set  image=./stimfiles/faces/cropped_m4001.png
209.1292	DATA	Keypress: 1
209.2772	DATA	Keypress: 5
210.4149	EXP	Set  image=./stimfiles/faces/cropped_m4001.png
210.4374	DATA	Keypress: 5
211.1452	DATA	Keypress: 4
212.4024	DATA	Keypress: 5
212.4157	EXP	Set  image=./stimfiles/faces/cropped_m-067-01.png
212.7572	DATA	Keypress: 5
212.9273	DATA	Keypress: 1
214.4024	DATA	Keypress: 5
214.4165	EXP	Set  image=./stimfiles/faces/cropped_m4001.png
215.0694	DATA	Keypress: 1
215.0774	DATA	Keypress: 5
216.4024	DATA	Keypress: 5
216.4173	EXP	Set  image=./stimfiles/faces/cropped_61.png
216.9985	DATA	Keypress: 1
217.3964	DATA	Keypress: 5
218.4181	EXP	Set  image=./stimfiles/faces/cropped_61.png
218.5566	DATA	Keypress: 5
218.9715	DATA	Keypress: 4
220.4024	DATA	Keypress: 5
220.4189	EXP	Set  image=./stimfiles/faces/cropped_498.png
220.8765	DATA	Keypress: 5
221.0375	DATA	Keypress: 1
222.4024	DATA	Keypress: 5
222.4198	EXP	Set  image=./stimfiles/faces/cropped_146.png
223.1177	DATA	Keypress: 1
223.1968	DATA	Keypress: 5
224.4009	DATA	Keypress: 5
224.4206	EXP	Started presenting instructions
225.4377	EXP	Set instructions text=
226.4026	DATA	Keypress: 5
226.4215	EXP	Set  image=./stimfiles/faces/cropped_m14v1e1.png
226.6768	DATA	Keypress: 5
226.9157	DATA	Keypress: 1
228.4026	DATA	Keypress: 5
228.4222	EXP	Set  image=./stimfiles/faces/cropped_976.png
228.9968	DATA	Keypress: 5
229.0837	DATA	Keypress: 1
230.4026	DATA	Keypress: 5
230.4230	EXP	Set  image=./stimfiles/faces/cropped_580.png
231.1549	DATA	Keypress: 1
231.3168	DATA	Keypress: 5
232.4239	EXP	Set  image=./stimfiles/faces/cropped_580.png
232.4770	DATA	Keypress: 5
233.2999	DATA	Keypress: 1
234.4026	DATA	Keypress: 5
234.4248	EXP	Set  image=./stimfiles/faces/cropped_580.png
234.7970	DATA	Keypress: 5
235.2550	DATA	Keypress: 4
236.4026	DATA	Keypress: 5
236.4255	EXP	Set  image=./stimfiles/faces/cropped_563.png
237.1070	DATA	Keypress: 1
237.1170	DATA	Keypress: 5
238.4026	DATA	Keypress: 5
238.4264	EXP	Set  image=./stimfiles/faces/cropped_310.png
239.0701	DATA	Keypress: 1
240.4026	DATA	Keypress: 5
240.4106	EXP	Set  image=./stimfiles/faces/cropped_m1-004-01.png
240.5971	DATA	Keypress: 5
241.2911	DATA	Keypress: 1
242.4026	DATA	Keypress: 5
242.4113	EXP	Set  image=./stimfiles/faces/cropped_310.png
242.9172	DATA	Keypress: 5
243.1822	DATA	Keypress: 4
244.4023	DATA	Keypress: 5
244.4121	EXP	Set  image=./stimfiles/faces/cropped_54a.png
245.0134	DATA	Keypress: 1
245.2372	DATA	Keypress: 5
246.4009	DATA	Keypress: 5
246.4130	EXP	Started presenting instructions
247.4300	EXP	Set instructions text=
248.4027	DATA	Keypress: 5
248.4138	EXP	Set  image=./stimfiles/scenes/76.jpg
248.7173	DATA	Keypress: 5
248.9463	DATA	Keypress: 1
250.4027	DATA	Keypress: 5
250.4146	EXP	Set  image=./stimfiles/scenes/1628.jpg
250.9865	DATA	Keypress: 1
251.0374	DATA	Keypress: 5
252.4027	DATA	Keypress: 5
252.4154	EXP	Set  image=./stimfiles/scenes/1770.jpg
253.0335	DATA	Keypress: 1
253.3574	DATA	Keypress: 5
254.4163	EXP	Set  image=./stimfiles/scenes/76.jpg
254.5176	DATA	Keypress: 5
255.0555	DATA	Keypress: 1
256.4027	DATA	Keypress: 5
256.4171	EXP	Set  image=./stimfiles/scenes/76.jpg
256.8376	DATA	Keypress: 5
257.0436	DATA	Keypress: 4
258.4027	DATA	Keypress: 5
258.4179	EXP	Set  image=./stimfiles/scenes/1719.jpg
258.9946	DATA	Keypress: 1
259.1577	DATA	Keypress: 5
260.4028	DATA	Keypress: 5
260.4187	EXP	Set  image=./stimfiles/scenes/840.jpg
261.0777	DATA	Keypress: 1
262.4027	DATA	Keypress: 5
262.4195	EXP	Set  image=./stimfiles/scenes/1362.jpg
262.6377	DATA	Keypress: 5
262.9767	DATA	Keypress: 1
264.4027	DATA	Keypress: 5
264.4203	EXP	Set  image=./stimfiles/scenes/1743.jpg
264.9568	DATA	Keypress: 5
265.0448	DATA	Keypress: 1
266.4027	DATA	Keypress: 5
266.4212	EXP	Set  image=./stimfiles/scenes/1743.jpg
266.9009	DATA	Keypress: 4
267.2768	DATA	Keypress: 5
268.4220	EXP	Started presenting instructions
269.2229	DATA	Keypress: 5
269.4391	EXP	Set instructions text=
270.4029	DATA	Keypress: 5
270.4229	EXP	Set  image=./stimfiles/chinese_characters/26293.jpg
270.7570	DATA	Keypress: 5
270.9469	DATA	Keypress: 1
272.4029	DATA	Keypress: 5
272.4236	EXP	Set  image=./stimfiles/chinese_characters/24873.jpg
273.0770	DATA	Keypress: 5
273.0841	DATA	Keypress: 1
274.4029	DATA	Keypress: 5
274.4244	EXP	Set  image=./stimfiles/chinese_characters/37265.jpg
275.2671	DATA	Keypress: 1
275.3971	DATA	Keypress: 5
276.4253	EXP	Set  image=./stimfiles/chinese_characters/25215.jpg
276.5572	DATA	Keypress: 5
277.2521	DATA	Keypress: 1
278.4029	DATA	Keypress: 5
278.4262	EXP	Set  image=./stimfiles/chinese_characters/24873.jpg
278.8772	DATA	Keypress: 5
280.4029	DATA	Keypress: 1
280.4035	DATA	Keypress: 5
280.4269	EXP	Set  image=./stimfiles/chinese_characters/25030.jpg
281.1971	DATA	Keypress: 5
281.3131	DATA	Keypress: 4
282.4029	DATA	Keypress: 5
282.4111	EXP	Set  image=./stimfiles/chinese_characters/25611.jpg
283.3614	DATA	Keypress: 1
284.4030	DATA	Keypress: 5
284.4119	EXP	Set  image=./stimfiles/chinese_characters/35513.jpg
284.6775	DATA	Keypress: 5
286.4029	DATA	Keypress: 1
286.4035	DATA	Keypress: 5
286.4127	EXP	Set  image=./stimfiles/chinese_characters/35559.jpg
286.9974	DATA	Keypress: 5
287.3414	DATA	Keypress: 1
288.4029	DATA	Keypress: 5
288.4136	EXP	Set  image=./stimfiles/chinese_characters/25611.jpg
289.3174	DATA	Keypress: 5
290.4009	DATA	Keypress: 1
290.4310	EXP	Started presenting instructions
291.2318	DATA	Keypress: 5
291.4481	EXP	Set instructions text=
292.4031	DATA	Keypress: 5
292.4152	EXP	Set  image=./stimfiles/scenes/151.jpg
292.7976	DATA	Keypress: 5
293.0546	DATA	Keypress: 1
294.4030	DATA	Keypress: 5
294.4161	EXP	Set  image=./stimfiles/scenes/151.jpg
295.1178	DATA	Keypress: 5
295.1505	DATA	Keypress: 1
296.4030	DATA	Keypress: 5
296.4169	EXP	Set  image=./stimfiles/scenes/635.jpg
297.1877	DATA	Keypress: 1
298.4030	DATA	Keypress: 5
298.4176	EXP	Set  image=./stimfiles/scenes/151.jpg
298.5978	DATA	Keypress: 5
299.0767	DATA	Keypress: 4
300.4031	DATA	Keypress: 5
300.4185	EXP	Set  image=./stimfiles/scenes/635.jpg
300.9178	DATA	Keypress: 5
301.0868	DATA	Keypress: 4
302.4031	DATA	Keypress: 5
302.4193	EXP	Set  image=./stimfiles/scenes/814.jpg
303.0049	DATA	Keypress: 1
303.2379	DATA	Keypress: 5
304.4030	DATA	Keypress: 5
304.4202	EXP	Set  image=./stimfiles/scenes/3001.jpg
305.1379	DATA	Keypress: 1
306.4031	DATA	Keypress: 5
306.4209	EXP	Set  image=./stimfiles/scenes/78.jpg
306.7180	DATA	Keypress: 5
307.1160	DATA	Keypress: 1
308.4031	DATA	Keypress: 5
308.4217	EXP	Set  image=./stimfiles/scenes/3001.jpg
309.0381	DATA	Keypress: 5
309.2090	DATA	Keypress: 4
310.4031	DATA	Keypress: 5
310.4225	EXP	Set  image=./stimfiles/scenes/3001.jpg
311.1801	DATA	Keypress: 1
311.3581	DATA	Keypress: 5
312.4233	EXP	Started presenting instructions
313.2241	DATA	Keypress: 5
313.4404	EXP	Set instructions text=
314.4032	DATA	Keypress: 5
314.4242	EXP	Set  image=./stimfiles/chinese_characters/33279.jpg
314.8382	DATA	Keypress: 5
315.0021	DATA	Keypress: 1
316.4033	DATA	Keypress: 5
316.4250	EXP	Set  image=./stimfiles/chinese_characters/29277.jpg
316.9663	DATA	Keypress: 1
317.1573	DATA	Keypress: 5
318.4032	DATA	Keypress: 5
318.4259	EXP	Set  image=./stimfiles/chinese_characters/25481.jpg
319.0033	DATA	Keypress: 1
320.4032	DATA	Keypress: 5
320.4267	EXP	Set  image=./stimfiles/chinese_characters/25481.jpg
320.6373	DATA	Keypress: 5
321.1014	DATA	Keypress: 4
322.4032	DATA	Keypress: 5
322.4109	EXP	Set  image=./stimfiles/chinese_characters/29811.jpg
322.9245	DATA	Keypress: 1
322.9574	DATA	Keypress: 5
324.4032	DATA	Keypress: 5
324.4117	EXP	Set  image=./stimfiles/chinese_characters/29811.jpg
325.0615	DATA	Keypress: 4
325.2775	DATA	Keypress: 5
326.4125	EXP	Set  image=./stimfiles/chinese_characters/25481.jpg
326.4376	DATA	Keypress: 5
326.9376	DATA	Keypress: 1
328.4032	DATA	Keypress: 5
328.4133	EXP	Set  image=./stimfiles/chinese_characters/29811.jpg
328.7576	DATA	Keypress: 5
328.9896	DATA	Keypress: 1
330.4032	DATA	Keypress: 5
330.4141	EXP	Set  image=./stimfiles/chinese_characters/29811.jpg
331.0407	DATA	Keypress: 4
331.0777	DATA	Keypress: 5
332.4030	DATA	Keypress: 5
332.4149	EXP	Set  image=./stimfiles/chinese_characters/35416.jpg
333.1187	DATA	Keypress: 1
333.3977	DATA	Keypress: 5
354.4014	DATA	Keypress: 5
354.4019	DATA	Keypress: 5
354.4025	DATA	Keypress: 5
354.4030	DATA	Keypress: 5
354.4035	DATA	Keypress: 5
354.4040	DATA	Keypress: 5
354.4044	DATA	Keypress: 5
354.4050	DATA	Keypress: 5
354.4055	DATA	Keypress: 5
354.4060	DATA	Keypress: 5
354.4065	DATA	Keypress: 5
354.4069	DATA	Keypress: 5
354.4074	DATA	Keypress: 5
354.4079	DATA	Keypress: 5
354.4084	DATA	Keypress: 5
354.4088	DATA	Keypress: 5
354.4093	DATA	Keypress: 5
354.4098	DATA	Keypress: 5
354.4239	EXP	Started presenting instructions
355.4410	EXP	Set instructions text=
356.4034	DATA	Keypress: 5
356.4248	EXP	Set  image=./stimfiles/faces/cropped_f-020-01.png
356.5984	DATA	Keypress: 5
356.8794	DATA	Keypress: 1
358.4033	DATA	Keypress: 5
358.4255	EXP	Set  image=./stimfiles/faces/cropped_f-020-01.png
358.9185	DATA	Keypress: 5
359.1144	DATA	Keypress: 4
360.4034	DATA	Keypress: 5
360.4264	EXP	Set  image=./stimfiles/faces/cropped_f-020-01.png
361.1995	DATA	Keypress: 4
361.2384	DATA	Keypress: 5
362.4034	DATA	Keypress: 5
362.4106	EXP	Set  image=./stimfiles/faces/cropped_jim1.png
362.9685	DATA	Keypress: 1
364.4034	DATA	Keypress: 5
364.4114	EXP	Set  image=./stimfiles/faces/cropped_397.png
364.7186	DATA	Keypress: 5
365.0516	DATA	Keypress: 1
366.4033	DATA	Keypress: 5
366.4122	EXP	Set  image=./stimfiles/faces/cropped_jim1.png
367.0377	DATA	Keypress: 5
367.0486	DATA	Keypress: 1
368.4034	DATA	Keypress: 5
368.4130	EXP	Set  image=./stimfiles/faces/cropped_598.png
369.0577	DATA	Keypress: 1
369.3577	DATA	Keypress: 5
370.4138	EXP	Set  image=./stimfiles/faces/cropped_397.png
370.5179	DATA	Keypress: 5
371.0658	DATA	Keypress: 1
372.4034	DATA	Keypress: 5
372.4147	EXP	Set  image=./stimfiles/faces/cropped_m4021.png
372.8379	DATA	Keypress: 5
373.1940	DATA	Keypress: 1
374.4034	DATA	Keypress: 5
374.4155	EXP	Set  image=./stimfiles/faces/cropped_johnny_page1.png
375.1369	DATA	Keypress: 1
375.1579	DATA	Keypress: 5
376.4009	DATA	Keypress: 5
376.4163	EXP	Started presenting instructions
377.4334	EXP	Set instructions text=
378.4036	DATA	Keypress: 5
378.4171	EXP	Set  image=./stimfiles/faces/cropped_41MVC-003F.png
378.6380	DATA	Keypress: 5
379.3229	DATA	Keypress: 1
380.4036	DATA	Keypress: 5
380.4180	EXP	Set  image=./stimfiles/faces/cropped_m4028.png
380.8950	DATA	Keypress: 1
380.9580	DATA	Keypress: 5
382.4036	DATA	Keypress: 5
382.4188	EXP	Set  image=./stimfiles/faces/cropped_659.png
383.2152	DATA	Keypress: 1
383.2781	DATA	Keypress: 5
384.4196	EXP	Set  image=./stimfiles/faces/cropped_302.png
384.4383	DATA	Keypress: 5
385.3181	DATA	Keypress: 1
386.4034	DATA	Keypress: 5
386.4204	EXP	Set  image=./stimfiles/faces/cropped_659.png
386.7582	DATA	Keypress: 5
387.1242	DATA	Keypress: 4
388.4036	DATA	Keypress: 5
388.4213	EXP	Set  image=./stimfiles/faces/cropped_659.png
389.0783	DATA	Keypress: 5
389.2432	DATA	Keypress: 1
390.4034	DATA	Keypress: 5
390.4220	EXP	Set  image=./stimfiles/faces/cropped_513.png
391.1193	DATA	Keypress: 1
391.3983	DATA	Keypress: 5
392.4229	EXP	Set  image=./stimfiles/faces/cropped_659.png
392.5585	DATA	Keypress: 5
393.1484	DATA	Keypress: 4
394.4036	DATA	Keypress: 5
394.4237	EXP	Set  image=./stimfiles/faces/cropped_14a.png
394.8785	DATA	Keypress: 5
395.1574	DATA	Keypress: 1
396.4035	DATA	Keypress: 5
396.4245	EXP	Set  image=./stimfiles/faces/cropped_659.png
397.1985	DATA	Keypress: 5
398.4009	DATA	Keypress: 4
398.4015	DATA	Keypress: 5
398.4254	EXP	Started presenting instructions
399.4424	EXP	Set instructions text=
400.4038	DATA	Keypress: 5
400.4094	EXP	Set  image=./stimfiles/scenes/658.jpg
400.6787	DATA	Keypress: 5
401.0837	DATA	Keypress: 1
402.4038	DATA	Keypress: 5
402.4104	EXP	Set  image=./stimfiles/scenes/591.jpg
402.9814	DATA	Keypress: 1
402.9987	DATA	Keypress: 5
404.4038	DATA	Keypress: 5
404.4111	EXP	Set  image=./stimfiles/scenes/658.jpg
405.2688	DATA	Keypress: 1
405.3187	DATA	Keypress: 5
406.4120	EXP	Set  image=./stimfiles/scenes/1042.jpg
406.4789	DATA	Keypress: 5
407.1308	DATA	Keypress: 1
408.4038	DATA	Keypress: 5
408.4127	EXP	Set  image=./stimfiles/scenes/658.jpg
408.7989	DATA	Keypress: 5
408.9818	DATA	Keypress: 1
410.4038	DATA	Keypress: 5
410.4136	EXP	Set  image=./stimfiles/scenes/584.jpg
411.0039	DATA	Keypress: 1
411.1189	DATA	Keypress: 5
412.4037	DATA	Keypress: 5
412.4144	EXP	Set  image=./stimfiles/scenes/584.jpg
412.8470	DATA	Keypress: 4
414.4038	DATA	Keypress: 5
414.4152	EXP	Set  image=./stimfiles/scenes/658.jpg
414.5989	DATA	Keypress: 5
414.9160	DATA	Keypress: 1
416.4038	DATA	Keypress: 5
416.4161	EXP	Set  image=./stimfiles/scenes/1517.jpg
416.9181	DATA	Keypress: 5
417.0451	DATA	Keypress: 1
418.4038	DATA	Keypress: 5
418.4168	EXP	Set  image=./stimfiles/scenes/584.jpg
419.0731	DATA	Keypress: 1
419.2382	DATA	Keypress: 5
420.4009	DATA	Keypress: 5
420.4177	EXP	Started presenting instructions
421.4348	EXP	Set instructions text=
422.4040	DATA	Keypress: 5
422.4185	EXP	Set  image=./stimfiles/chinese_characters/25504.jpg
422.7183	DATA	Keypress: 5
423.0293	DATA	Keypress: 1
424.4040	DATA	Keypress: 5
424.4193	EXP	Set  image=./stimfiles/chinese_characters/25295.jpg
425.0383	DATA	Keypress: 5
425.0733	DATA	Keypress: 1
426.4039	DATA	Keypress: 5
426.4201	EXP	Set  image=./stimfiles/chinese_characters/26165.jpg
427.2854	DATA	Keypress: 1
427.3583	DATA	Keypress: 5
428.4210	EXP	Set  image=./stimfiles/chinese_characters/25295.jpg
428.5185	DATA	Keypress: 5
429.0234	DATA	Keypress: 4
430.4040	DATA	Keypress: 5
430.4218	EXP	Set  image=./stimfiles/chinese_characters/25385.jpg
430.8385	DATA	Keypress: 5
431.2045	DATA	Keypress: 4
432.4039	DATA	Keypress: 5
432.4226	EXP	Set  image=./stimfiles/chinese_characters/25295.jpg
433.0676	DATA	Keypress: 4
433.1587	DATA	Keypress: 5
434.4039	DATA	Keypress: 5
434.4234	EXP	Set  image=./stimfiles/chinese_characters/25080.jpg
434.9486	DATA	Keypress: 1
436.4039	DATA	Keypress: 5
436.4243	EXP	Set  image=./stimfiles/chinese_characters/25295.jpg
436.6387	DATA	Keypress: 5
438.4039	DATA	Keypress: 1
438.4045	DATA	Keypress: 5
438.4251	EXP	Set  image=./stimfiles/chinese_characters/25080.jpg
438.9586	DATA	Keypress: 5
439.2467	DATA	Keypress: 1
440.4040	DATA	Keypress: 5
440.4259	EXP	Set  image=./stimfiles/chinese_characters/25295.jpg
441.2788	DATA	Keypress: 5
442.4009	DATA	Keypress: 1
442.4267	EXP	Started presenting instructions
443.2274	DATA	Keypress: 5
443.4438	EXP	Set instructions text=
444.4041	DATA	Keypress: 5
444.4108	EXP	Set  image=./stimfiles/scenes/1925.jpg
444.7588	DATA	Keypress: 5
445.0449	DATA	Keypress: 1
446.4041	DATA	Keypress: 5
446.4116	EXP	Set  image=./stimfiles/scenes/110.jpg
447.0409	DATA	Keypress: 1
447.0789	DATA	Keypress: 5
448.4041	DATA	Keypress: 5
448.4125	EXP	Set  image=./stimfiles/scenes/214.jpg
449.0059	DATA	Keypress: 1
449.3990	DATA	Keypress: 5
450.4133	EXP	Set  image=./stimfiles/scenes/656.jpg
450.5591	DATA	Keypress: 5
451.0741	DATA	Keypress: 1
452.4041	DATA	Keypress: 5
452.4142	EXP	Set  image=./stimfiles/scenes/46.jpg
452.8791	DATA	Keypress: 5
453.1751	DATA	Keypress: 1
454.4041	DATA	Keypress: 5
454.4149	EXP	Set  image=./stimfiles/scenes/214.jpg
455.1992	DATA	Keypress: 5
456.4041	DATA	Keypress: 4
456.4047	DATA	Keypress: 5
456.4158	EXP	Set  image=./stimfiles/scenes/656.jpg
457.0622	DATA	Keypress: 1
458.4041	DATA	Keypress: 5
458.4166	EXP	Set  image=./stimfiles/scenes/46.jpg
458.6793	DATA	Keypress: 5
459.1143	DATA	Keypress: 1
460.4041	DATA	Keypress: 5
460.4175	EXP	Set  image=./stimfiles/scenes/545.jpg
460.9993	DATA	Keypress: 5
461.0504	DATA	Keypress: 1
462.4041	DATA	Keypress: 5
462.4183	EXP	Set  image=./stimfiles/scenes/46.jpg
463.2295	DATA	Keypress: 1
463.3194	DATA	Keypress: 5
464.4191	EXP	Started presenting instructions
465.2199	DATA	Keypress: 5
465.4361	EXP	Set instructions text=
466.4044	DATA	Keypress: 5
466.4200	EXP	Set  image=./stimfiles/chinese_characters/24914.jpg
466.7995	DATA	Keypress: 5
467.0985	DATA	Keypress: 1
468.4043	DATA	Keypress: 5
468.4207	EXP	Set  image=./stimfiles/chinese_characters/35584.jpg
469.0256	DATA	Keypress: 1
469.1185	DATA	Keypress: 5
470.4043	DATA	Keypress: 5
470.4216	EXP	Set  image=./stimfiles/chinese_characters/26606.jpg
470.9076	DATA	Keypress: 1
472.4042	DATA	Keypress: 5
472.4224	EXP	Set  image=./stimfiles/chinese_characters/35584.jpg
472.5986	DATA	Keypress: 5
473.0627	DATA	Keypress: 4
474.4042	DATA	Keypress: 5
474.4232	EXP	Set  image=./stimfiles/chinese_characters/35584.jpg
474.9188	DATA	Keypress: 5
475.2277	DATA	Keypress: 1
476.4041	DATA	Keypress: 5
476.4240	EXP	Set  image=./stimfiles/chinese_characters/35531.jpg
477.2389	DATA	Keypress: 5
478.4043	DATA	Keypress: 1
478.4049	DATA	Keypress: 5
478.4248	EXP	Set  image=./stimfiles/chinese_characters/32048.jpg
479.0838	DATA	Keypress: 1
480.4043	DATA	Keypress: 5
480.4257	EXP	Set  image=./stimfiles/chinese_characters/32048.jpg
480.7187	DATA	Keypress: 5
481.0699	DATA	Keypress: 1
482.4043	DATA	Keypress: 5
482.4265	EXP	Set  image=./stimfiles/chinese_characters/26339.jpg
483.0390	DATA	Keypress: 5
483.0769	DATA	Keypress: 1
484.4042	DATA	Keypress: 5
484.4273	EXP	Set  image=./stimfiles/chinese_characters/25765.jpg
485.1300	DATA	Keypress: 1
485.3590	DATA	Keypress: 5
