4.7290	INFO	Loaded calibration from:2012_09_26 16:15
4.7290	INFO	['2012_09_26 16:15']
4.7299	INFO	configured pyglet screen 0
4.7300	WARNING	User requested fullscreen with size [800 600], but screen is actually [1024, 768]. Using actual size
5.0752	INFO	Using gamma table of operating system
5.0835	EXP	Set Window color=[ 0.  0.  0.] (rgb)
5.6170	EXP	Started presenting 
59.0663	DATA	Keypress: 5
59.0672	DATA	Key pressed: 5
59.0723	EXP	Set  text=
59.0891	EXP	Started presenting instructions
60.1061	EXP	Set instructions text=
61.0745	DATA	Keypress: 5
61.0898	EXP	Set  image=./stimfiles/chinese_characters/35462.jpg
61.3594	DATA	Keypress: 5
61.5034	DATA	Keypress: 1
63.0744	DATA	Keypress: 5
63.0907	EXP	Set  image=./stimfiles/chinese_characters/35435.jpg
63.6232	DATA	Keypress: 1
63.6794	DATA	Keypress: 5
65.0745	DATA	Keypress: 5
65.0914	EXP	Set  image=./stimfiles/chinese_characters/37266.jpg
65.6095	DATA	Keypress: 1
65.9995	DATA	Keypress: 5
67.0923	EXP	Set  image=./stimfiles/chinese_characters/35435.jpg
67.1597	DATA	Keypress: 5
67.6405	DATA	Keypress: 1
69.0744	DATA	Keypress: 5
69.0932	EXP	Set  image=./stimfiles/chinese_characters/25793.jpg
69.4796	DATA	Keypress: 5
69.7296	DATA	Keypress: 1
71.0745	DATA	Keypress: 5
71.0939	EXP	Set  image=./stimfiles/chinese_characters/25793.jpg
71.5237	DATA	Keypress: 4
71.7987	DATA	Keypress: 5
73.0744	DATA	Keypress: 5
73.0947	EXP	Set  image=./stimfiles/chinese_characters/35435.jpg
73.5628	DATA	Keypress: 1
75.0744	DATA	Keypress: 5
75.0956	EXP	Set  image=./stimfiles/chinese_characters/25543.jpg
75.2789	DATA	Keypress: 5
75.5799	DATA	Keypress: 1
77.0744	DATA	Keypress: 5
77.0964	EXP	Set  image=./stimfiles/chinese_characters/25793.jpg
77.5988	DATA	Keypress: 5
77.6298	DATA	Keypress: 1
79.0744	DATA	Keypress: 5
79.0973	EXP	Set  image=./stimfiles/chinese_characters/25793.jpg
79.7479	DATA	Keypress: 4
79.9188	DATA	Keypress: 5
81.0810	DATA	Keypress: 5
81.0981	EXP	Started presenting instructions
82.1151	EXP	Set instructions text=
83.0746	DATA	Keypress: 5
83.0822	EXP	Set  image=./stimfiles/faces/cropped_154.png
83.3990	DATA	Keypress: 5
83.9480	DATA	Keypress: 1
85.0746	DATA	Keypress: 5
85.0830	EXP	Set  image=./stimfiles/faces/cropped_65MVC-003F.png
85.7009	DATA	Keypress: 1
85.7190	DATA	Keypress: 5
87.0746	DATA	Keypress: 5
87.0838	EXP	Set  image=./stimfiles/faces/cropped_154.png
87.8051	DATA	Keypress: 1
88.0391	DATA	Keypress: 5
89.0847	EXP	Set  image=./stimfiles/faces/cropped_f6n1.png
89.1993	DATA	Keypress: 5
89.6792	DATA	Keypress: 1
91.0746	DATA	Keypress: 5
91.0855	EXP	Set  image=./stimfiles/faces/cropped_84a.png
91.5193	DATA	Keypress: 5
91.6152	DATA	Keypress: 1
93.0746	DATA	Keypress: 5
93.0863	EXP	Set  image=./stimfiles/faces/cropped_84a.png
93.6013	DATA	Keypress: 4
93.8393	DATA	Keypress: 5
95.0746	DATA	Keypress: 5
95.0872	EXP	Set  image=./stimfiles/faces/cropped_f6n1.png
95.6383	DATA	Keypress: 1
97.0746	DATA	Keypress: 5
97.0880	EXP	Set  image=./stimfiles/faces/cropped_84a.png
97.3195	DATA	Keypress: 5
97.6794	DATA	Keypress: 1
99.0746	DATA	Keypress: 5
99.0888	EXP	Set  image=./stimfiles/faces/cropped_f6n1.png
99.6393	DATA	Keypress: 5
99.8305	DATA	Keypress: 1
101.0746	DATA	Keypress: 5
101.0896	EXP	Set  image=./stimfiles/faces/cropped_f-037-01.png
101.8405	DATA	Keypress: 1
101.9595	DATA	Keypress: 5
103.0904	EXP	Started presenting instructions
103.8912	DATA	Keypress: 5
104.1075	EXP	Set instructions text=
105.0748	DATA	Keypress: 5
105.0913	EXP	Set  image=./stimfiles/scenes/80.jpg
105.4397	DATA	Keypress: 5
105.8066	DATA	Keypress: 1
107.0748	DATA	Keypress: 5
107.0920	EXP	Set  image=./stimfiles/scenes/195.jpg
107.5736	DATA	Keypress: 1
107.7597	DATA	Keypress: 5
109.0748	DATA	Keypress: 5
109.0928	EXP	Set  image=./stimfiles/scenes/536.jpg
109.5537	DATA	Keypress: 1
110.0797	DATA	Keypress: 5
111.0937	EXP	Set  image=./stimfiles/scenes/1877.jpg
111.2399	DATA	Keypress: 5
111.5939	DATA	Keypress: 1
113.0747	DATA	Keypress: 5
113.0779	EXP	Set  image=./stimfiles/scenes/195.jpg
113.5598	DATA	Keypress: 5
113.5868	DATA	Keypress: 1
115.0748	DATA	Keypress: 5
115.0787	EXP	Set  image=./stimfiles/scenes/195.jpg
115.5048	DATA	Keypress: 4
115.8798	DATA	Keypress: 5
117.0748	DATA	Keypress: 5
117.0795	EXP	Set  image=./stimfiles/scenes/1120.jpg
117.4930	DATA	Keypress: 1
119.0748	DATA	Keypress: 5
119.0803	EXP	Set  image=./stimfiles/scenes/132.jpg
119.3600	DATA	Keypress: 5
119.5339	DATA	Keypress: 1
121.0748	DATA	Keypress: 5
121.0811	EXP	Set  image=./stimfiles/scenes/195.jpg
121.5711	DATA	Keypress: 1
121.6791	DATA	Keypress: 5
123.0747	DATA	Keypress: 5
123.0819	EXP	Set  image=./stimfiles/scenes/132.jpg
123.8811	DATA	Keypress: 1
123.9990	DATA	Keypress: 5
125.0829	EXP	Started presenting instructions
125.8837	DATA	Keypress: 5
126.0999	EXP	Set instructions text=
127.0749	DATA	Keypress: 5
127.0836	EXP	Set  image=./stimfiles/scenes/640.jpg
127.4793	DATA	Keypress: 5
127.5773	DATA	Keypress: 1
129.0749	DATA	Keypress: 5
129.0844	EXP	Set  image=./stimfiles/scenes/1491.jpg
129.7553	DATA	Keypress: 1
129.7993	DATA	Keypress: 5
131.0749	DATA	Keypress: 5
131.0852	EXP	Set  image=./stimfiles/scenes/640.jpg
131.6854	DATA	Keypress: 4
133.0749	DATA	Keypress: 5
133.0861	EXP	Set  image=./stimfiles/scenes/1700.jpg
133.2795	DATA	Keypress: 5
133.5934	DATA	Keypress: 1
135.0749	DATA	Keypress: 5
135.0869	EXP	Set  image=./stimfiles/scenes/640.jpg
135.5995	DATA	Keypress: 5
135.6735	DATA	Keypress: 4
137.0750	DATA	Keypress: 5
137.0877	EXP	Set  image=./stimfiles/scenes/3092.jpg
137.7196	DATA	Keypress: 1
137.9196	DATA	Keypress: 5
139.0886	EXP	Set  image=./stimfiles/scenes/1700.jpg
139.0889	DATA	Keypress: 5
139.5876	DATA	Keypress: 1
141.0750	DATA	Keypress: 5
141.0894	EXP	Set  image=./stimfiles/scenes/3092.jpg
141.3997	DATA	Keypress: 5
141.8797	DATA	Keypress: 4
143.0750	DATA	Keypress: 5
143.0902	EXP	Set  image=./stimfiles/scenes/1875.jpg
143.6157	DATA	Keypress: 1
143.7197	DATA	Keypress: 5
145.0750	DATA	Keypress: 5
145.0910	EXP	Set  image=./stimfiles/scenes/143.jpg
145.8367	DATA	Keypress: 4
146.0398	DATA	Keypress: 5
147.0918	EXP	Started presenting instructions
147.8925	DATA	Keypress: 5
148.1089	EXP	Set instructions text=
149.0751	DATA	Keypress: 5
149.0926	EXP	Set  image=./stimfiles/chinese_characters/25082.jpg
149.5199	DATA	Keypress: 5
149.6758	DATA	Keypress: 1
151.0751	DATA	Keypress: 5
151.0935	EXP	Set  image=./stimfiles/chinese_characters/20575.jpg
151.7570	DATA	Keypress: 1
151.8399	DATA	Keypress: 5
153.0752	DATA	Keypress: 5
153.0942	EXP	Set  image=./stimfiles/chinese_characters/25082.jpg
153.6310	DATA	Keypress: 4
155.0752	DATA	Keypress: 5
155.0951	EXP	Set  image=./stimfiles/chinese_characters/26391.jpg
155.3201	DATA	Keypress: 5
155.7731	DATA	Keypress: 1
157.0751	DATA	Keypress: 5
157.0960	EXP	Set  image=./stimfiles/chinese_characters/25923.jpg
157.6402	DATA	Keypress: 5
157.8001	DATA	Keypress: 1
159.0751	DATA	Keypress: 5
159.0968	EXP	Set  image=./stimfiles/chinese_characters/26391.jpg
159.7012	DATA	Keypress: 4
159.9602	DATA	Keypress: 5
161.0975	EXP	Set  image=./stimfiles/chinese_characters/25923.jpg
161.1204	DATA	Keypress: 5
161.7592	DATA	Keypress: 1
163.0751	DATA	Keypress: 5
163.0984	EXP	Set  image=./stimfiles/chinese_characters/26391.jpg
163.4403	DATA	Keypress: 5
163.7313	DATA	Keypress: 4
165.0751	DATA	Keypress: 5
165.0993	EXP	Set  image=./stimfiles/chinese_characters/25971.jpg
165.7604	DATA	Keypress: 5
165.9543	DATA	Keypress: 4
167.0751	DATA	Keypress: 5
167.0833	EXP	Set  image=./stimfiles/chinese_characters/25923.jpg
167.9404	DATA	Keypress: 4
168.0804	DATA	Keypress: 5
169.0841	EXP	Started presenting instructions
169.8848	DATA	Keypress: 5
170.1013	EXP	Set instructions text=
171.0753	DATA	Keypress: 5
171.0850	EXP	Set  image=./stimfiles/faces/cropped_97a.png
171.5596	DATA	Keypress: 5
171.7076	DATA	Keypress: 1
173.0753	DATA	Keypress: 5
173.0859	EXP	Set  image=./stimfiles/faces/cropped_97a.png
173.8796	DATA	Keypress: 5
173.9096	DATA	Keypress: 1
175.0753	DATA	Keypress: 5
175.0866	EXP	Set  image=./stimfiles/faces/cropped_70a.png
175.7307	DATA	Keypress: 1
177.0753	DATA	Keypress: 5
177.0875	EXP	Set  image=./stimfiles/faces/cropped_97a.png
177.3598	DATA	Keypress: 5
177.5287	DATA	Keypress: 4
179.0753	DATA	Keypress: 5
179.0883	EXP	Set  image=./stimfiles/faces/cropped_70a.png
179.6798	DATA	Keypress: 5
179.7368	DATA	Keypress: 4
181.0753	DATA	Keypress: 5
181.0891	EXP	Set  image=./stimfiles/faces/cropped_grant_cumming1.png
181.8809	DATA	Keypress: 1
182.0000	DATA	Keypress: 5
183.0900	EXP	Set  image=./stimfiles/faces/cropped_f-011-01.png
183.1600	DATA	Keypress: 5
184.0199	DATA	Keypress: 1
185.0752	DATA	Keypress: 5
185.0908	EXP	Set  image=./stimfiles/faces/cropped_f3v1e1.png
185.4800	DATA	Keypress: 5
185.7959	DATA	Keypress: 1
187.0753	DATA	Keypress: 5
187.0915	EXP	Set  image=./stimfiles/faces/cropped_f-011-01.png
187.6390	DATA	Keypress: 4
187.8000	DATA	Keypress: 5
189.0753	DATA	Keypress: 5
189.0924	EXP	Set  image=./stimfiles/faces/cropped_f3v1e1.png
189.7899	DATA	Keypress: 4
211.0745	DATA	Keypress: 5
211.0749	DATA	Keypress: 5
211.0752	DATA	Keypress: 5
211.0755	DATA	Keypress: 5
211.0759	DATA	Keypress: 5
211.0762	DATA	Keypress: 5
211.0765	DATA	Keypress: 5
211.0769	DATA	Keypress: 5
211.0772	DATA	Keypress: 5
211.0775	DATA	Keypress: 5
211.0779	DATA	Keypress: 5
211.0782	DATA	Keypress: 5
211.0786	DATA	Keypress: 5
211.0789	DATA	Keypress: 5
211.0792	DATA	Keypress: 5
211.0796	DATA	Keypress: 5
211.0799	DATA	Keypress: 5
211.0803	DATA	Keypress: 5
211.0806	DATA	Keypress: 5
211.1015	EXP	Started presenting instructions
212.1185	EXP	Set instructions text=
213.0754	DATA	Keypress: 5
213.1022	EXP	Set  image=./stimfiles/chinese_characters/33333.jpg
213.3209	DATA	Keypress: 5
213.8057	DATA	Keypress: 1
215.0755	DATA	Keypress: 5
215.0864	EXP	Set  image=./stimfiles/chinese_characters/25567.jpg
215.6408	DATA	Keypress: 5
215.8588	DATA	Keypress: 1
217.0754	DATA	Keypress: 5
217.0872	EXP	Set  image=./stimfiles/chinese_characters/26231.jpg
217.7019	DATA	Keypress: 1
217.9609	DATA	Keypress: 5
219.0880	EXP	Set  image=./stimfiles/chinese_characters/25725.jpg
219.1210	DATA	Keypress: 5
219.7710	DATA	Keypress: 1
221.0755	DATA	Keypress: 5
221.0888	EXP	Set  image=./stimfiles/chinese_characters/25034.jpg
221.4400	DATA	Keypress: 5
221.7059	DATA	Keypress: 1
223.0755	DATA	Keypress: 5
223.0897	EXP	Set  image=./stimfiles/chinese_characters/25034.jpg
223.6201	DATA	Keypress: 4
223.7599	DATA	Keypress: 5
225.0754	DATA	Keypress: 5
225.0905	EXP	Set  image=./stimfiles/chinese_characters/25447.jpg
225.8501	DATA	Keypress: 1
226.0801	DATA	Keypress: 5
227.0913	EXP	Set  image=./stimfiles/chinese_characters/25034.jpg
227.2403	DATA	Keypress: 5
227.7402	DATA	Keypress: 1
229.0755	DATA	Keypress: 5
229.0921	EXP	Set  image=./stimfiles/chinese_characters/25447.jpg
229.5603	DATA	Keypress: 5
229.9031	DATA	Keypress: 1
231.0754	DATA	Keypress: 5
231.0930	EXP	Set  image=./stimfiles/chinese_characters/25772.jpg
231.8064	DATA	Keypress: 1
231.8802	DATA	Keypress: 5
233.0740	DATA	Keypress: 5
233.0938	EXP	Started presenting instructions
234.1108	EXP	Set instructions text=
235.0756	DATA	Keypress: 5
235.0947	EXP	Set  image=./stimfiles/faces/cropped_87a.png
235.3605	DATA	Keypress: 5
235.7034	DATA	Keypress: 1
237.0757	DATA	Keypress: 5
237.0955	EXP	Set  image=./stimfiles/faces/cropped_511.png
237.6615	DATA	Keypress: 1
237.6804	DATA	Keypress: 5
239.0757	DATA	Keypress: 5
239.0963	EXP	Set  image=./stimfiles/faces/cropped_627.png
239.8817	DATA	Keypress: 1
240.0005	DATA	Keypress: 5
241.0971	EXP	Set  image=./stimfiles/faces/cropped_627.png
241.1606	DATA	Keypress: 5
241.6365	DATA	Keypress: 4
243.0756	DATA	Keypress: 5
243.0979	EXP	Set  image=./stimfiles/faces/cropped_627.png
243.4805	DATA	Keypress: 5
243.8065	DATA	Keypress: 4
245.0756	DATA	Keypress: 5
245.0988	EXP	Set  image=./stimfiles/faces/cropped_627.png
245.7046	DATA	Keypress: 4
245.8003	DATA	Keypress: 5
247.0757	DATA	Keypress: 5
247.0996	EXP	Set  image=./stimfiles/faces/cropped_627.png
247.6687	DATA	Keypress: 4
249.0757	DATA	Keypress: 5
249.0837	EXP	Set  image=./stimfiles/faces/cropped_75.png
249.2807	DATA	Keypress: 5
249.6608	DATA	Keypress: 1
251.0757	DATA	Keypress: 5
251.0845	EXP	Set  image=./stimfiles/faces/cropped_627.png
251.6009	DATA	Keypress: 5
251.9168	DATA	Keypress: 1
253.0756	DATA	Keypress: 5
253.0854	EXP	Set  image=./stimfiles/faces/cropped_680.png
253.6909	DATA	Keypress: 1
253.9209	DATA	Keypress: 5
255.0811	DATA	Keypress: 5
255.0862	EXP	Started presenting instructions
256.1032	EXP	Set instructions text=
257.0758	DATA	Keypress: 5
257.0870	EXP	Set  image=./stimfiles/scenes/763.jpg
257.4009	DATA	Keypress: 5
257.8889	DATA	Keypress: 1
259.0759	DATA	Keypress: 5
259.0878	EXP	Set  image=./stimfiles/scenes/763.jpg
259.6332	DATA	Keypress: 4
259.7210	DATA	Keypress: 5
261.0758	DATA	Keypress: 5
261.0886	EXP	Set  image=./stimfiles/scenes/763.jpg
261.6500	DATA	Keypress: 4
262.0411	DATA	Keypress: 5
263.0895	EXP	Set  image=./stimfiles/scenes/1033.jpg
263.2012	DATA	Keypress: 5
263.5911	DATA	Keypress: 1
265.0758	DATA	Keypress: 5
265.0903	EXP	Set  image=./stimfiles/scenes/734.jpg
265.5212	DATA	Keypress: 5
265.6182	DATA	Keypress: 1
267.0758	DATA	Keypress: 5
267.0910	EXP	Set  image=./stimfiles/scenes/963.jpg
267.6033	DATA	Keypress: 1
267.8413	DATA	Keypress: 5
269.0759	DATA	Keypress: 5
269.0920	EXP	Set  image=./stimfiles/scenes/734.jpg
269.6584	DATA	Keypress: 1
271.0758	DATA	Keypress: 5
271.0927	EXP	Set  image=./stimfiles/scenes/725.jpg
271.3205	DATA	Keypress: 5
271.5774	DATA	Keypress: 1
273.0758	DATA	Keypress: 5
273.0935	EXP	Set  image=./stimfiles/scenes/187.jpg
273.5355	DATA	Keypress: 1
273.6404	DATA	Keypress: 5
275.0758	DATA	Keypress: 5
275.0944	EXP	Set  image=./stimfiles/scenes/725.jpg
275.8084	DATA	Keypress: 1
275.9606	DATA	Keypress: 5
277.0952	EXP	Started presenting instructions
277.8959	DATA	Keypress: 5
278.1122	EXP	Set instructions text=
279.0759	DATA	Keypress: 5
279.0793	EXP	Set  image=./stimfiles/scenes/726.jpg
279.4407	DATA	Keypress: 5
279.8086	DATA	Keypress: 1
281.0760	DATA	Keypress: 5
281.0801	EXP	Set  image=./stimfiles/scenes/726.jpg
281.7607	DATA	Keypress: 5
281.9607	DATA	Keypress: 1
283.0760	DATA	Keypress: 5
283.0810	EXP	Set  image=./stimfiles/scenes/3122.jpg
283.6817	DATA	Keypress: 1
284.0808	DATA	Keypress: 5
285.0818	EXP	Set  image=./stimfiles/scenes/803.jpg
285.2409	DATA	Keypress: 5
285.7148	DATA	Keypress: 1
287.0760	DATA	Keypress: 5
287.0826	EXP	Set  image=./stimfiles/scenes/1097.jpg
287.5609	DATA	Keypress: 5
287.7017	DATA	Keypress: 1
289.0759	DATA	Keypress: 5
289.0835	EXP	Set  image=./stimfiles/scenes/1097.jpg
289.8809	DATA	Keypress: 5
289.9049	DATA	Keypress: 1
291.0760	DATA	Keypress: 5
291.0842	EXP	Set  image=./stimfiles/scenes/1349.jpg
291.7860	DATA	Keypress: 1
293.0760	DATA	Keypress: 5
293.0851	EXP	Set  image=./stimfiles/scenes/1097.jpg
293.3610	DATA	Keypress: 5
293.6110	DATA	Keypress: 4
295.0760	DATA	Keypress: 5
295.0859	EXP	Set  image=./stimfiles/scenes/1349.jpg
295.6811	DATA	Keypress: 5
295.7461	DATA	Keypress: 4
297.0758	DATA	Keypress: 5
297.0868	EXP	Set  image=./stimfiles/scenes/1097.jpg
298.0012	DATA	Keypress: 5
299.0740	DATA	Keypress: 4
299.1042	EXP	Started presenting instructions
299.9049	DATA	Keypress: 5
300.1213	EXP	Set instructions text=
301.0762	DATA	Keypress: 5
301.0884	EXP	Set  image=./stimfiles/chinese_characters/24754.jpg
301.4813	DATA	Keypress: 5
301.9403	DATA	Keypress: 1
303.0762	DATA	Keypress: 5
303.0893	EXP	Set  image=./stimfiles/chinese_characters/26549.jpg
303.7724	DATA	Keypress: 1
303.8013	DATA	Keypress: 5
305.0762	DATA	Keypress: 5
305.0901	EXP	Set  image=./stimfiles/chinese_characters/26331.jpg
305.6744	DATA	Keypress: 1
307.0761	DATA	Keypress: 5
307.0908	EXP	Set  image=./stimfiles/chinese_characters/26331.jpg
307.2815	DATA	Keypress: 5
307.8284	DATA	Keypress: 1
309.0762	DATA	Keypress: 5
309.0917	EXP	Set  image=./stimfiles/chinese_characters/29376.jpg
309.6015	DATA	Keypress: 5
309.8445	DATA	Keypress: 1
311.0760	DATA	Keypress: 5
311.0925	EXP	Set  image=./stimfiles/chinese_characters/26331.jpg
311.5335	DATA	Keypress: 4
311.9216	DATA	Keypress: 5
313.0933	EXP	Set  image=./stimfiles/chinese_characters/26216.jpg
313.0937	DATA	Keypress: 5
313.7435	DATA	Keypress: 1
315.0761	DATA	Keypress: 5
315.0941	EXP	Set  image=./stimfiles/chinese_characters/26366.jpg
315.4017	DATA	Keypress: 5
315.7997	DATA	Keypress: 1
317.0760	DATA	Keypress: 5
317.0949	EXP	Set  image=./stimfiles/chinese_characters/26366.jpg
317.7217	DATA	Keypress: 5
317.7487	DATA	Keypress: 1
319.0761	DATA	Keypress: 5
319.0958	EXP	Set  image=./stimfiles/chinese_characters/25260.jpg
319.7459	DATA	Keypress: 1
320.0417	DATA	Keypress: 5
321.0966	EXP	Started presenting instructions
321.8974	DATA	Keypress: 5
322.1137	EXP	Set instructions text=
323.0761	DATA	Keypress: 5
323.0974	EXP	Set  image=./stimfiles/faces/cropped_501.png
323.5209	DATA	Keypress: 5
323.6538	DATA	Keypress: 1
325.0763	DATA	Keypress: 5
325.0983	EXP	Set  image=./stimfiles/faces/cropped_689.png
325.6280	DATA	Keypress: 1
325.8410	DATA	Keypress: 5
327.0763	DATA	Keypress: 5
327.0990	EXP	Set  image=./stimfiles/faces/cropped_213.png
327.7970	DATA	Keypress: 1
329.0763	DATA	Keypress: 5
329.0998	EXP	Set  image=./stimfiles/faces/cropped_689.png
329.3211	DATA	Keypress: 5
329.6010	DATA	Keypress: 4
331.0764	DATA	Keypress: 5
331.0841	EXP	Set  image=./stimfiles/faces/cropped_180.png
331.6412	DATA	Keypress: 5
331.7580	DATA	Keypress: 4
333.0763	DATA	Keypress: 5
333.0848	EXP	Set  image=./stimfiles/faces/cropped_m-093-01.png
333.8022	DATA	Keypress: 1
333.9612	DATA	Keypress: 5
335.0857	EXP	Set  image=./stimfiles/faces/cropped_214.png
335.1214	DATA	Keypress: 5
335.8602	DATA	Keypress: 1
337.0763	DATA	Keypress: 5
337.0865	EXP	Set  image=./stimfiles/faces/cropped_44MVC-003F.png
337.4412	DATA	Keypress: 5
337.7373	DATA	Keypress: 1
339.0763	DATA	Keypress: 5
339.0873	EXP	Set  image=./stimfiles/faces/cropped_m-093-01.png
339.7614	DATA	Keypress: 5
339.8134	DATA	Keypress: 4
341.0763	DATA	Keypress: 5
341.0881	EXP	Set  image=./stimfiles/faces/cropped_m-093-01.png
341.7114	DATA	Keypress: 4
342.0815	DATA	Keypress: 5
363.0747	DATA	Keypress: 5
363.0752	DATA	Keypress: 5
363.0758	DATA	Keypress: 5
363.0763	DATA	Keypress: 5
363.0768	DATA	Keypress: 5
363.0773	DATA	Keypress: 5
363.0776	DATA	Keypress: 5
363.0779	DATA	Keypress: 5
363.0783	DATA	Keypress: 5
363.0786	DATA	Keypress: 5
363.0789	DATA	Keypress: 5
363.0793	DATA	Keypress: 5
363.0796	DATA	Keypress: 5
363.0799	DATA	Keypress: 5
363.0803	DATA	Keypress: 5
363.0806	DATA	Keypress: 5
363.0810	DATA	Keypress: 5
363.0813	DATA	Keypress: 5
363.0971	EXP	Started presenting instructions
364.1142	EXP	Set instructions text=
365.0764	DATA	Keypress: 5
365.0980	EXP	Set  image=./stimfiles/chinese_characters/26009.jpg
365.2821	DATA	Keypress: 5
365.5671	DATA	Keypress: 1
367.0765	DATA	Keypress: 5
367.0988	EXP	Set  image=./stimfiles/chinese_characters/24954.jpg
367.5930	DATA	Keypress: 1
367.6022	DATA	Keypress: 5
369.0765	DATA	Keypress: 5
369.0997	EXP	Set  image=./stimfiles/chinese_characters/24954.jpg
369.6453	DATA	Keypress: 4
369.9222	DATA	Keypress: 5
371.0838	EXP	Set  image=./stimfiles/chinese_characters/24954.jpg
371.0841	DATA	Keypress: 5
371.6573	DATA	Keypress: 4
373.0765	DATA	Keypress: 5
373.0846	EXP	Set  image=./stimfiles/chinese_characters/24845.jpg
373.4013	DATA	Keypress: 5
373.5542	DATA	Keypress: 1
375.0765	DATA	Keypress: 5
375.0854	EXP	Set  image=./stimfiles/chinese_characters/25708.jpg
375.7214	DATA	Keypress: 5
375.8234	DATA	Keypress: 1
377.0765	DATA	Keypress: 5
377.0862	EXP	Set  image=./stimfiles/chinese_characters/24845.jpg
377.8595	DATA	Keypress: 1
378.0414	DATA	Keypress: 5
379.0871	EXP	Set  image=./stimfiles/chinese_characters/24845.jpg
379.2016	DATA	Keypress: 5
379.5793	DATA	Keypress: 1
381.0765	DATA	Keypress: 5
381.0879	EXP	Set  image=./stimfiles/chinese_characters/20767.jpg
381.5217	DATA	Keypress: 5
381.6495	DATA	Keypress: 1
383.0763	DATA	Keypress: 5
383.0888	EXP	Set  image=./stimfiles/chinese_characters/25425.jpg
383.6545	DATA	Keypress: 1
383.8415	DATA	Keypress: 5
385.0740	DATA	Keypress: 5
385.0895	EXP	Started presenting instructions
386.1067	EXP	Set instructions text=
387.0766	DATA	Keypress: 5
387.0903	EXP	Set  image=./stimfiles/faces/cropped_49.png
387.3218	DATA	Keypress: 5
387.8927	DATA	Keypress: 1
389.0767	DATA	Keypress: 5
389.0912	EXP	Set  image=./stimfiles/faces/cropped_910.png
389.5578	DATA	Keypress: 1
389.6418	DATA	Keypress: 5
391.0767	DATA	Keypress: 5
391.0920	EXP	Set  image=./stimfiles/faces/cropped_mvc-010f.png
391.7269	DATA	Keypress: 1
391.9619	DATA	Keypress: 5
393.0929	EXP	Set  image=./stimfiles/faces/cropped_867.png
393.1220	DATA	Keypress: 5
393.6059	DATA	Keypress: 1
395.0766	DATA	Keypress: 5
395.0937	EXP	Set  image=./stimfiles/faces/cropped_f4002.png
395.4419	DATA	Keypress: 5
395.6419	DATA	Keypress: 1
397.0767	DATA	Keypress: 5
397.0945	EXP	Set  image=./stimfiles/faces/cropped_f15v1e1.png
397.7001	DATA	Keypress: 1
397.7621	DATA	Keypress: 5
399.0767	DATA	Keypress: 5
399.0953	EXP	Set  image=./stimfiles/faces/cropped_m4072.png
399.7651	DATA	Keypress: 1
400.0821	DATA	Keypress: 5
401.0961	EXP	Set  image=./stimfiles/faces/cropped_m4072.png
401.2422	DATA	Keypress: 5
401.5361	DATA	Keypress: 4
403.0767	DATA	Keypress: 5
403.0969	EXP	Set  image=./stimfiles/faces/cropped_m4072.png
403.5622	DATA	Keypress: 5
403.7412	DATA	Keypress: 4
405.0767	DATA	Keypress: 5
405.0977	EXP	Set  image=./stimfiles/faces/cropped_108MVC-003F.png
405.7093	DATA	Keypress: 1
405.8822	DATA	Keypress: 5
407.0740	DATA	Keypress: 5
407.0985	EXP	Started presenting instructions
408.1157	EXP	Set instructions text=
409.0768	DATA	Keypress: 5
409.0827	EXP	Set  image=./stimfiles/scenes/645.jpg
409.3624	DATA	Keypress: 5
409.7703	DATA	Keypress: 1
411.0768	DATA	Keypress: 5
411.0835	EXP	Set  image=./stimfiles/scenes/1069.jpg
411.5756	DATA	Keypress: 1
411.6824	DATA	Keypress: 5
413.0768	DATA	Keypress: 5
413.0843	EXP	Set  image=./stimfiles/scenes/654.jpg
413.6453	DATA	Keypress: 1
414.0025	DATA	Keypress: 5
415.0852	EXP	Set  image=./stimfiles/scenes/178.jpg
415.1625	DATA	Keypress: 5
415.6224	DATA	Keypress: 1
417.0768	DATA	Keypress: 5
417.0860	EXP	Set  image=./stimfiles/scenes/178.jpg
417.4826	DATA	Keypress: 5
417.5106	DATA	Keypress: 4
419.0768	DATA	Keypress: 5
419.0868	EXP	Set  image=./stimfiles/scenes/654.jpg
419.6686	DATA	Keypress: 1
419.8026	DATA	Keypress: 5
421.0768	DATA	Keypress: 5
421.0876	EXP	Set  image=./stimfiles/scenes/3043.jpg
421.6337	DATA	Keypress: 1
423.0768	DATA	Keypress: 5
423.0885	EXP	Set  image=./stimfiles/scenes/799.jpg
423.2819	DATA	Keypress: 5
423.6798	DATA	Keypress: 1
425.0768	DATA	Keypress: 5
425.0893	EXP	Set  image=./stimfiles/scenes/799.jpg
425.6019	DATA	Keypress: 5
425.6209	DATA	Keypress: 1
427.0768	DATA	Keypress: 5
427.0901	EXP	Set  image=./stimfiles/scenes/799.jpg
427.6639	DATA	Keypress: 4
427.9219	DATA	Keypress: 5
429.0824	DATA	Keypress: 5
429.0909	EXP	Started presenting instructions
430.1080	EXP	Set instructions text=
431.0770	DATA	Keypress: 5
431.0918	EXP	Set  image=./stimfiles/scenes/897.jpg
431.4020	DATA	Keypress: 5
431.8290	DATA	Keypress: 1
433.0770	DATA	Keypress: 5
433.0926	EXP	Set  image=./stimfiles/scenes/1811.jpg
433.6941	DATA	Keypress: 1
433.7219	DATA	Keypress: 5
435.0770	DATA	Keypress: 5
435.0934	EXP	Set  image=./stimfiles/scenes/897.jpg
435.8011	DATA	Keypress: 4
436.0421	DATA	Keypress: 5
437.0942	EXP	Set  image=./stimfiles/scenes/419.jpg
437.2023	DATA	Keypress: 5
437.5492	DATA	Keypress: 1
439.0770	DATA	Keypress: 5
439.0950	EXP	Set  image=./stimfiles/scenes/1415.jpg
439.5222	DATA	Keypress: 5
439.7721	DATA	Keypress: 1
441.0770	DATA	Keypress: 5
441.0959	EXP	Set  image=./stimfiles/scenes/108.jpg
441.8084	DATA	Keypress: 1
441.8423	DATA	Keypress: 5
443.0770	DATA	Keypress: 5
443.0967	EXP	Set  image=./stimfiles/scenes/1339.jpg
443.8553	DATA	Keypress: 1
445.0771	DATA	Keypress: 5
445.0809	EXP	Set  image=./stimfiles/scenes/1415.jpg
445.3224	DATA	Keypress: 5
445.9634	DATA	Keypress: 1
447.0770	DATA	Keypress: 5
447.0817	EXP	Set  image=./stimfiles/scenes/1415.jpg
447.6425	DATA	Keypress: 5
447.8255	DATA	Keypress: 1
449.0769	DATA	Keypress: 5
449.0825	EXP	Set  image=./stimfiles/scenes/3027.jpg
449.8824	DATA	Keypress: 1
449.9625	DATA	Keypress: 5
451.1000	EXP	Started presenting instructions
451.9007	DATA	Keypress: 5
452.1171	EXP	Set instructions text=
453.0772	DATA	Keypress: 5
453.1008	EXP	Set  image=./stimfiles/chinese_characters/25712.jpg
453.4426	DATA	Keypress: 5
453.6285	DATA	Keypress: 1
455.0772	DATA	Keypress: 5
455.0850	EXP	Set  image=./stimfiles/chinese_characters/26148.jpg
455.7626	DATA	Keypress: 5
455.7727	DATA	Keypress: 1
457.0772	DATA	Keypress: 5
457.0858	EXP	Set  image=./stimfiles/chinese_characters/30303.jpg
457.9427	DATA	Keypress: 1
458.0828	DATA	Keypress: 5
459.0866	EXP	Set  image=./stimfiles/chinese_characters/32028.jpg
459.2428	DATA	Keypress: 5
459.7788	DATA	Keypress: 1
461.0772	DATA	Keypress: 5
461.0874	EXP	Set  image=./stimfiles/chinese_characters/30303.jpg
461.5429	DATA	Keypress: 4
461.5629	DATA	Keypress: 5
463.0772	DATA	Keypress: 5
463.0883	EXP	Set  image=./stimfiles/chinese_characters/32028.jpg
463.7959	DATA	Keypress: 4
463.8829	DATA	Keypress: 5
465.0772	DATA	Keypress: 5
465.0891	EXP	Set  image=./stimfiles/chinese_characters/32028.jpg
465.9160	DATA	Keypress: 1
467.0771	DATA	Keypress: 5
467.0899	EXP	Set  image=./stimfiles/chinese_characters/30303.jpg
467.3630	DATA	Keypress: 5
467.8809	DATA	Keypress: 1
469.0771	DATA	Keypress: 5
469.0908	EXP	Set  image=./stimfiles/chinese_characters/25847.jpg
469.6831	DATA	Keypress: 5
469.8611	DATA	Keypress: 1
471.0772	DATA	Keypress: 5
471.0915	EXP	Set  image=./stimfiles/chinese_characters/26032.jpg
471.7962	DATA	Keypress: 1
472.0021	DATA	Keypress: 5
473.0924	EXP	Started presenting instructions
473.8932	DATA	Keypress: 5
474.1095	EXP	Set instructions text=
475.0774	DATA	Keypress: 5
475.0931	EXP	Set  image=./stimfiles/faces/cropped_1036.png
475.4823	DATA	Keypress: 5
475.7602	DATA	Keypress: 1
477.0773	DATA	Keypress: 5
477.0940	EXP	Set  image=./stimfiles/faces/cropped_957.png
477.8022	DATA	Keypress: 5
477.8683	DATA	Keypress: 1
479.0773	DATA	Keypress: 5
479.0949	EXP	Set  image=./stimfiles/faces/cropped_53.png
479.8134	DATA	Keypress: 1
481.0774	DATA	Keypress: 5
481.0956	EXP	Set  image=./stimfiles/faces/cropped_700.png
481.2825	DATA	Keypress: 5
482.0554	DATA	Keypress: 1
483.0773	DATA	Keypress: 5
483.0964	EXP	Set  image=./stimfiles/faces/cropped_00011015.png
483.6025	DATA	Keypress: 5
484.0165	DATA	Keypress: 1
485.0774	DATA	Keypress: 5
485.0972	EXP	Set  image=./stimfiles/faces/cropped_53.png
485.7846	DATA	Keypress: 1
485.9225	DATA	Keypress: 5
487.0981	EXP	Set  image=./stimfiles/faces/cropped_00011015.png
487.0984	DATA	Keypress: 5
487.6096	DATA	Keypress: 4
489.0773	DATA	Keypress: 5
489.0989	EXP	Set  image=./stimfiles/faces/cropped_00011015.png
489.4027	DATA	Keypress: 5
489.8826	DATA	Keypress: 1
491.0774	DATA	Keypress: 5
491.0997	EXP	Set  image=./stimfiles/faces/cropped_00261015.png
491.7227	DATA	Keypress: 5
491.8787	DATA	Keypress: 1
493.0774	DATA	Keypress: 5
493.1006	EXP	Set  image=./stimfiles/faces/cropped_00011015.png
494.0428	DATA	Keypress: 5
