1.3489	INFO	Loaded calibration from:2012_09_26 16:15
1.3489	INFO	['2012_09_26 16:15']
1.3496	INFO	configured pyglet screen 0
1.3498	WARNING	User requested fullscreen with size [800 600], but screen is actually [1024, 768]. Using actual size
1.6005	INFO	Using gamma table of operating system
1.6204	EXP	Set Window color=[ 0.  0.  0.] (rgb)
2.1040	EXP	Started presenting 
42.2072	DATA	Keypress: 5
42.2081	DATA	Key pressed: 5
42.2204	EXP	Set  text=
42.2371	EXP	Started presenting instructions
43.2542	EXP	Set instructions text=
44.2225	DATA	Keypress: 5
44.2380	EXP	Set  image=./stimfiles/chinese_characters/24832.jpg
44.4999	DATA	Keypress: 5
45.2200	DATA	Keypress: 1
46.2226	DATA	Keypress: 5
46.2388	EXP	Set  image=./stimfiles/chinese_characters/25176.jpg
46.8199	DATA	Keypress: 5
46.9380	DATA	Keypress: 1
48.2225	DATA	Keypress: 5
48.2395	EXP	Set  image=./stimfiles/chinese_characters/25176.jpg
48.7011	DATA	Keypress: 4
49.1400	DATA	Keypress: 5
50.2405	EXP	Set  image=./stimfiles/chinese_characters/25176.jpg
50.3003	DATA	Keypress: 5
50.9040	DATA	Keypress: 4
52.2225	DATA	Keypress: 5
52.2412	EXP	Set  image=./stimfiles/chinese_characters/25176.jpg
52.6192	DATA	Keypress: 5
52.7621	DATA	Keypress: 4
54.2226	DATA	Keypress: 5
54.2421	EXP	Set  image=./stimfiles/chinese_characters/35592.jpg
54.7322	DATA	Keypress: 1
54.9391	DATA	Keypress: 5
56.2223	DATA	Keypress: 5
56.2429	EXP	Set  image=./stimfiles/chinese_characters/26512.jpg
57.0694	DATA	Keypress: 1
58.2225	DATA	Keypress: 5
58.2437	EXP	Set  image=./stimfiles/chinese_characters/26152.jpg
58.4194	DATA	Keypress: 5
58.9683	DATA	Keypress: 1
60.2226	DATA	Keypress: 5
60.2445	EXP	Set  image=./stimfiles/chinese_characters/25696.jpg
60.7393	DATA	Keypress: 5
60.8524	DATA	Keypress: 1
62.2225	DATA	Keypress: 5
62.2453	EXP	Set  image=./stimfiles/chinese_characters/25696.jpg
62.8334	DATA	Keypress: 4
63.0595	DATA	Keypress: 5
64.2221	DATA	Keypress: 5
64.2462	EXP	Started presenting instructions
65.2632	EXP	Set instructions text=
66.2227	DATA	Keypress: 5
66.2470	EXP	Set  image=./stimfiles/faces/cropped_361.png
66.5396	DATA	Keypress: 5
67.0325	DATA	Keypress: 1
68.2227	DATA	Keypress: 5
68.2311	EXP	Set  image=./stimfiles/faces/cropped_m5n1.png
68.8597	DATA	Keypress: 5
68.9406	DATA	Keypress: 1
70.2227	DATA	Keypress: 5
70.2319	EXP	Set  image=./stimfiles/faces/cropped_04063.png
70.9478	DATA	Keypress: 1
71.1797	DATA	Keypress: 5
72.2327	EXP	Set  image=./stimfiles/faces/cropped_534.png
72.3399	DATA	Keypress: 5
72.8667	DATA	Keypress: 1
74.2227	DATA	Keypress: 5
74.2336	EXP	Set  image=./stimfiles/faces/cropped_534.png
74.6598	DATA	Keypress: 5
74.8628	DATA	Keypress: 4
76.2228	DATA	Keypress: 5
76.2344	EXP	Set  image=./stimfiles/faces/cropped_00311015.png
76.9799	DATA	Keypress: 5
76.9977	DATA	Keypress: 1
78.2227	DATA	Keypress: 5
78.2353	EXP	Set  image=./stimfiles/faces/cropped_534.png
79.2130	DATA	Keypress: 1
80.2226	DATA	Keypress: 5
80.2360	EXP	Set  image=./stimfiles/faces/cropped_image_0097.png
80.4600	DATA	Keypress: 5
82.2227	DATA	Keypress: 1
82.2233	DATA	Keypress: 5
82.2369	EXP	Set  image=./stimfiles/faces/cropped_240.png
82.7800	DATA	Keypress: 5
84.2227	DATA	Keypress: 5
84.2377	EXP	Set  image=./stimfiles/faces/cropped_543.png
85.1001	DATA	Keypress: 5
86.2386	EXP	Started presenting instructions
87.0394	DATA	Keypress: 5
87.2556	EXP	Set instructions text=
88.2229	DATA	Keypress: 5
88.2394	EXP	Set  image=./stimfiles/scenes/1726.jpg
88.5793	DATA	Keypress: 5
90.2229	DATA	Keypress: 1
90.2233	DATA	Keypress: 5
90.2402	EXP	Set  image=./stimfiles/scenes/1726.jpg
90.8994	DATA	Keypress: 5
92.2229	DATA	Keypress: 5
92.2410	EXP	Set  image=./stimfiles/scenes/837.jpg
93.2194	DATA	Keypress: 5
94.2252	EXP	Set  image=./stimfiles/scenes/539.jpg
94.3795	DATA	Keypress: 5
96.2229	DATA	Keypress: 5
96.2426	EXP	Set  image=./stimfiles/scenes/837.jpg
96.6995	DATA	Keypress: 5
98.2229	DATA	Keypress: 5
98.2268	EXP	Set  image=./stimfiles/scenes/837.jpg
98.8905	DATA	Keypress: 4
99.0195	DATA	Keypress: 5
100.2229	DATA	Keypress: 5
100.2276	EXP	Set  image=./stimfiles/scenes/134.jpg
101.1077	DATA	Keypress: 1
102.2229	DATA	Keypress: 5
102.2284	EXP	Set  image=./stimfiles/scenes/837.jpg
102.4996	DATA	Keypress: 5
102.7646	DATA	Keypress: 1
104.2228	DATA	Keypress: 5
104.2292	EXP	Set  image=./stimfiles/scenes/3007.jpg
104.8197	DATA	Keypress: 5
104.9967	DATA	Keypress: 1
106.2228	DATA	Keypress: 5
106.2301	EXP	Set  image=./stimfiles/scenes/837.jpg
106.9267	DATA	Keypress: 1
107.1397	DATA	Keypress: 5
108.2309	EXP	Started presenting instructions
109.0313	DATA	Keypress: 5
109.2479	EXP	Set instructions text=
110.2230	DATA	Keypress: 5
110.2484	EXP	Set  image=./stimfiles/faces/cropped_582.png
110.6199	DATA	Keypress: 5
111.0879	DATA	Keypress: 1
112.2229	DATA	Keypress: 5
112.2326	EXP	Set  image=./stimfiles/faces/cropped_582.png
112.9400	DATA	Keypress: 5
112.9999	DATA	Keypress: 1
114.2230	DATA	Keypress: 5
114.2334	EXP	Set  image=./stimfiles/faces/cropped_582.png
114.9490	DATA	Keypress: 4
116.2229	DATA	Keypress: 5
116.2342	EXP	Set  image=./stimfiles/faces/cropped_f1-012-01.png
116.4201	DATA	Keypress: 5
116.9501	DATA	Keypress: 1
118.2230	DATA	Keypress: 5
118.2350	EXP	Set  image=./stimfiles/faces/cropped_simon1.png
118.7401	DATA	Keypress: 5
118.8960	DATA	Keypress: 1
120.2231	DATA	Keypress: 5
120.2359	EXP	Set  image=./stimfiles/faces/cropped_582.png
120.9933	DATA	Keypress: 1
121.0592	DATA	Keypress: 5
122.2228	DATA	Keypress: 5
122.2367	EXP	Set  image=./stimfiles/faces/cropped_simon1.png
124.2230	DATA	Keypress: 4
124.2237	DATA	Keypress: 5
124.2375	EXP	Set  image=./stimfiles/faces/cropped_859.png
124.5393	DATA	Keypress: 5
124.9322	DATA	Keypress: 1
126.2230	DATA	Keypress: 5
126.2383	EXP	Set  image=./stimfiles/faces/cropped_f1-003-01.png
126.8593	DATA	Keypress: 5
126.8833	DATA	Keypress: 1
128.2230	DATA	Keypress: 5
128.2391	EXP	Set  image=./stimfiles/faces/cropped_859.png
128.9535	DATA	Keypress: 4
129.1794	DATA	Keypress: 5
130.2399	EXP	Started presenting instructions
131.0408	DATA	Keypress: 5
131.2570	EXP	Set instructions text=
132.2230	DATA	Keypress: 5
132.2407	EXP	Set  image=./stimfiles/scenes/1777.jpg
132.6593	DATA	Keypress: 5
132.9613	DATA	Keypress: 1
134.2232	DATA	Keypress: 5
134.2416	EXP	Set  image=./stimfiles/scenes/3034.jpg
134.8926	DATA	Keypress: 1
134.9795	DATA	Keypress: 5
136.2232	DATA	Keypress: 5
136.2424	EXP	Set  image=./stimfiles/scenes/1777.jpg
137.1636	DATA	Keypress: 4
138.2232	DATA	Keypress: 5
138.2265	EXP	Set  image=./stimfiles/scenes/1777.jpg
138.4597	DATA	Keypress: 5
138.9748	DATA	Keypress: 1
140.2230	DATA	Keypress: 5
140.2274	EXP	Set  image=./stimfiles/scenes/327.jpg
140.7798	DATA	Keypress: 5
140.8617	DATA	Keypress: 1
142.2231	DATA	Keypress: 5
142.2283	EXP	Set  image=./stimfiles/scenes/1591.jpg
142.7468	DATA	Keypress: 1
143.0998	DATA	Keypress: 5
144.2290	EXP	Set  image=./stimfiles/scenes/327.jpg
144.2599	DATA	Keypress: 5
144.8878	DATA	Keypress: 1
146.2232	DATA	Keypress: 5
146.2298	EXP	Set  image=./stimfiles/scenes/327.jpg
146.5799	DATA	Keypress: 5
147.1349	DATA	Keypress: 4
148.2232	DATA	Keypress: 5
148.2307	EXP	Set  image=./stimfiles/scenes/1865.jpg
148.7790	DATA	Keypress: 1
148.8999	DATA	Keypress: 5
150.2230	DATA	Keypress: 5
150.2315	EXP	Set  image=./stimfiles/scenes/1819.jpg
151.1002	DATA	Keypress: 1
151.2200	DATA	Keypress: 5
152.2323	EXP	Started presenting instructions
153.0331	DATA	Keypress: 5
153.2494	EXP	Set instructions text=
154.2234	DATA	Keypress: 5
154.2499	EXP	Set  image=./stimfiles/chinese_characters/25468.jpg
154.7001	DATA	Keypress: 5
155.1312	DATA	Keypress: 1
156.2234	DATA	Keypress: 5
156.2340	EXP	Set  image=./stimfiles/chinese_characters/25746.jpg
156.8333	DATA	Keypress: 1
157.0192	DATA	Keypress: 5
158.2234	DATA	Keypress: 5
158.2347	EXP	Set  image=./stimfiles/chinese_characters/26262.jpg
158.8513	DATA	Keypress: 1
160.2234	DATA	Keypress: 5
160.2356	EXP	Set  image=./stimfiles/chinese_characters/25746.jpg
160.4994	DATA	Keypress: 5
161.1443	DATA	Keypress: 4
162.2234	DATA	Keypress: 5
162.2364	EXP	Set  image=./stimfiles/chinese_characters/26262.jpg
162.8194	DATA	Keypress: 5
163.0263	DATA	Keypress: 4
164.2234	DATA	Keypress: 5
164.2372	EXP	Set  image=./stimfiles/chinese_characters/35436.jpg
164.7955	DATA	Keypress: 1
165.1394	DATA	Keypress: 5
166.2381	EXP	Set  image=./stimfiles/chinese_characters/35436.jpg
166.2996	DATA	Keypress: 5
167.1354	DATA	Keypress: 1
168.2234	DATA	Keypress: 5
168.2389	EXP	Set  image=./stimfiles/chinese_characters/25406.jpg
168.6196	DATA	Keypress: 5
169.2077	DATA	Keypress: 4
170.2234	DATA	Keypress: 5
170.2397	EXP	Set  image=./stimfiles/chinese_characters/35436.jpg
170.9398	DATA	Keypress: 5
171.0455	DATA	Keypress: 1
172.2234	DATA	Keypress: 5
172.2406	EXP	Set  image=./stimfiles/chinese_characters/35436.jpg
173.0498	DATA	Keypress: 1
194.2225	DATA	Keypress: 5
194.2230	DATA	Keypress: 5
194.2234	DATA	Keypress: 5
194.2237	DATA	Keypress: 5
194.2240	DATA	Keypress: 5
194.2244	DATA	Keypress: 5
194.2247	DATA	Keypress: 5
194.2250	DATA	Keypress: 5
194.2254	DATA	Keypress: 5
194.2257	DATA	Keypress: 5
194.2260	DATA	Keypress: 5
194.2264	DATA	Keypress: 5
194.2268	DATA	Keypress: 5
194.2271	DATA	Keypress: 5
194.2274	DATA	Keypress: 5
194.2278	DATA	Keypress: 5
194.2281	DATA	Keypress: 5
194.2285	DATA	Keypress: 5
194.2288	DATA	Keypress: 5
194.2496	EXP	Started presenting instructions
195.2666	EXP	Set instructions text=
196.2235	DATA	Keypress: 5
196.2504	EXP	Set  image=./stimfiles/chinese_characters/25079.jpg
196.4592	DATA	Keypress: 5
196.6193	DATA	Keypress: 1
198.2235	DATA	Keypress: 5
198.2345	EXP	Set  image=./stimfiles/chinese_characters/20677.jpg
198.7794	DATA	Keypress: 5
198.9184	DATA	Keypress: 4
200.2233	DATA	Keypress: 5
200.2354	EXP	Set  image=./stimfiles/chinese_characters/29256.jpg
200.9303	DATA	Keypress: 1
201.0995	DATA	Keypress: 5
202.2362	EXP	Set  image=./stimfiles/chinese_characters/25023.jpg
202.2596	DATA	Keypress: 5
203.1845	DATA	Keypress: 1
204.2235	DATA	Keypress: 5
204.2370	EXP	Set  image=./stimfiles/chinese_characters/31648.jpg
204.5796	DATA	Keypress: 5
204.8825	DATA	Keypress: 1
206.2236	DATA	Keypress: 5
206.2378	EXP	Set  image=./stimfiles/chinese_characters/20704.jpg
206.8995	DATA	Keypress: 5
206.9014	DATA	Keypress: 1
208.2235	DATA	Keypress: 5
208.2387	EXP	Set  image=./stimfiles/chinese_characters/20574.jpg
208.9226	DATA	Keypress: 1
209.2197	DATA	Keypress: 5
210.2394	EXP	Set  image=./stimfiles/chinese_characters/20704.jpg
210.3798	DATA	Keypress: 5
210.8827	DATA	Keypress: 1
212.2233	DATA	Keypress: 5
212.2403	EXP	Set  image=./stimfiles/chinese_characters/20704.jpg
212.6998	DATA	Keypress: 5
212.7377	DATA	Keypress: 4
214.2235	DATA	Keypress: 5
214.2411	EXP	Set  image=./stimfiles/chinese_characters/30281.jpg
214.9109	DATA	Keypress: 1
215.0198	DATA	Keypress: 5
216.2221	DATA	Keypress: 5
216.2420	EXP	Started presenting instructions
217.2590	EXP	Set instructions text=
218.2237	DATA	Keypress: 5
218.2428	EXP	Set  image=./stimfiles/faces/cropped_200.png
218.5001	DATA	Keypress: 5
218.7780	DATA	Keypress: 1
220.2237	DATA	Keypress: 5
220.2436	EXP	Set  image=./stimfiles/faces/cropped_200.png
220.8201	DATA	Keypress: 5
220.8680	DATA	Keypress: 4
222.2236	DATA	Keypress: 5
222.2444	EXP	Set  image=./stimfiles/faces/cropped_blair1.png
222.8651	DATA	Keypress: 1
223.1401	DATA	Keypress: 5
224.2453	EXP	Set  image=./stimfiles/faces/cropped_blair1.png
224.3003	DATA	Keypress: 5
224.8952	DATA	Keypress: 4
226.2238	DATA	Keypress: 5
226.2461	EXP	Set  image=./stimfiles/faces/cropped_200.png
226.6192	DATA	Keypress: 5
226.9562	DATA	Keypress: 1
228.2238	DATA	Keypress: 5
228.2468	EXP	Set  image=./stimfiles/faces/cropped_blair1.png
228.9393	DATA	Keypress: 5
229.1942	DATA	Keypress: 1
230.2237	DATA	Keypress: 5
230.2477	EXP	Set  image=./stimfiles/faces/cropped_blair1.png
230.9312	DATA	Keypress: 4
232.2237	DATA	Keypress: 5
232.2319	EXP	Set  image=./stimfiles/faces/cropped_1003.png
232.4194	DATA	Keypress: 5
232.8693	DATA	Keypress: 1
234.2237	DATA	Keypress: 5
234.2327	EXP	Set  image=./stimfiles/faces/cropped_1003.png
234.7395	DATA	Keypress: 5
234.9634	DATA	Keypress: 4
236.2237	DATA	Keypress: 5
236.2335	EXP	Set  image=./stimfiles/faces/cropped_1003.png
236.9385	DATA	Keypress: 4
237.0594	DATA	Keypress: 5
238.2221	DATA	Keypress: 5
238.2343	EXP	Started presenting instructions
239.2514	EXP	Set instructions text=
240.2238	DATA	Keypress: 5
240.2352	EXP	Set  image=./stimfiles/scenes/946.jpg
240.5397	DATA	Keypress: 5
240.9026	DATA	Keypress: 1
242.2239	DATA	Keypress: 5
242.2360	EXP	Set  image=./stimfiles/scenes/1679.jpg
242.8597	DATA	Keypress: 5
242.8696	DATA	Keypress: 1
244.2238	DATA	Keypress: 5
244.2367	EXP	Set  image=./stimfiles/scenes/946.jpg
244.8437	DATA	Keypress: 4
245.1797	DATA	Keypress: 5
246.2375	EXP	Set  image=./stimfiles/scenes/820.jpg
246.3397	DATA	Keypress: 5
246.8638	DATA	Keypress: 1
248.2239	DATA	Keypress: 5
248.2384	EXP	Set  image=./stimfiles/scenes/1679.jpg
248.6599	DATA	Keypress: 5
249.1458	DATA	Keypress: 1
250.2239	DATA	Keypress: 5
250.2392	EXP	Set  image=./stimfiles/scenes/820.jpg
250.9801	DATA	Keypress: 5
251.0997	DATA	Keypress: 4
252.2239	DATA	Keypress: 5
252.2400	EXP	Set  image=./stimfiles/scenes/846.jpg
253.1510	DATA	Keypress: 1
254.2238	DATA	Keypress: 5
254.2409	EXP	Set  image=./stimfiles/scenes/871.jpg
254.4599	DATA	Keypress: 5
255.0940	DATA	Keypress: 1
256.2239	DATA	Keypress: 5
256.2417	EXP	Set  image=./stimfiles/scenes/989.jpg
256.7801	DATA	Keypress: 5
257.1642	DATA	Keypress: 1
258.2239	DATA	Keypress: 5
258.2425	EXP	Set  image=./stimfiles/scenes/871.jpg
259.0802	DATA	Keypress: 4
259.1000	DATA	Keypress: 5
260.2434	EXP	Started presenting instructions
261.0442	DATA	Keypress: 5
261.2605	EXP	Set instructions text=
262.2241	DATA	Keypress: 5
262.2442	EXP	Set  image=./stimfiles/faces/cropped_381.png
262.5791	DATA	Keypress: 5
263.1752	DATA	Keypress: 1
264.2241	DATA	Keypress: 5
264.2450	EXP	Set  image=./stimfiles/faces/cropped_182.png
264.8774	DATA	Keypress: 1
264.8992	DATA	Keypress: 5
266.2241	DATA	Keypress: 5
266.2458	EXP	Set  image=./stimfiles/faces/cropped_381.png
266.9044	DATA	Keypress: 4
267.2195	DATA	Keypress: 5
268.2467	EXP	Set  image=./stimfiles/faces/cropped_f12n2.png
268.3794	DATA	Keypress: 5
268.9234	DATA	Keypress: 1
270.2241	DATA	Keypress: 5
270.2475	EXP	Set  image=./stimfiles/faces/cropped_109MVC-003F.png
270.6995	DATA	Keypress: 5
271.1326	DATA	Keypress: 1
272.2241	DATA	Keypress: 5
272.2483	EXP	Set  image=./stimfiles/faces/cropped_f12n2.png
273.0196	DATA	Keypress: 5
274.2239	DATA	Keypress: 1
274.2243	DATA	Keypress: 5
274.2324	EXP	Set  image=./stimfiles/faces/cropped_6MVC-003F.png
275.1597	DATA	Keypress: 1
276.2241	DATA	Keypress: 5
276.2332	EXP	Set  image=./stimfiles/faces/cropped_6MVC-003F.png
276.4997	DATA	Keypress: 5
278.2240	DATA	Keypress: 1
278.2246	DATA	Keypress: 5
278.2340	EXP	Set  image=./stimfiles/faces/cropped_f12n2.png
278.8198	DATA	Keypress: 5
279.2317	DATA	Keypress: 1
280.2241	DATA	Keypress: 5
280.2348	EXP	Set  image=./stimfiles/faces/cropped_6MVC-003F.png
281.1399	DATA	Keypress: 5
282.2221	DATA	Keypress: 1
282.2357	EXP	Started presenting instructions
283.0362	DATA	Keypress: 5
283.2528	EXP	Set instructions text=
284.2242	DATA	Keypress: 5
284.2365	EXP	Set  image=./stimfiles/scenes/1678.jpg
284.6198	DATA	Keypress: 5
284.8539	DATA	Keypress: 1
286.2242	DATA	Keypress: 5
286.2374	EXP	Set  image=./stimfiles/scenes/1275.jpg
286.8209	DATA	Keypress: 1
286.9399	DATA	Keypress: 5
288.2240	DATA	Keypress: 5
288.2382	EXP	Set  image=./stimfiles/scenes/1678.jpg
290.2243	DATA	Keypress: 5
290.2390	EXP	Set  image=./stimfiles/scenes/597.jpg
290.4200	DATA	Keypress: 5
290.8699	DATA	Keypress: 1
292.2242	DATA	Keypress: 5
292.2399	EXP	Set  image=./stimfiles/scenes/597.jpg
292.7401	DATA	Keypress: 5
292.8730	DATA	Keypress: 4
294.2242	DATA	Keypress: 5
294.2407	EXP	Set  image=./stimfiles/scenes/392.jpg
295.0333	DATA	Keypress: 1
295.0590	DATA	Keypress: 5
296.2242	DATA	Keypress: 5
296.2415	EXP	Set  image=./stimfiles/scenes/168.jpg
296.8622	DATA	Keypress: 1
298.2242	DATA	Keypress: 5
298.2423	EXP	Set  image=./stimfiles/scenes/597.jpg
298.5393	DATA	Keypress: 5
298.8562	DATA	Keypress: 1
300.2243	DATA	Keypress: 5
300.2431	EXP	Set  image=./stimfiles/scenes/597.jpg
300.8594	DATA	Keypress: 5
301.1284	DATA	Keypress: 1
302.2242	DATA	Keypress: 5
302.2439	EXP	Set  image=./stimfiles/scenes/382.jpg
302.8443	DATA	Keypress: 1
303.1794	DATA	Keypress: 5
304.2447	EXP	Started presenting instructions
305.0455	DATA	Keypress: 5
305.2618	EXP	Set instructions text=
306.2244	DATA	Keypress: 5
306.2455	EXP	Set  image=./stimfiles/chinese_characters/20529.jpg
306.6592	DATA	Keypress: 5
306.8895	DATA	Keypress: 1
308.2244	DATA	Keypress: 5
308.2464	EXP	Set  image=./stimfiles/chinese_characters/29852.jpg
308.7506	DATA	Keypress: 1
308.9795	DATA	Keypress: 5
310.2244	DATA	Keypress: 5
310.2473	EXP	Set  image=./stimfiles/chinese_characters/29852.jpg
310.8747	DATA	Keypress: 1
312.2243	DATA	Keypress: 5
312.2481	EXP	Set  image=./stimfiles/chinese_characters/26253.jpg
312.4597	DATA	Keypress: 5
312.8985	DATA	Keypress: 1
314.2244	DATA	Keypress: 5
314.2322	EXP	Set  image=./stimfiles/chinese_characters/24653.jpg
314.7798	DATA	Keypress: 5
314.9598	DATA	Keypress: 1
316.2244	DATA	Keypress: 5
316.2331	EXP	Set  image=./stimfiles/chinese_characters/20630.jpg
316.8579	DATA	Keypress: 1
317.0996	DATA	Keypress: 5
318.2338	EXP	Set  image=./stimfiles/chinese_characters/26253.jpg
318.2599	DATA	Keypress: 5
318.8528	DATA	Keypress: 1
320.2244	DATA	Keypress: 5
320.2347	EXP	Set  image=./stimfiles/chinese_characters/20630.jpg
320.5799	DATA	Keypress: 5
320.9609	DATA	Keypress: 4
322.2243	DATA	Keypress: 5
322.2355	EXP	Set  image=./stimfiles/chinese_characters/20599.jpg
322.9000	DATA	Keypress: 5
323.1470	DATA	Keypress: 1
324.2243	DATA	Keypress: 5
324.2363	EXP	Set  image=./stimfiles/chinese_characters/20630.jpg
325.2199	DATA	Keypress: 5
346.2224	DATA	Keypress: 4
346.2228	DATA	Keypress: 5
346.2231	DATA	Keypress: 5
346.2234	DATA	Keypress: 5
346.2238	DATA	Keypress: 5
346.2241	DATA	Keypress: 5
346.2244	DATA	Keypress: 5
346.2248	DATA	Keypress: 5
346.2251	DATA	Keypress: 5
346.2254	DATA	Keypress: 5
346.2258	DATA	Keypress: 5
346.2261	DATA	Keypress: 5
346.2264	DATA	Keypress: 5
346.2268	DATA	Keypress: 5
346.2271	DATA	Keypress: 5
346.2277	DATA	Keypress: 5
346.2282	DATA	Keypress: 5
346.2286	DATA	Keypress: 5
346.2292	DATA	Keypress: 5
346.2453	EXP	Started presenting instructions
347.2624	EXP	Set instructions text=
348.2245	DATA	Keypress: 5
348.2462	EXP	Set  image=./stimfiles/chinese_characters/25000.jpg
348.4198	DATA	Keypress: 5
348.9677	DATA	Keypress: 1
350.2246	DATA	Keypress: 5
350.2470	EXP	Set  image=./stimfiles/chinese_characters/25626.jpg
350.7398	DATA	Keypress: 5
350.8057	DATA	Keypress: 1
352.2246	DATA	Keypress: 5
352.2478	EXP	Set  image=./stimfiles/chinese_characters/25626.jpg
352.7269	DATA	Keypress: 4
353.0598	DATA	Keypress: 5
354.2245	DATA	Keypress: 5
354.2320	EXP	Set  image=./stimfiles/chinese_characters/25000.jpg
354.8249	DATA	Keypress: 1
356.2246	DATA	Keypress: 5
356.2328	EXP	Set  image=./stimfiles/chinese_characters/30247.jpg
356.5400	DATA	Keypress: 5
356.9029	DATA	Keypress: 1
358.2245	DATA	Keypress: 5
358.2336	EXP	Set  image=./stimfiles/chinese_characters/25626.jpg
358.8191	DATA	Keypress: 1
358.8600	DATA	Keypress: 5
360.2245	DATA	Keypress: 5
360.2344	EXP	Set  image=./stimfiles/chinese_characters/25626.jpg
360.9821	DATA	Keypress: 4
361.1800	DATA	Keypress: 5
362.2352	EXP	Set  image=./stimfiles/chinese_characters/29794.jpg
362.3402	DATA	Keypress: 5
362.8861	DATA	Keypress: 1
364.2245	DATA	Keypress: 5
364.2361	EXP	Set  image=./stimfiles/chinese_characters/25626.jpg
364.6601	DATA	Keypress: 5
365.2213	DATA	Keypress: 1
366.2245	DATA	Keypress: 5
366.2369	EXP	Set  image=./stimfiles/chinese_characters/29794.jpg
366.9793	DATA	Keypress: 5
367.1372	DATA	Keypress: 1
368.2221	DATA	Keypress: 5
368.2377	EXP	Started presenting instructions
369.2548	EXP	Set instructions text=
370.2247	DATA	Keypress: 5
370.2385	EXP	Set  image=./stimfiles/faces/cropped_456.png
370.4595	DATA	Keypress: 5
370.8853	DATA	Keypress: 1
372.2248	DATA	Keypress: 5
372.2394	EXP	Set  image=./stimfiles/faces/cropped_12MVC-003F.png
372.7773	DATA	Keypress: 1
372.7814	DATA	Keypress: 5
374.2248	DATA	Keypress: 5
374.2401	EXP	Set  image=./stimfiles/faces/cropped_79.png
374.9556	DATA	Keypress: 1
375.0994	DATA	Keypress: 5
376.2410	EXP	Set  image=./stimfiles/faces/cropped_231.png
376.2596	DATA	Keypress: 5
376.9723	DATA	Keypress: 1
378.2247	DATA	Keypress: 5
378.2418	EXP	Set  image=./stimfiles/faces/cropped_12MVC-003F.png
378.5795	DATA	Keypress: 5
380.2245	DATA	Keypress: 1
380.2249	DATA	Keypress: 5
380.2427	EXP	Set  image=./stimfiles/faces/cropped_231.png
380.8996	DATA	Keypress: 5
380.9857	DATA	Keypress: 1
382.2247	DATA	Keypress: 5
382.2435	EXP	Set  image=./stimfiles/faces/cropped_238.png
382.9228	DATA	Keypress: 1
383.2197	DATA	Keypress: 5
384.2442	EXP	Set  image=./stimfiles/faces/cropped_231.png
384.3796	DATA	Keypress: 5
384.8566	DATA	Keypress: 1
386.2248	DATA	Keypress: 5
386.2451	EXP	Set  image=./stimfiles/faces/cropped_727.png
386.6998	DATA	Keypress: 5
386.9658	DATA	Keypress: 1
388.2247	DATA	Keypress: 5
388.2459	EXP	Set  image=./stimfiles/faces/cropped_663.png
388.9170	DATA	Keypress: 1
389.0199	DATA	Keypress: 5
390.2221	DATA	Keypress: 5
390.2468	EXP	Started presenting instructions
391.2638	EXP	Set instructions text=
392.2249	DATA	Keypress: 5
392.2309	EXP	Set  image=./stimfiles/scenes/1753.jpg
392.4999	DATA	Keypress: 5
392.8599	DATA	Keypress: 1
394.2248	DATA	Keypress: 5
394.2317	EXP	Set  image=./stimfiles/scenes/1753.jpg
394.8201	DATA	Keypress: 5
395.0661	DATA	Keypress: 1
396.2249	DATA	Keypress: 5
396.2325	EXP	Set  image=./stimfiles/scenes/125.jpg
396.8791	DATA	Keypress: 1
397.1401	DATA	Keypress: 5
398.2334	EXP	Set  image=./stimfiles/scenes/1753.jpg
398.3002	DATA	Keypress: 5
398.8552	DATA	Keypress: 4
400.2249	DATA	Keypress: 5
400.2342	EXP	Set  image=./stimfiles/scenes/319.jpg
400.6193	DATA	Keypress: 5
400.7792	DATA	Keypress: 1
402.2249	DATA	Keypress: 5
402.2350	EXP	Set  image=./stimfiles/scenes/1331.jpg
402.8283	DATA	Keypress: 1
402.9392	DATA	Keypress: 5
404.2249	DATA	Keypress: 5
404.2358	EXP	Set  image=./stimfiles/scenes/485.jpg
405.0963	DATA	Keypress: 1
406.2249	DATA	Keypress: 5
406.2367	EXP	Set  image=./stimfiles/scenes/3104.jpg
406.4194	DATA	Keypress: 5
407.0454	DATA	Keypress: 4
408.2249	DATA	Keypress: 5
408.2375	EXP	Set  image=./stimfiles/scenes/434.jpg
408.7395	DATA	Keypress: 5
408.9373	DATA	Keypress: 1
410.2249	DATA	Keypress: 5
410.2383	EXP	Set  image=./stimfiles/scenes/485.jpg
410.9995	DATA	Keypress: 1
411.0595	DATA	Keypress: 5
412.2220	DATA	Keypress: 5
412.2391	EXP	Started presenting instructions
413.2562	EXP	Set instructions text=
414.2251	DATA	Keypress: 5
414.2399	EXP	Set  image=./stimfiles/faces/cropped_58.png
414.5397	DATA	Keypress: 5
414.8276	DATA	Keypress: 1
416.2251	DATA	Keypress: 5
416.2408	EXP	Set  image=./stimfiles/faces/cropped_m4075.png
416.8598	DATA	Keypress: 5
416.8616	DATA	Keypress: 1
418.2251	DATA	Keypress: 5
418.2416	EXP	Set  image=./stimfiles/faces/cropped_514.png
418.8008	DATA	Keypress: 1
419.1798	DATA	Keypress: 5
420.2424	EXP	Set  image=./stimfiles/faces/cropped_m4075.png
420.3398	DATA	Keypress: 5
420.7777	DATA	Keypress: 4
422.2251	DATA	Keypress: 5
422.2432	EXP	Set  image=./stimfiles/faces/cropped_f-008-01.png
422.6600	DATA	Keypress: 5
422.8758	DATA	Keypress: 1
424.2251	DATA	Keypress: 5
424.2440	EXP	Set  image=./stimfiles/faces/cropped_702.png
424.8250	DATA	Keypress: 1
424.9799	DATA	Keypress: 5
426.2249	DATA	Keypress: 5
426.2449	EXP	Set  image=./stimfiles/faces/cropped_04003.png
426.8060	DATA	Keypress: 1
428.2251	DATA	Keypress: 5
428.2457	EXP	Set  image=./stimfiles/faces/cropped_f-008-01.png
428.4600	DATA	Keypress: 5
429.1330	DATA	Keypress: 1
430.2251	DATA	Keypress: 5
430.2465	EXP	Set  image=./stimfiles/faces/cropped_i446wa-fn.png
430.7802	DATA	Keypress: 5
430.8731	DATA	Keypress: 1
432.2251	DATA	Keypress: 5
432.2473	EXP	Set  image=./stimfiles/faces/cropped_00441015.png
432.9513	DATA	Keypress: 1
433.1001	DATA	Keypress: 5
434.2482	EXP	Started presenting instructions
435.0490	DATA	Keypress: 5
435.2652	EXP	Set instructions text=
436.2253	DATA	Keypress: 5
436.2323	EXP	Set  image=./stimfiles/scenes/3024.jpg
436.5793	DATA	Keypress: 5
436.7772	DATA	Keypress: 1
438.2253	DATA	Keypress: 5
438.2331	EXP	Set  image=./stimfiles/scenes/3024.jpg
438.8994	DATA	Keypress: 5
439.0143	DATA	Keypress: 4
440.2252	DATA	Keypress: 5
440.2339	EXP	Set  image=./stimfiles/scenes/408.jpg
441.1245	DATA	Keypress: 1
441.2194	DATA	Keypress: 5
442.2348	EXP	Set  image=./stimfiles/scenes/1526.jpg
442.3795	DATA	Keypress: 5
442.7843	DATA	Keypress: 1
444.2253	DATA	Keypress: 5
444.2356	EXP	Set  image=./stimfiles/scenes/3024.jpg
444.6996	DATA	Keypress: 5
444.9394	DATA	Keypress: 1
446.2252	DATA	Keypress: 5
446.2364	EXP	Set  image=./stimfiles/scenes/363.jpg
446.7806	DATA	Keypress: 1
447.0195	DATA	Keypress: 5
448.2253	DATA	Keypress: 5
448.2373	EXP	Set  image=./stimfiles/scenes/403.jpg
448.7216	DATA	Keypress: 1
450.2253	DATA	Keypress: 5
450.2381	EXP	Set  image=./stimfiles/scenes/403.jpg
450.4997	DATA	Keypress: 5
450.6774	DATA	Keypress: 4
452.2253	DATA	Keypress: 5
452.2389	EXP	Set  image=./stimfiles/scenes/363.jpg
452.7056	DATA	Keypress: 1
452.8197	DATA	Keypress: 5
454.2253	DATA	Keypress: 5
454.2398	EXP	Set  image=./stimfiles/scenes/1838.jpg
454.9266	DATA	Keypress: 1
455.1400	DATA	Keypress: 5
456.2405	EXP	Started presenting instructions
457.0413	DATA	Keypress: 5
457.2576	EXP	Set instructions text=
458.2254	DATA	Keypress: 5
458.2413	EXP	Set  image=./stimfiles/chinese_characters/25434.jpg
458.6199	DATA	Keypress: 5
458.8748	DATA	Keypress: 1
460.2254	DATA	Keypress: 5
460.2422	EXP	Set  image=./stimfiles/chinese_characters/29903.jpg
460.6851	DATA	Keypress: 1
460.9399	DATA	Keypress: 5
462.2253	DATA	Keypress: 5
462.2430	EXP	Set  image=./stimfiles/chinese_characters/25434.jpg
462.8100	DATA	Keypress: 4
464.2254	DATA	Keypress: 5
464.2438	EXP	Set  image=./stimfiles/chinese_characters/25655.jpg
464.4201	DATA	Keypress: 5
464.9492	DATA	Keypress: 1
466.2255	DATA	Keypress: 5
466.2447	EXP	Set  image=./stimfiles/chinese_characters/29903.jpg
466.7402	DATA	Keypress: 5
468.2255	DATA	Keypress: 1
468.2261	DATA	Keypress: 5
468.2455	EXP	Set  image=./stimfiles/chinese_characters/25655.jpg
469.0043	DATA	Keypress: 4
469.0602	DATA	Keypress: 5
470.2254	DATA	Keypress: 5
470.2463	EXP	Set  image=./stimfiles/chinese_characters/27469.jpg
470.8630	DATA	Keypress: 1
472.2252	DATA	Keypress: 5
472.2471	EXP	Set  image=./stimfiles/chinese_characters/29889.jpg
472.5394	DATA	Keypress: 5
473.0263	DATA	Keypress: 1
474.2253	DATA	Keypress: 5
474.2480	EXP	Set  image=./stimfiles/chinese_characters/35474.jpg
474.8594	DATA	Keypress: 5
474.9823	DATA	Keypress: 1
476.2254	DATA	Keypress: 5
476.2487	EXP	Set  image=./stimfiles/chinese_characters/29303.jpg
477.0334	DATA	Keypress: 1
477.1794	DATA	Keypress: 5
