2.1471	INFO	Loaded calibration from:2012_09_26 16:15
2.1471	INFO	['2012_09_26 16:15']
2.1479	INFO	configured pyglet screen 0
2.1480	WARNING	User requested fullscreen with size [800 600], but screen is actually [1024, 768]. Using actual size
2.3357	INFO	Using gamma table of operating system
2.3448	EXP	Set Window color=[ 0.  0.  0.] (rgb)
2.8450	EXP	Started presenting 
39.7697	DATA	Keypress: 5
39.7706	DATA	Key pressed: 5
39.7769	EXP	Set  text=
39.7936	EXP	Started presenting instructions
40.8107	EXP	Set instructions text=
41.7791	DATA	Keypress: 5
41.7944	EXP	Set  image=./stimfiles/scenes/1763.jpg
42.0629	DATA	Keypress: 5
42.6599	DATA	Keypress: 1
43.7790	DATA	Keypress: 5
43.7952	EXP	Set  image=./stimfiles/scenes/1763.jpg
44.3828	DATA	Keypress: 5
44.4820	DATA	Keypress: 4
45.7790	DATA	Keypress: 5
45.7961	EXP	Set  image=./stimfiles/scenes/1763.jpg
46.5890	DATA	Keypress: 4
46.7030	DATA	Keypress: 5
47.7969	EXP	Set  image=./stimfiles/scenes/612.jpg
47.8632	DATA	Keypress: 5
48.3438	DATA	Keypress: 1
49.7790	DATA	Keypress: 5
49.7977	EXP	Set  image=./stimfiles/scenes/1763.jpg
50.1832	DATA	Keypress: 5
50.7252	DATA	Keypress: 4
51.7790	DATA	Keypress: 1
51.7796	DATA	Keypress: 5
51.7986	EXP	Set  image=./stimfiles/scenes/1818.jpg
52.5032	DATA	Keypress: 5
52.5172	DATA	Keypress: 1
53.7790	DATA	Keypress: 5
53.7826	EXP	Set  image=./stimfiles/scenes/612.jpg
54.3793	DATA	Keypress: 1
55.7790	DATA	Keypress: 5
55.7836	EXP	Set  image=./stimfiles/scenes/1818.jpg
55.9824	DATA	Keypress: 5
56.5753	DATA	Keypress: 1
57.7790	DATA	Keypress: 5
57.7843	EXP	Set  image=./stimfiles/scenes/1531.jpg
58.3022	DATA	Keypress: 5
58.3294	DATA	Keypress: 1
59.7790	DATA	Keypress: 5
59.7852	EXP	Set  image=./stimfiles/scenes/632.jpg
60.3362	DATA	Keypress: 1
60.6225	DATA	Keypress: 5
61.7857	DATA	Keypress: 5
61.8027	EXP	Started presenting instructions
62.8197	EXP	Set instructions text=
63.7792	DATA	Keypress: 5
63.8035	EXP	Set  image=./stimfiles/chinese_characters/37248.jpg
64.1026	DATA	Keypress: 5
64.6027	DATA	Keypress: 1
65.7792	DATA	Keypress: 5
65.7876	EXP	Set  image=./stimfiles/chinese_characters/37248.jpg
66.4227	DATA	Keypress: 5
66.5157	DATA	Keypress: 4
67.7792	DATA	Keypress: 5
67.7884	EXP	Set  image=./stimfiles/chinese_characters/20653.jpg
68.7287	DATA	Keypress: 4
68.7427	DATA	Keypress: 5
69.7893	EXP	Set  image=./stimfiles/chinese_characters/20653.jpg
69.9029	DATA	Keypress: 5
70.4368	DATA	Keypress: 4
71.7792	DATA	Keypress: 5
71.7901	EXP	Set  image=./stimfiles/chinese_characters/24756.jpg
72.2229	DATA	Keypress: 5
72.2409	DATA	Keypress: 1
73.7792	DATA	Keypress: 5
73.7910	EXP	Set  image=./stimfiles/chinese_characters/26408.jpg
74.4489	DATA	Keypress: 1
74.5428	DATA	Keypress: 5
75.7792	DATA	Keypress: 5
75.7918	EXP	Set  image=./stimfiles/chinese_characters/25560.jpg
76.5631	DATA	Keypress: 1
77.7792	DATA	Keypress: 5
77.7926	EXP	Set  image=./stimfiles/chinese_characters/24756.jpg
78.0231	DATA	Keypress: 5
78.3360	DATA	Keypress: 1
79.7792	DATA	Keypress: 5
79.7934	EXP	Set  image=./stimfiles/chinese_characters/24756.jpg
80.3311	DATA	Keypress: 4
80.3431	DATA	Keypress: 5
81.7792	DATA	Keypress: 5
81.7942	EXP	Set  image=./stimfiles/chinese_characters/24756.jpg
82.3522	DATA	Keypress: 4
82.6632	DATA	Keypress: 5
83.7951	EXP	Started presenting instructions
84.5958	DATA	Keypress: 5
84.8121	EXP	Set instructions text=
85.7793	DATA	Keypress: 5
85.7959	EXP	Set  image=./stimfiles/scenes/1072.jpg
86.1433	DATA	Keypress: 5
86.3043	DATA	Keypress: 1
87.7794	DATA	Keypress: 5
87.7967	EXP	Set  image=./stimfiles/scenes/610.jpg
88.4263	DATA	Keypress: 1
88.4633	DATA	Keypress: 5
89.7794	DATA	Keypress: 5
89.7976	EXP	Set  image=./stimfiles/scenes/459.jpg
90.6994	DATA	Keypress: 1
90.7834	DATA	Keypress: 5
91.7983	EXP	Set  image=./stimfiles/scenes/459.jpg
91.9435	DATA	Keypress: 5
92.6675	DATA	Keypress: 1
93.7795	DATA	Keypress: 5
93.7992	EXP	Set  image=./stimfiles/scenes/610.jpg
94.2635	DATA	Keypress: 5
94.4637	DATA	Keypress: 1
95.7794	DATA	Keypress: 5
95.7834	EXP	Set  image=./stimfiles/scenes/345.jpg
96.4586	DATA	Keypress: 1
96.5835	DATA	Keypress: 5
97.7793	DATA	Keypress: 5
97.7842	EXP	Set  image=./stimfiles/scenes/610.jpg
98.4956	DATA	Keypress: 4
99.7794	DATA	Keypress: 5
99.7850	EXP	Set  image=./stimfiles/scenes/345.jpg
100.0637	DATA	Keypress: 5
100.6457	DATA	Keypress: 4
101.7794	DATA	Keypress: 5
101.7858	EXP	Set  image=./stimfiles/scenes/773.jpg
102.3838	DATA	Keypress: 5
102.4978	DATA	Keypress: 1
103.7793	DATA	Keypress: 5
103.7866	EXP	Set  image=./stimfiles/scenes/610.jpg
104.7037	DATA	Keypress: 5
105.7784	DATA	Keypress: 1
105.7875	EXP	Started presenting instructions
106.5882	DATA	Keypress: 5
106.8045	EXP	Set instructions text=
107.7796	DATA	Keypress: 5
107.8049	EXP	Set  image=./stimfiles/faces/cropped_906.png
108.1829	DATA	Keypress: 5
108.4620	DATA	Keypress: 1
109.7796	DATA	Keypress: 5
109.7891	EXP	Set  image=./stimfiles/faces/cropped_906.png
110.4670	DATA	Keypress: 1
110.5030	DATA	Keypress: 5
111.7796	DATA	Keypress: 5
111.7899	EXP	Set  image=./stimfiles/faces/cropped_283.png
112.3601	DATA	Keypress: 1
113.7793	DATA	Keypress: 5
113.7908	EXP	Set  image=./stimfiles/faces/cropped_189.png
113.9832	DATA	Keypress: 5
114.5890	DATA	Keypress: 1
115.7795	DATA	Keypress: 5
115.7917	EXP	Set  image=./stimfiles/faces/cropped_283.png
116.3032	DATA	Keypress: 5
116.4102	DATA	Keypress: 4
117.7796	DATA	Keypress: 5
117.7924	EXP	Set  image=./stimfiles/faces/cropped_930.png
118.5423	DATA	Keypress: 1
118.6234	DATA	Keypress: 5
119.7932	EXP	Set  image=./stimfiles/faces/cropped_930.png
119.7936	DATA	Keypress: 5
120.5493	DATA	Keypress: 1
121.7795	DATA	Keypress: 5
121.7941	EXP	Set  image=./stimfiles/faces/cropped_283.png
122.1034	DATA	Keypress: 5
123.7796	DATA	Keypress: 4
123.7802	DATA	Keypress: 5
123.7949	EXP	Set  image=./stimfiles/faces/cropped_283.png
124.4236	DATA	Keypress: 5
124.6854	DATA	Keypress: 1
125.7796	DATA	Keypress: 5
125.7957	EXP	Set  image=./stimfiles/faces/cropped_m4017.png
126.5205	DATA	Keypress: 1
126.7435	DATA	Keypress: 5
127.7966	EXP	Started presenting instructions
128.5973	DATA	Keypress: 5
128.8136	EXP	Set instructions text=
129.7797	DATA	Keypress: 5
129.7976	EXP	Set  image=./stimfiles/chinese_characters/20491.jpg
130.2235	DATA	Keypress: 5
130.3736	DATA	Keypress: 1
131.7797	DATA	Keypress: 5
131.7982	EXP	Set  image=./stimfiles/chinese_characters/20491.jpg
132.2667	DATA	Keypress: 1
132.5437	DATA	Keypress: 5
133.7797	DATA	Keypress: 5
133.7990	EXP	Set  image=./stimfiles/chinese_characters/24822.jpg
134.3518	DATA	Keypress: 1
135.7797	DATA	Keypress: 5
135.7998	EXP	Set  image=./stimfiles/chinese_characters/20491.jpg
136.0239	DATA	Keypress: 5
136.2988	DATA	Keypress: 4
137.7797	DATA	Keypress: 5
137.8007	EXP	Set  image=./stimfiles/chinese_characters/33331.jpg
138.3439	DATA	Keypress: 5
138.4109	DATA	Keypress: 1
139.7796	DATA	Keypress: 5
139.8015	EXP	Set  image=./stimfiles/chinese_characters/25865.jpg
140.4299	DATA	Keypress: 1
140.6639	DATA	Keypress: 5
141.8023	EXP	Set  image=./stimfiles/chinese_characters/20611.jpg
141.8241	DATA	Keypress: 5
142.4240	DATA	Keypress: 1
143.7797	DATA	Keypress: 5
143.8033	EXP	Set  image=./stimfiles/chinese_characters/29847.jpg
144.1441	DATA	Keypress: 5
144.5440	DATA	Keypress: 1
145.7797	DATA	Keypress: 5
145.7872	EXP	Set  image=./stimfiles/chinese_characters/25276.jpg
146.4641	DATA	Keypress: 5
146.5581	DATA	Keypress: 1
147.7798	DATA	Keypress: 5
147.7881	EXP	Set  image=./stimfiles/chinese_characters/29847.jpg
148.4632	DATA	Keypress: 4
148.7842	DATA	Keypress: 5
149.7889	EXP	Started presenting instructions
150.5897	DATA	Keypress: 5
150.8060	EXP	Set instructions text=
151.7799	DATA	Keypress: 5
151.7898	EXP	Set  image=./stimfiles/faces/cropped_f14v1e1.png
152.2643	DATA	Keypress: 5
152.3683	DATA	Keypress: 1
153.7799	DATA	Keypress: 5
153.7905	EXP	Set  image=./stimfiles/faces/cropped_266.png
154.3285	DATA	Keypress: 1
154.5845	DATA	Keypress: 5
155.7799	DATA	Keypress: 5
155.7914	EXP	Set  image=./stimfiles/faces/cropped_f1n1.png
156.3174	DATA	Keypress: 1
157.7799	DATA	Keypress: 5
157.7924	EXP	Set  image=./stimfiles/faces/cropped_21a.png
158.0635	DATA	Keypress: 5
158.2775	DATA	Keypress: 1
159.7798	DATA	Keypress: 5
159.7931	EXP	Set  image=./stimfiles/faces/cropped_m1-036-01.png
160.3325	DATA	Keypress: 1
160.3835	DATA	Keypress: 5
161.7799	DATA	Keypress: 5
161.7939	EXP	Set  image=./stimfiles/faces/cropped_21a.png
162.4137	DATA	Keypress: 1
162.7036	DATA	Keypress: 5
163.7947	EXP	Set  image=./stimfiles/faces/cropped_21a.png
163.8638	DATA	Keypress: 5
164.3166	DATA	Keypress: 4
165.7798	DATA	Keypress: 5
165.7955	EXP	Set  image=./stimfiles/faces/cropped_m1-036-01.png
166.1837	DATA	Keypress: 5
166.2597	DATA	Keypress: 1
167.7799	DATA	Keypress: 5
167.7964	EXP	Set  image=./stimfiles/faces/cropped_21a.png
168.5018	DATA	Keypress: 1
168.5036	DATA	Keypress: 5
169.7799	DATA	Keypress: 5
169.7972	EXP	Set  image=./stimfiles/faces/cropped_i041ra-mn.png
170.6868	DATA	Keypress: 1
191.7790	DATA	Keypress: 5
191.7794	DATA	Keypress: 5
191.7800	DATA	Keypress: 5
191.7806	DATA	Keypress: 5
191.7811	DATA	Keypress: 5
191.7816	DATA	Keypress: 5
191.7821	DATA	Keypress: 5
191.7825	DATA	Keypress: 5
191.7828	DATA	Keypress: 5
191.7832	DATA	Keypress: 5
191.7835	DATA	Keypress: 5
191.7839	DATA	Keypress: 5
191.7842	DATA	Keypress: 5
191.7846	DATA	Keypress: 5
191.7849	DATA	Keypress: 5
191.7853	DATA	Keypress: 5
191.7856	DATA	Keypress: 5
191.7860	DATA	Keypress: 5
191.7864	DATA	Keypress: 5
191.8062	EXP	Started presenting instructions
192.8233	EXP	Set instructions text=
193.7799	DATA	Keypress: 5
193.7904	EXP	Set  image=./stimfiles/scenes/3078.jpg
194.0246	DATA	Keypress: 5
194.2456	DATA	Keypress: 1
195.7801	DATA	Keypress: 5
195.7912	EXP	Set  image=./stimfiles/scenes/991.jpg
196.3446	DATA	Keypress: 5
196.5225	DATA	Keypress: 1
197.7800	DATA	Keypress: 5
197.7921	EXP	Set  image=./stimfiles/scenes/3078.jpg
198.4077	DATA	Keypress: 1
198.6647	DATA	Keypress: 5
199.7929	EXP	Set  image=./stimfiles/scenes/1236.jpg
199.8248	DATA	Keypress: 5
200.3437	DATA	Keypress: 1
201.7801	DATA	Keypress: 5
201.7938	EXP	Set  image=./stimfiles/scenes/1236.jpg
202.1448	DATA	Keypress: 5
202.4498	DATA	Keypress: 4
203.7800	DATA	Keypress: 5
203.7945	EXP	Set  image=./stimfiles/scenes/3078.jpg
204.3669	DATA	Keypress: 1
204.4648	DATA	Keypress: 5
205.7801	DATA	Keypress: 5
205.7954	EXP	Set  image=./stimfiles/scenes/1236.jpg
206.4748	DATA	Keypress: 1
206.7849	DATA	Keypress: 5
207.7961	EXP	Set  image=./stimfiles/scenes/1236.jpg
207.9440	DATA	Keypress: 5
208.3400	DATA	Keypress: 4
209.7801	DATA	Keypress: 5
209.7970	EXP	Set  image=./stimfiles/scenes/1236.jpg
210.2640	DATA	Keypress: 5
210.4010	DATA	Keypress: 4
211.7801	DATA	Keypress: 5
211.7978	EXP	Set  image=./stimfiles/scenes/88.jpg
212.4201	DATA	Keypress: 1
212.5841	DATA	Keypress: 5
213.7786	DATA	Keypress: 5
213.7988	EXP	Started presenting instructions
214.8157	EXP	Set instructions text=
215.7803	DATA	Keypress: 5
215.7994	EXP	Set  image=./stimfiles/chinese_characters/26107.jpg
216.0643	DATA	Keypress: 5
216.4062	DATA	Keypress: 1
217.7802	DATA	Keypress: 5
217.8003	EXP	Set  image=./stimfiles/chinese_characters/29749.jpg
218.3283	DATA	Keypress: 1
218.3843	DATA	Keypress: 5
219.7802	DATA	Keypress: 5
219.8011	EXP	Set  image=./stimfiles/chinese_characters/25943.jpg
220.4564	DATA	Keypress: 1
220.7043	DATA	Keypress: 5
221.8019	EXP	Set  image=./stimfiles/chinese_characters/26107.jpg
221.8645	DATA	Keypress: 5
222.5873	DATA	Keypress: 1
223.7803	DATA	Keypress: 5
223.8028	EXP	Set  image=./stimfiles/chinese_characters/26107.jpg
224.1845	DATA	Keypress: 5
224.3885	DATA	Keypress: 4
225.7802	DATA	Keypress: 5
225.8036	EXP	Set  image=./stimfiles/chinese_characters/24875.jpg
226.2745	DATA	Keypress: 1
226.5045	DATA	Keypress: 5
227.7802	DATA	Keypress: 5
227.7877	EXP	Set  image=./stimfiles/chinese_characters/26107.jpg
228.4836	DATA	Keypress: 1
229.7802	DATA	Keypress: 5
229.7886	EXP	Set  image=./stimfiles/chinese_characters/26000.jpg
229.9847	DATA	Keypress: 5
231.7803	DATA	Keypress: 1
231.7809	DATA	Keypress: 5
231.7893	EXP	Set  image=./stimfiles/chinese_characters/26107.jpg
232.3047	DATA	Keypress: 5
233.7802	DATA	Keypress: 1
233.7808	DATA	Keypress: 5
233.7902	EXP	Set  image=./stimfiles/chinese_characters/20544.jpg
234.5426	DATA	Keypress: 1
234.6247	DATA	Keypress: 5
235.7859	DATA	Keypress: 5
235.7910	EXP	Started presenting instructions
236.8081	EXP	Set instructions text=
237.7804	DATA	Keypress: 5
237.7919	EXP	Set  image=./stimfiles/scenes/732.jpg
238.1049	DATA	Keypress: 5
238.4749	DATA	Keypress: 1
239.7804	DATA	Keypress: 5
239.7927	EXP	Set  image=./stimfiles/scenes/693.jpg
240.3939	DATA	Keypress: 1
240.4250	DATA	Keypress: 5
241.7803	DATA	Keypress: 5
241.7935	EXP	Set  image=./stimfiles/scenes/1828.jpg
242.4250	DATA	Keypress: 1
242.7450	DATA	Keypress: 5
243.7943	EXP	Set  image=./stimfiles/scenes/748.jpg
243.9052	DATA	Keypress: 5
244.4121	DATA	Keypress: 1
245.7804	DATA	Keypress: 5
245.7951	EXP	Set  image=./stimfiles/scenes/1828.jpg
246.2252	DATA	Keypress: 5
246.4471	DATA	Keypress: 4
247.7804	DATA	Keypress: 5
247.7960	EXP	Set  image=./stimfiles/scenes/748.jpg
248.4232	DATA	Keypress: 4
248.5452	DATA	Keypress: 5
249.7804	DATA	Keypress: 5
249.7968	EXP	Set  image=./stimfiles/scenes/1828.jpg
250.4302	DATA	Keypress: 1
251.7804	DATA	Keypress: 5
251.7976	EXP	Set  image=./stimfiles/scenes/1828.jpg
252.0252	DATA	Keypress: 5
252.7143	DATA	Keypress: 1
253.7804	DATA	Keypress: 5
253.7985	EXP	Set  image=./stimfiles/scenes/876.jpg
254.3454	DATA	Keypress: 5
254.4534	DATA	Keypress: 1
255.7804	DATA	Keypress: 5
255.7993	EXP	Set  image=./stimfiles/scenes/1828.jpg
256.3554	DATA	Keypress: 4
256.6645	DATA	Keypress: 5
257.8001	EXP	Started presenting instructions
258.6008	DATA	Keypress: 5
258.8172	EXP	Set instructions text=
259.7806	DATA	Keypress: 5
259.8009	EXP	Set  image=./stimfiles/faces/cropped_220.png
260.1446	DATA	Keypress: 5
260.2456	DATA	Keypress: 1
261.7806	DATA	Keypress: 5
261.8018	EXP	Set  image=./stimfiles/faces/cropped_694.png
262.4236	DATA	Keypress: 1
262.4646	DATA	Keypress: 5
263.7806	DATA	Keypress: 5
263.8025	EXP	Set  image=./stimfiles/faces/cropped_f17v1e1.png
264.4707	DATA	Keypress: 1
264.7847	DATA	Keypress: 5
265.8035	EXP	Set  image=./stimfiles/faces/cropped_s50_13.png
265.9448	DATA	Keypress: 5
266.4677	DATA	Keypress: 1
267.7806	DATA	Keypress: 5
267.8042	EXP	Set  image=./stimfiles/faces/cropped_m3v1e1.png
268.2647	DATA	Keypress: 5
268.5488	DATA	Keypress: 1
269.7805	DATA	Keypress: 5
269.7883	EXP	Set  image=./stimfiles/faces/cropped_80MVC-003F.png
270.4119	DATA	Keypress: 1
270.5849	DATA	Keypress: 5
271.7805	DATA	Keypress: 5
271.7892	EXP	Set  image=./stimfiles/faces/cropped_m3v1e1.png
272.5959	DATA	Keypress: 4
273.7806	DATA	Keypress: 5
273.7900	EXP	Set  image=./stimfiles/faces/cropped_80MVC-003F.png
274.0650	DATA	Keypress: 5
274.4829	DATA	Keypress: 4
275.7806	DATA	Keypress: 5
275.7909	EXP	Set  image=./stimfiles/faces/cropped_m3v1e1.png
276.3851	DATA	Keypress: 5
276.5110	DATA	Keypress: 4
277.7806	DATA	Keypress: 5
277.7918	EXP	Set  image=./stimfiles/faces/cropped_528.png
278.4551	DATA	Keypress: 1
278.7051	DATA	Keypress: 5
279.8092	EXP	Started presenting instructions
280.6099	DATA	Keypress: 5
280.8263	EXP	Set instructions text=
281.7808	DATA	Keypress: 5
281.7933	EXP	Set  image=./stimfiles/chinese_characters/29848.jpg
282.1852	DATA	Keypress: 5
282.5132	DATA	Keypress: 1
283.7808	DATA	Keypress: 5
283.7941	EXP	Set  image=./stimfiles/chinese_characters/31435.jpg
284.4313	DATA	Keypress: 1
284.5053	DATA	Keypress: 5
285.7808	DATA	Keypress: 5
285.7950	EXP	Set  image=./stimfiles/chinese_characters/29848.jpg
286.3303	DATA	Keypress: 4
287.7808	DATA	Keypress: 5
287.7958	EXP	Set  image=./stimfiles/chinese_characters/24733.jpg
287.9854	DATA	Keypress: 5
288.5704	DATA	Keypress: 1
289.7807	DATA	Keypress: 5
289.7966	EXP	Set  image=./stimfiles/chinese_characters/29848.jpg
290.3055	DATA	Keypress: 5
290.5383	DATA	Keypress: 1
291.7807	DATA	Keypress: 5
291.7975	EXP	Set  image=./stimfiles/chinese_characters/24733.jpg
292.6227	DATA	Keypress: 1
292.6255	DATA	Keypress: 5
293.7983	EXP	Set  image=./stimfiles/chinese_characters/37249.jpg
293.7986	DATA	Keypress: 5
294.7476	DATA	Keypress: 1
295.7807	DATA	Keypress: 5
295.7992	EXP	Set  image=./stimfiles/chinese_characters/32034.jpg
296.1057	DATA	Keypress: 5
296.4177	DATA	Keypress: 1
297.7807	DATA	Keypress: 5
297.7999	EXP	Set  image=./stimfiles/chinese_characters/37249.jpg
298.4258	DATA	Keypress: 5
298.4847	DATA	Keypress: 4
299.7807	DATA	Keypress: 5
299.8008	EXP	Set  image=./stimfiles/chinese_characters/24797.jpg
300.4258	DATA	Keypress: 1
300.7458	DATA	Keypress: 5
301.8016	EXP	Started presenting instructions
302.6025	DATA	Keypress: 5
302.8186	EXP	Set instructions text=
303.7809	DATA	Keypress: 5
303.8024	EXP	Set  image=./stimfiles/faces/cropped_f1-009-01.png
304.2259	DATA	Keypress: 5
304.3219	DATA	Keypress: 1
305.7809	DATA	Keypress: 5
305.8032	EXP	Set  image=./stimfiles/faces/cropped_233.png
306.4750	DATA	Keypress: 1
306.5460	DATA	Keypress: 5
307.7809	DATA	Keypress: 5
307.8041	EXP	Set  image=./stimfiles/faces/cropped_m-084-01.png
309.7810	DATA	Keypress: 1
309.7816	DATA	Keypress: 5
309.8048	EXP	Set  image=./stimfiles/faces/cropped_f1-009-01.png
310.0252	DATA	Keypress: 5
310.7091	DATA	Keypress: 1
311.7809	DATA	Keypress: 5
311.7891	EXP	Set  image=./stimfiles/faces/cropped_f11v1e1.png
312.3452	DATA	Keypress: 5
312.6411	DATA	Keypress: 1
313.7809	DATA	Keypress: 5
313.7898	EXP	Set  image=./stimfiles/faces/cropped_andrew1.png
314.6652	DATA	Keypress: 5
315.7810	DATA	Keypress: 1
315.7906	EXP	Set  image=./stimfiles/faces/cropped_f1-007-01.png
315.8252	DATA	Keypress: 5
316.5403	DATA	Keypress: 1
317.7809	DATA	Keypress: 5
317.7915	EXP	Set  image=./stimfiles/faces/cropped_f11v1e1.png
318.1452	DATA	Keypress: 5
318.7833	DATA	Keypress: 1
319.7809	DATA	Keypress: 5
319.7924	EXP	Set  image=./stimfiles/faces/cropped_657.png
320.4654	DATA	Keypress: 5
320.7634	DATA	Keypress: 1
321.7809	DATA	Keypress: 5
321.7932	EXP	Set  image=./stimfiles/faces/cropped_441.png
322.6524	DATA	Keypress: 1
322.7854	DATA	Keypress: 5
343.7793	DATA	Keypress: 5
343.7799	DATA	Keypress: 5
343.7805	DATA	Keypress: 5
343.7810	DATA	Keypress: 5
343.7814	DATA	Keypress: 5
343.7819	DATA	Keypress: 5
343.7824	DATA	Keypress: 5
343.7828	DATA	Keypress: 5
343.7831	DATA	Keypress: 5
343.7835	DATA	Keypress: 5
343.7838	DATA	Keypress: 5
343.7841	DATA	Keypress: 5
343.7846	DATA	Keypress: 5
343.7850	DATA	Keypress: 5
343.7856	DATA	Keypress: 5
343.7861	DATA	Keypress: 5
343.7865	DATA	Keypress: 5
343.7870	DATA	Keypress: 5
343.8022	EXP	Started presenting instructions
344.8193	EXP	Set instructions text=
345.7811	DATA	Keypress: 5
345.7864	EXP	Set  image=./stimfiles/scenes/849.jpg
345.9863	DATA	Keypress: 5
346.4062	DATA	Keypress: 1
347.7810	DATA	Keypress: 5
347.7872	EXP	Set  image=./stimfiles/scenes/1814.jpg
348.3063	DATA	Keypress: 5
348.3623	DATA	Keypress: 1
349.7811	DATA	Keypress: 5
349.7880	EXP	Set  image=./stimfiles/scenes/1814.jpg
350.3103	DATA	Keypress: 4
350.6263	DATA	Keypress: 5
351.7888	EXP	Set  image=./stimfiles/scenes/797.jpg
351.7892	DATA	Keypress: 5
352.4354	DATA	Keypress: 1
353.7812	DATA	Keypress: 5
353.7897	EXP	Set  image=./stimfiles/scenes/1592.jpg
354.1063	DATA	Keypress: 5
354.4144	DATA	Keypress: 1
355.7811	DATA	Keypress: 5
355.7905	EXP	Set  image=./stimfiles/scenes/3051.jpg
356.3865	DATA	Keypress: 1
356.4265	DATA	Keypress: 5
357.7811	DATA	Keypress: 5
357.7913	EXP	Set  image=./stimfiles/scenes/739.jpg
358.7026	DATA	Keypress: 1
358.7465	DATA	Keypress: 5
359.7922	EXP	Set  image=./stimfiles/scenes/1404.jpg
359.9057	DATA	Keypress: 5
360.4316	DATA	Keypress: 1
361.7811	DATA	Keypress: 5
361.7930	EXP	Set  image=./stimfiles/scenes/1432.jpg
362.2255	DATA	Keypress: 5
362.2626	DATA	Keypress: 1
363.7811	DATA	Keypress: 5
363.7938	EXP	Set  image=./stimfiles/scenes/1290.jpg
364.2457	DATA	Keypress: 1
364.5457	DATA	Keypress: 5
365.7786	DATA	Keypress: 5
365.7947	EXP	Started presenting instructions
366.8117	EXP	Set instructions text=
367.7813	DATA	Keypress: 5
367.7954	EXP	Set  image=./stimfiles/chinese_characters/30230.jpg
368.0259	DATA	Keypress: 5
368.2758	DATA	Keypress: 1
369.7813	DATA	Keypress: 5
369.7963	EXP	Set  image=./stimfiles/chinese_characters/29439.jpg
370.3169	DATA	Keypress: 1
370.3459	DATA	Keypress: 5
371.7813	DATA	Keypress: 5
371.7971	EXP	Set  image=./stimfiles/chinese_characters/26384.jpg
372.3459	DATA	Keypress: 1
372.6659	DATA	Keypress: 5
373.7980	EXP	Set  image=./stimfiles/chinese_characters/30230.jpg
373.8261	DATA	Keypress: 5
374.3030	DATA	Keypress: 1
375.7813	DATA	Keypress: 5
375.7988	EXP	Set  image=./stimfiles/chinese_characters/29302.jpg
376.1461	DATA	Keypress: 5
376.4091	DATA	Keypress: 1
377.7813	DATA	Keypress: 5
377.7995	EXP	Set  image=./stimfiles/chinese_characters/30230.jpg
378.4232	DATA	Keypress: 1
378.4662	DATA	Keypress: 5
379.7813	DATA	Keypress: 5
379.8004	EXP	Set  image=./stimfiles/chinese_characters/25008.jpg
380.3352	DATA	Keypress: 1
380.7862	DATA	Keypress: 5
381.8013	EXP	Set  image=./stimfiles/chinese_characters/35602.jpg
381.9464	DATA	Keypress: 5
382.3713	DATA	Keypress: 1
383.7813	DATA	Keypress: 5
383.8020	EXP	Set  image=./stimfiles/chinese_characters/35602.jpg
384.2664	DATA	Keypress: 5
384.3973	DATA	Keypress: 4
385.7813	DATA	Keypress: 5
385.8028	EXP	Set  image=./stimfiles/chinese_characters/26296.jpg
386.4844	DATA	Keypress: 1
386.5864	DATA	Keypress: 5
387.7786	DATA	Keypress: 5
387.8037	EXP	Started presenting instructions
388.8210	EXP	Set instructions text=
389.7814	DATA	Keypress: 5
389.7879	EXP	Set  image=./stimfiles/scenes/137.jpg
390.0665	DATA	Keypress: 5
390.3525	DATA	Keypress: 1
391.7814	DATA	Keypress: 5
391.7887	EXP	Set  image=./stimfiles/scenes/1430.jpg
392.2276	DATA	Keypress: 1
392.3866	DATA	Keypress: 5
393.7815	DATA	Keypress: 5
393.7895	EXP	Set  image=./stimfiles/scenes/765.jpg
394.3217	DATA	Keypress: 1
394.7067	DATA	Keypress: 5
395.7903	EXP	Set  image=./stimfiles/scenes/1923.jpg
395.8668	DATA	Keypress: 5
396.4077	DATA	Keypress: 1
397.7814	DATA	Keypress: 5
397.7911	EXP	Set  image=./stimfiles/scenes/3011.jpg
398.1868	DATA	Keypress: 5
398.3228	DATA	Keypress: 1
399.7814	DATA	Keypress: 5
399.7919	EXP	Set  image=./stimfiles/scenes/285.jpg
400.4748	DATA	Keypress: 1
400.5068	DATA	Keypress: 5
401.7814	DATA	Keypress: 5
401.7928	EXP	Set  image=./stimfiles/scenes/704.jpg
402.4897	DATA	Keypress: 1
403.7813	DATA	Keypress: 5
403.7936	EXP	Set  image=./stimfiles/scenes/352.jpg
403.9870	DATA	Keypress: 5
404.4379	DATA	Keypress: 1
405.7814	DATA	Keypress: 5
405.7945	EXP	Set  image=./stimfiles/scenes/352.jpg
406.3070	DATA	Keypress: 5
406.5230	DATA	Keypress: 1
407.7814	DATA	Keypress: 5
407.7952	EXP	Set  image=./stimfiles/scenes/704.jpg
408.5210	DATA	Keypress: 1
408.6271	DATA	Keypress: 5
409.7872	DATA	Keypress: 5
409.7961	EXP	Started presenting instructions
410.8131	EXP	Set instructions text=
411.7816	DATA	Keypress: 5
411.7969	EXP	Set  image=./stimfiles/faces/cropped_1023.png
412.1062	DATA	Keypress: 5
412.2382	DATA	Keypress: 1
413.7817	DATA	Keypress: 5
413.7977	EXP	Set  image=./stimfiles/faces/cropped_94.png
414.2402	DATA	Keypress: 1
414.4262	DATA	Keypress: 5
415.7815	DATA	Keypress: 5
415.7985	EXP	Set  image=./stimfiles/faces/cropped_m4079.png
416.3653	DATA	Keypress: 1
416.7463	DATA	Keypress: 5
417.7993	EXP	Set  image=./stimfiles/faces/cropped_1023.png
417.9064	DATA	Keypress: 5
418.5223	DATA	Keypress: 1
419.7816	DATA	Keypress: 5
419.8002	EXP	Set  image=./stimfiles/faces/cropped_94.png
420.2264	DATA	Keypress: 5
420.7994	DATA	Keypress: 1
421.7816	DATA	Keypress: 5
421.8010	EXP	Set  image=./stimfiles/faces/cropped_1023.png
422.5465	DATA	Keypress: 5
422.7464	DATA	Keypress: 4
423.7816	DATA	Keypress: 5
423.8019	EXP	Set  image=./stimfiles/faces/cropped_94.png
425.7816	DATA	Keypress: 4
425.7822	DATA	Keypress: 5
425.8027	EXP	Set  image=./stimfiles/faces/cropped_kay1.png
426.0267	DATA	Keypress: 5
426.4366	DATA	Keypress: 1
427.7814	DATA	Keypress: 5
427.8034	EXP	Set  image=./stimfiles/faces/cropped_m1-001-01.png
428.3466	DATA	Keypress: 5
428.4996	DATA	Keypress: 1
429.7816	DATA	Keypress: 5
429.8043	EXP	Set  image=./stimfiles/faces/cropped_555.png
430.5787	DATA	Keypress: 1
430.6667	DATA	Keypress: 5
431.7886	EXP	Started presenting instructions
432.5892	DATA	Keypress: 5
432.8056	EXP	Set instructions text=
433.7817	DATA	Keypress: 5
433.7893	EXP	Set  image=./stimfiles/chinese_characters/37236.jpg
434.1469	DATA	Keypress: 5
434.4178	DATA	Keypress: 1
435.7818	DATA	Keypress: 5
435.7902	EXP	Set  image=./stimfiles/chinese_characters/25187.jpg
436.2929	DATA	Keypress: 1
436.4669	DATA	Keypress: 5
437.7817	DATA	Keypress: 5
437.7909	EXP	Set  image=./stimfiles/chinese_characters/25187.jpg
438.5410	DATA	Keypress: 1
438.7870	DATA	Keypress: 5
439.7917	EXP	Set  image=./stimfiles/chinese_characters/37236.jpg
439.9470	DATA	Keypress: 5
440.4340	DATA	Keypress: 1
441.7818	DATA	Keypress: 5
441.7926	EXP	Set  image=./stimfiles/chinese_characters/24915.jpg
442.2671	DATA	Keypress: 5
442.5101	DATA	Keypress: 1
443.7818	DATA	Keypress: 5
443.7934	EXP	Set  image=./stimfiles/chinese_characters/24933.jpg
444.5261	DATA	Keypress: 1
444.5871	DATA	Keypress: 5
445.7818	DATA	Keypress: 5
445.7942	EXP	Set  image=./stimfiles/chinese_characters/26527.jpg
446.5212	DATA	Keypress: 1
447.7817	DATA	Keypress: 5
447.7950	EXP	Set  image=./stimfiles/chinese_characters/26527.jpg
448.0673	DATA	Keypress: 5
448.6102	DATA	Keypress: 1
449.7818	DATA	Keypress: 5
449.7958	EXP	Set  image=./stimfiles/chinese_characters/24933.jpg
450.3873	DATA	Keypress: 5
450.7893	DATA	Keypress: 1
451.7817	DATA	Keypress: 5
451.7967	EXP	Set  image=./stimfiles/chinese_characters/26527.jpg
452.5954	DATA	Keypress: 4
452.7073	DATA	Keypress: 5
453.7975	EXP	Started presenting instructions
454.5983	DATA	Keypress: 5
454.8146	EXP	Set instructions text=
455.7819	DATA	Keypress: 5
455.7983	EXP	Set  image=./stimfiles/faces/cropped_668.png
456.1875	DATA	Keypress: 5
456.3735	DATA	Keypress: 1
457.7818	DATA	Keypress: 5
457.7991	EXP	Set  image=./stimfiles/faces/cropped_668.png
458.4196	DATA	Keypress: 4
458.5075	DATA	Keypress: 5
459.7819	DATA	Keypress: 5
459.8000	EXP	Set  image=./stimfiles/faces/cropped_m-092-01.png
460.3156	DATA	Keypress: 1
461.7819	DATA	Keypress: 5
461.8008	EXP	Set  image=./stimfiles/faces/cropped_668.png
461.9867	DATA	Keypress: 5
462.5506	DATA	Keypress: 1
463.7819	DATA	Keypress: 5
463.8016	EXP	Set  image=./stimfiles/faces/cropped_george1.png
464.3067	DATA	Keypress: 5
464.4657	DATA	Keypress: 1
465.7820	DATA	Keypress: 5
465.8025	EXP	Set  image=./stimfiles/faces/cropped_george1.png
466.3958	DATA	Keypress: 4
466.6267	DATA	Keypress: 5
467.8033	EXP	Set  image=./stimfiles/faces/cropped_george1.png
467.8036	DATA	Keypress: 5
468.4459	DATA	Keypress: 1
469.7819	DATA	Keypress: 5
469.8041	EXP	Set  image=./stimfiles/faces/cropped_george1.png
470.1069	DATA	Keypress: 5
470.5119	DATA	Keypress: 4
471.7820	DATA	Keypress: 5
471.8049	EXP	Set  image=./stimfiles/faces/cropped_892.png
472.3830	DATA	Keypress: 1
472.4269	DATA	Keypress: 5
473.7820	DATA	Keypress: 5
473.8057	EXP	Set  image=./stimfiles/faces/cropped_892.png
474.5799	DATA	Keypress: 4
474.7472	DATA	Keypress: 5
