1.4307	INFO	Loaded calibration from:2012_09_26 16:15
1.4307	INFO	['2012_09_26 16:15']
1.4316	INFO	configured pyglet screen 0
1.4317	WARNING	User requested fullscreen with size [800 600], but screen is actually [1024, 768]. Using actual size
1.6273	INFO	Using gamma table of operating system
1.6355	EXP	Set Window color=[ 0.  0.  0.] (rgb)
2.1024	EXP	Started presenting 
56.6311	DATA	Keypress: 5
56.6320	DATA	Key pressed: 5
56.6414	EXP	Set  text=
56.6582	EXP	Started presenting instructions
57.6752	EXP	Set instructions text=
58.6436	DATA	Keypress: 5
58.6590	EXP	Set  image=./stimfiles/scenes/555.jpg
58.9236	DATA	Keypress: 5
59.4676	DATA	Keypress: 1
60.6435	DATA	Keypress: 5
60.6597	EXP	Set  image=./stimfiles/scenes/555.jpg
61.2436	DATA	Keypress: 5
61.3796	DATA	Keypress: 1
62.6435	DATA	Keypress: 5
62.6605	EXP	Set  image=./stimfiles/scenes/1622.jpg
63.2127	DATA	Keypress: 1
63.5637	DATA	Keypress: 5
64.6614	EXP	Set  image=./stimfiles/scenes/555.jpg
64.7238	DATA	Keypress: 5
65.2148	DATA	Keypress: 4
66.6435	DATA	Keypress: 5
66.6622	EXP	Set  image=./stimfiles/scenes/1172.jpg
67.0438	DATA	Keypress: 5
67.4867	DATA	Keypress: 1
68.6435	DATA	Keypress: 5
68.6630	EXP	Set  image=./stimfiles/scenes/220.jpg
69.3250	DATA	Keypress: 1
69.3639	DATA	Keypress: 5
70.6435	DATA	Keypress: 5
70.6472	EXP	Set  image=./stimfiles/scenes/1172.jpg
71.5430	DATA	Keypress: 4
72.6435	DATA	Keypress: 5
72.6479	EXP	Set  image=./stimfiles/scenes/760.jpg
72.8429	DATA	Keypress: 5
73.2990	DATA	Keypress: 1
74.6435	DATA	Keypress: 5
74.6488	EXP	Set  image=./stimfiles/scenes/220.jpg
75.1630	DATA	Keypress: 5
75.2771	DATA	Keypress: 1
76.6433	DATA	Keypress: 5
76.6496	EXP	Set  image=./stimfiles/scenes/760.jpg
77.2782	DATA	Keypress: 4
77.4830	DATA	Keypress: 5
78.6513	DATA	Keypress: 5
78.6672	EXP	Started presenting instructions
79.6842	EXP	Set instructions text=
80.6437	DATA	Keypress: 5
80.6680	EXP	Set  image=./stimfiles/chinese_characters/30309.jpg
80.9632	DATA	Keypress: 5
81.1533	DATA	Keypress: 1
82.6437	DATA	Keypress: 5
82.6521	EXP	Set  image=./stimfiles/chinese_characters/25163.jpg
83.2833	DATA	Keypress: 5
83.3941	DATA	Keypress: 1
84.6436	DATA	Keypress: 5
84.6530	EXP	Set  image=./stimfiles/chinese_characters/30309.jpg
85.2553	DATA	Keypress: 1
85.6033	DATA	Keypress: 5
86.6538	EXP	Set  image=./stimfiles/chinese_characters/30309.jpg
86.7635	DATA	Keypress: 5
87.3124	DATA	Keypress: 4
88.6437	DATA	Keypress: 5
88.6546	EXP	Set  image=./stimfiles/chinese_characters/20497.jpg
89.0834	DATA	Keypress: 5
89.2194	DATA	Keypress: 1
90.6437	DATA	Keypress: 5
90.6554	EXP	Set  image=./stimfiles/chinese_characters/29407.jpg
91.2705	DATA	Keypress: 1
91.4035	DATA	Keypress: 5
92.6436	DATA	Keypress: 5
92.6562	EXP	Set  image=./stimfiles/chinese_characters/29281.jpg
93.2745	DATA	Keypress: 1
94.6437	DATA	Keypress: 5
94.6570	EXP	Set  image=./stimfiles/chinese_characters/26566.jpg
94.8837	DATA	Keypress: 5
95.2566	DATA	Keypress: 1
96.6437	DATA	Keypress: 5
96.6579	EXP	Set  image=./stimfiles/chinese_characters/26566.jpg
97.1127	DATA	Keypress: 4
97.2037	DATA	Keypress: 5
98.6437	DATA	Keypress: 5
98.6587	EXP	Set  image=./stimfiles/chinese_characters/29281.jpg
99.1717	DATA	Keypress: 1
99.5237	DATA	Keypress: 5
100.6595	EXP	Started presenting instructions
101.4602	DATA	Keypress: 5
101.6766	EXP	Set instructions text=
102.6438	DATA	Keypress: 5
102.6603	EXP	Set  image=./stimfiles/faces/cropped_00631015.png
103.0038	DATA	Keypress: 5
103.1598	DATA	Keypress: 1
104.6439	DATA	Keypress: 5
104.6611	EXP	Set  image=./stimfiles/faces/cropped_935.png
105.1569	DATA	Keypress: 1
105.3239	DATA	Keypress: 5
106.6439	DATA	Keypress: 5
106.6620	EXP	Set  image=./stimfiles/faces/cropped_59.png
107.2321	DATA	Keypress: 1
107.6439	DATA	Keypress: 5
108.6628	EXP	Set  image=./stimfiles/faces/cropped_209.png
108.8041	DATA	Keypress: 5
109.3070	DATA	Keypress: 1
110.6439	DATA	Keypress: 5
110.6636	EXP	Set  image=./stimfiles/faces/cropped_19a.png
111.1241	DATA	Keypress: 5
111.2610	DATA	Keypress: 1
112.6439	DATA	Keypress: 5
112.6644	EXP	Set  image=./stimfiles/faces/cropped_389.png
113.3141	DATA	Keypress: 1
113.4442	DATA	Keypress: 5
114.6439	DATA	Keypress: 5
114.6653	EXP	Set  image=./stimfiles/faces/cropped_19a.png
115.2902	DATA	Keypress: 4
116.6439	DATA	Keypress: 5
116.6660	EXP	Set  image=./stimfiles/faces/cropped_f-034-01.png
116.9242	DATA	Keypress: 5
117.4233	DATA	Keypress: 1
118.6439	DATA	Keypress: 5
118.6669	EXP	Set  image=./stimfiles/faces/cropped_19a.png
119.2133	DATA	Keypress: 4
119.2442	DATA	Keypress: 5
120.6439	DATA	Keypress: 5
120.6678	EXP	Set  image=./stimfiles/faces/cropped_f4018.png
121.2764	DATA	Keypress: 1
121.5644	DATA	Keypress: 5
122.6519	EXP	Started presenting instructions
123.4527	DATA	Keypress: 5
123.6689	EXP	Set instructions text=
124.6440	DATA	Keypress: 5
124.6527	EXP	Set  image=./stimfiles/scenes/31.jpg
125.0434	DATA	Keypress: 5
125.2444	DATA	Keypress: 1
126.6440	DATA	Keypress: 5
126.6535	EXP	Set  image=./stimfiles/scenes/1728.jpg
127.1395	DATA	Keypress: 1
127.3635	DATA	Keypress: 5
128.6440	DATA	Keypress: 5
128.6543	EXP	Set  image=./stimfiles/scenes/31.jpg
129.4367	DATA	Keypress: 4
130.6440	DATA	Keypress: 5
130.6552	EXP	Set  image=./stimfiles/scenes/31.jpg
130.8437	DATA	Keypress: 5
131.3196	DATA	Keypress: 4
132.6440	DATA	Keypress: 5
132.6560	EXP	Set  image=./stimfiles/scenes/31.jpg
133.1637	DATA	Keypress: 5
133.2847	DATA	Keypress: 4
134.6440	DATA	Keypress: 5
134.6568	EXP	Set  image=./stimfiles/scenes/385.jpg
135.1208	DATA	Keypress: 1
135.4837	DATA	Keypress: 5
136.6577	EXP	Set  image=./stimfiles/scenes/31.jpg
136.6580	DATA	Keypress: 5
137.4068	DATA	Keypress: 1
138.6440	DATA	Keypress: 5
138.6584	EXP	Set  image=./stimfiles/scenes/509.jpg
138.9639	DATA	Keypress: 5
139.2308	DATA	Keypress: 1
140.6441	DATA	Keypress: 5
140.6593	EXP	Set  image=./stimfiles/scenes/1687.jpg
141.1520	DATA	Keypress: 1
141.2839	DATA	Keypress: 5
142.6440	DATA	Keypress: 5
142.6600	EXP	Set  image=./stimfiles/scenes/31.jpg
143.2750	DATA	Keypress: 1
143.6041	DATA	Keypress: 5
144.6608	EXP	Started presenting instructions
145.4616	DATA	Keypress: 5
145.6780	EXP	Set instructions text=
146.6442	DATA	Keypress: 5
146.6617	EXP	Set  image=./stimfiles/chinese_characters/24587.jpg
147.0840	DATA	Keypress: 5
147.2702	DATA	Keypress: 1
148.6442	DATA	Keypress: 5
148.6625	EXP	Set  image=./stimfiles/chinese_characters/26246.jpg
149.2772	DATA	Keypress: 1
149.4042	DATA	Keypress: 5
150.6442	DATA	Keypress: 5
150.6634	EXP	Set  image=./stimfiles/chinese_characters/24910.jpg
151.3231	DATA	Keypress: 1
152.6442	DATA	Keypress: 5
152.6641	EXP	Set  image=./stimfiles/chinese_characters/24587.jpg
152.8843	DATA	Keypress: 5
153.3773	DATA	Keypress: 1
154.6442	DATA	Keypress: 5
154.6650	EXP	Set  image=./stimfiles/chinese_characters/26246.jpg
155.2043	DATA	Keypress: 5
155.4273	DATA	Keypress: 1
156.6442	DATA	Keypress: 5
156.6658	EXP	Set  image=./stimfiles/chinese_characters/24587.jpg
157.4265	DATA	Keypress: 4
157.5243	DATA	Keypress: 5
158.6667	EXP	Set  image=./stimfiles/chinese_characters/25130.jpg
158.6845	DATA	Keypress: 5
159.3413	DATA	Keypress: 1
160.6441	DATA	Keypress: 5
160.6675	EXP	Set  image=./stimfiles/chinese_characters/25130.jpg
161.0045	DATA	Keypress: 5
161.5094	DATA	Keypress: 1
162.6442	DATA	Keypress: 5
162.6516	EXP	Set  image=./stimfiles/chinese_characters/25648.jpg
163.3245	DATA	Keypress: 5
163.3505	DATA	Keypress: 1
164.6442	DATA	Keypress: 5
164.6524	EXP	Set  image=./stimfiles/chinese_characters/24730.jpg
165.3306	DATA	Keypress: 1
165.6446	DATA	Keypress: 5
166.6533	EXP	Started presenting instructions
167.4541	DATA	Keypress: 5
167.6703	EXP	Set instructions text=
168.6444	DATA	Keypress: 5
168.6540	EXP	Set  image=./stimfiles/faces/cropped_anon_one1.png
169.1246	DATA	Keypress: 5
169.2867	DATA	Keypress: 1
170.6444	DATA	Keypress: 5
170.6549	EXP	Set  image=./stimfiles/faces/cropped_anon_one1.png
171.2948	DATA	Keypress: 4
171.4448	DATA	Keypress: 5
172.6444	DATA	Keypress: 5
172.6557	EXP	Set  image=./stimfiles/faces/cropped_472.png
173.1337	DATA	Keypress: 1
174.6444	DATA	Keypress: 5
174.6565	EXP	Set  image=./stimfiles/faces/cropped_anon_one1.png
174.9239	DATA	Keypress: 5
175.2919	DATA	Keypress: 1
176.6444	DATA	Keypress: 5
176.6573	EXP	Set  image=./stimfiles/faces/cropped_9.png
177.2440	DATA	Keypress: 5
177.3209	DATA	Keypress: 1
178.6444	DATA	Keypress: 5
178.6582	EXP	Set  image=./stimfiles/faces/cropped_262.png
179.2510	DATA	Keypress: 1
179.5640	DATA	Keypress: 5
180.6590	EXP	Set  image=./stimfiles/faces/cropped_67.png
180.7241	DATA	Keypress: 5
181.1991	DATA	Keypress: 1
182.6443	DATA	Keypress: 5
182.6598	EXP	Set  image=./stimfiles/faces/cropped_67.png
183.0442	DATA	Keypress: 5
183.2080	DATA	Keypress: 4
184.6444	DATA	Keypress: 5
184.6607	EXP	Set  image=./stimfiles/faces/cropped_596.png
185.1732	DATA	Keypress: 1
185.3642	DATA	Keypress: 5
186.6444	DATA	Keypress: 5
186.6614	EXP	Set  image=./stimfiles/faces/cropped_565.png
187.4150	DATA	Keypress: 1
208.6435	DATA	Keypress: 5
208.6439	DATA	Keypress: 5
208.6444	DATA	Keypress: 5
208.6448	DATA	Keypress: 5
208.6451	DATA	Keypress: 5
208.6455	DATA	Keypress: 5
208.6458	DATA	Keypress: 5
208.6461	DATA	Keypress: 5
208.6465	DATA	Keypress: 5
208.6468	DATA	Keypress: 5
208.6473	DATA	Keypress: 5
208.6476	DATA	Keypress: 5
208.6480	DATA	Keypress: 5
208.6483	DATA	Keypress: 5
208.6487	DATA	Keypress: 5
208.6490	DATA	Keypress: 5
208.6494	DATA	Keypress: 5
208.6498	DATA	Keypress: 5
208.6503	DATA	Keypress: 5
208.6705	EXP	Started presenting instructions
209.6876	EXP	Set instructions text=
210.6446	DATA	Keypress: 5
210.6546	EXP	Set  image=./stimfiles/scenes/1512.jpg
210.8849	DATA	Keypress: 5
211.2049	DATA	Keypress: 1
212.6446	DATA	Keypress: 5
212.6555	EXP	Set  image=./stimfiles/scenes/580.jpg
213.2050	DATA	Keypress: 5
213.3249	DATA	Keypress: 1
214.6445	DATA	Keypress: 5
214.6563	EXP	Set  image=./stimfiles/scenes/1299.jpg
215.3880	DATA	Keypress: 1
215.5251	DATA	Keypress: 5
216.6571	EXP	Set  image=./stimfiles/scenes/1835.jpg
216.6851	DATA	Keypress: 5
217.2681	DATA	Keypress: 1
218.6446	DATA	Keypress: 5
218.6579	EXP	Set  image=./stimfiles/scenes/678.jpg
219.0051	DATA	Keypress: 5
219.3150	DATA	Keypress: 1
220.6445	DATA	Keypress: 5
220.6588	EXP	Set  image=./stimfiles/scenes/652.jpg
221.3253	DATA	Keypress: 5
221.4022	DATA	Keypress: 1
222.6446	DATA	Keypress: 5
222.6595	EXP	Set  image=./stimfiles/scenes/990.jpg
223.2985	DATA	Keypress: 1
223.6442	DATA	Keypress: 5
224.6604	EXP	Set  image=./stimfiles/scenes/553.jpg
224.8046	DATA	Keypress: 5
225.2714	DATA	Keypress: 1
226.6446	DATA	Keypress: 5
226.6612	EXP	Set  image=./stimfiles/scenes/990.jpg
227.1244	DATA	Keypress: 5
227.4234	DATA	Keypress: 4
228.6445	DATA	Keypress: 5
228.6620	EXP	Set  image=./stimfiles/scenes/553.jpg
229.3144	DATA	Keypress: 4
229.4444	DATA	Keypress: 5
230.6431	DATA	Keypress: 5
230.6629	EXP	Started presenting instructions
231.6799	EXP	Set instructions text=
232.6447	DATA	Keypress: 5
232.6637	EXP	Set  image=./stimfiles/chinese_characters/24776.jpg
232.9244	DATA	Keypress: 5
233.1585	DATA	Keypress: 1
234.6447	DATA	Keypress: 5
234.6645	EXP	Set  image=./stimfiles/chinese_characters/35447.jpg
235.1716	DATA	Keypress: 1
235.2447	DATA	Keypress: 5
236.6447	DATA	Keypress: 5
236.6653	EXP	Set  image=./stimfiles/chinese_characters/25177.jpg
237.2268	DATA	Keypress: 1
237.5647	DATA	Keypress: 5
238.6662	EXP	Set  image=./stimfiles/chinese_characters/28697.jpg
238.7248	DATA	Keypress: 5
239.2136	DATA	Keypress: 1
240.6447	DATA	Keypress: 5
240.6670	EXP	Set  image=./stimfiles/chinese_characters/26580.jpg
241.0447	DATA	Keypress: 5
241.2918	DATA	Keypress: 1
242.6447	DATA	Keypress: 5
242.6678	EXP	Set  image=./stimfiles/chinese_characters/26580.jpg
243.2369	DATA	Keypress: 4
243.3648	DATA	Keypress: 5
244.6447	DATA	Keypress: 5
244.6686	EXP	Set  image=./stimfiles/chinese_characters/28697.jpg
245.3639	DATA	Keypress: 1
246.6447	DATA	Keypress: 5
246.6528	EXP	Set  image=./stimfiles/chinese_characters/28697.jpg
246.8449	DATA	Keypress: 5
247.3398	DATA	Keypress: 4
248.6447	DATA	Keypress: 5
248.6536	EXP	Set  image=./stimfiles/chinese_characters/20679.jpg
249.1650	DATA	Keypress: 5
249.3120	DATA	Keypress: 1
250.6446	DATA	Keypress: 5
250.6544	EXP	Set  image=./stimfiles/chinese_characters/28697.jpg
251.3061	DATA	Keypress: 1
251.4850	DATA	Keypress: 5
252.6504	DATA	Keypress: 5
252.6552	EXP	Started presenting instructions
253.6723	EXP	Set instructions text=
254.6449	DATA	Keypress: 5
254.6560	EXP	Set  image=./stimfiles/faces/cropped_f1-013-01.png
254.9652	DATA	Keypress: 5
255.5171	DATA	Keypress: 1
256.6449	DATA	Keypress: 5
256.6569	EXP	Set  image=./stimfiles/faces/cropped_m-031-01.png
257.2694	DATA	Keypress: 1
257.2852	DATA	Keypress: 5
258.6449	DATA	Keypress: 5
258.6577	EXP	Set  image=./stimfiles/faces/cropped_800.png
259.2893	DATA	Keypress: 1
259.6055	DATA	Keypress: 5
260.6585	EXP	Set  image=./stimfiles/faces/cropped_f1-013-01.png
260.7653	DATA	Keypress: 5
261.5474	DATA	Keypress: 1
262.6449	DATA	Keypress: 5
262.6594	EXP	Set  image=./stimfiles/faces/cropped_301.png
263.0854	DATA	Keypress: 5
263.4694	DATA	Keypress: 1
264.6448	DATA	Keypress: 5
264.6601	EXP	Set  image=./stimfiles/faces/cropped_f1-013-01.png
265.4055	DATA	Keypress: 5
265.6454	DATA	Keypress: 4
266.6449	DATA	Keypress: 5
266.6610	EXP	Set  image=./stimfiles/faces/cropped_301.png
267.3165	DATA	Keypress: 1
268.6449	DATA	Keypress: 5
268.6618	EXP	Set  image=./stimfiles/faces/cropped_f1-013-01.png
268.8856	DATA	Keypress: 5
269.2615	DATA	Keypress: 4
270.6450	DATA	Keypress: 5
270.6626	EXP	Set  image=./stimfiles/faces/cropped_301.png
271.2056	DATA	Keypress: 5
271.3606	DATA	Keypress: 4
272.6448	DATA	Keypress: 5
272.6634	EXP	Set  image=./stimfiles/faces/cropped_301.png
273.5077	DATA	Keypress: 1
273.5257	DATA	Keypress: 5
274.6642	EXP	Started presenting instructions
275.4650	DATA	Keypress: 5
275.6814	EXP	Set instructions text=
276.6451	DATA	Keypress: 5
276.6651	EXP	Set  image=./stimfiles/scenes/863.jpg
277.0048	DATA	Keypress: 5
277.3398	DATA	Keypress: 1
278.6451	DATA	Keypress: 5
278.6492	EXP	Set  image=./stimfiles/scenes/83.jpg
279.1369	DATA	Keypress: 1
279.3249	DATA	Keypress: 5
280.6450	DATA	Keypress: 5
280.6501	EXP	Set  image=./stimfiles/scenes/863.jpg
281.3219	DATA	Keypress: 1
281.6449	DATA	Keypress: 5
282.6509	EXP	Set  image=./stimfiles/scenes/83.jpg
282.8050	DATA	Keypress: 5
283.2629	DATA	Keypress: 1
284.6450	DATA	Keypress: 5
284.6516	EXP	Set  image=./stimfiles/scenes/83.jpg
285.1250	DATA	Keypress: 5
285.2570	DATA	Keypress: 4
286.6449	DATA	Keypress: 5
286.6525	EXP	Set  image=./stimfiles/scenes/863.jpg
287.2461	DATA	Keypress: 1
287.4451	DATA	Keypress: 5
288.6450	DATA	Keypress: 5
288.6533	EXP	Set  image=./stimfiles/scenes/261.jpg
289.4611	DATA	Keypress: 1
290.6451	DATA	Keypress: 5
290.6542	EXP	Set  image=./stimfiles/scenes/809.jpg
290.9252	DATA	Keypress: 5
291.3242	DATA	Keypress: 1
292.6450	DATA	Keypress: 5
292.6550	EXP	Set  image=./stimfiles/scenes/809.jpg
293.1042	DATA	Keypress: 4
293.2452	DATA	Keypress: 5
294.6451	DATA	Keypress: 5
294.6557	EXP	Set  image=./stimfiles/scenes/809.jpg
295.3613	DATA	Keypress: 4
295.5653	DATA	Keypress: 5
296.6733	EXP	Started presenting instructions
297.4740	DATA	Keypress: 5
297.6904	EXP	Set instructions text=
298.6452	DATA	Keypress: 5
298.6575	EXP	Set  image=./stimfiles/chinese_characters/25278.jpg
299.0454	DATA	Keypress: 5
299.3803	DATA	Keypress: 1
300.6453	DATA	Keypress: 5
300.6583	EXP	Set  image=./stimfiles/chinese_characters/20759.jpg
301.3635	DATA	Keypress: 1
301.3654	DATA	Keypress: 5
302.6453	DATA	Keypress: 5
302.6591	EXP	Set  image=./stimfiles/chinese_characters/25325.jpg
303.4996	DATA	Keypress: 1
304.6453	DATA	Keypress: 5
304.6599	EXP	Set  image=./stimfiles/chinese_characters/20759.jpg
304.8456	DATA	Keypress: 5
305.4996	DATA	Keypress: 4
306.6453	DATA	Keypress: 5
306.6607	EXP	Set  image=./stimfiles/chinese_characters/26863.jpg
307.1656	DATA	Keypress: 5
307.5026	DATA	Keypress: 1
308.6452	DATA	Keypress: 5
308.6616	EXP	Set  image=./stimfiles/chinese_characters/20759.jpg
309.4857	DATA	Keypress: 5
309.5927	DATA	Keypress: 4
310.6624	EXP	Set  image=./stimfiles/chinese_characters/25259.jpg
310.6627	DATA	Keypress: 5
311.5057	DATA	Keypress: 1
312.6453	DATA	Keypress: 5
312.6632	EXP	Set  image=./stimfiles/chinese_characters/29887.jpg
312.9658	DATA	Keypress: 5
313.5068	DATA	Keypress: 1
314.6452	DATA	Keypress: 5
314.6640	EXP	Set  image=./stimfiles/chinese_characters/25259.jpg
315.2859	DATA	Keypress: 5
315.4969	DATA	Keypress: 4
316.6452	DATA	Keypress: 5
316.6648	EXP	Set  image=./stimfiles/chinese_characters/25259.jpg
317.5149	DATA	Keypress: 1
317.6060	DATA	Keypress: 5
318.6656	EXP	Started presenting instructions
319.4664	DATA	Keypress: 5
319.6827	EXP	Set instructions text=
320.6454	DATA	Keypress: 5
320.6665	EXP	Set  image=./stimfiles/faces/cropped_363.png
321.0860	DATA	Keypress: 5
321.2940	DATA	Keypress: 1
322.6454	DATA	Keypress: 5
322.6673	EXP	Set  image=./stimfiles/faces/cropped_388.png
323.3851	DATA	Keypress: 1
323.4061	DATA	Keypress: 5
324.6454	DATA	Keypress: 5
324.6682	EXP	Set  image=./stimfiles/faces/cropped_m-026-01.png
325.2372	DATA	Keypress: 1
326.6454	DATA	Keypress: 5
326.6690	EXP	Set  image=./stimfiles/faces/cropped_f2v1e1.png
326.8852	DATA	Keypress: 5
327.2412	DATA	Keypress: 1
328.6454	DATA	Keypress: 5
328.6530	EXP	Set  image=./stimfiles/faces/cropped_m-073-01.png
329.2053	DATA	Keypress: 5
329.3561	DATA	Keypress: 1
330.6454	DATA	Keypress: 5
330.6539	EXP	Set  image=./stimfiles/faces/cropped_m-026-01.png
331.2993	DATA	Keypress: 1
331.5253	DATA	Keypress: 5
332.6547	EXP	Set  image=./stimfiles/faces/cropped_m-073-01.png
332.6855	DATA	Keypress: 5
333.3064	DATA	Keypress: 1
334.6454	DATA	Keypress: 5
334.6555	EXP	Set  image=./stimfiles/faces/cropped_m-073-01.png
335.0055	DATA	Keypress: 5
335.1624	DATA	Keypress: 4
336.6454	DATA	Keypress: 5
336.6563	EXP	Set  image=./stimfiles/faces/cropped_691.png
337.2925	DATA	Keypress: 1
337.3255	DATA	Keypress: 5
338.6454	DATA	Keypress: 5
338.6572	EXP	Set  image=./stimfiles/faces/cropped_m-073-01.png
339.5926	DATA	Keypress: 1
339.6456	DATA	Keypress: 5
360.6436	DATA	Keypress: 5
360.6440	DATA	Keypress: 5
360.6443	DATA	Keypress: 5
360.6446	DATA	Keypress: 5
360.6450	DATA	Keypress: 5
360.6453	DATA	Keypress: 5
360.6456	DATA	Keypress: 5
360.6460	DATA	Keypress: 5
360.6463	DATA	Keypress: 5
360.6466	DATA	Keypress: 5
360.6470	DATA	Keypress: 5
360.6473	DATA	Keypress: 5
360.6476	DATA	Keypress: 5
360.6480	DATA	Keypress: 5
360.6483	DATA	Keypress: 5
360.6486	DATA	Keypress: 5
360.6490	DATA	Keypress: 5
360.6493	DATA	Keypress: 5
360.6662	EXP	Started presenting instructions
361.6833	EXP	Set instructions text=
362.6456	DATA	Keypress: 5
362.6504	EXP	Set  image=./stimfiles/scenes/1228.jpg
362.8462	DATA	Keypress: 5
363.2272	DATA	Keypress: 1
364.6456	DATA	Keypress: 5
364.6512	EXP	Set  image=./stimfiles/scenes/1228.jpg
365.1663	DATA	Keypress: 5
365.3973	DATA	Keypress: 1
366.6456	DATA	Keypress: 5
366.6520	EXP	Set  image=./stimfiles/scenes/1359.jpg
367.4865	DATA	Keypress: 5
367.6223	DATA	Keypress: 4
368.6528	EXP	Set  image=./stimfiles/scenes/1228.jpg
368.6532	DATA	Keypress: 5
369.4134	DATA	Keypress: 4
370.6456	DATA	Keypress: 5
370.6536	EXP	Set  image=./stimfiles/scenes/1424.jpg
370.9665	DATA	Keypress: 5
371.2624	DATA	Keypress: 1
372.6456	DATA	Keypress: 5
372.6544	EXP	Set  image=./stimfiles/scenes/1359.jpg
373.2865	DATA	Keypress: 5
373.5544	DATA	Keypress: 1
374.6456	DATA	Keypress: 5
374.6553	EXP	Set  image=./stimfiles/scenes/1727.jpg
375.4046	DATA	Keypress: 1
375.6065	DATA	Keypress: 5
376.6562	EXP	Set  image=./stimfiles/scenes/1528.jpg
376.7657	DATA	Keypress: 5
377.3938	DATA	Keypress: 1
378.6456	DATA	Keypress: 5
378.6569	EXP	Set  image=./stimfiles/scenes/1727.jpg
379.0856	DATA	Keypress: 5
379.4067	DATA	Keypress: 4
380.6456	DATA	Keypress: 5
380.6578	EXP	Set  image=./stimfiles/scenes/1727.jpg
381.3288	DATA	Keypress: 1
381.4057	DATA	Keypress: 5
382.6430	DATA	Keypress: 5
382.6586	EXP	Started presenting instructions
383.6756	EXP	Set instructions text=
384.6457	DATA	Keypress: 5
384.6594	EXP	Set  image=./stimfiles/chinese_characters/32095.jpg
384.8859	DATA	Keypress: 5
385.4009	DATA	Keypress: 1
386.6457	DATA	Keypress: 5
386.6602	EXP	Set  image=./stimfiles/chinese_characters/25949.jpg
387.2059	DATA	Keypress: 5
387.2339	DATA	Keypress: 1
388.6456	DATA	Keypress: 5
388.6610	EXP	Set  image=./stimfiles/chinese_characters/24769.jpg
389.1458	DATA	Keypress: 1
389.5260	DATA	Keypress: 5
390.6619	EXP	Set  image=./stimfiles/chinese_characters/25949.jpg
390.6861	DATA	Keypress: 5
391.1870	DATA	Keypress: 1
392.6456	DATA	Keypress: 5
392.6626	EXP	Set  image=./stimfiles/chinese_characters/29807.jpg
393.0060	DATA	Keypress: 5
393.2081	DATA	Keypress: 1
394.6456	DATA	Keypress: 5
394.6636	EXP	Set  image=./stimfiles/chinese_characters/29807.jpg
395.3261	DATA	Keypress: 5
395.5201	DATA	Keypress: 4
396.6457	DATA	Keypress: 5
396.6643	EXP	Set  image=./stimfiles/chinese_characters/29807.jpg
397.4452	DATA	Keypress: 4
397.6461	DATA	Keypress: 5
398.6652	EXP	Set  image=./stimfiles/chinese_characters/26041.jpg
398.8064	DATA	Keypress: 5
399.1541	DATA	Keypress: 1
400.6457	DATA	Keypress: 5
400.6660	EXP	Set  image=./stimfiles/chinese_characters/25007.jpg
401.1262	DATA	Keypress: 5
401.3053	DATA	Keypress: 1
402.6457	DATA	Keypress: 5
402.6667	EXP	Set  image=./stimfiles/chinese_characters/26041.jpg
403.1643	DATA	Keypress: 1
403.4464	DATA	Keypress: 5
404.6431	DATA	Keypress: 5
404.6677	EXP	Started presenting instructions
405.6846	EXP	Set instructions text=
406.6459	DATA	Keypress: 5
406.6685	EXP	Set  image=./stimfiles/faces/cropped_m1-011-01.png
406.9263	DATA	Keypress: 5
407.3005	DATA	Keypress: 1
408.6459	DATA	Keypress: 5
408.6692	EXP	Set  image=./stimfiles/faces/cropped_78a.png
409.2465	DATA	Keypress: 5
409.3345	DATA	Keypress: 1
410.6459	DATA	Keypress: 5
410.6534	EXP	Set  image=./stimfiles/faces/cropped_f4016.png
411.4116	DATA	Keypress: 1
411.5666	DATA	Keypress: 5
412.6542	EXP	Set  image=./stimfiles/faces/cropped_f4016.png
412.7266	DATA	Keypress: 5
413.4587	DATA	Keypress: 1
414.6459	DATA	Keypress: 5
414.6551	EXP	Set  image=./stimfiles/faces/cropped_31MVC-003F.png
415.0467	DATA	Keypress: 5
415.3557	DATA	Keypress: 1
416.6459	DATA	Keypress: 5
416.6558	EXP	Set  image=./stimfiles/faces/cropped_f4016.png
417.1328	DATA	Keypress: 4
417.3667	DATA	Keypress: 5
418.6459	DATA	Keypress: 5
418.6567	EXP	Set  image=./stimfiles/faces/cropped_image_0245.png
419.3149	DATA	Keypress: 1
420.6459	DATA	Keypress: 5
420.6575	EXP	Set  image=./stimfiles/faces/cropped_31MVC-003F.png
420.8469	DATA	Keypress: 5
421.3619	DATA	Keypress: 1
422.6459	DATA	Keypress: 5
422.6583	EXP	Set  image=./stimfiles/faces/cropped_31MVC-003F.png
423.1670	DATA	Keypress: 5
423.4259	DATA	Keypress: 1
424.6459	DATA	Keypress: 5
424.6591	EXP	Set  image=./stimfiles/faces/cropped_905.png
425.3519	DATA	Keypress: 1
425.4870	DATA	Keypress: 5
426.6517	DATA	Keypress: 5
426.6600	EXP	Started presenting instructions
427.6771	EXP	Set instructions text=
428.6461	DATA	Keypress: 5
428.6608	EXP	Set  image=./stimfiles/scenes/1800.jpg
428.9660	DATA	Keypress: 5
429.2390	DATA	Keypress: 1
430.6461	DATA	Keypress: 5
430.6617	EXP	Set  image=./stimfiles/scenes/3014.jpg
431.2862	DATA	Keypress: 5
431.3161	DATA	Keypress: 1
432.6461	DATA	Keypress: 5
432.6624	EXP	Set  image=./stimfiles/scenes/3014.jpg
433.5482	DATA	Keypress: 4
433.6062	DATA	Keypress: 5
434.6633	EXP	Set  image=./stimfiles/scenes/284.jpg
434.7663	DATA	Keypress: 5
435.0662	DATA	Keypress: 1
436.6460	DATA	Keypress: 5
436.6641	EXP	Set  image=./stimfiles/scenes/1593.jpg
437.0864	DATA	Keypress: 5
437.1733	DATA	Keypress: 1
438.6461	DATA	Keypress: 5
438.6649	EXP	Set  image=./stimfiles/scenes/494.jpg
439.1684	DATA	Keypress: 1
439.4064	DATA	Keypress: 5
440.6461	DATA	Keypress: 5
440.6657	EXP	Set  image=./stimfiles/scenes/771.jpg
441.3455	DATA	Keypress: 1
442.6460	DATA	Keypress: 5
442.6499	EXP	Set  image=./stimfiles/scenes/3056.jpg
442.8865	DATA	Keypress: 5
443.2215	DATA	Keypress: 1
444.6461	DATA	Keypress: 5
444.6507	EXP	Set  image=./stimfiles/scenes/1247.jpg
445.2065	DATA	Keypress: 5
445.3655	DATA	Keypress: 1
446.6461	DATA	Keypress: 5
446.6515	EXP	Set  image=./stimfiles/scenes/1431.jpg
447.2406	DATA	Keypress: 1
447.5266	DATA	Keypress: 5
448.6690	EXP	Started presenting instructions
449.4698	DATA	Keypress: 5
449.6861	EXP	Set instructions text=
450.6463	DATA	Keypress: 5
450.6698	EXP	Set  image=./stimfiles/chinese_characters/29296.jpg
451.0067	DATA	Keypress: 5
451.1497	DATA	Keypress: 1
452.6463	DATA	Keypress: 5
452.6540	EXP	Set  image=./stimfiles/chinese_characters/27443.jpg
453.1207	DATA	Keypress: 1
453.3267	DATA	Keypress: 5
454.6463	DATA	Keypress: 5
454.6548	EXP	Set  image=./stimfiles/chinese_characters/29296.jpg
455.1488	DATA	Keypress: 4
455.6467	DATA	Keypress: 5
456.6556	EXP	Set  image=./stimfiles/chinese_characters/35583.jpg
456.8069	DATA	Keypress: 5
457.1909	DATA	Keypress: 1
458.6462	DATA	Keypress: 5
458.6565	EXP	Set  image=./stimfiles/chinese_characters/20744.jpg
459.1269	DATA	Keypress: 5
459.3860	DATA	Keypress: 1
460.6462	DATA	Keypress: 5
460.6572	EXP	Set  image=./stimfiles/chinese_characters/29296.jpg
461.4310	DATA	Keypress: 1
461.4470	DATA	Keypress: 5
462.6463	DATA	Keypress: 5
462.6581	EXP	Set  image=./stimfiles/chinese_characters/20744.jpg
463.5901	DATA	Keypress: 4
464.6463	DATA	Keypress: 5
464.6589	EXP	Set  image=./stimfiles/chinese_characters/25959.jpg
464.9271	DATA	Keypress: 5
465.2272	DATA	Keypress: 1
466.6463	DATA	Keypress: 5
466.6597	EXP	Set  image=./stimfiles/chinese_characters/25959.jpg
467.2473	DATA	Keypress: 5
467.3942	DATA	Keypress: 1
468.6462	DATA	Keypress: 5
468.6606	EXP	Set  image=./stimfiles/chinese_characters/26568.jpg
469.3353	DATA	Keypress: 1
469.5673	DATA	Keypress: 5
470.6614	EXP	Started presenting instructions
471.4622	DATA	Keypress: 5
471.6784	EXP	Set instructions text=
472.6464	DATA	Keypress: 5
472.6621	EXP	Set  image=./stimfiles/faces/cropped_m-057-01.png
473.0473	DATA	Keypress: 5
473.2163	DATA	Keypress: 1
474.6462	DATA	Keypress: 5
474.6630	EXP	Set  image=./stimfiles/faces/cropped_m17v1e1.png
475.1815	DATA	Keypress: 1
475.3674	DATA	Keypress: 5
476.6465	DATA	Keypress: 5
476.6638	EXP	Set  image=./stimfiles/faces/cropped_m17v1e1.png
477.2245	DATA	Keypress: 4
478.6465	DATA	Keypress: 5
478.6646	EXP	Set  image=./stimfiles/faces/cropped_m-057-01.png
478.8476	DATA	Keypress: 5
479.3646	DATA	Keypress: 1
480.6464	DATA	Keypress: 5
480.6655	EXP	Set  image=./stimfiles/faces/cropped_448.png
481.1665	DATA	Keypress: 5
481.3725	DATA	Keypress: 1
482.6464	DATA	Keypress: 5
482.6663	EXP	Set  image=./stimfiles/faces/cropped_448.png
483.2627	DATA	Keypress: 4
483.4866	DATA	Keypress: 5
484.6671	EXP	Set  image=./stimfiles/faces/cropped_448.png
484.6675	DATA	Keypress: 5
485.4186	DATA	Keypress: 4
486.6464	DATA	Keypress: 5
486.6679	EXP	Set  image=./stimfiles/faces/cropped_98.png
486.9668	DATA	Keypress: 5
487.2967	DATA	Keypress: 1
488.6464	DATA	Keypress: 5
488.6688	EXP	Set  image=./stimfiles/faces/cropped_448.png
489.2868	DATA	Keypress: 5
489.5768	DATA	Keypress: 1
490.6464	DATA	Keypress: 5
490.6696	EXP	Set  image=./stimfiles/faces/cropped_932.png
491.2809	DATA	Keypress: 1
491.6069	DATA	Keypress: 5
